2019-04-14 13:47:09,709 : INFO : Machine : Mission Pinball Framework Core Engine v0.52.2
2019-04-14 13:47:09,710 : INFO : Machine : Command line arguments: {'no_load_cache': False, 'create_config_cache': True, 'bcp': True, 'configfile': ['config.yaml'], 'mpfconfigfile': 'c:\\users\\wilder\\appdata\\local\\programs\\python\\python36\\lib\\site-packages\\mpf\\mpfconfig.yaml', 'force_assets_load': False, 'jsonlogging': False, 'logfile': 'logs\\2019-04-14-13-47-09-mpf-RedTunic.log', 'pause': False, 'production': False, 'text_ui': True, 'loglevel': 10, 'consoleloglevel': 20, 'force_platform': None, 'syslog_address': None, 'mc_file_name': None, 'no_sound': False}
2019-04-14 13:47:09,710 : INFO : Machine : MPF path: c:\users\wilder\appdata\local\programs\python\python36\lib\site-packages\mpf
2019-04-14 13:47:09,710 : INFO : Machine : Machine path: C:\Users\Wilder\zelda
2019-04-14 13:47:09,710 : INFO : Machine : Platform: win32
2019-04-14 13:47:09,710 : INFO : Machine : Python executable location: c:\users\wilder\appdata\local\programs\python\python36\python.exe
2019-04-14 13:47:09,711 : INFO : Machine : Python version: 3.6.4 (64-bit)
2019-04-14 13:47:09,711 : INFO : Machine : Machine config file #1: config.yaml
2019-04-14 13:47:09,712 : INFO : ConfigProcessor : Loading config from cache: C:\Users\Wilder\AppData\Local\Temp\9bf880992bc5b85aa1bd2cc37b214e56.mpf_cache
2019-04-14 13:47:09,715 : DEBUG : asyncio : Using selector: SelectSelector
2019-04-14 13:47:09,716 : INFO : Machine : Initialise MPF.
2019-04-14 13:47:09,755 : DEBUG : FAST : Configuring FAST hardware.
2019-04-14 13:47:09,951 : INFO : FAST : Connecting to \\.\COM11 at 921600bps
2019-04-14 13:47:09,979 : INFO : FAST : Connected! Processor: NET, Board Type: FP-CPU-002-2, Firmware: 01.02
2019-04-14 13:47:09,980 : INFO : EventManager : Event: ======'machine_var_fast_net_firmware'====== Args={'value': '01.02', 'prev_value': None, 'change': True}
2019-04-14 13:47:09,980 : INFO : EventManager : Event: ======'machine_var_fast_net_model'====== Args={'value': 'FP-CPU-002-2', 'prev_value': None, 'change': True}
2019-04-14 13:47:09,980 : WARNING : FAST : Not resetting FAST NET because firmware is currently broken.
2019-04-14 13:47:10,043 : INFO : FAST : Connecting to \\.\COM12 at 921600bps
2019-04-14 13:47:10,091 : INFO : FAST : Connected! Processor: RGB, Board Type: FP-CPU-002-2, Firmware: 01.00
2019-04-14 13:47:10,091 : INFO : EventManager : Event: ======'machine_var_fast_rgb_firmware'====== Args={'value': '01.00', 'prev_value': None, 'change': True}
2019-04-14 13:47:10,091 : INFO : EventManager : Event: ======'machine_var_fast_rgb_model'====== Args={'value': 'FP-CPU-002-2', 'prev_value': None, 'change': True}
2019-04-14 13:47:10,092 : INFO : EventManager : Event: ======'machine_var_credits_string'====== Args={'value': 'FREE PLAY', 'prev_value': None, 'change': True}
2019-04-14 13:47:10,150 : DEBUG : YAML File Interface : Loading file: C:\Users\Wilder\zelda\data/machine_vars.yaml
2019-04-14 13:47:10,206 : INFO : EventManager : Event: ======'machine_var_player1_score'====== Args={'value': 306, 'prev_value': None, 'change': True}
2019-04-14 13:47:10,207 : INFO : EventManager : Event: ======'machine_var_mpf_version'====== Args={'value': 'MPF v0.52.2', 'prev_value': None, 'change': True}
2019-04-14 13:47:10,207 : INFO : EventManager : Event: ======'machine_var_mpf_extended_version'====== Args={'value': 'MPF v0.52.2, Config version:5, Show version: 5, BCP version:1.1', 'prev_value': None, 'change': True}
2019-04-14 13:47:10,207 : INFO : EventManager : Event: ======'machine_var_python_version'====== Args={'value': '3.6.4', 'prev_value': None, 'change': True}
2019-04-14 13:47:10,208 : INFO : EventManager : Event: ======'machine_var_platform'====== Args={'value': 'Windows-7-6.1.7601-SP1', 'prev_value': None, 'change': True}
2019-04-14 13:47:10,208 : INFO : EventManager : Event: ======'machine_var_platform_system'====== Args={'value': 'Windows', 'prev_value': None, 'change': True}
2019-04-14 13:47:10,208 : INFO : EventManager : Event: ======'machine_var_platform_release'====== Args={'value': '7', 'prev_value': None, 'change': True}
2019-04-14 13:47:10,208 : INFO : EventManager : Event: ======'machine_var_platform_version'====== Args={'value': '6.1.7601', 'prev_value': None, 'change': True}
2019-04-14 13:47:10,208 : INFO : EventManager : Event: ======'machine_var_platform_machine'====== Args={'value': 'AMD64', 'prev_value': None, 'change': True}
2019-04-14 13:47:10,208 : INFO : EventManager : Event: ======'init_phase_1'====== Args={}
2019-04-14 13:47:10,248 : INFO : ConfigProcessor : Loading config from cache: C:\Users\Wilder\AppData\Local\Temp\fc30620fce8f82c18fed051cdde27ef9.mpf_cache
2019-04-14 13:47:10,252 : DEBUG : ModeController : Loaded mode 5waycombotracker
2019-04-14 13:47:10,252 : INFO : ConfigProcessor : Loading config from cache: C:\Users\Wilder\AppData\Local\Temp\c5e5b78d841dff96974ddb92030af0a9.mpf_cache
2019-04-14 13:47:10,255 : DEBUG : ModeController : Loaded mode skill_shot
2019-04-14 13:47:10,256 : INFO : ConfigProcessor : Loading config from cache: C:\Users\Wilder\AppData\Local\Temp\c35ad2e595070cac0b6f696d6f7f6af6.mpf_cache
2019-04-14 13:47:10,259 : DEBUG : ModeController : Loaded mode ball_save
2019-04-14 13:47:10,259 : INFO : ConfigProcessor : Loading config from cache: C:\Users\Wilder\AppData\Local\Temp\05768db999abb9e30be16a432a0581c8.mpf_cache
2019-04-14 13:47:10,263 : DEBUG : ModeController : Loaded mode extraball
2019-04-14 13:47:10,263 : INFO : ConfigProcessor : Loading config from cache: C:\Users\Wilder\AppData\Local\Temp\072dbb4c30ca18f53440337aa5cd71bd.mpf_cache
2019-04-14 13:47:10,267 : DEBUG : ModeController : Loaded mode light_world
2019-04-14 13:47:10,267 : INFO : ConfigProcessor : Loading config from cache: C:\Users\Wilder\AppData\Local\Temp\aecceeb5afbfdc7257044e8417ebcf98.mpf_cache
2019-04-14 13:47:10,274 : DEBUG : ModeController : Loaded mode attract
2019-04-14 13:47:10,274 : INFO : ConfigProcessor : Loading config from cache: C:\Users\Wilder\AppData\Local\Temp\a31feedcb4b85bf76d76fe6a1222bc90.mpf_cache
2019-04-14 13:47:10,278 : DEBUG : ModeController : Loaded mode agahnim_multiball
2019-04-14 13:47:10,278 : INFO : ConfigProcessor : Loading config from cache: C:\Users\Wilder\AppData\Local\Temp\8b601767b8d464abeaa513b42e6346a8.mpf_cache
2019-04-14 13:47:10,282 : DEBUG : ModeController : Loaded mode master_sword_buildup
2019-04-14 13:47:10,282 : WARNING : ConfigProcessor : Config file in cache changed: C:\Users\Wilder\zelda\modes\attract_carousel\config\attract_carousel.yaml
2019-04-14 13:47:10,282 : INFO : ConfigProcessor : Loading config from file C:\Users\Wilder\zelda\modes\attract_carousel\config\attract_carousel.yaml.
2019-04-14 13:47:10,283 : DEBUG : YAML File Interface : Loading file: C:\Users\Wilder\zelda\modes\attract_carousel\config\attract_carousel.yaml
2019-04-14 13:47:10,290 : ERROR : asyncio : Exception in callback EventManager._async_handler_done(<QueuedEvent>)(<Task finishe..., column 1',)>) at c:\users\wilder\appdata\local\programs\python\python36\lib\site-packages\mpf\core\events.py:96
handle: <Handle EventManager._async_handler_done(<QueuedEvent>)(<Task finishe..., column 1',)>) at c:\users\wilder\appdata\local\programs\python\python36\lib\site-packages\mpf\core\events.py:96>
Traceback (most recent call last):
  File "c:\users\wilder\appdata\local\programs\python\python36\lib\site-packages\mpf\file_interfaces\yaml_interface.py", line 198, in load
    config = self.process(f)
  File "c:\users\wilder\appdata\local\programs\python\python36\lib\site-packages\mpf\file_interfaces\yaml_interface.py", line 224, in process
    return yaml.load(data_string, Loader=MpfLoader)
  File "c:\users\wilder\appdata\local\programs\python\python36\lib\site-packages\ruamel\yaml\main.py", line 639, in load
    return loader._constructor.get_single_data()  # type: ignore
  File "c:\users\wilder\appdata\local\programs\python\python36\lib\site-packages\ruamel\yaml\constructor.py", line 102, in get_single_data
    node = self.composer.get_single_node()
  File "c:\users\wilder\appdata\local\programs\python\python36\lib\site-packages\ruamel\yaml\composer.py", line 75, in get_single_node
    document = self.compose_document()
  File "c:\users\wilder\appdata\local\programs\python\python36\lib\site-packages\ruamel\yaml\composer.py", line 96, in compose_document
    node = self.compose_node(None, None)
  File "c:\users\wilder\appdata\local\programs\python\python36\lib\site-packages\ruamel\yaml\composer.py", line 132, in compose_node
    node = self.compose_mapping_node(anchor)
  File "c:\users\wilder\appdata\local\programs\python\python36\lib\site-packages\ruamel\yaml\composer.py", line 194, in compose_mapping_node
    item_value = self.compose_node(node, item_key)
  File "c:\users\wilder\appdata\local\programs\python\python36\lib\site-packages\ruamel\yaml\composer.py", line 132, in compose_node
    node = self.compose_mapping_node(anchor)
  File "c:\users\wilder\appdata\local\programs\python\python36\lib\site-packages\ruamel\yaml\composer.py", line 194, in compose_mapping_node
    item_value = self.compose_node(node, item_key)
  File "c:\users\wilder\appdata\local\programs\python\python36\lib\site-packages\ruamel\yaml\composer.py", line 106, in compose_node
    if self.parser.check_event(AliasEvent):
  File "c:\users\wilder\appdata\local\programs\python\python36\lib\site-packages\ruamel\yaml\parser.py", line 144, in check_event
    self.current_event = self.state()
  File "c:\users\wilder\appdata\local\programs\python\python36\lib\site-packages\ruamel\yaml\parser.py", line 577, in parse_block_mapping_value
    if self.scanner.check_token(ValueToken):
  File "c:\users\wilder\appdata\local\programs\python\python36\lib\site-packages\ruamel\yaml\scanner.py", line 160, in check_token
    self.fetch_more_tokens()
  File "c:\users\wilder\appdata\local\programs\python\python36\lib\site-packages\ruamel\yaml\scanner.py", line 310, in fetch_more_tokens
    % utf8(ch), self.reader.get_mark())
ruamel.yaml.scanner.ScannerError: while scanning for the next token
found character '\t' that cannot start any token
  in "C:\Users\Wilder\zelda\modes\attract_carousel\config\attract_carousel.yaml", line 20, column 1

During handling of the above exception, another exception occurred:

Traceback (most recent call last):
  File "c:\users\wilder\appdata\local\programs\python\python36\lib\asyncio\events.py", line 145, in _run
    self._callback(*self._args)
  File "c:\users\wilder\appdata\local\programs\python\python36\lib\site-packages\mpf\core\events.py", line 99, in _async_handler_done
    future.result()
  File "c:\users\wilder\appdata\local\programs\python\python36\lib\site-packages\mpf\core\mode_controller.py", line 117, in load_modes
    self.machine.modes[mode] = self._load_mode(mode)
  File "c:\users\wilder\appdata\local\programs\python\python36\lib\site-packages\mpf\core\mode_controller.py", line 266, in _load_mode
    config = self._load_mode_config(mode_string)
  File "c:\users\wilder\appdata\local\programs\python\python36\lib\site-packages\mpf\core\mode_controller.py", line 184, in _load_mode_config
    store_to_cache=self.machine.options['create_config_cache'])
  File "c:\users\wilder\appdata\local\programs\python\python36\lib\site-packages\mpf\core\config_processor.py", line 112, in load_config_files_with_cache
    ignore_unknown_sections)
  File "c:\users\wilder\appdata\local\programs\python\python36\lib\site-packages\mpf\core\config_processor.py", line 132, in _load_config_file_and_return_loaded_files
    config = FileManager.load(filename, expected_version_str, True)
  File "c:\users\wilder\appdata\local\programs\python\python36\lib\site-packages\mpf\core\file_manager.py", line 99, in load
    return interface.load(file, verify_version, halt_on_error)
  File "c:\users\wilder\appdata\local\programs\python\python36\lib\site-packages\mpf\file_interfaces\yaml_interface.py", line 205, in load
    raise ValueError(msg)
ValueError: YAML error found in file C:\Users\Wilder\zelda\modes\attract_carousel\config\attract_carousel.yaml. Line 20,Position 1: while scanning for the next token
found character '\t' that cannot start any token
  in "C:\Users\Wilder\zelda\modes\attract_carousel\config\attract_carousel.yaml", line 20, column 1
2019-04-14 13:47:10,370 : INFO : Machine : Starting the main run loop.
2019-04-14 13:47:10,371 : INFO : Machine : Shutting down...
2019-04-14 13:47:10,371 : INFO : EventManager : Event: ======'shutdown'====== Args={}
2019-04-14 13:47:10,373 : ERROR : FAST : Stop called on serial connection \\.\COM12
2019-04-14 13:47:10,374 : ERROR : FAST : Stop called on serial connection \\.\COM11
2019-04-14 13:47:10,682 : ERROR : root : YAML error found in file C:\Users\Wilder\zelda\modes\attract_carousel\config\attract_carousel.yaml. Line 20,Position 1: while scanning for the next token
found character '\t' that cannot start any token
  in "C:\Users\Wilder\zelda\modes\attract_carousel\config\attract_carousel.yaml", line 20, column 1
Traceback (most recent call last):
  File "c:\users\wilder\appdata\local\programs\python\python36\lib\site-packages\mpf\file_interfaces\yaml_interface.py", line 198, in load
    config = self.process(f)
  File "c:\users\wilder\appdata\local\programs\python\python36\lib\site-packages\mpf\file_interfaces\yaml_interface.py", line 224, in process
    return yaml.load(data_string, Loader=MpfLoader)
  File "c:\users\wilder\appdata\local\programs\python\python36\lib\site-packages\ruamel\yaml\main.py", line 639, in load
    return loader._constructor.get_single_data()  # type: ignore
  File "c:\users\wilder\appdata\local\programs\python\python36\lib\site-packages\ruamel\yaml\constructor.py", line 102, in get_single_data
    node = self.composer.get_single_node()
  File "c:\users\wilder\appdata\local\programs\python\python36\lib\site-packages\ruamel\yaml\composer.py", line 75, in get_single_node
    document = self.compose_document()
  File "c:\users\wilder\appdata\local\programs\python\python36\lib\site-packages\ruamel\yaml\composer.py", line 96, in compose_document
    node = self.compose_node(None, None)
  File "c:\users\wilder\appdata\local\programs\python\python36\lib\site-packages\ruamel\yaml\composer.py", line 132, in compose_node
    node = self.compose_mapping_node(anchor)
  File "c:\users\wilder\appdata\local\programs\python\python36\lib\site-packages\ruamel\yaml\composer.py", line 194, in compose_mapping_node
    item_value = self.compose_node(node, item_key)
  File "c:\users\wilder\appdata\local\programs\python\python36\lib\site-packages\ruamel\yaml\composer.py", line 132, in compose_node
    node = self.compose_mapping_node(anchor)
  File "c:\users\wilder\appdata\local\programs\python\python36\lib\site-packages\ruamel\yaml\composer.py", line 194, in compose_mapping_node
    item_value = self.compose_node(node, item_key)
  File "c:\users\wilder\appdata\local\programs\python\python36\lib\site-packages\ruamel\yaml\composer.py", line 106, in compose_node
    if self.parser.check_event(AliasEvent):
  File "c:\users\wilder\appdata\local\programs\python\python36\lib\site-packages\ruamel\yaml\parser.py", line 144, in check_event
    self.current_event = self.state()
  File "c:\users\wilder\appdata\local\programs\python\python36\lib\site-packages\ruamel\yaml\parser.py", line 577, in parse_block_mapping_value
    if self.scanner.check_token(ValueToken):
  File "c:\users\wilder\appdata\local\programs\python\python36\lib\site-packages\ruamel\yaml\scanner.py", line 160, in check_token
    self.fetch_more_tokens()
  File "c:\users\wilder\appdata\local\programs\python\python36\lib\site-packages\ruamel\yaml\scanner.py", line 310, in fetch_more_tokens
    % utf8(ch), self.reader.get_mark())
ruamel.yaml.scanner.ScannerError: while scanning for the next token
found character '\t' that cannot start any token
  in "C:\Users\Wilder\zelda\modes\attract_carousel\config\attract_carousel.yaml", line 20, column 1

During handling of the above exception, another exception occurred:

Traceback (most recent call last):
  File "c:\users\wilder\appdata\local\programs\python\python36\lib\site-packages\mpf\commands\game.py", line 220, in __init__
    MachineController(mpf_path, machine_path, vars(self.args)).run()
  File "c:\users\wilder\appdata\local\programs\python\python36\lib\site-packages\mpf\core\machine.py", line 709, in run
    self._run_loop()
  File "c:\users\wilder\appdata\local\programs\python\python36\lib\site-packages\mpf\core\machine.py", line 769, in _run_loop
    raise self._exception['exception']
  File "c:\users\wilder\appdata\local\programs\python\python36\lib\asyncio\events.py", line 145, in _run
    self._callback(*self._args)
  File "c:\users\wilder\appdata\local\programs\python\python36\lib\site-packages\mpf\core\events.py", line 99, in _async_handler_done
    future.result()
  File "c:\users\wilder\appdata\local\programs\python\python36\lib\site-packages\mpf\core\mode_controller.py", line 117, in load_modes
    self.machine.modes[mode] = self._load_mode(mode)
  File "c:\users\wilder\appdata\local\programs\python\python36\lib\site-packages\mpf\core\mode_controller.py", line 266, in _load_mode
    config = self._load_mode_config(mode_string)
  File "c:\users\wilder\appdata\local\programs\python\python36\lib\site-packages\mpf\core\mode_controller.py", line 184, in _load_mode_config
    store_to_cache=self.machine.options['create_config_cache'])
  File "c:\users\wilder\appdata\local\programs\python\python36\lib\site-packages\mpf\core\config_processor.py", line 112, in load_config_files_with_cache
    ignore_unknown_sections)
  File "c:\users\wilder\appdata\local\programs\python\python36\lib\site-packages\mpf\core\config_processor.py", line 132, in _load_config_file_and_return_loaded_files
    config = FileManager.load(filename, expected_version_str, True)
  File "c:\users\wilder\appdata\local\programs\python\python36\lib\site-packages\mpf\core\file_manager.py", line 99, in load
    return interface.load(file, verify_version, halt_on_error)
  File "c:\users\wilder\appdata\local\programs\python\python36\lib\site-packages\mpf\file_interfaces\yaml_interface.py", line 205, in load
    raise ValueError(msg)
ValueError: YAML error found in file C:\Users\Wilder\zelda\modes\attract_carousel\config\attract_carousel.yaml. Line 20,Position 1: while scanning for the next token
found character '\t' that cannot start any token
  in "C:\Users\Wilder\zelda\modes\attract_carousel\config\attract_carousel.yaml", line 20, column 1
