2019-05-12 22:48:09,831 : kivy : Factory: 194 symbols loaded
2019-05-12 22:48:09,837 : kivy : Cache: register <kv.lang> with limit=None, timeout=None
2019-05-12 22:48:10,006 : kivy : Cache: register <kv.image> with limit=None, timeout=60
2019-05-12 22:48:10,006 : kivy : Cache: register <kv.atlas> with limit=None, timeout=None
2019-05-12 22:48:10,027 : kivy : Image: Providers: img_tex, img_dds, img_sdl2, img_pil, img_gif (img_ffpyplayer ignored)
2019-05-12 22:48:10,028 : kivy : Cache: register <kv.texture> with limit=1000, timeout=60
2019-05-12 22:48:10,028 : kivy : Cache: register <kv.shader> with limit=1000, timeout=3600
2019-05-12 22:48:10,097 : kivy : VideoGstplayer: Using Gstreamer 1.10.2.0
2019-05-12 22:48:10,098 : kivy : Video: Provider: gstplayer
2019-05-12 22:48:10,178 : kivy : Loading MPF-MC controller
2019-05-12 22:48:10,179 : mpfmc : Mission Pinball Framework Media Controller v0.53.0-dev.0
2019-05-12 22:48:10,179 : mpfmc : Mission Pinball Framework Game Engine v0.53.0-dev.16
2019-05-12 22:48:10,180 : mpfmc : Machine path: C:\Users\Wilder\zelda
2019-05-12 22:48:10,181 : ConfigProcessor : Config file in cache changed: C:\Users\Wilder\zelda\config\config
2019-05-12 22:48:10,181 : ConfigProcessor : Loading config from file c:\users\wilder\appdata\local\programs\python\python36\lib\site-packages\mpfmc\mcconfig.yaml.
2019-05-12 22:48:10,181 : YAML File Interface : Loading file: c:\users\wilder\appdata\local\programs\python\python36\lib\site-packages\mpfmc\mcconfig.yaml
2019-05-12 22:48:10,290 : ConfigProcessor : Loading config: c:\users\wilder\appdata\local\programs\python\python36\lib\site-packages\mpfmc\mcconfig.yaml
2019-05-12 22:48:10,304 : ConfigProcessor : Loading config from file C:\Users\Wilder\zelda\config\config.
2019-05-12 22:48:10,305 : YAML File Interface : Loading file: C:\Users\Wilder\zelda\config\config.yaml
2019-05-12 22:48:10,376 : ConfigProcessor : Loading config: C:\Users\Wilder\zelda\config\config
2019-05-12 22:48:10,376 : YAML File Interface : Loading file: C:\Users\Wilder\zelda\config\hardware.yaml
2019-05-12 22:48:10,774 : ConfigProcessor : Loading config: C:\Users\Wilder\zelda\config\hardware.yaml
2019-05-12 22:48:10,777 : YAML File Interface : Loading file: C:\Users\Wilder\zelda\config\keyboard.yaml
2019-05-12 22:48:10,801 : ConfigProcessor : Loading config: C:\Users\Wilder\zelda\config\keyboard.yaml
2019-05-12 22:48:10,804 : YAML File Interface : Loading file: C:\Users\Wilder\zelda\config\videos.yaml
2019-05-12 22:48:10,895 : ConfigProcessor : Loading config: C:\Users\Wilder\zelda\config\videos.yaml
2019-05-12 22:48:10,902 : ConfigProcessor : Config file cache created: C:\Users\Wilder\AppData\Local\Temp\33abdcfcf65e636611bd498b89cbbd0e.mpf_cache
2019-05-12 22:48:10,903 : mpfmc : Starting clock at 60.0Hz
2019-05-12 22:48:10,920 : kivy : Text: Provider: sdl2
2019-05-12 22:48:10,975 : kivy : Window: Provider: sdl2
2019-05-12 22:48:11,025 : kivy : GL: Using the "OpenGL" graphics system
2019-05-12 22:48:12,551 : kivy : GL: GLEW initialization succeeded
2019-05-12 22:48:12,551 : kivy : GL: available extensions: b'GL_EXT_blend_minmax GL_EXT_blend_subtract GL_EXT_blend_color GL_EXT_abgr GL_EXT_texture3D GL_EXT_clip_volume_hint GL_EXT_compiled_vertex_array GL_SGIS_texture_edge_clamp GL_SGIS_generate_mipmap GL_EXT_draw_range_elements GL_SGIS_texture_lod GL_EXT_rescale_normal GL_EXT_packed_pixels GL_EXT_texture_edge_clamp GL_EXT_separate_specular_color GL_ARB_multitexture GL_EXT_texture_env_combine GL_EXT_bgra GL_EXT_blend_func_separate GL_EXT_secondary_color GL_EXT_fog_coord GL_EXT_texture_env_add GL_ARB_texture_cube_map GL_ARB_transpose_matrix GL_ARB_texture_env_add GL_IBM_texture_mirrored_repeat GL_EXT_multi_draw_arrays GL_NV_blend_square GL_ARB_texture_compression GL_3DFX_texture_compression_FXT1 GL_EXT_texture_filter_anisotropic GL_ARB_texture_border_clamp GL_ARB_point_parameters GL_ARB_texture_env_combine GL_ARB_texture_env_dot3 GL_ARB_texture_env_crossbar GL_EXT_texture_compression_s3tc GL_ARB_shadow GL_ARB_window_pos GL_EXT_shadow_funcs GL_EXT_stencil_wrap GL_ARB_vertex_program GL_EXT_texture_rectangle GL_ARB_fragment_program GL_EXT_stencil_two_side GL_ATI_separate_stencil GL_ARB_vertex_buffer_object GL_EXT_texture_lod_bias GL_ARB_occlusion_query GL_ARB_fragment_shader GL_ARB_shader_objects GL_ARB_shading_language_100 GL_ARB_texture_non_power_of_two GL_ARB_vertex_shader GL_NV_texgen_reflection GL_ARB_point_sprite GL_EXT_blend_equation_separate GL_ARB_depth_texture GL_ARB_texture_rectangle GL_ARB_draw_buffers GL_ARB_color_buffer_float GL_ARB_half_float_pixel GL_ARB_texture_float GL_ARB_pixel_buffer_object GL_EXT_framebuffer_object GL_ARB_draw_instanced GL_ARB_half_float_vertex GL_EXT_draw_buffers2 GL_WIN_swap_hint GL_EXT_texture_sRGB GL_ARB_multisample GL_EXT_packed_float GL_EXT_texture_shared_exponent GL_ARB_texture_rg GL_ARB_texture_compression_rgtc GL_NV_conditional_render GL_EXT_texture_swizzle GL_ARB_framebuffer_sRGB GL_EXT_packed_depth_stencil GL_ARB_depth_buffer_float GL_EXT_transform_feedback GL_EXT_framebuffer_blit GL_EXT_framebuffer_multisample GL_ARB_framebuffer_object GL_EXT_texture_array GL_EXT_texture_integer GL_ARB_map_buffer_range GL_EXT_texture_snorm GL_INTEL_performance_queries GL_ARB_vertex_array_object '
2019-05-12 22:48:12,552 : kivy : GL: glShaderBinary is not available
2019-05-12 22:48:12,552 : kivy : GL: Backend used <glew>
2019-05-12 22:48:12,552 : kivy : GL: OpenGL version <b'3.0.0 - Build 8.15.10.2342'>
2019-05-12 22:48:12,552 : kivy : GL: OpenGL vendor <b'Intel'>
2019-05-12 22:48:12,552 : kivy : GL: OpenGL renderer <b'Intel(R) HD Graphics Family'>
2019-05-12 22:48:12,553 : kivy : GL: OpenGL parsed version: 3, 0
2019-05-12 22:48:12,553 : kivy : GL: Shading version <b'1.30  - Intel Build 8.15.10.2342'>
2019-05-12 22:48:12,553 : kivy : GL: Texture max size <4096>
2019-05-12 22:48:12,553 : kivy : GL: Texture max units <16>
2019-05-12 22:48:12,612 : kivy : Shader: Fragment compiled successfully
2019-05-12 22:48:12,613 : kivy : Shader: Vertex compiled successfully
2019-05-12 22:48:12,671 : kivy : ImageSDL2: Load <c:\users\wilder\appdata\local\programs\python\python36\lib\site-packages\kivy\data\glsl\default.png>
2019-05-12 22:48:12,673 : kivy : Window: auto add sdl2 input provider
2019-05-12 22:48:12,673 : kivy : Window: virtual keyboard not allowed, single mode, not docked
2019-05-12 22:48:12,684 : mpfmc : Machine path: C:\Users\Wilder\zelda
2019-05-12 22:48:12,684 : kivy : Resource: add <C:\Users\Wilder\zelda\fonts> in path list
2019-05-12 22:48:12,685 : kivy : Resource: add <c:\users\wilder\appdata\local\programs\python\python36\lib\site-packages\mpfmc\fonts> in path list
2019-05-12 22:48:12,685 : SoundSystem : Loading the Sound System
2019-05-12 22:48:13,124 : AudioInterface : Initialized
2019-05-12 22:48:13,124 : AudioInterface : Loaded SDL 2.0.5
2019-05-12 22:48:13,124 : AudioInterface : Loaded SDL_Mixer 2.0.1
2019-05-12 22:48:13,124 : AudioInterface : Loaded GStreamer 1.10.2.0
2019-05-12 22:48:13,124 : AudioInterface : Loaded GLib 2.48.1
2019-05-12 22:48:13,124 : AudioInterface : Settings requested - rate: 44100, channels: 1, buffer: 2048 samples
2019-05-12 22:48:13,125 : AudioInterface : Settings in use - rate: 44100, channels: 1, buffer: 2048 samples (4096 bytes @ 2 bytes per sample)
2019-05-12 22:48:13,125 : Track : Allocated track audio buffer (4096 bytes)
2019-05-12 22:48:13,125 : Track.0.TrackStandard.music : Created Track 0 music with the following settings: simultaneous_sounds = 3, volume = 0.500000
2019-05-12 22:48:13,125 : AudioInterface : The 'music' standard track has successfully been created.
2019-05-12 22:48:13,126 : Track : Allocated track audio buffer (4096 bytes)
2019-05-12 22:48:13,126 : Track.1.TrackStandard.voice : Created Track 1 voice with the following settings: simultaneous_sounds = 1, volume = 0.700000
2019-05-12 22:48:13,126 : AudioInterface : The 'voice' standard track has successfully been created.
2019-05-12 22:48:13,126 : Track : Allocated track audio buffer (4096 bytes)
2019-05-12 22:48:13,126 : Track.2.TrackStandard.sfx : Created Track 2 sfx with the following settings: simultaneous_sounds = 8, volume = 0.900000
2019-05-12 22:48:13,126 : AudioInterface : The 'sfx' standard track has successfully been created.
2019-05-12 22:48:13,126 : AudioInterface : Enabling audio playback
2019-05-12 22:48:13,129 : kivy : App: Loading kv <c:\users\wilder\appdata\local\programs\python\python36\lib\site-packages\mpfmc\core\mpfmc.kv>
2019-05-12 22:48:13,130 : kivy : App: kv <c:\users\wilder\appdata\local\programs\python\python36\lib\site-packages\mpfmc\core\mpfmc.kv> not found
2019-05-12 22:48:13,130 : kivy : Base: Create provider from mouse,multitouch_on_demand
2019-05-12 22:48:13,131 : kivy : Base: Create provider from wm_touch
2019-05-12 22:48:13,131 : kivy : Base: Create provider from wm_pen
2019-05-12 22:48:13,131 : kivy : Base: Start application main loop
2019-05-12 22:48:13,131 : EventManager : Event: ======'display_lcd_initialized'====== Args={}
2019-05-12 22:48:13,151 : mpfmc : Display: Setting 'lcd' as default display
2019-05-12 22:48:13,164 : EventManager : Event: ======'displays_initialized'====== Args={}
2019-05-12 22:48:13,166 : EventManager : Event: ======'slide_lcd_blank_created'====== Args={}
2019-05-12 22:48:13,166 : EventManager : Event: ======'display_lcd_ready'====== Args={}
2019-05-12 22:48:13,179 : EventManager : Event: ======'init_phase_1'====== Args={}
2019-05-12 22:48:13,220 : EventManager : Event: ======'mc_ready'====== Args={}
2019-05-12 22:48:13,220 : EventManager : Event: ======'init_phase_2'====== Args={}
2019-05-12 22:48:13,223 : ModeController : Found MPF Mode folders: {'attract': 'attract', 'bonus': 'bonus', 'carousel': 'carousel', 'credits': 'credits', 'game': 'game', 'high_score': 'high_score', 'match': 'match', 'service': 'service', 'tilt': 'tilt'}
2019-05-12 22:48:13,227 : ModeController : Found Machine-specific Mode folders: {'2ballescape': '2ballescape', '2ballqualifier': '2ballqualifier', '5waycombotracker': '5waycombotracker', 'agahnim_multiball': 'agahnim_multiball', 'attract': 'attract', 'attract_carousel': 'attract_carousel', 'ball_hold_tracker': 'ball_hold_tracker', 'ball_save': 'ball_save', 'base': 'base', 'bomb_finder': 'bomb_finder', 'bonus': 'bonus', 'bottle_filler': 'bottle_filler', 'darkworld': 'darkworld', 'darkworld2': 'darkworld2', 'escape': 'escape', 'escapehurryup': 'escapehurryup', 'escape_starter': 'escape_starter', 'extraball': 'extraball', 'final_hold': 'final_hold', 'gameoverplayer': 'gameoverplayer', 'game_ender_mode': 'game_ender_mode', 'ganon_battle': 'ganon_battle', 'heartmeter': 'heartmeter', 'heart_tracker': 'heart_tracker', 'high_score': 'high_score', 'item_tracker': 'item_tracker', 'light_world': 'light_world', 'lost_woods': 'lost_woods', 'lost_woods_starter': 'lost_woods_starter', 'master_sword_buildup': 'master_sword_buildup', 'mode_tracker': 'mode_tracker', 'music_player': 'music_player', 'playfield_multiplier': 'playfield_multiplier', 'rupee2x_finder': 'rupee2x_finder', 'rupee3x_finder': 'rupee3x_finder', 'rupee_finder': 'rupee_finder', 'shop': 'shop', 'shots': 'shots', 'skillshot_ballsave': 'skillshot_ballsave', 'skill_shot': 'skill_shot', 'slide_tracker': 'slide_tracker', 'unusual_show_tracker': 'unusual_show_tracker', 'video_player': 'video_player'}
2019-05-12 22:48:13,228 : ConfigProcessor : Loading config from cache: C:\Users\Wilder\AppData\Local\Temp\27a949ddf2d3e5eeb9247bd991aba200.mpf_cache
2019-05-12 22:48:13,228 : ConfigProcessor : Loading config from cache: C:\Users\Wilder\AppData\Local\Temp\916c9e2d9177837f45e9cdbb7c1d0b93.mpf_cache
2019-05-12 22:48:13,229 : ConfigProcessor : Loading config from cache: C:\Users\Wilder\AppData\Local\Temp\696ab9654b1d369e3597af15c079ad3b.mpf_cache
2019-05-12 22:48:13,230 : ConfigProcessor : Loading config from cache: C:\Users\Wilder\AppData\Local\Temp\072dbb4c30ca18f53440337aa5cd71bd.mpf_cache
2019-05-12 22:48:13,232 : ConfigProcessor : Loading config from cache: C:\Users\Wilder\AppData\Local\Temp\b0ee6a771658ae3fb7e70c6d5ff59887.mpf_cache
2019-05-12 22:48:13,234 : ConfigProcessor : Loading config from cache: C:\Users\Wilder\AppData\Local\Temp\aecceeb5afbfdc7257044e8417ebcf98.mpf_cache
2019-05-12 22:48:13,235 : ConfigProcessor : Loading config from cache: C:\Users\Wilder\AppData\Local\Temp\58664c35241624b07b13025a5964d2a4.mpf_cache
2019-05-12 22:48:13,389 : ConfigProcessor : Loading config from cache: C:\Users\Wilder\AppData\Local\Temp\8b601767b8d464abeaa513b42e6346a8.mpf_cache
2019-05-12 22:48:13,390 : ConfigProcessor : Loading config from cache: C:\Users\Wilder\AppData\Local\Temp\b0bcc174d8c9595c3b107b2ba9cf1c73.mpf_cache
2019-05-12 22:48:13,447 : ConfigProcessor : Loading config from cache: C:\Users\Wilder\AppData\Local\Temp\7b0dcc699efc7732bf9d3e57ee202517.mpf_cache
2019-05-12 22:48:13,450 : ConfigProcessor : Loading config from cache: C:\Users\Wilder\AppData\Local\Temp\6fc1a42fdd0d487285862f5b943c745e.mpf_cache
2019-05-12 22:48:13,451 : ConfigProcessor : Loading config from cache: C:\Users\Wilder\AppData\Local\Temp\562f2c62ffb495bc414930beede29530.mpf_cache
2019-05-12 22:48:13,452 : ConfigProcessor : Loading config from cache: C:\Users\Wilder\AppData\Local\Temp\6cbeeb809d9de6fbbf2951c4e6867473.mpf_cache
2019-05-12 22:48:13,453 : ConfigProcessor : Loading config from cache: C:\Users\Wilder\AppData\Local\Temp\d9d23a2a9a3117f1553491692ff1c689.mpf_cache
2019-05-12 22:48:13,454 : ConfigProcessor : Config file in cache changed: C:\Users\Wilder\zelda\modes\music_player\config\music_player.yaml
2019-05-12 22:48:13,454 : ConfigProcessor : Loading config from file C:\Users\Wilder\zelda\modes\music_player\config\music_player.yaml.
2019-05-12 22:48:13,454 : YAML File Interface : Loading file: C:\Users\Wilder\zelda\modes\music_player\config\music_player.yaml
2019-05-12 22:48:13,556 : ConfigProcessor : Loading config: C:\Users\Wilder\zelda\modes\music_player\config\music_player.yaml
2019-05-12 22:48:13,557 : ConfigProcessor : Config file cache created: C:\Users\Wilder\AppData\Local\Temp\86e0d165ea95889c95b56598c3ebe263.mpf_cache
2019-05-12 22:48:13,573 : ConfigProcessor : Loading config from cache: C:\Users\Wilder\AppData\Local\Temp\dbd150f896646081271b7a77a791f2fa.mpf_cache
2019-05-12 22:48:13,583 : ConfigProcessor : Loading config from cache: C:\Users\Wilder\AppData\Local\Temp\fd6423453738b6cee138971698f65579.mpf_cache
2019-05-12 22:48:13,584 : ConfigProcessor : Loading config from cache: C:\Users\Wilder\AppData\Local\Temp\225554da95d8871f7382aa94a6d6b3eb.mpf_cache
2019-05-12 22:48:13,585 : ConfigProcessor : Loading config from cache: C:\Users\Wilder\AppData\Local\Temp\da675f6b180b79eecb40cb5eb7f75a18.mpf_cache
2019-05-12 22:48:13,586 : ConfigProcessor : Loading config from cache: C:\Users\Wilder\AppData\Local\Temp\f394a72c4810bb1cc42cac0690a90dcf.mpf_cache
2019-05-12 22:48:13,591 : ConfigProcessor : Loading config from cache: C:\Users\Wilder\AppData\Local\Temp\4afc9f23ca6340163a8bb51d7deea78f.mpf_cache
2019-05-12 22:48:13,654 : ConfigProcessor : Loading config from cache: C:\Users\Wilder\AppData\Local\Temp\cb8b20150020107be74f23a2ee427f56.mpf_cache
2019-05-12 22:48:13,698 : ConfigProcessor : Loading config from cache: C:\Users\Wilder\AppData\Local\Temp\fc30620fce8f82c18fed051cdde27ef9.mpf_cache
2019-05-12 22:48:13,699 : ConfigProcessor : Loading config from cache: C:\Users\Wilder\AppData\Local\Temp\34c6448537d1c95c89cf73a07c0f99c9.mpf_cache
2019-05-12 22:48:13,700 : ConfigProcessor : Loading config from cache: C:\Users\Wilder\AppData\Local\Temp\6caaa2c03f737135abd403644138525e.mpf_cache
2019-05-12 22:48:13,848 : ConfigProcessor : Loading config from cache: C:\Users\Wilder\AppData\Local\Temp\1f8ff34a8859f8c62d77912f33e29b9c.mpf_cache
2019-05-12 22:48:13,850 : ConfigProcessor : Loading config from cache: C:\Users\Wilder\AppData\Local\Temp\dd39e2de39eb354a1ec99be2f3167765.mpf_cache
2019-05-12 22:48:13,851 : ConfigProcessor : Loading config from cache: C:\Users\Wilder\AppData\Local\Temp\410e2f069e995e601a053ae1f865a8d9.mpf_cache
2019-05-12 22:48:13,863 : ConfigProcessor : Loading config from cache: C:\Users\Wilder\AppData\Local\Temp\c3fd2c292a6c0d3463ad9b4555730ad5.mpf_cache
2019-05-12 22:48:13,865 : ConfigProcessor : Loading config from cache: C:\Users\Wilder\AppData\Local\Temp\ee4432fc011abe94968ff81513361e18.mpf_cache
2019-05-12 22:48:13,866 : ConfigProcessor : Loading config from cache: C:\Users\Wilder\AppData\Local\Temp\43a06f52d0e9cf0597140b4c27159d40.mpf_cache
2019-05-12 22:48:13,867 : ConfigProcessor : Loading config from cache: C:\Users\Wilder\AppData\Local\Temp\3485f9bf4bb8d1d21be6de1438e091ba.mpf_cache
2019-05-12 22:48:13,868 : ConfigProcessor : Loading config from cache: C:\Users\Wilder\AppData\Local\Temp\6eb8b6e4728e10ce756703e43167d298.mpf_cache
2019-05-12 22:48:13,869 : ConfigProcessor : Loading config from cache: C:\Users\Wilder\AppData\Local\Temp\a31feedcb4b85bf76d76fe6a1222bc90.mpf_cache
2019-05-12 22:48:13,871 : ConfigProcessor : Loading config from cache: C:\Users\Wilder\AppData\Local\Temp\05768db999abb9e30be16a432a0581c8.mpf_cache
2019-05-12 22:48:13,872 : ConfigProcessor : Loading config from cache: C:\Users\Wilder\AppData\Local\Temp\c35ad2e595070cac0b6f696d6f7f6af6.mpf_cache
2019-05-12 22:48:13,873 : ConfigProcessor : Loading config from cache: C:\Users\Wilder\AppData\Local\Temp\6fd2b5e36bbbd9c12f9ee3aa32f1ceca.mpf_cache
2019-05-12 22:48:13,874 : ConfigProcessor : Loading config from cache: C:\Users\Wilder\AppData\Local\Temp\96294a9578657f44941f2a8ec647ae36.mpf_cache
2019-05-12 22:48:13,875 : ConfigProcessor : Loading config from cache: C:\Users\Wilder\AppData\Local\Temp\58a9cd5447353eacedab412f1c10b0ab.mpf_cache
2019-05-12 22:48:13,877 : ConfigProcessor : Loading config from cache: C:\Users\Wilder\AppData\Local\Temp\c5e5b78d841dff96974ddb92030af0a9.mpf_cache
2019-05-12 22:48:13,879 : ConfigProcessor : Loading config from cache: C:\Users\Wilder\AppData\Local\Temp\28e1731e516595966b3afcb08910cb63.mpf_cache
2019-05-12 22:48:13,880 : EventManager : Event: ======'init_phase_3'====== Args={}
2019-05-12 22:48:13,880 : AssetManager : Registering Asset: bluemailx, File: bluemailx.png, Default Group: default, Final Config: {'load': 'preload', 'file': 'C:\\Users\\Wilder\\zelda\\images\\bluemailx.png'}
2019-05-12 22:48:13,880 : AssetManager : Registering Asset: bluemail_circle, File: bluemail_circle.png, Default Group: default, Final Config: {'load': 'preload', 'file': 'C:\\Users\\Wilder\\zelda\\images\\bluemail_circle.png'}
2019-05-12 22:48:13,881 : AssetManager : Registering Asset: bluependant, File: bluependant.png, Default Group: default, Final Config: {'load': 'preload', 'file': 'C:\\Users\\Wilder\\zelda\\images\\bluependant.png'}
2019-05-12 22:48:13,881 : AssetManager : Registering Asset: boomerangx, File: boomerangx.png, Default Group: default, Final Config: {'load': 'preload', 'file': 'C:\\Users\\Wilder\\zelda\\images\\boomerangx.png'}
2019-05-12 22:48:13,881 : AssetManager : Registering Asset: boomerang_circle, File: boomerang_circle.png, Default Group: default, Final Config: {'load': 'preload', 'file': 'C:\\Users\\Wilder\\zelda\\images\\boomerang_circle.png'}
2019-05-12 22:48:13,881 : AssetManager : Registering Asset: bowx, File: bowx.png, Default Group: default, Final Config: {'load': 'preload', 'file': 'C:\\Users\\Wilder\\zelda\\images\\bowx.png'}
2019-05-12 22:48:13,881 : AssetManager : Registering Asset: bow_circle, File: bow_circle.png, Default Group: default, Final Config: {'load': 'preload', 'file': 'C:\\Users\\Wilder\\zelda\\images\\bow_circle.png'}
2019-05-12 22:48:13,881 : AssetManager : Registering Asset: byrnax, File: byrnax.png, Default Group: default, Final Config: {'load': 'preload', 'file': 'C:\\Users\\Wilder\\zelda\\images\\byrnax.png'}
2019-05-12 22:48:13,881 : AssetManager : Registering Asset: byrna_circle, File: byrna_circle.png, Default Group: default, Final Config: {'load': 'preload', 'file': 'C:\\Users\\Wilder\\zelda\\images\\byrna_circle.png'}
2019-05-12 22:48:13,881 : AssetManager : Registering Asset: capex, File: capex.png, Default Group: default, Final Config: {'load': 'preload', 'file': 'C:\\Users\\Wilder\\zelda\\images\\capex.png'}
2019-05-12 22:48:13,882 : AssetManager : Registering Asset: cape_circle, File: cape_circle.png, Default Group: default, Final Config: {'load': 'preload', 'file': 'C:\\Users\\Wilder\\zelda\\images\\cape_circle.png'}
2019-05-12 22:48:13,882 : AssetManager : Registering Asset: circleselect, File: circleselect.png, Default Group: default, Final Config: {'load': 'preload', 'file': 'C:\\Users\\Wilder\\zelda\\images\\circleselect.png'}
2019-05-12 22:48:13,882 : AssetManager : Registering Asset: crystal1, File: crystal1.png, Default Group: default, Final Config: {'load': 'preload', 'file': 'C:\\Users\\Wilder\\zelda\\images\\crystal1.png'}
2019-05-12 22:48:13,882 : AssetManager : Registering Asset: crystal2, File: crystal2.png, Default Group: default, Final Config: {'load': 'preload', 'file': 'C:\\Users\\Wilder\\zelda\\images\\crystal2.png'}
2019-05-12 22:48:13,882 : AssetManager : Registering Asset: crystal3, File: crystal3.png, Default Group: default, Final Config: {'load': 'preload', 'file': 'C:\\Users\\Wilder\\zelda\\images\\crystal3.png'}
2019-05-12 22:48:13,882 : AssetManager : Registering Asset: crystal4, File: crystal4.png, Default Group: default, Final Config: {'load': 'preload', 'file': 'C:\\Users\\Wilder\\zelda\\images\\crystal4.png'}
2019-05-12 22:48:13,882 : AssetManager : Registering Asset: crystal5, File: crystal5.png, Default Group: default, Final Config: {'load': 'preload', 'file': 'C:\\Users\\Wilder\\zelda\\images\\crystal5.png'}
2019-05-12 22:48:13,882 : AssetManager : Registering Asset: crystal6, File: crystal6.png, Default Group: default, Final Config: {'load': 'preload', 'file': 'C:\\Users\\Wilder\\zelda\\images\\crystal6.png'}
2019-05-12 22:48:13,883 : AssetManager : Registering Asset: crystal7, File: crystal7.png, Default Group: default, Final Config: {'load': 'preload', 'file': 'C:\\Users\\Wilder\\zelda\\images\\crystal7.png'}
2019-05-12 22:48:13,883 : AssetManager : Registering Asset: darkworldstoryslide, File: darkworldstoryslide.png, Default Group: default, Final Config: {'load': 'preload', 'file': 'C:\\Users\\Wilder\\zelda\\images\\darkworldstoryslide.png'}
2019-05-12 22:48:13,883 : AssetManager : Registering Asset: darkworld_instructional, File: darkworld_instructional.png, Default Group: default, Final Config: {'load': 'preload', 'file': 'C:\\Users\\Wilder\\zelda\\images\\darkworld_instructional.png'}
2019-05-12 22:48:13,883 : AssetManager : Registering Asset: fast_logo, File: fast_logo.jpg, Default Group: default, Final Config: {'load': 'preload', 'file': 'C:\\Users\\Wilder\\zelda\\images\\fast_logo.jpg'}
2019-05-12 22:48:13,883 : AssetManager : Registering Asset: flipperx, File: flipperx.png, Default Group: default, Final Config: {'load': 'preload', 'file': 'C:\\Users\\Wilder\\zelda\\images\\flipperx.png'}
2019-05-12 22:48:13,883 : AssetManager : Registering Asset: flipper_circle, File: flipper_circle.png, Default Group: default, Final Config: {'load': 'preload', 'file': 'C:\\Users\\Wilder\\zelda\\images\\flipper_circle.png'}
2019-05-12 22:48:13,883 : AssetManager : Registering Asset: flutex, File: flutex.png, Default Group: default, Final Config: {'load': 'preload', 'file': 'C:\\Users\\Wilder\\zelda\\images\\flutex.png'}
2019-05-12 22:48:13,883 : AssetManager : Registering Asset: flute_circle, File: flute_circle.png, Default Group: default, Final Config: {'load': 'preload', 'file': 'C:\\Users\\Wilder\\zelda\\images\\flute_circle.png'}
2019-05-12 22:48:13,884 : AssetManager : Registering Asset: greenpendant, File: greenpendant.png, Default Group: default, Final Config: {'load': 'preload', 'file': 'C:\\Users\\Wilder\\zelda\\images\\greenpendant.png'}
2019-05-12 22:48:13,884 : AssetManager : Registering Asset: hammerx, File: hammerx.png, Default Group: default, Final Config: {'load': 'preload', 'file': 'C:\\Users\\Wilder\\zelda\\images\\hammerx.png'}
2019-05-12 22:48:13,884 : AssetManager : Registering Asset: hammer_circle, File: hammer_circle.png, Default Group: default, Final Config: {'load': 'preload', 'file': 'C:\\Users\\Wilder\\zelda\\images\\hammer_circle.png'}
2019-05-12 22:48:13,884 : AssetManager : Registering Asset: heartimage, File: heartimage.png, Default Group: default, Final Config: {'load': 'preload', 'file': 'C:\\Users\\Wilder\\zelda\\images\\heartimage.png'}
2019-05-12 22:48:13,884 : AssetManager : Registering Asset: hookshotx, File: hookshotx.png, Default Group: default, Final Config: {'load': 'preload', 'file': 'C:\\Users\\Wilder\\zelda\\images\\hookshotx.png'}
2019-05-12 22:48:13,884 : AssetManager : Registering Asset: hookshot_circle, File: hookshot_circle.png, Default Group: default, Final Config: {'load': 'preload', 'file': 'C:\\Users\\Wilder\\zelda\\images\\hookshot_circle.png'}
2019-05-12 22:48:13,884 : AssetManager : Registering Asset: lampx, File: lampx.png, Default Group: default, Final Config: {'load': 'preload', 'file': 'C:\\Users\\Wilder\\zelda\\images\\lampx.png'}
2019-05-12 22:48:13,884 : AssetManager : Registering Asset: mirrorshieldx, File: mirrorshieldx.png, Default Group: default, Final Config: {'load': 'preload', 'file': 'C:\\Users\\Wilder\\zelda\\images\\mirrorshieldx.png'}
2019-05-12 22:48:13,885 : AssetManager : Registering Asset: mirrorshield_circle, File: mirrorshield_circle.png, Default Group: default, Final Config: {'load': 'preload', 'file': 'C:\\Users\\Wilder\\zelda\\images\\mirrorshield_circle.png'}
2019-05-12 22:48:13,885 : AssetManager : Registering Asset: mirrorx, File: mirrorx.png, Default Group: default, Final Config: {'load': 'preload', 'file': 'C:\\Users\\Wilder\\zelda\\images\\mirrorx.png'}
2019-05-12 22:48:13,885 : AssetManager : Registering Asset: mirror_circle, File: mirror_circle.png, Default Group: default, Final Config: {'load': 'preload', 'file': 'C:\\Users\\Wilder\\zelda\\images\\mirror_circle.png'}
2019-05-12 22:48:13,885 : AssetManager : Registering Asset: moonpearlx, File: moonpearlx.png, Default Group: default, Final Config: {'load': 'preload', 'file': 'C:\\Users\\Wilder\\zelda\\images\\moonpearlx.png'}
2019-05-12 22:48:13,885 : AssetManager : Registering Asset: moonpearl_circle, File: moonpearl_circle.png, Default Group: default, Final Config: {'load': 'preload', 'file': 'C:\\Users\\Wilder\\zelda\\images\\moonpearl_circle.png'}
2019-05-12 22:48:13,885 : AssetManager : Registering Asset: mpf_logo, File: mpf_logo.png, Default Group: default, Final Config: {'load': 'preload', 'file': 'C:\\Users\\Wilder\\zelda\\images\\mpf_logo.png'}
2019-05-12 22:48:13,885 : AssetManager : Registering Asset: redmailx, File: redmailx.png, Default Group: default, Final Config: {'load': 'preload', 'file': 'C:\\Users\\Wilder\\zelda\\images\\redmailx.png'}
2019-05-12 22:48:13,885 : AssetManager : Registering Asset: redmail_circle, File: redmail_circle.png, Default Group: default, Final Config: {'load': 'preload', 'file': 'C:\\Users\\Wilder\\zelda\\images\\redmail_circle.png'}
2019-05-12 22:48:13,886 : AssetManager : Registering Asset: redpendant, File: redpendant.png, Default Group: default, Final Config: {'load': 'preload', 'file': 'C:\\Users\\Wilder\\zelda\\images\\redpendant.png'}
2019-05-12 22:48:13,886 : AssetManager : Registering Asset: redshieldx, File: redshieldx.png, Default Group: default, Final Config: {'load': 'preload', 'file': 'C:\\Users\\Wilder\\zelda\\images\\redshieldx.png'}
2019-05-12 22:48:13,886 : AssetManager : Registering Asset: redshield_circle, File: redshield_circle.png, Default Group: default, Final Config: {'load': 'preload', 'file': 'C:\\Users\\Wilder\\zelda\\images\\redshield_circle.png'}
2019-05-12 22:48:13,886 : AssetManager : Registering Asset: shop_slide, File: shop_slide.png, Default Group: default, Final Config: {'load': 'preload', 'file': 'C:\\Users\\Wilder\\zelda\\images\\shop_slide.png'}
2019-05-12 22:48:13,886 : AssetManager : Registering Asset: somariax, File: somariax.png, Default Group: default, Final Config: {'load': 'preload', 'file': 'C:\\Users\\Wilder\\zelda\\images\\somariax.png'}
2019-05-12 22:48:13,886 : AssetManager : Registering Asset: somaria_circle, File: somaria_circle.png, Default Group: default, Final Config: {'load': 'preload', 'file': 'C:\\Users\\Wilder\\zelda\\images\\somaria_circle.png'}
2019-05-12 22:48:13,886 : AssetManager : Registering Asset: titanmittx, File: titanmittx.png, Default Group: default, Final Config: {'load': 'preload', 'file': 'C:\\Users\\Wilder\\zelda\\images\\titanmittx.png'}
2019-05-12 22:48:13,886 : AssetManager : Registering Asset: titanmitt_circle, File: titanmitt_circle.png, Default Group: default, Final Config: {'load': 'preload', 'file': 'C:\\Users\\Wilder\\zelda\\images\\titanmitt_circle.png'}
2019-05-12 22:48:13,887 : AssetManager : Registering Asset: transparentbluependant, File: transparentbluependant.png, Default Group: default, Final Config: {'load': 'preload', 'file': 'C:\\Users\\Wilder\\zelda\\images\\transparentbluependant.png'}
2019-05-12 22:48:13,887 : AssetManager : Registering Asset: transparentcrystal1, File: transparentcrystal1.png, Default Group: default, Final Config: {'load': 'preload', 'file': 'C:\\Users\\Wilder\\zelda\\images\\transparentcrystal1.png'}
2019-05-12 22:48:13,887 : AssetManager : Registering Asset: transparentcrystal2, File: transparentcrystal2.png, Default Group: default, Final Config: {'load': 'preload', 'file': 'C:\\Users\\Wilder\\zelda\\images\\transparentcrystal2.png'}
2019-05-12 22:48:13,887 : AssetManager : Registering Asset: transparentcrystal3, File: transparentcrystal3.png, Default Group: default, Final Config: {'load': 'preload', 'file': 'C:\\Users\\Wilder\\zelda\\images\\transparentcrystal3.png'}
2019-05-12 22:48:13,887 : AssetManager : Registering Asset: transparentcrystal4, File: transparentcrystal4.png, Default Group: default, Final Config: {'load': 'preload', 'file': 'C:\\Users\\Wilder\\zelda\\images\\transparentcrystal4.png'}
2019-05-12 22:48:13,887 : AssetManager : Registering Asset: transparentcrystal5, File: transparentcrystal5.png, Default Group: default, Final Config: {'load': 'preload', 'file': 'C:\\Users\\Wilder\\zelda\\images\\transparentcrystal5.png'}
2019-05-12 22:48:13,887 : AssetManager : Registering Asset: transparentcrystal6, File: transparentcrystal6.png, Default Group: default, Final Config: {'load': 'preload', 'file': 'C:\\Users\\Wilder\\zelda\\images\\transparentcrystal6.png'}
2019-05-12 22:48:13,888 : AssetManager : Registering Asset: transparentcrystal7, File: transparentcrystal7.png, Default Group: default, Final Config: {'load': 'preload', 'file': 'C:\\Users\\Wilder\\zelda\\images\\transparentcrystal7.png'}
2019-05-12 22:48:13,888 : AssetManager : Registering Asset: transparentgreenpendant, File: transparentgreenpendant.png, Default Group: default, Final Config: {'load': 'preload', 'file': 'C:\\Users\\Wilder\\zelda\\images\\transparentgreenpendant.png'}
2019-05-12 22:48:13,888 : AssetManager : Registering Asset: transparentredpendant, File: transparentredpendant.png, Default Group: default, Final Config: {'load': 'preload', 'file': 'C:\\Users\\Wilder\\zelda\\images\\transparentredpendant.png'}
2019-05-12 22:48:13,904 : AssetManager : Registering Asset: 5waycombovideo, File: 5waycombovideo.mp4, Default Group: default, Final Config: {'load': 'preload', 'file': 'C:\\Users\\Wilder\\zelda\\videos\\5waycombovideo.mp4', 'width': 1280, 'height': 720}
2019-05-12 22:48:13,904 : AssetManager : Registering Asset: agahnimdefeatedvideo, File: agahnimdefeatedvideo.mp4, Default Group: default, Final Config: {'load': 'preload', 'file': 'C:\\Users\\Wilder\\zelda\\videos\\agahnimdefeatedvideo.mp4', 'width': 1280, 'height': 720}
2019-05-12 22:48:13,904 : AssetManager : Registering Asset: agahnimhitvideo, File: agahnimhitvideo.mp4, Default Group: default, Final Config: {'load': 'preload', 'file': 'C:\\Users\\Wilder\\zelda\\videos\\agahnimhitvideo.mp4', 'width': 1280, 'height': 720}
2019-05-12 22:48:13,904 : AssetManager : Registering Asset: agahnimstrikevideo, File: agahnimstrikevideo.mp4, Default Group: default, Final Config: {'load': 'preload', 'file': 'C:\\Users\\Wilder\\zelda\\videos\\agahnimstrikevideo.mp4', 'width': 1280, 'height': 720}
2019-05-12 22:48:13,904 : AssetManager : Registering Asset: attractvideo, File: attractvideo.mp4, Default Group: default, Final Config: {'load': 'preload', 'file': 'C:\\Users\\Wilder\\zelda\\videos\\attractvideo.mp4'}
2019-05-12 22:48:13,905 : AssetManager : Registering Asset: bluemailvideo, File: bluemailvideo.mp4, Default Group: default, Final Config: {'load': 'preload', 'file': 'C:\\Users\\Wilder\\zelda\\videos\\bluemailvideo.mp4', 'width': 1280, 'height': 720}
2019-05-12 22:48:13,905 : AssetManager : Registering Asset: bombblastvideo, File: bombblastvideo.mp4, Default Group: default, Final Config: {'load': 'preload', 'file': 'C:\\Users\\Wilder\\zelda\\videos\\bombblastvideo.mp4'}
2019-05-12 22:48:13,905 : AssetManager : Registering Asset: boomerangfound, File: boomerangfound.mp4, Default Group: default, Final Config: {'load': 'preload', 'file': 'C:\\Users\\Wilder\\zelda\\videos\\boomerangfound.mp4'}
2019-05-12 22:48:13,905 : AssetManager : Registering Asset: boss1progress1, File: boss1progress1.mp4, Default Group: default, Final Config: {'load': 'preload', 'file': 'C:\\Users\\Wilder\\zelda\\videos\\boss1progress1.mp4', 'width': 1280, 'height': 720}
2019-05-12 22:48:13,905 : AssetManager : Registering Asset: boss1progress2, File: boss1progress2.mp4, Default Group: default, Final Config: {'load': 'preload', 'file': 'C:\\Users\\Wilder\\zelda\\videos\\boss1progress2.mp4', 'width': 1280, 'height': 720}
2019-05-12 22:48:13,905 : AssetManager : Registering Asset: boss2progress1, File: boss2progress1.mp4, Default Group: default, Final Config: {'load': 'preload', 'file': 'C:\\Users\\Wilder\\zelda\\videos\\boss2progress1.mp4', 'width': 1280, 'height': 720}
2019-05-12 22:48:13,906 : AssetManager : Registering Asset: boss2progress2, File: boss2progress2.mp4, Default Group: default, Final Config: {'load': 'preload', 'file': 'C:\\Users\\Wilder\\zelda\\videos\\boss2progress2.mp4', 'width': 1280, 'height': 720}
2019-05-12 22:48:13,906 : AssetManager : Registering Asset: boss3progress1, File: boss3progress1.mp4, Default Group: default, Final Config: {'load': 'preload', 'file': 'C:\\Users\\Wilder\\zelda\\videos\\boss3progress1.mp4', 'width': 1280, 'height': 720}
2019-05-12 22:48:13,906 : AssetManager : Registering Asset: boss3progress2, File: boss3progress2.mp4, Default Group: default, Final Config: {'load': 'preload', 'file': 'C:\\Users\\Wilder\\zelda\\videos\\boss3progress2.mp4', 'width': 1280, 'height': 720}
2019-05-12 22:48:13,906 : AssetManager : Registering Asset: bowfound, File: bowfound.mp4, Default Group: default, Final Config: {'load': 'preload', 'file': 'C:\\Users\\Wilder\\zelda\\videos\\bowfound.mp4'}
2019-05-12 22:48:13,906 : AssetManager : Registering Asset: castlestairs, File: castlestairs.mp4, Default Group: default, Final Config: {'load': 'preload', 'file': 'C:\\Users\\Wilder\\zelda\\videos\\castlestairs.mp4'}
2019-05-12 22:48:13,906 : AssetManager : Registering Asset: confrontagahnim, File: confrontagahnim.mp4, Default Group: default, Final Config: {'load': 'preload', 'file': 'C:\\Users\\Wilder\\zelda\\videos\\confrontagahnim.mp4'}
2019-05-12 22:48:13,906 : AssetManager : Registering Asset: darkworldstart, File: darkworldstart.mp4, Default Group: default, Final Config: {'load': 'preload', 'file': 'C:\\Users\\Wilder\\zelda\\videos\\darkworldstart.mp4', 'width': 1280, 'height': 720}
2019-05-12 22:48:13,906 : AssetManager : Registering Asset: dungeon1boss, File: dungeon1boss.mp4, Default Group: default, Final Config: {'load': 'preload', 'file': 'C:\\Users\\Wilder\\zelda\\videos\\dungeon1boss.mp4', 'width': 1280, 'height': 720}
2019-05-12 22:48:13,907 : AssetManager : Registering Asset: dungeon2boss, File: dungeon2boss.mp4, Default Group: default, Final Config: {'load': 'preload', 'file': 'C:\\Users\\Wilder\\zelda\\videos\\dungeon2boss.mp4', 'width': 1280, 'height': 720}
2019-05-12 22:48:13,907 : AssetManager : Registering Asset: dungeon3boss, File: dungeon3boss.mp4, Default Group: default, Final Config: {'load': 'preload', 'file': 'C:\\Users\\Wilder\\zelda\\videos\\dungeon3boss.mp4', 'width': 1280, 'height': 720}
2019-05-12 22:48:13,907 : AssetManager : Registering Asset: dungeon4boss, File: dungeon4boss.mp4, Default Group: default, Final Config: {'load': 'preload', 'file': 'C:\\Users\\Wilder\\zelda\\videos\\dungeon4boss.mp4', 'width': 1280, 'height': 720}
2019-05-12 22:48:13,907 : AssetManager : Registering Asset: dungeon5boss, File: dungeon5boss.mp4, Default Group: default, Final Config: {'load': 'preload', 'file': 'C:\\Users\\Wilder\\zelda\\videos\\dungeon5boss.mp4', 'width': 1280, 'height': 720}
2019-05-12 22:48:13,907 : AssetManager : Registering Asset: dungeon6boss, File: dungeon6boss.mp4, Default Group: default, Final Config: {'load': 'preload', 'file': 'C:\\Users\\Wilder\\zelda\\videos\\dungeon6boss.mp4', 'width': 1280, 'height': 720}
2019-05-12 22:48:13,907 : AssetManager : Registering Asset: dungeon7boss, File: dungeon7boss.mp4, Default Group: default, Final Config: {'load': 'preload', 'file': 'C:\\Users\\Wilder\\zelda\\videos\\dungeon7boss.mp4', 'width': 1280, 'height': 720}
2019-05-12 22:48:13,908 : AssetManager : Registering Asset: extraball, File: extraball.mp4, Default Group: default, Final Config: {'load': 'preload', 'file': 'C:\\Users\\Wilder\\zelda\\videos\\extraball.mp4'}
2019-05-12 22:48:13,908 : AssetManager : Registering Asset: finalblowvideo, File: finalblowvideo.mp4, Default Group: default, Final Config: {'load': 'preload', 'file': 'C:\\Users\\Wilder\\zelda\\videos\\finalblowvideo.mp4'}
2019-05-12 22:48:13,908 : AssetManager : Registering Asset: flippervideo, File: flippervideo.mp4, Default Group: default, Final Config: {'load': 'preload', 'file': 'C:\\Users\\Wilder\\zelda\\videos\\flippervideo.mp4', 'width': 1280, 'height': 720}
2019-05-12 22:48:13,908 : AssetManager : Registering Asset: ganonintro, File: ganonintro.mp4, Default Group: default, Final Config: {'load': 'preload', 'file': 'C:\\Users\\Wilder\\zelda\\videos\\ganonintro.mp4'}
2019-05-12 22:48:13,908 : AssetManager : Registering Asset: ganonlane1, File: ganonlane1.mp4, Default Group: default, Final Config: {'load': 'preload', 'file': 'C:\\Users\\Wilder\\zelda\\videos\\ganonlane1.mp4'}
2019-05-12 22:48:13,908 : AssetManager : Registering Asset: ganonlane2, File: ganonlane2.mp4, Default Group: default, Final Config: {'load': 'preload', 'file': 'C:\\Users\\Wilder\\zelda\\videos\\ganonlane2.mp4'}
2019-05-12 22:48:13,908 : AssetManager : Registering Asset: ganonlane3, File: ganonlane3.mp4, Default Group: default, Final Config: {'load': 'preload', 'file': 'C:\\Users\\Wilder\\zelda\\videos\\ganonlane3.mp4'}
2019-05-12 22:48:13,909 : AssetManager : Registering Asset: ganonlane4, File: ganonlane4.mp4, Default Group: default, Final Config: {'load': 'preload', 'file': 'C:\\Users\\Wilder\\zelda\\videos\\ganonlane4.mp4'}
2019-05-12 22:48:13,909 : AssetManager : Registering Asset: ganontwirl, File: ganontwirl.mp4, Default Group: default, Final Config: {'load': 'preload', 'file': 'C:\\Users\\Wilder\\zelda\\videos\\ganontwirl.mp4'}
2019-05-12 22:48:13,909 : AssetManager : Registering Asset: hammervideo, File: hammervideo.mp4, Default Group: default, Final Config: {'load': 'preload', 'file': 'C:\\Users\\Wilder\\zelda\\videos\\hammervideo.mp4', 'width': 1280, 'height': 720}
2019-05-12 22:48:13,909 : AssetManager : Registering Asset: hookshotvideo, File: hookshotvideo.mp4, Default Group: default, Final Config: {'load': 'preload', 'file': 'C:\\Users\\Wilder\\zelda\\videos\\hookshotvideo.mp4', 'width': 1280, 'height': 720}
2019-05-12 22:48:13,909 : AssetManager : Registering Asset: linkdyingvideo, File: linkdyingvideo.mp4, Default Group: default, Final Config: {'load': 'preload', 'file': 'C:\\Users\\Wilder\\zelda\\videos\\linkdyingvideo.mp4'}
2019-05-12 22:48:13,909 : AssetManager : Registering Asset: maiden1, File: maiden1.mp4, Default Group: default, Final Config: {'load': 'preload', 'file': 'C:\\Users\\Wilder\\zelda\\videos\\maiden1.mp4', 'width': 1280, 'height': 720}
2019-05-12 22:48:13,909 : AssetManager : Registering Asset: maiden2, File: maiden2.mp4, Default Group: default, Final Config: {'load': 'preload', 'file': 'C:\\Users\\Wilder\\zelda\\videos\\maiden2.mp4', 'width': 1280, 'height': 720}
2019-05-12 22:48:13,910 : AssetManager : Registering Asset: maiden3, File: maiden3.mp4, Default Group: default, Final Config: {'load': 'preload', 'file': 'C:\\Users\\Wilder\\zelda\\videos\\maiden3.mp4', 'width': 1280, 'height': 720}
2019-05-12 22:48:13,910 : AssetManager : Registering Asset: maiden4, File: maiden4.mp4, Default Group: default, Final Config: {'load': 'preload', 'file': 'C:\\Users\\Wilder\\zelda\\videos\\maiden4.mp4', 'width': 1280, 'height': 720}
2019-05-12 22:48:13,910 : AssetManager : Registering Asset: maiden5, File: maiden5.mp4, Default Group: default, Final Config: {'load': 'preload', 'file': 'C:\\Users\\Wilder\\zelda\\videos\\maiden5.mp4', 'width': 1280, 'height': 720}
2019-05-12 22:48:13,910 : AssetManager : Registering Asset: maiden6, File: maiden6.mp4, Default Group: default, Final Config: {'load': 'preload', 'file': 'C:\\Users\\Wilder\\zelda\\videos\\maiden6.mp4', 'width': 1280, 'height': 720}
2019-05-12 22:48:13,910 : AssetManager : Registering Asset: maiden7, File: maiden7.mp4, Default Group: default, Final Config: {'load': 'preload', 'file': 'C:\\Users\\Wilder\\zelda\\videos\\maiden7.mp4', 'width': 1280, 'height': 720}
2019-05-12 22:48:13,910 : AssetManager : Registering Asset: masterswordpulled, File: masterswordpulled.mp4, Default Group: default, Final Config: {'load': 'preload', 'file': 'C:\\Users\\Wilder\\zelda\\videos\\masterswordpulled.mp4'}
2019-05-12 22:48:13,910 : AssetManager : Registering Asset: mirrorvideo, File: mirrorvideo.mp4, Default Group: default, Final Config: {'load': 'preload', 'file': 'C:\\Users\\Wilder\\zelda\\videos\\mirrorvideo.mp4', 'width': 1280, 'height': 720}
2019-05-12 22:48:13,910 : AssetManager : Registering Asset: mode1chaseprogression, File: mode1chaseprogression.mp4, Default Group: default, Final Config: {'load': 'preload', 'file': 'C:\\Users\\Wilder\\zelda\\videos\\mode1chaseprogression.mp4'}
2019-05-12 22:48:13,911 : AssetManager : Registering Asset: mode1finish, File: mode1finish.mp4, Default Group: default, Final Config: {'load': 'preload', 'file': 'C:\\Users\\Wilder\\zelda\\videos\\mode1finish.mp4', 'width': 1280, 'height': 720}
2019-05-12 22:48:13,911 : AssetManager : Registering Asset: mode1progression, File: mode1progression.mp4, Default Group: default, Final Config: {'load': 'preload', 'file': 'C:\\Users\\Wilder\\zelda\\videos\\mode1progression.mp4'}
2019-05-12 22:48:13,911 : AssetManager : Registering Asset: mode1progression2, File: mode1progression2.mp4, Default Group: default, Final Config: {'load': 'preload', 'file': 'C:\\Users\\Wilder\\zelda\\videos\\mode1progression2.mp4'}
2019-05-12 22:48:13,911 : AssetManager : Registering Asset: mode1startvideo, File: mode1startvideo.mp4, Default Group: default, Final Config: {'load': 'preload', 'file': 'C:\\Users\\Wilder\\zelda\\videos\\mode1startvideo.mp4'}
2019-05-12 22:48:13,911 : AssetManager : Registering Asset: mode3progress1, File: mode3progress1.mp4, Default Group: default, Final Config: {'load': 'preload', 'file': 'C:\\Users\\Wilder\\zelda\\videos\\mode3progress1.mp4'}
2019-05-12 22:48:13,911 : AssetManager : Registering Asset: mode3progress3, File: mode3progress3.mp4, Default Group: default, Final Config: {'load': 'preload', 'file': 'C:\\Users\\Wilder\\zelda\\videos\\mode3progress3.mp4'}
2019-05-12 22:48:13,911 : AssetManager : Registering Asset: mode3startmovie, File: mode3startmovie.mp4, Default Group: default, Final Config: {'load': 'preload', 'file': 'C:\\Users\\Wilder\\zelda\\videos\\mode3startmovie.mp4'}
2019-05-12 22:48:13,912 : AssetManager : Registering Asset: moonpearlfound, File: moonpearlfound.mp4, Default Group: default, Final Config: {'load': 'preload', 'file': 'C:\\Users\\Wilder\\zelda\\videos\\moonpearlfound.mp4'}
2019-05-12 22:48:13,912 : AssetManager : Registering Asset: mp4, File: mp4, Default Group: default, Final Config: {'load': 'preload', 'file': 'C:\\Users\\Wilder\\zelda\\videos\\mp4'}
2019-05-12 22:48:13,912 : AssetManager : Registering Asset: pendant1found, File: pendant1found.mp4, Default Group: default, Final Config: {'load': 'preload', 'file': 'C:\\Users\\Wilder\\zelda\\videos\\pendant1found.mp4'}
2019-05-12 22:48:13,912 : AssetManager : Registering Asset: pendant2found, File: pendant2found.mp4, Default Group: default, Final Config: {'load': 'preload', 'file': 'C:\\Users\\Wilder\\zelda\\videos\\pendant2found.mp4'}
2019-05-12 22:48:13,912 : AssetManager : Registering Asset: pendant3found, File: pendant3found.mp4, Default Group: default, Final Config: {'load': 'preload', 'file': 'C:\\Users\\Wilder\\zelda\\videos\\pendant3found.mp4'}
2019-05-12 22:48:13,912 : AssetManager : Registering Asset: redshieldvideo, File: redshieldvideo.mp4, Default Group: default, Final Config: {'load': 'preload', 'file': 'C:\\Users\\Wilder\\zelda\\videos\\redshieldvideo.mp4', 'width': 1280, 'height': 720}
2019-05-12 22:48:13,912 : AssetManager : Registering Asset: zeldafound, File: zeldafound.mp4, Default Group: default, Final Config: {'load': 'preload', 'file': 'C:\\Users\\Wilder\\zelda\\videos\\zeldafound.mp4'}
2019-05-12 22:48:13,939 : AssetManager : Registering Asset: battle, File: battle.ogg, Default Group: music, Final Config: {'load': 'preload', 'track': 'music', 'file': 'C:\\Users\\Wilder\\zelda\\sounds\\music\\battle.ogg'}
2019-05-12 22:48:13,939 : AssetManager : Registering Asset: darkworld, File: darkworld.ogg, Default Group: music, Final Config: {'load': 'preload', 'track': 'music', 'file': 'C:\\Users\\Wilder\\zelda\\sounds\\music\\darkworld.ogg'}
2019-05-12 22:48:13,939 : AssetManager : Registering Asset: darkworld2, File: darkworld2.ogg, Default Group: music, Final Config: {'load': 'preload', 'track': 'music', 'file': 'C:\\Users\\Wilder\\zelda\\sounds\\music\\darkworld2.ogg'}
2019-05-12 22:48:13,940 : AssetManager : Registering Asset: darkworld_rescue, File: darkworld_rescue.ogg, Default Group: music, Final Config: {'load': 'preload', 'track': 'music', 'file': 'C:\\Users\\Wilder\\zelda\\sounds\\music\\darkworld_rescue.ogg'}
2019-05-12 22:48:13,940 : AssetManager : Registering Asset: forest, File: forest.ogg, Default Group: music, Final Config: {'load': 'preload', 'track': 'music', 'file': 'C:\\Users\\Wilder\\zelda\\sounds\\music\\forest.ogg'}
2019-05-12 22:48:13,940 : AssetManager : Registering Asset: ganonbattle, File: ganonbattle.ogg, Default Group: music, Final Config: {'load': 'preload', 'track': 'music', 'file': 'C:\\Users\\Wilder\\zelda\\sounds\\music\\ganonbattle.ogg'}
2019-05-12 22:48:13,940 : AssetManager : Registering Asset: highscore, File: highscore.ogg, Default Group: music, Final Config: {'load': 'preload', 'track': 'music', 'file': 'C:\\Users\\Wilder\\zelda\\sounds\\music\\highscore.ogg'}
2019-05-12 22:48:13,940 : AssetManager : Registering Asset: hyrulecastle, File: hyrulecastle.ogg, Default Group: music, Final Config: {'load': 'preload', 'track': 'music', 'file': 'C:\\Users\\Wilder\\zelda\\sounds\\music\\hyrulecastle.ogg'}
2019-05-12 22:48:13,940 : AssetManager : Registering Asset: light_world_theme, File: light_world_theme.ogg, Default Group: music, Final Config: {'load': 'preload', 'track': 'music', 'file': 'C:\\Users\\Wilder\\zelda\\sounds\\music\\light_world_theme.ogg'}
2019-05-12 22:48:13,940 : AssetManager : Registering Asset: princess_zeldas_rescue, File: princess_zeldas_rescue.ogg, Default Group: music, Final Config: {'load': 'preload', 'track': 'music', 'file': 'C:\\Users\\Wilder\\zelda\\sounds\\music\\princess_zeldas_rescue.ogg'}
2019-05-12 22:48:13,940 : AssetManager : Registering Asset: rainin, File: rainin.ogg, Default Group: music, Final Config: {'load': 'preload', 'track': 'music', 'file': 'C:\\Users\\Wilder\\zelda\\sounds\\music\\rainin.ogg'}
2019-05-12 22:48:13,941 : AssetManager : Registering Asset: rainout, File: rainout.ogg, Default Group: music, Final Config: {'load': 'preload', 'track': 'music', 'file': 'C:\\Users\\Wilder\\zelda\\sounds\\music\\rainout.ogg'}
2019-05-12 22:48:13,941 : AssetManager : Registering Asset: timeoffalling, File: timeoffalling.ogg, Default Group: music, Final Config: {'load': 'preload', 'track': 'music', 'file': 'C:\\Users\\Wilder\\zelda\\sounds\\music\\timeoffalling.ogg'}
2019-05-12 22:48:13,941 : AssetManager : Registering Asset: town_music, File: town_music.ogg, Default Group: music, Final Config: {'load': 'preload', 'track': 'music', 'file': 'C:\\Users\\Wilder\\zelda\\sounds\\music\\town_music.ogg'}
2019-05-12 22:48:13,941 : AssetManager : Registering Asset: agahnim_charge, File: agahnim_charge.ogg, Default Group: sfx, Final Config: {'load': 'preload', 'track': 'sfx', 'file': 'C:\\Users\\Wilder\\zelda\\sounds\\sfx\\agahnim_charge.ogg'}
2019-05-12 22:48:13,941 : AssetManager : Registering Asset: agahnim_dash, File: agahnim_dash.ogg, Default Group: sfx, Final Config: {'load': 'preload', 'track': 'sfx', 'file': 'C:\\Users\\Wilder\\zelda\\sounds\\sfx\\agahnim_dash.ogg'}
2019-05-12 22:48:13,942 : AssetManager : Registering Asset: bomb_spots_item, File: bomb_spots_item.ogg, Default Group: sfx, Final Config: {'load': 'preload', 'track': 'sfx', 'file': 'C:\\Users\\Wilder\\zelda\\sounds\\sfx\\bomb_spots_item.ogg'}
2019-05-12 22:48:13,942 : AssetManager : Registering Asset: cannonball, File: cannonball.ogg, Default Group: sfx, Final Config: {'load': 'preload', 'track': 'sfx', 'file': 'C:\\Users\\Wilder\\zelda\\sounds\\sfx\\cannonball.ogg'}
2019-05-12 22:48:13,942 : AssetManager : Registering Asset: charge, File: charge.ogg, Default Group: sfx, Final Config: {'load': 'preload', 'track': 'sfx', 'file': 'C:\\Users\\Wilder\\zelda\\sounds\\sfx\\charge.ogg'}
2019-05-12 22:48:13,942 : AssetManager : Registering Asset: chargeshot, File: chargeshot.ogg, Default Group: sfx, Final Config: {'load': 'preload', 'track': 'sfx', 'file': 'C:\\Users\\Wilder\\zelda\\sounds\\sfx\\chargeshot.ogg'}
2019-05-12 22:48:13,942 : AssetManager : Registering Asset: dash, File: dash.ogg, Default Group: sfx, Final Config: {'load': 'preload', 'track': 'sfx', 'file': 'C:\\Users\\Wilder\\zelda\\sounds\\sfx\\dash.ogg'}
2019-05-12 22:48:13,942 : AssetManager : Registering Asset: doubledoor, File: doubledoor.ogg, Default Group: sfx, Final Config: {'load': 'preload', 'track': 'sfx', 'file': 'C:\\Users\\Wilder\\zelda\\sounds\\sfx\\doubledoor.ogg'}
2019-05-12 22:48:13,942 : AssetManager : Registering Asset: enemykill, File: enemykill.ogg, Default Group: sfx, Final Config: {'load': 'preload', 'track': 'sfx', 'file': 'C:\\Users\\Wilder\\zelda\\sounds\\sfx\\enemykill.ogg'}
2019-05-12 22:48:13,942 : AssetManager : Registering Asset: error, File: error.ogg, Default Group: sfx, Final Config: {'load': 'preload', 'track': 'sfx', 'file': 'C:\\Users\\Wilder\\zelda\\sounds\\sfx\\error.ogg'}
2019-05-12 22:48:13,943 : AssetManager : Registering Asset: extraballsfx, File: extraballsfx.ogg, Default Group: sfx, Final Config: {'load': 'preload', 'track': 'sfx', 'file': 'C:\\Users\\Wilder\\zelda\\sounds\\sfx\\extraballsfx.ogg'}
2019-05-12 22:48:13,943 : AssetManager : Registering Asset: fireball, File: fireball.ogg, Default Group: sfx, Final Config: {'load': 'preload', 'track': 'sfx', 'file': 'C:\\Users\\Wilder\\zelda\\sounds\\sfx\\fireball.ogg'}
2019-05-12 22:48:13,943 : AssetManager : Registering Asset: heart, File: heart.ogg, Default Group: sfx, Final Config: {'load': 'preload', 'track': 'sfx', 'file': 'C:\\Users\\Wilder\\zelda\\sounds\\sfx\\heart.ogg'}
2019-05-12 22:48:13,943 : AssetManager : Registering Asset: heart_piece_sfx, File: heart_piece_sfx.ogg, Default Group: sfx, Final Config: {'load': 'preload', 'track': 'sfx', 'file': 'C:\\Users\\Wilder\\zelda\\sounds\\sfx\\heart_piece_sfx.ogg'}
2019-05-12 22:48:13,943 : AssetManager : Registering Asset: inlanefx, File: inlanefx.ogg, Default Group: sfx, Final Config: {'load': 'preload', 'track': 'sfx', 'file': 'C:\\Users\\Wilder\\zelda\\sounds\\sfx\\inlanefx.ogg'}
2019-05-12 22:48:13,943 : AssetManager : Registering Asset: jets, File: jets.ogg, Default Group: sfx, Final Config: {'load': 'preload', 'track': 'sfx', 'file': 'C:\\Users\\Wilder\\zelda\\sounds\\sfx\\jets.ogg'}
2019-05-12 22:48:13,943 : AssetManager : Registering Asset: key, File: key.ogg, Default Group: sfx, Final Config: {'load': 'preload', 'track': 'sfx', 'file': 'C:\\Users\\Wilder\\zelda\\sounds\\sfx\\key.ogg'}
2019-05-12 22:48:13,944 : AssetManager : Registering Asset: light_world_finished, File: light_world_finished.ogg, Default Group: sfx, Final Config: {'load': 'preload', 'track': 'sfx', 'file': 'C:\\Users\\Wilder\\zelda\\sounds\\sfx\\light_world_finished.ogg'}
2019-05-12 22:48:13,944 : AssetManager : Registering Asset: linkfall, File: linkfall.ogg, Default Group: sfx, Final Config: {'load': 'preload', 'track': 'sfx', 'file': 'C:\\Users\\Wilder\\zelda\\sounds\\sfx\\linkfall.ogg'}
2019-05-12 22:48:13,944 : AssetManager : Registering Asset: linkhurt1, File: linkhurt1.ogg, Default Group: sfx, Final Config: {'load': 'preload', 'track': 'sfx', 'volume': 0.7, 'file': 'C:\\Users\\Wilder\\zelda\\sounds\\sfx\\linkhurt1.ogg'}
2019-05-12 22:48:13,944 : AssetManager : Registering Asset: linkhurt2, File: linkhurt2.ogg, Default Group: sfx, Final Config: {'load': 'preload', 'track': 'sfx', 'volume': 0.7, 'file': 'C:\\Users\\Wilder\\zelda\\sounds\\sfx\\linkhurt2.ogg'}
2019-05-12 22:48:13,944 : AssetManager : Registering Asset: linkhurt3, File: linkhurt3.ogg, Default Group: sfx, Final Config: {'load': 'preload', 'track': 'sfx', 'volume': 0.7, 'file': 'C:\\Users\\Wilder\\zelda\\sounds\\sfx\\linkhurt3.ogg'}
2019-05-12 22:48:13,944 : AssetManager : Registering Asset: link_dying, File: link_dying.ogg, Default Group: sfx, Final Config: {'load': 'preload', 'track': 'sfx', 'file': 'C:\\Users\\Wilder\\zelda\\sounds\\sfx\\link_dying.ogg'}
2019-05-12 22:48:13,944 : AssetManager : Registering Asset: lost_woods_correct, File: lost_woods_correct.ogg, Default Group: sfx, Final Config: {'load': 'preload', 'track': 'sfx', 'file': 'C:\\Users\\Wilder\\zelda\\sounds\\sfx\\lost_woods_correct.ogg'}
2019-05-12 22:48:13,945 : AssetManager : Registering Asset: low_health, File: low_health.ogg, Default Group: sfx, Final Config: {'load': 'preload', 'track': 'sfx', 'file': 'C:\\Users\\Wilder\\zelda\\sounds\\sfx\\low_health.ogg'}
2019-05-12 22:48:13,945 : AssetManager : Registering Asset: magic, File: magic.ogg, Default Group: sfx, Final Config: {'load': 'preload', 'track': 'sfx', 'file': 'C:\\Users\\Wilder\\zelda\\sounds\\sfx\\magic.ogg'}
2019-05-12 22:48:13,945 : AssetManager : Registering Asset: master_sword_fanfare, File: master_sword_fanfare.ogg, Default Group: sfx, Final Config: {'load': 'preload', 'track': 'sfx', 'file': 'C:\\Users\\Wilder\\zelda\\sounds\\sfx\\master_sword_fanfare.ogg'}
2019-05-12 22:48:13,945 : AssetManager : Registering Asset: menu_cursor, File: menu_cursor.ogg, Default Group: sfx, Final Config: {'load': 'preload', 'track': 'sfx', 'file': 'C:\\Users\\Wilder\\zelda\\sounds\\sfx\\menu_cursor.ogg'}
2019-05-12 22:48:13,945 : AssetManager : Registering Asset: menu_select, File: menu_select.ogg, Default Group: sfx, Final Config: {'load': 'preload', 'track': 'sfx', 'file': 'C:\\Users\\Wilder\\zelda\\sounds\\sfx\\menu_select.ogg'}
2019-05-12 22:48:13,945 : AssetManager : Registering Asset: rat, File: rat.ogg, Default Group: sfx, Final Config: {'load': 'preload', 'track': 'sfx', 'file': 'C:\\Users\\Wilder\\zelda\\sounds\\sfx\\rat.ogg'}
2019-05-12 22:48:13,945 : AssetManager : Registering Asset: rupeesfx, File: rupeesfx.ogg, Default Group: sfx, Final Config: {'load': 'preload', 'track': 'sfx', 'file': 'C:\\Users\\Wilder\\zelda\\sounds\\sfx\\rupeesfx.ogg'}
2019-05-12 22:48:13,946 : AssetManager : Registering Asset: shatter, File: shatter.ogg, Default Group: sfx, Final Config: {'load': 'preload', 'track': 'sfx', 'file': 'C:\\Users\\Wilder\\zelda\\sounds\\sfx\\shatter.ogg'}
2019-05-12 22:48:13,946 : AssetManager : Registering Asset: slide_txt_sfx, File: slide_txt_sfx.ogg, Default Group: sfx, Final Config: {'load': 'preload', 'track': 'sfx', 'file': 'C:\\Users\\Wilder\\zelda\\sounds\\sfx\\slide_txt_sfx.ogg'}
2019-05-12 22:48:13,946 : AssetManager : Registering Asset: slingshot, File: slingshot.ogg, Default Group: sfx, Final Config: {'load': 'preload', 'track': 'sfx', 'file': 'C:\\Users\\Wilder\\zelda\\sounds\\sfx\\slingshot.ogg'}
2019-05-12 22:48:13,946 : AssetManager : Registering Asset: sword1, File: sword1.ogg, Default Group: sfx, Final Config: {'load': 'preload', 'track': 'sfx', 'file': 'C:\\Users\\Wilder\\zelda\\sounds\\sfx\\sword1.ogg'}
2019-05-12 22:48:13,946 : AssetManager : Registering Asset: sword2, File: sword2.ogg, Default Group: sfx, Final Config: {'load': 'preload', 'track': 'sfx', 'file': 'C:\\Users\\Wilder\\zelda\\sounds\\sfx\\sword2.ogg'}
2019-05-12 22:48:13,946 : AssetManager : Registering Asset: swordsilence, File: swordsilence.ogg, Default Group: sfx, Final Config: {'load': 'preload', 'track': 'sfx', 'file': 'C:\\Users\\Wilder\\zelda\\sounds\\sfx\\swordsilence.ogg'}
2019-05-12 22:48:13,946 : AssetManager : Registering Asset: treasure_sfx, File: treasure_sfx.ogg, Default Group: sfx, Final Config: {'load': 'preload', 'track': 'sfx', 'file': 'C:\\Users\\Wilder\\zelda\\sounds\\sfx\\treasure_sfx.ogg'}
2019-05-12 22:48:13,946 : AssetManager : Registering Asset: treasure_sfx2, File: treasure_sfx2.ogg, Default Group: sfx, Final Config: {'load': 'preload', 'track': 'sfx', 'file': 'C:\\Users\\Wilder\\zelda\\sounds\\sfx\\treasure_sfx2.ogg'}
2019-05-12 22:48:13,947 : AssetManager : Registering Asset: waterwalk, File: waterwalk.ogg, Default Group: sfx, Final Config: {'load': 'preload', 'track': 'sfx', 'file': 'C:\\Users\\Wilder\\zelda\\sounds\\sfx\\waterwalk.ogg'}
2019-05-12 22:48:13,947 : AssetManager : Registering Asset: worldwarp, File: worldwarp.ogg, Default Group: sfx, Final Config: {'load': 'preload', 'track': 'sfx', 'file': 'C:\\Users\\Wilder\\zelda\\sounds\\sfx\\worldwarp.ogg'}
2019-05-12 22:48:13,975 : EventManager : Event: ======'init_phase_4'====== Args={}
2019-05-12 22:48:13,975 : EventManager : Event: ======'init_phase_5'====== Args={}
2019-05-12 22:48:13,975 : mpfmc : Clearing boot hold init. Holds remaining: {'assets'}
2019-05-12 22:48:13,991 : kivy : ImageSDL2: Load <C:\Users\Wilder\zelda\images\byrna_circle.png>
2019-05-12 22:48:13,995 : kivy : ImageSDL2: Load <C:\Users\Wilder\zelda\images\byrnax.png>
2019-05-12 22:48:13,998 : kivy : ImageSDL2: Load <C:\Users\Wilder\zelda\images\bow_circle.png>
2019-05-12 22:48:14,002 : kivy : VideoGstplayer: Load <C:\Users\Wilder\zelda\videos\dungeon7boss.mp4>
2019-05-12 22:48:14,003 : kivy : ImageSDL2: Load <C:\Users\Wilder\zelda\images\transparentredpendant.png>
2019-05-12 22:48:14,016 : EventManager : Event: ======'loading_assets'====== Args={'total': 197, 'loaded': 1, 'remaining': 196, 'percent': 1}
2019-05-12 22:48:14,017 : AssetManager : Loading assets: 1/197 (1%)
2019-05-12 22:48:14,017 : kivy : VideoGstplayer: Load <C:\Users\Wilder\zelda\videos\dungeon6boss.mp4>
2019-05-12 22:48:14,017 : kivy : ImageSDL2: Load <C:\Users\Wilder\zelda\images\bowx.png>
2019-05-12 22:48:14,019 : kivy : VideoGstplayer: Load <C:\Users\Wilder\zelda\videos\dungeon5boss.mp4>
2019-05-12 22:48:14,019 : kivy : VideoGstplayer: Load <C:\Users\Wilder\zelda\videos\dungeon4boss.mp4>
2019-05-12 22:48:14,020 : kivy : ImageSDL2: Load <C:\Users\Wilder\zelda\images\transparentgreenpendant.png>
2019-05-12 22:48:14,021 : kivy : VideoGstplayer: Load <C:\Users\Wilder\zelda\videos\dungeon3boss.mp4>
2019-05-12 22:48:14,021 : kivy : VideoGstplayer: Load <C:\Users\Wilder\zelda\videos\dungeon2boss.mp4>
2019-05-12 22:48:14,021 : kivy : ImageSDL2: Load <C:\Users\Wilder\zelda\images\transparentcrystal7.png>
2019-05-12 22:48:14,022 : kivy : VideoGstplayer: Load <C:\Users\Wilder\zelda\videos\dungeon1boss.mp4>
2019-05-12 22:48:14,023 : kivy : VideoGstplayer: Load <C:\Users\Wilder\zelda\videos\darkworldstart.mp4>
2019-05-12 22:48:14,023 : kivy : VideoGstplayer: Load <C:\Users\Wilder\zelda\videos\agahnimdefeatedvideo.mp4>
2019-05-12 22:48:14,024 : kivy : ImageSDL2: Load <C:\Users\Wilder\zelda\images\transparentcrystal6.png>
2019-05-12 22:48:14,024 : kivy : VideoGstplayer: Load <C:\Users\Wilder\zelda\videos\agahnimhitvideo.mp4>
2019-05-12 22:48:14,025 : kivy : ImageSDL2: Load <C:\Users\Wilder\zelda\images\transparentcrystal5.png>
2019-05-12 22:48:14,026 : kivy : ImageSDL2: Load <C:\Users\Wilder\zelda\images\transparentcrystal4.png>
2019-05-12 22:48:14,026 : kivy : VideoGstplayer: Load <C:\Users\Wilder\zelda\videos\agahnimstrikevideo.mp4>
2019-05-12 22:48:14,027 : kivy : ImageSDL2: Load <C:\Users\Wilder\zelda\images\transparentcrystal3.png>
2019-05-12 22:48:14,028 : kivy : VideoGstplayer: Load <confrontagahnim>
2019-05-12 22:48:14,028 : kivy : VideoGstplayer: Load <masterswordpulled>
2019-05-12 22:48:14,029 : kivy : ImageSDL2: Load <C:\Users\Wilder\zelda\images\transparentcrystal2.png>
2019-05-12 22:48:14,029 : kivy : VideoGstplayer: Load <mode3progress3>
2019-05-12 22:48:14,030 : kivy : VideoGstplayer: Load <mode3progress1>
2019-05-12 22:48:14,030 : kivy : VideoGstplayer: Load <mode3startmovie>
2019-05-12 22:48:14,031 : kivy : ImageSDL2: Load <C:\Users\Wilder\zelda\images\transparentcrystal1.png>
2019-05-12 22:48:14,031 : kivy : VideoGstplayer: Load <pendant3found>
2019-05-12 22:48:14,032 : kivy : VideoGstplayer: Load <C:\Users\Wilder\zelda\videos\boss3progress2.mp4>
2019-05-12 22:48:14,032 : kivy : VideoGstplayer: Load <C:\Users\Wilder\zelda\videos\boss3progress1.mp4>
2019-05-12 22:48:14,033 : kivy : ImageSDL2: Load <C:\Users\Wilder\zelda\images\transparentbluependant.png>
2019-05-12 22:48:14,034 : kivy : VideoGstplayer: Load <pendant2found>
2019-05-12 22:48:14,034 : kivy : VideoGstplayer: Load <C:\Users\Wilder\zelda\videos\boss2progress2.mp4>
2019-05-12 22:48:14,035 : kivy : VideoGstplayer: Load <C:\Users\Wilder\zelda\videos\boss2progress1.mp4>
2019-05-12 22:48:14,035 : kivy : ImageSDL2: Load <C:\Users\Wilder\zelda\images\titanmitt_circle.png>
2019-05-12 22:48:14,036 : kivy : VideoGstplayer: Load <pendant1found>
2019-05-12 22:48:14,037 : kivy : ImageSDL2: Load <C:\Users\Wilder\zelda\images\boomerang_circle.png>
2019-05-12 22:48:14,038 : kivy : VideoGstplayer: Load <C:\Users\Wilder\zelda\videos\boss1progress2.mp4>
2019-05-12 22:48:14,038 : kivy : VideoGstplayer: Load <C:\Users\Wilder\zelda\videos\boss1progress1.mp4>
2019-05-12 22:48:14,039 : kivy : ImageSDL2: Load <C:\Users\Wilder\zelda\images\titanmittx.png>
2019-05-12 22:48:14,040 : kivy : VideoGstplayer: Load <linkdyingvideo>
2019-05-12 22:48:14,040 : kivy : VideoGstplayer: Load <C:\Users\Wilder\zelda\videos\mode1finish.mp4>
2019-05-12 22:48:14,041 : kivy : VideoGstplayer: Load <bomblastvideo>
2019-05-12 22:48:14,041 : kivy : ImageSDL2: Load <C:\Users\Wilder\zelda\images\somaria_circle.png>
2019-05-12 22:48:14,043 : kivy : VideoGstplayer: Load <extraball>
2019-05-12 22:48:14,043 : kivy : VideoGstplayer: Load <attractvideo>
2019-05-12 22:48:14,044 : kivy : VideoGstplayer: Load <moonpearlfound>
2019-05-12 22:48:14,044 : kivy : ImageSDL2: Load <C:\Users\Wilder\zelda\images\somariax.png>
2019-05-12 22:48:14,045 : kivy : VideoGstplayer: Load <bowfound>
2019-05-12 22:48:14,045 : kivy : VideoGstplayer: Load <boomerangfound>
2019-05-12 22:48:14,046 : kivy : ImageSDL2: Load <C:\Users\Wilder\zelda\images\shop_slide.png>
2019-05-12 22:48:14,177 : kivy : VideoGstplayer: Load <mode1progression2>
2019-05-12 22:48:14,178 : kivy : VideoGstplayer: Load <mode1progression>
2019-05-12 22:48:14,179 : kivy : VideoGstplayer: Load <zeldafound>
2019-05-12 22:48:14,179 : kivy : VideoGstplayer: Load <mode1chaseprogression>
2019-05-12 22:48:14,180 : kivy : VideoGstplayer: Load <castlestairs>
2019-05-12 22:48:14,180 : kivy : VideoGstplayer: Load <mode1startvideo>
2019-05-12 22:48:14,181 : kivy : ImageSDL2: Load <C:\Users\Wilder\zelda\images\redshield_circle.png>
2019-05-12 22:48:14,182 : kivy : ImageSDL2: Load <C:\Users\Wilder\zelda\images\redshieldx.png>
2019-05-12 22:48:14,184 : kivy : ImageSDL2: Load <C:\Users\Wilder\zelda\images\redpendant.png>
2019-05-12 22:48:14,190 : kivy : ImageSDL2: Load <C:\Users\Wilder\zelda\images\redmail_circle.png>
2019-05-12 22:48:14,193 : kivy : ImageSDL2: Load <C:\Users\Wilder\zelda\images\redmailx.png>
2019-05-12 22:48:14,195 : kivy : ImageSDL2: Load <C:\Users\Wilder\zelda\images\mpf_logo.png>
2019-05-12 22:48:14,208 : EventManager : Event: ======'loading_assets'====== Args={'total': 197, 'loaded': 63, 'remaining': 134, 'percent': 32}
2019-05-12 22:48:14,208 : AssetManager : Loading assets: 63/197 (32%)
2019-05-12 22:48:14,212 : kivy : ImageSDL2: Load <C:\Users\Wilder\zelda\images\boomerangx.png>
2019-05-12 22:48:14,214 : kivy : ImageSDL2: Load <C:\Users\Wilder\zelda\images\moonpearl_circle.png>
2019-05-12 22:48:14,216 : kivy : ImageSDL2: Load <C:\Users\Wilder\zelda\images\moonpearlx.png>
2019-05-12 22:48:14,217 : kivy : ImageSDL2: Load <C:\Users\Wilder\zelda\images\mirror_circle.png>
2019-05-12 22:48:14,219 : kivy : ImageSDL2: Load <C:\Users\Wilder\zelda\images\mirrorx.png>
2019-05-12 22:48:14,224 : kivy : ImageSDL2: Load <C:\Users\Wilder\zelda\images\mirrorshield_circle.png>
2019-05-12 22:48:14,227 : kivy : ImageSDL2: Load <C:\Users\Wilder\zelda\images\mirrorshieldx.png>
2019-05-12 22:48:14,228 : kivy : ImageSDL2: Load <C:\Users\Wilder\zelda\images\lampx.png>
2019-05-12 22:48:14,229 : kivy : ImageSDL2: Load <C:\Users\Wilder\zelda\images\hookshot_circle.png>
2019-05-12 22:48:14,231 : kivy : ImageSDL2: Load <C:\Users\Wilder\zelda\images\hookshotx.png>
2019-05-12 22:48:14,232 : kivy : ImageSDL2: Load <C:\Users\Wilder\zelda\images\heartimage.png>
2019-05-12 22:48:14,239 : kivy : ImageSDL2: Load <C:\Users\Wilder\zelda\images\bluependant.png>
2019-05-12 22:48:14,240 : kivy : ImageSDL2: Load <C:\Users\Wilder\zelda\images\hammer_circle.png>
2019-05-12 22:48:14,242 : kivy : ImageSDL2: Load <C:\Users\Wilder\zelda\images\hammerx.png>
2019-05-12 22:48:14,243 : kivy : ImageSDL2: Load <C:\Users\Wilder\zelda\images\greenpendant.png>
2019-05-12 22:48:14,244 : kivy : ImageSDL2: Load <C:\Users\Wilder\zelda\images\flute_circle.png>
2019-05-12 22:48:14,245 : kivy : ImageSDL2: Load <C:\Users\Wilder\zelda\images\flutex.png>
2019-05-12 22:48:14,246 : kivy : ImageSDL2: Load <C:\Users\Wilder\zelda\images\flipper_circle.png>
2019-05-12 22:48:14,248 : kivy : ImageSDL2: Load <C:\Users\Wilder\zelda\images\flipperx.png>
2019-05-12 22:48:14,249 : kivy : ImageSDL2: Load <C:\Users\Wilder\zelda\images\fast_logo.jpg>
2019-05-12 22:48:14,302 : kivy : ImageSDL2: Load <C:\Users\Wilder\zelda\images\darkworld_instructional.png>
2019-05-12 22:48:14,318 : kivy : ImageSDL2: Load <C:\Users\Wilder\zelda\images\darkworldstoryslide.png>
2019-05-12 22:48:14,336 : kivy : ImageSDL2: Load <C:\Users\Wilder\zelda\images\bluemail_circle.png>
2019-05-12 22:48:14,337 : SoundAsset : Sound worldwarp loading to memory
2019-05-12 22:48:14,348 : SoundMemoryFile : Loaded file: C:\Users\Wilder\zelda\sounds\sfx\worldwarp.ogg Sample duration: 3.946394557823129
2019-05-12 22:48:14,348 : SoundAsset : Sound waterwalk loading to memory
2019-05-12 22:48:14,348 : SoundAsset : Loaded worldwarp (Track sfx)
2019-05-12 22:48:14,350 : SoundMemoryFile : Loaded file: C:\Users\Wilder\zelda\sounds\sfx\waterwalk.ogg Sample duration: 0.26439909297052155
2019-05-12 22:48:14,351 : SoundAsset : Sound treasure_sfx2 loading to memory
2019-05-12 22:48:14,354 : SoundMemoryFile : Loaded file: C:\Users\Wilder\zelda\sounds\sfx\treasure_sfx2.ogg Sample duration: 1.5269387755102042
2019-05-12 22:48:14,354 : SoundAsset : Sound treasure_sfx loading to memory
2019-05-12 22:48:14,357 : SoundMemoryFile : Loaded file: C:\Users\Wilder\zelda\sounds\sfx\treasure_sfx.ogg Sample duration: 1.5269387755102042
2019-05-12 22:48:14,357 : SoundAsset : Sound swordsilence loading to memory
2019-05-12 22:48:14,359 : SoundMemoryFile : Loaded file: C:\Users\Wilder\zelda\sounds\sfx\swordsilence.ogg Sample duration: 0.22412698412698412
2019-05-12 22:48:14,359 : SoundAsset : Sound sword2 loading to memory
2019-05-12 22:48:14,361 : SoundMemoryFile : Loaded file: C:\Users\Wilder\zelda\sounds\sfx\sword2.ogg Sample duration: 0.18292517006802722
2019-05-12 22:48:14,361 : SoundAsset : Sound sword1 loading to memory
2019-05-12 22:48:14,362 : SoundAsset : Loaded waterwalk (Track sfx)
2019-05-12 22:48:14,363 : SoundMemoryFile : Loaded file: C:\Users\Wilder\zelda\sounds\sfx\sword1.ogg Sample duration: 0.22412698412698412
2019-05-12 22:48:14,363 : SoundAsset : Sound slingshot loading to memory
2019-05-12 22:48:14,363 : SoundAsset : Loaded treasure_sfx2 (Track sfx)
2019-05-12 22:48:14,364 : SoundAsset : Loaded treasure_sfx (Track sfx)
2019-05-12 22:48:14,364 : SoundAsset : Loaded swordsilence (Track sfx)
2019-05-12 22:48:14,364 : SoundAsset : Loaded sword2 (Track sfx)
2019-05-12 22:48:14,364 : SoundAsset : Loaded sword1 (Track sfx)
2019-05-12 22:48:14,366 : SoundMemoryFile : Loaded file: C:\Users\Wilder\zelda\sounds\sfx\slingshot.ogg Sample duration: 0.2806349206349206
2019-05-12 22:48:14,367 : kivy : ImageSDL2: Load <C:\Users\Wilder\zelda\images\crystal7.png>
2019-05-12 22:48:14,367 : SoundAsset : Sound slide_txt_sfx loading to memory
2019-05-12 22:48:14,372 : SoundMemoryFile : Loaded file: C:\Users\Wilder\zelda\sounds\sfx\slide_txt_sfx.ogg Sample duration: 0.5746938775510204
2019-05-12 22:48:14,372 : SoundAsset : Sound shatter loading to memory
2019-05-12 22:48:14,375 : SoundMemoryFile : Loaded file: C:\Users\Wilder\zelda\sounds\sfx\shatter.ogg Sample duration: 0.5508843537414966
2019-05-12 22:48:14,375 : SoundAsset : Sound rupeesfx loading to memory
2019-05-12 22:48:14,376 : SoundAsset : Loaded slingshot (Track sfx)
2019-05-12 22:48:14,378 : SoundMemoryFile : Loaded file: C:\Users\Wilder\zelda\sounds\sfx\rupeesfx.ogg Sample duration: 0.3740136054421769
2019-05-12 22:48:14,378 : SoundAsset : Loaded slide_txt_sfx (Track sfx)
2019-05-12 22:48:14,378 : SoundAsset : Sound rat loading to memory
2019-05-12 22:48:14,378 : SoundAsset : Loaded shatter (Track sfx)
2019-05-12 22:48:14,380 : SoundMemoryFile : Loaded file: C:\Users\Wilder\zelda\sounds\sfx\rat.ogg Sample duration: 0.34877551020408165
2019-05-12 22:48:14,380 : SoundAsset : Loaded rupeesfx (Track sfx)
2019-05-12 22:48:14,380 : SoundAsset : Sound menu_select loading to memory
2019-05-12 22:48:14,381 : SoundAsset : Loaded rat (Track sfx)
2019-05-12 22:48:14,383 : SoundMemoryFile : Loaded file: C:\Users\Wilder\zelda\sounds\sfx\menu_select.ogg Sample duration: 0.5474829931972789
2019-05-12 22:48:14,386 : SoundAsset : Sound menu_cursor loading to memory
2019-05-12 22:48:14,387 : SoundMemoryFile : Loaded file: C:\Users\Wilder\zelda\sounds\sfx\menu_cursor.ogg Sample duration: 0.2163718820861678
2019-05-12 22:48:14,387 : SoundAsset : Sound master_sword_fanfare loading to memory
2019-05-12 22:48:14,438 : SoundAsset : Loaded menu_select (Track sfx)
2019-05-12 22:48:14,439 : SoundMemoryFile : Loaded file: C:\Users\Wilder\zelda\sounds\sfx\master_sword_fanfare.ogg Sample duration: 15.191269841269841
2019-05-12 22:48:14,439 : EventManager : Event: ======'loading_assets'====== Args={'total': 197, 'loaded': 102, 'remaining': 95, 'percent': 52}
2019-05-12 22:48:14,439 : SoundAsset : Sound magic loading to memory
2019-05-12 22:48:14,439 : AssetManager : Loading assets: 102/197 (52%)
2019-05-12 22:48:14,441 : SoundMemoryFile : Loaded file: C:\Users\Wilder\zelda\sounds\sfx\magic.ogg Sample duration: 0.37056689342403626
2019-05-12 22:48:14,441 : SoundAsset : Loaded menu_cursor (Track sfx)
2019-05-12 22:48:14,441 : SoundAsset : Sound low_health loading to memory
2019-05-12 22:48:14,442 : SoundAsset : Loaded master_sword_fanfare (Track sfx)
2019-05-12 22:48:14,442 : SoundAsset : Loaded magic (Track sfx)
2019-05-12 22:48:14,446 : SoundMemoryFile : Loaded file: C:\Users\Wilder\zelda\sounds\sfx\low_health.ogg Sample duration: 0.5415419501133787
2019-05-12 22:48:14,446 : SoundAsset : Sound lost_woods_correct loading to memory
2019-05-12 22:48:14,448 : SoundMemoryFile : Loaded file: C:\Users\Wilder\zelda\sounds\sfx\lost_woods_correct.ogg Sample duration: 0.9622222222222222
2019-05-12 22:48:14,449 : kivy : ImageSDL2: Load <C:\Users\Wilder\zelda\images\crystal6.png>
2019-05-12 22:48:14,449 : SoundAsset : Sound link_dying loading to memory
2019-05-12 22:48:14,452 : SoundMemoryFile : Loaded file: C:\Users\Wilder\zelda\sounds\sfx\link_dying.ogg Sample duration: 1.3303401360544218
2019-05-12 22:48:14,452 : SoundAsset : Sound linkfall loading to memory
2019-05-12 22:48:14,453 : SoundAsset : Loaded low_health (Track sfx)
2019-05-12 22:48:14,454 : SoundMemoryFile : Loaded file: C:\Users\Wilder\zelda\sounds\sfx\linkfall.ogg Sample duration: 0.3858503401360544
2019-05-12 22:48:14,455 : SoundAsset : Loaded lost_woods_correct (Track sfx)
2019-05-12 22:48:14,455 : SoundAsset : Sound light_world_finished loading to memory
2019-05-12 22:48:14,455 : SoundAsset : Loaded link_dying (Track sfx)
2019-05-12 22:48:14,512 : SoundAsset : Loaded linkfall (Track sfx)
2019-05-12 22:48:14,512 : SoundMemoryFile : Loaded file: C:\Users\Wilder\zelda\sounds\sfx\light_world_finished.ogg Sample duration: 16.718367346938777
2019-05-12 22:48:14,513 : SoundAsset : Sound key loading to memory
2019-05-12 22:48:14,513 : SoundAsset : Loaded light_world_finished (Track sfx)
2019-05-12 22:48:14,518 : SoundMemoryFile : Loaded file: C:\Users\Wilder\zelda\sounds\sfx\key.ogg Sample duration: 1.0602721088435374
2019-05-12 22:48:14,518 : SoundAsset : Sound jets loading to memory
2019-05-12 22:48:14,521 : SoundMemoryFile : Loaded file: C:\Users\Wilder\zelda\sounds\sfx\jets.ogg Sample duration: 0.5682086167800453
2019-05-12 22:48:14,521 : SoundAsset : Sound inlanefx loading to memory
2019-05-12 22:48:14,523 : SoundMemoryFile : Loaded file: C:\Users\Wilder\zelda\sounds\sfx\inlanefx.ogg Sample duration: 0.2220408163265306
2019-05-12 22:48:14,523 : SoundAsset : Sound heart_piece_sfx loading to memory
2019-05-12 22:48:14,526 : SoundMemoryFile : Loaded file: C:\Users\Wilder\zelda\sounds\sfx\heart_piece_sfx.ogg Sample duration: 1.065170068027211
2019-05-12 22:48:14,526 : SoundAsset : Sound heart loading to memory
2019-05-12 22:48:14,526 : SoundAsset : Loaded key (Track sfx)
2019-05-12 22:48:14,527 : SoundAsset : Loaded jets (Track sfx)
2019-05-12 22:48:14,527 : SoundAsset : Loaded inlanefx (Track sfx)
2019-05-12 22:48:14,527 : SoundAsset : Loaded heart_piece_sfx (Track sfx)
2019-05-12 22:48:14,529 : SoundMemoryFile : Loaded file: C:\Users\Wilder\zelda\sounds\sfx\heart.ogg Sample duration: 0.21551020408163266
2019-05-12 22:48:14,529 : SoundAsset : Sound fireball loading to memory
2019-05-12 22:48:14,532 : SoundMemoryFile : Loaded file: C:\Users\Wilder\zelda\sounds\sfx\fireball.ogg Sample duration: 0.7226530612244898
2019-05-12 22:48:14,532 : SoundAsset : Sound extraballsfx loading to memory
2019-05-12 22:48:14,535 : SoundMemoryFile : Loaded file: C:\Users\Wilder\zelda\sounds\sfx\extraballsfx.ogg Sample duration: 1.833015873015873
2019-05-12 22:48:14,536 : kivy : ImageSDL2: Load <C:\Users\Wilder\zelda\images\crystal5.png>
2019-05-12 22:48:14,536 : SoundAsset : Sound error loading to memory
2019-05-12 22:48:14,538 : SoundMemoryFile : Loaded file: C:\Users\Wilder\zelda\sounds\sfx\error.ogg Sample duration: 0.573968253968254
2019-05-12 22:48:14,538 : SoundAsset : Sound enemykill loading to memory
2019-05-12 22:48:14,540 : SoundMemoryFile : Loaded file: C:\Users\Wilder\zelda\sounds\sfx\enemykill.ogg Sample duration: 0.5157369614512471
2019-05-12 22:48:14,540 : SoundAsset : Sound doubledoor loading to memory
2019-05-12 22:48:14,541 : SoundAsset : Loaded heart (Track sfx)
2019-05-12 22:48:14,543 : SoundMemoryFile : Loaded file: C:\Users\Wilder\zelda\sounds\sfx\doubledoor.ogg Sample duration: 0.4728344671201814
2019-05-12 22:48:14,543 : SoundAsset : Loaded fireball (Track sfx)
2019-05-12 22:48:14,543 : SoundAsset : Loaded extraballsfx (Track sfx)
2019-05-12 22:48:14,543 : SoundAsset : Sound dash loading to memory
2019-05-12 22:48:14,544 : SoundAsset : Loaded error (Track sfx)
2019-05-12 22:48:14,544 : SoundAsset : Loaded enemykill (Track sfx)
2019-05-12 22:48:14,544 : SoundAsset : Loaded doubledoor (Track sfx)
2019-05-12 22:48:14,546 : SoundMemoryFile : Loaded file: C:\Users\Wilder\zelda\sounds\sfx\dash.ogg Sample duration: 0.13365079365079366
2019-05-12 22:48:14,546 : SoundAsset : Sound chargeshot loading to memory
2019-05-12 22:48:14,548 : SoundMemoryFile : Loaded file: C:\Users\Wilder\zelda\sounds\sfx\chargeshot.ogg Sample duration: 0.38562358276643993
2019-05-12 22:48:14,548 : SoundAsset : Sound charge loading to memory
2019-05-12 22:48:14,551 : SoundMemoryFile : Loaded file: C:\Users\Wilder\zelda\sounds\sfx\charge.ogg Sample duration: 0.33337868480725624
2019-05-12 22:48:14,551 : SoundAsset : Sound cannonball loading to memory
2019-05-12 22:48:14,553 : SoundMemoryFile : Loaded file: C:\Users\Wilder\zelda\sounds\sfx\cannonball.ogg Sample duration: 0.3093877551020408
2019-05-12 22:48:14,553 : SoundAsset : Loaded dash (Track sfx)
2019-05-12 22:48:14,553 : SoundAsset : Loaded chargeshot (Track sfx)
2019-05-12 22:48:14,553 : SoundAsset : Sound bomb_spots_item loading to memory
2019-05-12 22:48:14,554 : SoundAsset : Loaded charge (Track sfx)
2019-05-12 22:48:14,561 : SoundAsset : Loaded cannonball (Track sfx)
2019-05-12 22:48:14,562 : SoundMemoryFile : Loaded file: C:\Users\Wilder\zelda\sounds\sfx\bomb_spots_item.ogg Sample duration: 2.0114285714285716
2019-05-12 22:48:14,564 : SoundAsset : Sound agahnim_dash loading to memory
2019-05-12 22:48:14,569 : SoundMemoryFile : Loaded file: C:\Users\Wilder\zelda\sounds\sfx\agahnim_dash.ogg Sample duration: 1.815328798185941
2019-05-12 22:48:14,569 : SoundAsset : Sound agahnim_charge loading to memory
2019-05-12 22:48:14,573 : SoundMemoryFile : Loaded file: C:\Users\Wilder\zelda\sounds\sfx\agahnim_charge.ogg Sample duration: 1.6138095238095238
2019-05-12 22:48:14,574 : kivy : ImageSDL2: Load <C:\Users\Wilder\zelda\images\crystal4.png>
2019-05-12 22:48:14,574 : SoundAsset : Sound town_music loading to memory
2019-05-12 22:48:14,885 : SoundAsset : Loaded bomb_spots_item (Track sfx)
2019-05-12 22:48:14,885 : SoundMemoryFile : Loaded file: C:\Users\Wilder\zelda\sounds\music\town_music.ogg Sample duration: 89.83510204081632
2019-05-12 22:48:14,885 : EventManager : Event: ======'loading_assets'====== Args={'total': 197, 'loaded': 127, 'remaining': 70, 'percent': 64}
2019-05-12 22:48:14,885 : SoundAsset : Sound timeoffalling loading to memory
2019-05-12 22:48:14,885 : AssetManager : Loading assets: 127/197 (64%)
2019-05-12 22:48:14,885 : SoundAsset : Loaded agahnim_dash (Track sfx)
2019-05-12 22:48:15,775 : SoundAsset : Loaded agahnim_charge (Track sfx)
2019-05-12 22:48:15,776 : SoundMemoryFile : Loaded file: C:\Users\Wilder\zelda\sounds\music\timeoffalling.ogg Sample duration: 251.01732426303855
2019-05-12 22:48:15,776 : SoundAsset : Loaded town_music (Track music)
2019-05-12 22:48:15,776 : SoundAsset : Sound rainout loading to memory
2019-05-12 22:48:15,776 : SoundAsset : Loaded timeoffalling (Track music)
2019-05-12 22:48:15,790 : SoundMemoryFile : Loaded file: C:\Users\Wilder\zelda\sounds\music\rainout.ogg Sample duration: 5.322176870748299
2019-05-12 22:48:15,790 : SoundAsset : Sound rainin loading to memory
2019-05-12 22:48:15,802 : SoundMemoryFile : Loaded file: C:\Users\Wilder\zelda\sounds\music\rainin.ogg Sample duration: 5.322993197278912
2019-05-12 22:48:15,803 : SoundAsset : Sound princess_zeldas_rescue loading to memory
2019-05-12 22:48:16,113 : SoundMemoryFile : Loaded file: C:\Users\Wilder\zelda\sounds\music\princess_zeldas_rescue.ogg Sample duration: 93.32351473922903
2019-05-12 22:48:16,113 : SoundAsset : Sound light_world_theme loading to memory
2019-05-12 22:48:16,795 : SoundMemoryFile : Loaded file: C:\Users\Wilder\zelda\sounds\music\light_world_theme.ogg Sample duration: 183.00666666666666
2019-05-12 22:48:16,795 : SoundAsset : Sound hyrulecastle loading to memory
2019-05-12 22:48:17,627 : SoundMemoryFile : Loaded file: C:\Users\Wilder\zelda\sounds\music\hyrulecastle.ogg Sample duration: 245.14902494331065
2019-05-12 22:48:17,627 : SoundAsset : Sound highscore loading to memory
2019-05-12 22:48:17,792 : SoundMemoryFile : Loaded file: C:\Users\Wilder\zelda\sounds\music\highscore.ogg Sample duration: 48.03192743764173
2019-05-12 22:48:17,792 : SoundAsset : Sound ganonbattle loading to memory
2019-05-12 22:48:19,595 : SoundMemoryFile : Loaded file: C:\Users\Wilder\zelda\sounds\music\ganonbattle.ogg Sample duration: 551.5493877551021
2019-05-12 22:48:19,595 : SoundAsset : Sound forest loading to memory
2019-05-12 22:48:20,378 : SoundMemoryFile : Loaded file: C:\Users\Wilder\zelda\sounds\music\forest.ogg Sample duration: 244.0112471655329
2019-05-12 22:48:20,379 : SoundAsset : Loaded rainout (Track music)
2019-05-12 22:48:20,379 : EventManager : Event: ======'loading_assets'====== Args={'total': 197, 'loaded': 133, 'remaining': 64, 'percent': 68}
2019-05-12 22:48:20,379 : AssetManager : Loading assets: 133/197 (68%)
2019-05-12 22:48:20,380 : SoundAsset : Loaded rainin (Track music)
2019-05-12 22:48:20,380 : SoundAsset : Loaded princess_zeldas_rescue (Track music)
2019-05-12 22:48:20,380 : SoundAsset : Loaded light_world_theme (Track music)
2019-05-12 22:48:20,380 : SoundAsset : Loaded hyrulecastle (Track music)
2019-05-12 22:48:20,380 : SoundAsset : Loaded highscore (Track music)
2019-05-12 22:48:20,380 : SoundAsset : Loaded ganonbattle (Track music)
2019-05-12 22:48:20,380 : SoundAsset : Loaded forest (Track music)
2019-05-12 22:48:20,383 : kivy : ImageSDL2: Load <C:\Users\Wilder\zelda\images\crystal3.png>
2019-05-12 22:48:20,387 : SoundAsset : Sound darkworld_rescue loading to memory
2019-05-12 22:48:20,673 : EventManager : Event: ======'loading_assets'====== Args={'total': 197, 'loaded': 141, 'remaining': 56, 'percent': 72}
2019-05-12 22:48:20,673 : SoundMemoryFile : Loaded file: C:\Users\Wilder\zelda\sounds\music\darkworld_rescue.ogg Sample duration: 83.10024943310657
2019-05-12 22:48:20,673 : AssetManager : Loading assets: 141/197 (72%)
2019-05-12 22:48:20,673 : SoundAsset : Sound darkworld2 loading to memory
2019-05-12 22:48:20,674 : SoundAsset : Loaded darkworld_rescue (Track music)
2019-05-12 22:48:21,007 : SoundMemoryFile : Loaded file: C:\Users\Wilder\zelda\sounds\music\darkworld2.ogg Sample duration: 96.45507936507937
2019-05-12 22:48:21,007 : SoundAsset : Sound darkworld loading to memory
