2019-03-27 17:05:48,328 : INFO : Machine : Mission Pinball Framework Core Engine v0.52.1
2019-03-27 17:05:48,328 : INFO : Machine : Command line arguments: {'no_load_cache': False, 'create_config_cache': True, 'bcp': True, 'configfile': ['config.yaml'], 'mpfconfigfile': 'c:\\users\\wilder\\appdata\\local\\programs\\python\\python36\\lib\\site-packages\\mpf\\mpfconfig.yaml', 'force_assets_load': False, 'jsonlogging': False, 'logfile': 'logs\\2019-03-27-17-05-48-mpf-RedTunic.log', 'pause': False, 'production': False, 'text_ui': True, 'loglevel': 10, 'consoleloglevel': 20, 'force_platform': None, 'syslog_address': None, 'mc_file_name': None, 'no_sound': False}
2019-03-27 17:05:48,328 : INFO : Machine : MPF path: c:\users\wilder\appdata\local\programs\python\python36\lib\site-packages\mpf
2019-03-27 17:05:48,329 : INFO : Machine : Machine path: C:\Users\Wilder\zelda
2019-03-27 17:05:48,329 : INFO : Machine : Platform: win32
2019-03-27 17:05:48,329 : INFO : Machine : Python executable location: c:\users\wilder\appdata\local\programs\python\python36\python.exe
2019-03-27 17:05:48,329 : INFO : Machine : Python version: 3.6.4 (64-bit)
2019-03-27 17:05:48,329 : INFO : Machine : Machine config file #1: config.yaml
2019-03-27 17:05:48,331 : INFO : ConfigProcessor : Loading config from cache: C:\Users\Wilder\AppData\Local\Temp\9bf880992bc5b85aa1bd2cc37b214e56.mpf_cache
2019-03-27 17:05:48,334 : DEBUG : asyncio : Using selector: SelectSelector
2019-03-27 17:05:48,335 : INFO : Machine : Initialise MPF.
2019-03-27 17:05:48,384 : DEBUG : FAST : Configuring FAST hardware.
2019-03-27 17:05:48,599 : INFO : FAST : Connecting to \\.\COM11 at 921600bps
2019-03-27 17:05:48,632 : INFO : FAST : Connected! Processor: NET, Board Type: FP-CPU-002-2, Firmware: 01.02
2019-03-27 17:05:48,633 : INFO : EventManager : Event: ======'machine_var_fast_net_firmware'====== Args={'value': '01.02', 'prev_value': None, 'change': True}
2019-03-27 17:05:48,633 : INFO : EventManager : Event: ======'machine_var_fast_net_model'====== Args={'value': 'FP-CPU-002-2', 'prev_value': None, 'change': True}
2019-03-27 17:05:48,633 : WARNING : FAST : Not resetting FAST NET because firmware is currently broken.
2019-03-27 17:05:48,696 : INFO : FAST : Connecting to \\.\COM12 at 921600bps
2019-03-27 17:05:48,744 : INFO : FAST : Connected! Processor: RGB, Board Type: FP-CPU-002-2, Firmware: 01.00
2019-03-27 17:05:48,744 : INFO : EventManager : Event: ======'machine_var_fast_rgb_firmware'====== Args={'value': '01.00', 'prev_value': None, 'change': True}
2019-03-27 17:05:48,745 : INFO : EventManager : Event: ======'machine_var_fast_rgb_model'====== Args={'value': 'FP-CPU-002-2', 'prev_value': None, 'change': True}
2019-03-27 17:05:48,746 : INFO : EventManager : Event: ======'machine_var_credits_string'====== Args={'value': 'FREE PLAY', 'prev_value': None, 'change': True}
2019-03-27 17:05:48,813 : DEBUG : YAML File Interface : Loading file: C:\Users\Wilder\zelda\data/machine_vars.yaml
2019-03-27 17:05:48,816 : INFO : EventManager : Event: ======'machine_var_player1_score'====== Args={'value': 81, 'prev_value': None, 'change': True}
2019-03-27 17:05:48,816 : INFO : EventManager : Event: ======'machine_var_mpf_version'====== Args={'value': 'MPF v0.52.1', 'prev_value': None, 'change': True}
2019-03-27 17:05:48,816 : INFO : EventManager : Event: ======'machine_var_mpf_extended_version'====== Args={'value': 'MPF v0.52.1, Config version:5, Show version: 5, BCP version:1.1', 'prev_value': None, 'change': True}
2019-03-27 17:05:48,816 : INFO : EventManager : Event: ======'machine_var_python_version'====== Args={'value': '3.6.4', 'prev_value': None, 'change': True}
2019-03-27 17:05:48,817 : INFO : EventManager : Event: ======'machine_var_platform'====== Args={'value': 'Windows-7-6.1.7601-SP1', 'prev_value': None, 'change': True}
2019-03-27 17:05:48,817 : INFO : EventManager : Event: ======'machine_var_platform_system'====== Args={'value': 'Windows', 'prev_value': None, 'change': True}
2019-03-27 17:05:48,817 : INFO : EventManager : Event: ======'machine_var_platform_release'====== Args={'value': '7', 'prev_value': None, 'change': True}
2019-03-27 17:05:48,817 : INFO : EventManager : Event: ======'machine_var_platform_version'====== Args={'value': '6.1.7601', 'prev_value': None, 'change': True}
2019-03-27 17:05:48,817 : INFO : EventManager : Event: ======'machine_var_platform_machine'====== Args={'value': 'AMD64', 'prev_value': None, 'change': True}
2019-03-27 17:05:48,817 : INFO : EventManager : Event: ======'init_phase_1'====== Args={}
2019-03-27 17:05:48,887 : INFO : ConfigProcessor : Loading config from cache: C:\Users\Wilder\AppData\Local\Temp\6cbeeb809d9de6fbbf2951c4e6867473.mpf_cache
2019-03-27 17:05:48,891 : DEBUG : ModeController : Loaded mode darkworld
2019-03-27 17:05:48,892 : INFO : ConfigProcessor : Loading config from cache: C:\Users\Wilder\AppData\Local\Temp\58a9cd5447353eacedab412f1c10b0ab.mpf_cache
2019-03-27 17:05:48,896 : DEBUG : ModeController : Loaded mode lost_woods
2019-03-27 17:05:48,897 : WARNING : ConfigProcessor : Config file in cache changed: C:\Users\Wilder\zelda\modes\base\config\base.yaml
2019-03-27 17:05:48,897 : INFO : ConfigProcessor : Loading config from file C:\Users\Wilder\zelda\modes\base\config\base.yaml.
2019-03-27 17:05:48,897 : DEBUG : YAML File Interface : Loading file: C:\Users\Wilder\zelda\modes\base\config\base.yaml
2019-03-27 17:05:48,943 : INFO : ConfigProcessor : Loading config: C:\Users\Wilder\zelda\modes\base\config\base.yaml
2019-03-27 17:05:48,944 : INFO : ConfigProcessor : Config file cache created: C:\Users\Wilder\AppData\Local\Temp\4afc9f23ca6340163a8bb51d7deea78f.mpf_cache
2019-03-27 17:05:48,947 : DEBUG : ModeController : Loaded mode base
2019-03-27 17:05:48,948 : INFO : ConfigProcessor : Loading config from cache: C:\Users\Wilder\AppData\Local\Temp\aecceeb5afbfdc7257044e8417ebcf98.mpf_cache
2019-03-27 17:05:48,954 : DEBUG : ModeController : Loaded mode attract
2019-03-27 17:05:48,955 : INFO : ConfigProcessor : Loading config from cache: C:\Users\Wilder\AppData\Local\Temp\916c9e2d9177837f45e9cdbb7c1d0b93.mpf_cache
2019-03-27 17:05:48,959 : DEBUG : ModeController : Loaded mode unusual_show_tracker
2019-03-27 17:05:48,959 : INFO : ConfigProcessor : Loading config from cache: C:\Users\Wilder\AppData\Local\Temp\6fd2b5e36bbbd9c12f9ee3aa32f1ceca.mpf_cache
2019-03-27 17:05:48,963 : DEBUG : ModeController : Loaded mode ball_hold_tracker
2019-03-27 17:05:48,963 : INFO : ConfigProcessor : Loading config from cache: C:\Users\Wilder\AppData\Local\Temp\a31feedcb4b85bf76d76fe6a1222bc90.mpf_cache
2019-03-27 17:05:48,967 : DEBUG : ModeController : Loaded mode agahnim_multiball
2019-03-27 17:05:48,968 : INFO : ConfigProcessor : Loading config from cache: C:\Users\Wilder\AppData\Local\Temp\86e0d165ea95889c95b56598c3ebe263.mpf_cache
2019-03-27 17:05:48,973 : DEBUG : ModeController : Loaded mode music_player
2019-03-27 17:05:48,973 : INFO : ConfigProcessor : Loading config from cache: C:\Users\Wilder\AppData\Local\Temp\c35ad2e595070cac0b6f696d6f7f6af6.mpf_cache
2019-03-27 17:05:48,978 : DEBUG : ModeController : Loaded mode ball_save
2019-03-27 17:05:48,979 : INFO : ConfigProcessor : Loading config from cache: C:\Users\Wilder\AppData\Local\Temp\8b601767b8d464abeaa513b42e6346a8.mpf_cache
2019-03-27 17:05:48,983 : DEBUG : ModeController : Loaded mode master_sword_buildup
2019-03-27 17:05:48,983 : INFO : ConfigProcessor : Loading config from cache: C:\Users\Wilder\AppData\Local\Temp\072dbb4c30ca18f53440337aa5cd71bd.mpf_cache
2019-03-27 17:05:48,988 : DEBUG : ModeController : Loaded mode light_world
2019-03-27 17:05:48,988 : INFO : ConfigProcessor : Loading config from cache: C:\Users\Wilder\AppData\Local\Temp\43a06f52d0e9cf0597140b4c27159d40.mpf_cache
2019-03-27 17:05:48,992 : DEBUG : ModeController : Loaded mode escapehurryup
2019-03-27 17:05:48,992 : INFO : ConfigProcessor : Loading config from cache: C:\Users\Wilder\AppData\Local\Temp\dbd150f896646081271b7a77a791f2fa.mpf_cache
2019-03-27 17:05:48,996 : DEBUG : ModeController : Loaded mode slide_tracker
2019-03-27 17:05:48,997 : INFO : ConfigProcessor : Loading config from cache: C:\Users\Wilder\AppData\Local\Temp\b0ee6a771658ae3fb7e70c6d5ff59887.mpf_cache
2019-03-27 17:05:49,005 : DEBUG : ModeController : Loaded mode game
2019-03-27 17:05:49,005 : INFO : ConfigProcessor : Loading config from cache: C:\Users\Wilder\AppData\Local\Temp\7b0dcc699efc7732bf9d3e57ee202517.mpf_cache
2019-03-27 17:05:49,011 : DEBUG : ModeController : Loaded mode 2ballescape
2019-03-27 17:05:49,011 : INFO : ConfigProcessor : Loading config from cache: C:\Users\Wilder\AppData\Local\Temp\05768db999abb9e30be16a432a0581c8.mpf_cache
2019-03-27 17:05:49,015 : DEBUG : ModeController : Loaded mode extraball
2019-03-27 17:05:49,015 : INFO : ConfigProcessor : Loading config from cache: C:\Users\Wilder\AppData\Local\Temp\225554da95d8871f7382aa94a6d6b3eb.mpf_cache
2019-03-27 17:05:49,019 : DEBUG : ModeController : Loaded mode lost_woods_starter
2019-03-27 17:05:49,019 : INFO : ConfigProcessor : Loading config from cache: C:\Users\Wilder\AppData\Local\Temp\e44f2e5e1ef00181aa9bc27df94a0c3d.mpf_cache
2019-03-27 17:05:49,023 : DEBUG : ModeController : Loaded mode escape_starter
2019-03-27 17:05:49,023 : INFO : ConfigProcessor : Loading config from cache: C:\Users\Wilder\AppData\Local\Temp\f394a72c4810bb1cc42cac0690a90dcf.mpf_cache
2019-03-27 17:05:49,027 : DEBUG : ModeController : Loaded mode gameoverplayer
2019-03-27 17:05:49,027 : INFO : ConfigProcessor : Loading config from cache: C:\Users\Wilder\AppData\Local\Temp\fc30620fce8f82c18fed051cdde27ef9.mpf_cache
2019-03-27 17:05:49,031 : DEBUG : ModeController : Loaded mode 5waycombotracker
2019-03-27 17:05:49,031 : INFO : ConfigProcessor : Loading config from cache: C:\Users\Wilder\AppData\Local\Temp\fd6423453738b6cee138971698f65579.mpf_cache
2019-03-27 17:05:49,035 : DEBUG : ModeController : Loaded mode mode_tracker
2019-03-27 17:05:49,035 : INFO : ConfigProcessor : Loading config from cache: C:\Users\Wilder\AppData\Local\Temp\58664c35241624b07b13025a5964d2a4.mpf_cache
2019-03-27 17:05:49,040 : DEBUG : ModeController : Loaded mode video_player
2019-03-27 17:05:49,040 : INFO : ConfigProcessor : Loading config from cache: C:\Users\Wilder\AppData\Local\Temp\1f8ff34a8859f8c62d77912f33e29b9c.mpf_cache
2019-03-27 17:05:49,044 : DEBUG : ModeController : Loaded mode 2ballqualifier
2019-03-27 17:05:49,044 : INFO : ConfigProcessor : Loading config from cache: C:\Users\Wilder\AppData\Local\Temp\dd39e2de39eb354a1ec99be2f3167765.mpf_cache
2019-03-27 17:05:49,048 : DEBUG : ModeController : Loaded mode heartmeter
2019-03-27 17:05:49,048 : INFO : ConfigProcessor : Loading config from cache: C:\Users\Wilder\AppData\Local\Temp\28e1731e516595966b3afcb08910cb63.mpf_cache
2019-03-27 17:05:49,052 : DEBUG : ModeController : Loaded mode heart_tracker
2019-03-27 17:05:49,053 : INFO : ConfigProcessor : Loading config from cache: C:\Users\Wilder\AppData\Local\Temp\cb8b20150020107be74f23a2ee427f56.mpf_cache
2019-03-27 17:05:49,060 : DEBUG : ModeController : Loaded mode high_score
2019-03-27 17:05:49,060 : INFO : ConfigProcessor : Loading config from cache: C:\Users\Wilder\AppData\Local\Temp\da675f6b180b79eecb40cb5eb7f75a18.mpf_cache
2019-03-27 17:05:49,065 : DEBUG : ModeController : Loaded mode bomb_finder
2019-03-27 17:05:49,065 : INFO : ConfigProcessor : Loading config from cache: C:\Users\Wilder\AppData\Local\Temp\c3fd2c292a6c0d3463ad9b4555730ad5.mpf_cache
2019-03-27 17:05:49,070 : DEBUG : ModeController : Loaded mode item_tracker
2019-03-27 17:05:49,149 : DEBUG : ball_device.bd_drain : Configuring device with settings: '{'ball_switches': [<switch.trough1>], 'eject_coil': <coil.draineject>, 'eject_targets': [<ball_device.bd_trough>], 'eject_timeouts': [1000], 'confirm_eject_type': 'target', 'tags': ['drain'], 'debug': True, 'label': '%', 'console_log': 'full', 'file_log': 'full', 'exit_count_delay': 500, 'entrance_count_delay': 500, 'eject_coil_jam_pulse': None, 'eject_coil_retry_pulse': None, 'eject_coil_reorder_pulse': None, 'eject_coil_max_wait_ms': 200, 'eject_coil_enable_time': [], 'retries_before_increasing_pulse': 4, 'hold_coil': None, 'hold_coil_release_time': 1000, 'hold_events': {}, 'hold_switches': [], 'entrance_switch': None, 'entrance_switch_ignore_window_ms': 0, 'entrance_switch_full_timeout': 0, 'entrance_events': {}, 'entrance_event_timeout': 5.0, 'idle_missing_ball_timeout': 5.0, 'jam_switch': None, 'captures_from': <playfield.playfield>, 'ball_missing_timeouts': [], 'ball_missing_target': <playfield.playfield>, 'confirm_eject_switch': None, 'confirm_eject_event': None, 'max_eject_attempts': 0, 'ball_capacity': None, 'request_ball_events': {}, 'eject_events': {}, 'eject_all_events': {}, 'mechanical_eject': False, 'player_controlled_eject_event': None, 'ball_search_order': 200, 'auto_fire_on_unexpected_ball': True, 'target_on_unexpected_ball': None}'
2019-03-27 17:05:49,151 : DEBUG : ball_device.bd_trough : Configuring device with settings: '{'entrance_switch': <switch.trough2>, 'entrance_switch_full_timeout': 3000, 'ball_capacity': 3, 'eject_coil': <coil.troughrelease>, 'eject_targets': [<ball_device.bd_plunger_lane>], 'confirm_eject_type': 'target', 'tags': ['trough', 'home'], 'debug': True, 'label': '%', 'console_log': 'full', 'file_log': 'full', 'exit_count_delay': 500, 'entrance_count_delay': 500, 'eject_coil_jam_pulse': None, 'eject_coil_retry_pulse': None, 'eject_coil_reorder_pulse': None, 'eject_coil_max_wait_ms': 200, 'eject_coil_enable_time': [], 'retries_before_increasing_pulse': 4, 'hold_coil': None, 'hold_coil_release_time': 1000, 'hold_events': {}, 'hold_switches': [], 'entrance_switch_ignore_window_ms': 0, 'entrance_events': {}, 'entrance_event_timeout': 5.0, 'idle_missing_ball_timeout': 5.0, 'jam_switch': None, 'captures_from': <playfield.playfield>, 'eject_timeouts': [], 'ball_missing_timeouts': [], 'ball_missing_target': <playfield.playfield>, 'confirm_eject_switch': None, 'confirm_eject_event': None, 'max_eject_attempts': 0, 'ball_switches': [], 'request_ball_events': {}, 'eject_events': {}, 'eject_all_events': {}, 'mechanical_eject': False, 'player_controlled_eject_event': None, 'ball_search_order': 200, 'auto_fire_on_unexpected_ball': True, 'target_on_unexpected_ball': None}'
2019-03-27 17:05:49,152 : DEBUG : ball_device.bd_plunger_lane : Configuring device with settings: '{'ball_switches': [<switch.plungerlane>], 'eject_coil': <coil.autoplunger>, 'mechanical_eject': True, 'eject_timeouts': [1000], 'debug': True, 'label': '%', 'tags': [], 'console_log': 'full', 'file_log': 'full', 'exit_count_delay': 500, 'entrance_count_delay': 500, 'eject_coil_jam_pulse': None, 'eject_coil_retry_pulse': None, 'eject_coil_reorder_pulse': None, 'eject_coil_max_wait_ms': 200, 'eject_coil_enable_time': [], 'retries_before_increasing_pulse': 4, 'hold_coil': None, 'hold_coil_release_time': 1000, 'hold_events': {}, 'hold_switches': [], 'entrance_switch': None, 'entrance_switch_ignore_window_ms': 0, 'entrance_switch_full_timeout': 0, 'entrance_events': {}, 'entrance_event_timeout': 5.0, 'idle_missing_ball_timeout': 5.0, 'jam_switch': None, 'confirm_eject_type': 'target', 'captures_from': <playfield.playfield>, 'eject_targets': [<playfield.playfield>], 'ball_missing_timeouts': [], 'ball_missing_target': <playfield.playfield>, 'confirm_eject_switch': None, 'confirm_eject_event': None, 'max_eject_attempts': 0, 'ball_capacity': None, 'request_ball_events': {}, 'eject_events': {}, 'eject_all_events': {}, 'player_controlled_eject_event': None, 'ball_search_order': 200, 'auto_fire_on_unexpected_ball': True, 'target_on_unexpected_ball': None}'
2019-03-27 17:05:49,232 : DEBUG : ball_save.default : Configuring device with settings: '{'active_time': 10000, 'hurry_up_time': 3000, 'grace_period': 3000, 'enable_events': {'mode_base_started': 0}, 'disable_events': {'ball_save_default_saving_ball': 0}, 'timer_start_events': {'start_ballsave': 0}, 'auto_launch': True, 'balls_to_save': 1, 'debug': True, 'label': '%', 'tags': [], 'console_log': 'full', 'file_log': 'full', 'source_playfield': <playfield.playfield>, 'eject_delay': 0, 'only_last_ball': False, 'early_ball_save_events': {}, 'delayed_eject_events': {}}'
2019-03-27 17:05:49,264 : ERROR : asyncio : Exception in callback EventManager._async_handler_done(<QueuedEvent>)(<Task finishe...verloaded.',)>) at c:\users\wilder\appdata\local\programs\python\python36\lib\site-packages\mpf\core\events.py:96
handle: <Handle EventManager._async_handler_done(<QueuedEvent>)(<Task finishe...verloaded.',)>) at c:\users\wilder\appdata\local\programs\python\python36\lib\site-packages\mpf\core\events.py:96>
Traceback (most recent call last):
  File "c:\users\wilder\appdata\local\programs\python\python36\lib\asyncio\events.py", line 145, in _run
    self._callback(*self._args)
  File "c:\users\wilder\appdata\local\programs\python\python36\lib\site-packages\mpf\core\events.py", line 99, in _async_handler_done
    future.result()
  File "c:\users\wilder\appdata\local\programs\python\python36\lib\site-packages\mpf\core\device_manager.py", line 114, in _load_device_modules
    yield from self.machine.mode_controller.load_mode_devices()
  File "c:\users\wilder\appdata\local\programs\python\python36\lib\site-packages\mpf\core\mode_controller.py", line 96, in load_mode_devices
    yield from mode.load_mode_devices()
  File "c:\users\wilder\appdata\local\programs\python\python36\lib\site-packages\mpf\core\mode.py", line 465, in load_mode_devices
    device.overload_config_in_mode(self, settings)
  File "c:\users\wilder\appdata\local\programs\python\python36\lib\site-packages\mpf\core\mode_device.py", line 55, in overload_config_in_mode
    raise AssertionError("Device {} cannot be overloaded.".format(self))
AssertionError: Device <shot.modestartmade> cannot be overloaded.
2019-03-27 17:05:49,326 : INFO : Machine : Starting the main run loop.
2019-03-27 17:05:49,326 : INFO : Machine : Shutting down...
2019-03-27 17:05:49,326 : INFO : EventManager : Event: ======'shutdown'====== Args={}
2019-03-27 17:05:49,327 : DEBUG : ball_device.bd_drain : Stopping ball device
2019-03-27 17:05:49,329 : DEBUG : ball_device.bd_trough : Stopping ball device
2019-03-27 17:05:49,329 : DEBUG : ball_device.bd_plunger_lane : Stopping ball device
2019-03-27 17:05:49,331 : ERROR : FAST : Stop called on serial connection \\.\COM12
2019-03-27 17:05:49,331 : ERROR : FAST : Stop called on serial connection \\.\COM11
2019-03-27 17:05:49,683 : ERROR : root : Device <shot.modestartmade> cannot be overloaded.
Traceback (most recent call last):
  File "c:\users\wilder\appdata\local\programs\python\python36\lib\site-packages\mpf\commands\game.py", line 220, in __init__
    MachineController(mpf_path, machine_path, vars(self.args)).run()
  File "c:\users\wilder\appdata\local\programs\python\python36\lib\site-packages\mpf\core\machine.py", line 709, in run
    self._run_loop()
  File "c:\users\wilder\appdata\local\programs\python\python36\lib\site-packages\mpf\core\machine.py", line 769, in _run_loop
    raise self._exception['exception']
  File "c:\users\wilder\appdata\local\programs\python\python36\lib\asyncio\events.py", line 145, in _run
    self._callback(*self._args)
  File "c:\users\wilder\appdata\local\programs\python\python36\lib\site-packages\mpf\core\events.py", line 99, in _async_handler_done
    future.result()
  File "c:\users\wilder\appdata\local\programs\python\python36\lib\site-packages\mpf\core\device_manager.py", line 114, in _load_device_modules
    yield from self.machine.mode_controller.load_mode_devices()
  File "c:\users\wilder\appdata\local\programs\python\python36\lib\site-packages\mpf\core\mode_controller.py", line 96, in load_mode_devices
    yield from mode.load_mode_devices()
  File "c:\users\wilder\appdata\local\programs\python\python36\lib\site-packages\mpf\core\mode.py", line 465, in load_mode_devices
    device.overload_config_in_mode(self, settings)
  File "c:\users\wilder\appdata\local\programs\python\python36\lib\site-packages\mpf\core\mode_device.py", line 55, in overload_config_in_mode
    raise AssertionError("Device {} cannot be overloaded.".format(self))
AssertionError: Device <shot.modestartmade> cannot be overloaded.
