2019-04-29 14:14:08,170 : INFO : Machine : Mission Pinball Framework Core Engine v0.53.0-dev.16
2019-04-29 14:14:08,170 : INFO : Machine : Command line arguments: {'no_load_cache': False, 'create_config_cache': True, 'bcp': True, 'configfile': ['config.yaml'], 'mpfconfigfile': 'c:\\users\\wilder\\appdata\\local\\programs\\python\\python36\\lib\\site-packages\\mpf\\mpfconfig.yaml', 'force_assets_load': False, 'jsonlogging': False, 'logfile': 'logs\\2019-04-29-14-14-08-mpf-RedTunic.log', 'pause': False, 'production': False, 'text_ui': True, 'loglevel': 10, 'consoleloglevel': 20, 'force_platform': 'virtual', 'syslog_address': None, 'mc_file_name': None, 'no_sound': False}
2019-04-29 14:14:08,170 : INFO : Machine : MPF path: c:\users\wilder\appdata\local\programs\python\python36\lib\site-packages\mpf
2019-04-29 14:14:08,170 : INFO : Machine : Machine path: C:\Users\Wilder\zelda
2019-04-29 14:14:08,170 : INFO : Machine : Platform: win32
2019-04-29 14:14:08,170 : INFO : Machine : Python executable location: c:\users\wilder\appdata\local\programs\python\python36\python.exe
2019-04-29 14:14:08,170 : INFO : Machine : Python version: 3.6.4 (64-bit)
2019-04-29 14:14:08,186 : INFO : Machine : Machine config file #1: config.yaml
2019-04-29 14:14:08,186 : WARNING : ConfigProcessor : Config file in cache changed: C:\Users\Wilder\zelda\config\config.yaml
2019-04-29 14:14:08,186 : INFO : ConfigProcessor : Loading config from file c:\users\wilder\appdata\local\programs\python\python36\lib\site-packages\mpf\mpfconfig.yaml.
2019-04-29 14:14:08,186 : DEBUG : YAML File Interface : Loading file: c:\users\wilder\appdata\local\programs\python\python36\lib\site-packages\mpf\mpfconfig.yaml
2019-04-29 14:14:08,358 : INFO : ConfigProcessor : Loading config: c:\users\wilder\appdata\local\programs\python\python36\lib\site-packages\mpf\mpfconfig.yaml
2019-04-29 14:14:08,373 : INFO : ConfigProcessor : Loading config from file C:\Users\Wilder\zelda\config\config.yaml.
2019-04-29 14:14:08,373 : DEBUG : YAML File Interface : Loading file: C:\Users\Wilder\zelda\config\config.yaml
2019-04-29 14:14:08,482 : ERROR : root : YAML error found in file C:\Users\Wilder\zelda\config\config.yaml. Line 82,Position 1: while parsing a block mapping
  in "C:\Users\Wilder\zelda\config\config.yaml", line 3, column 1
expected <block end>, but found '-'
  in "C:\Users\Wilder\zelda\config\config.yaml", line 82, column 1
Traceback (most recent call last):
  File "c:\users\wilder\appdata\local\programs\python\python36\lib\site-packages\mpf\file_interfaces\yaml_interface.py", line 198, in load
    config = self.process(f)
  File "c:\users\wilder\appdata\local\programs\python\python36\lib\site-packages\mpf\file_interfaces\yaml_interface.py", line 224, in process
    return yaml.load(data_string, Loader=MpfLoader)
  File "c:\users\wilder\appdata\local\programs\python\python36\lib\site-packages\ruamel\yaml\main.py", line 639, in load
    return loader._constructor.get_single_data()  # type: ignore
  File "c:\users\wilder\appdata\local\programs\python\python36\lib\site-packages\ruamel\yaml\constructor.py", line 102, in get_single_data
    node = self.composer.get_single_node()
  File "c:\users\wilder\appdata\local\programs\python\python36\lib\site-packages\ruamel\yaml\composer.py", line 75, in get_single_node
    document = self.compose_document()
  File "c:\users\wilder\appdata\local\programs\python\python36\lib\site-packages\ruamel\yaml\composer.py", line 96, in compose_document
    node = self.compose_node(None, None)
  File "c:\users\wilder\appdata\local\programs\python\python36\lib\site-packages\ruamel\yaml\composer.py", line 132, in compose_node
    node = self.compose_mapping_node(anchor)
  File "c:\users\wilder\appdata\local\programs\python\python36\lib\site-packages\ruamel\yaml\composer.py", line 187, in compose_mapping_node
    while not self.parser.check_event(MappingEndEvent):
  File "c:\users\wilder\appdata\local\programs\python\python36\lib\site-packages\ruamel\yaml\parser.py", line 144, in check_event
    self.current_event = self.state()
  File "c:\users\wilder\appdata\local\programs\python\python36\lib\site-packages\ruamel\yaml\parser.py", line 561, in parse_block_mapping_key
    token.start_mark)
ruamel.yaml.parser.ParserError: while parsing a block mapping
  in "C:\Users\Wilder\zelda\config\config.yaml", line 3, column 1
expected <block end>, but found '-'
  in "C:\Users\Wilder\zelda\config\config.yaml", line 82, column 1

During handling of the above exception, another exception occurred:

Traceback (most recent call last):
  File "c:\users\wilder\appdata\local\programs\python\python36\lib\site-packages\mpf\commands\game.py", line 220, in __init__
    MachineController(mpf_path, machine_path, vars(self.args)).run()
  File "c:\users\wilder\appdata\local\programs\python\python36\lib\site-packages\mpf\core\machine.py", line 180, in __init__
    self._load_config()
  File "c:\users\wilder\appdata\local\programs\python\python36\lib\site-packages\mpf\core\machine.py", line 449, in _load_config
    store_to_cache=self.options['create_config_cache'])
  File "c:\users\wilder\appdata\local\programs\python\python36\lib\site-packages\mpf\core\config_processor.py", line 112, in load_config_files_with_cache
    ignore_unknown_sections)
  File "c:\users\wilder\appdata\local\programs\python\python36\lib\site-packages\mpf\core\config_processor.py", line 132, in _load_config_file_and_return_loaded_files
    config = FileManager.load(filename, expected_version_str, True)
  File "c:\users\wilder\appdata\local\programs\python\python36\lib\site-packages\mpf\core\file_manager.py", line 99, in load
    return interface.load(file, verify_version, halt_on_error)
  File "c:\users\wilder\appdata\local\programs\python\python36\lib\site-packages\mpf\file_interfaces\yaml_interface.py", line 205, in load
    raise ValueError(msg)
ValueError: YAML error found in file C:\Users\Wilder\zelda\config\config.yaml. Line 82,Position 1: while parsing a block mapping
  in "C:\Users\Wilder\zelda\config\config.yaml", line 3, column 1
expected <block end>, but found '-'
  in "C:\Users\Wilder\zelda\config\config.yaml", line 82, column 1
