2019-03-19 13:53:21,681 : kivy : Factory: 194 symbols loaded
2019-03-19 13:53:21,697 : kivy : Cache: register <kv.lang> with limit=None, timeout=None
2019-03-19 13:53:21,868 : kivy : Cache: register <kv.image> with limit=None, timeout=60
2019-03-19 13:53:21,868 : kivy : Cache: register <kv.atlas> with limit=None, timeout=None
2019-03-19 13:53:21,899 : kivy : Image: Providers: img_tex, img_dds, img_sdl2, img_pil, img_gif (img_ffpyplayer ignored)
2019-03-19 13:53:21,899 : kivy : Cache: register <kv.texture> with limit=1000, timeout=60
2019-03-19 13:53:21,899 : kivy : Cache: register <kv.shader> with limit=1000, timeout=3600
2019-03-19 13:53:21,993 : kivy : VideoGstplayer: Using Gstreamer 1.10.2.0
2019-03-19 13:53:21,993 : kivy : Video: Provider: gstplayer
2019-03-19 13:53:22,071 : kivy : Loading MPF-MC controller
2019-03-19 13:53:22,087 : mpfmc : Mission Pinball Framework Media Controller v0.50.8
2019-03-19 13:53:22,087 : mpfmc : Mission Pinball Framework Game Engine v0.50.12
2019-03-19 13:53:22,087 : mpfmc : Machine path: C:\Users\Wilder\zelda
2019-03-19 13:53:22,087 : ConfigProcessor : Config file in cache changed: C:\Users\Wilder\zelda\config\config
2019-03-19 13:53:22,664 : ConfigProcessor : Loading config from file c:\users\wilder\appdata\local\programs\python\python36\lib\site-packages\mpfmc\mcconfig.yaml.
2019-03-19 13:53:22,664 : YAML File Interface : Loading file: c:\users\wilder\appdata\local\programs\python\python36\lib\site-packages\mpfmc\mcconfig.yaml
2019-03-19 13:53:22,711 : ConfigProcessor : Loading config: c:\users\wilder\appdata\local\programs\python\python36\lib\site-packages\mpfmc\mcconfig.yaml
2019-03-19 13:53:22,711 : ConfigProcessor : Loading config from file C:\Users\Wilder\zelda\config\config.
2019-03-19 13:53:22,711 : YAML File Interface : Loading file: C:\Users\Wilder\zelda\config\config.yaml
2019-03-19 13:53:22,757 : ConfigProcessor : Loading config: C:\Users\Wilder\zelda\config\config
2019-03-19 13:53:22,757 : YAML File Interface : Loading file: C:\Users\Wilder\zelda\config\hardware.yaml
2019-03-19 13:53:22,898 : ConfigProcessor : Loading config: C:\Users\Wilder\zelda\config\hardware.yaml
2019-03-19 13:53:22,898 : YAML File Interface : Loading file: C:\Users\Wilder\zelda\config\keyboard.yaml
2019-03-19 13:53:22,960 : kivy : Error found in file C:\Users\Wilder\zelda\config\keyboard.yaml: 'Key "u" was defined multiple times in config   in "C:\\Users\\Wilder\\zelda\\config\\keyboard.yaml", line 32, column 3'
Traceback (most recent call last):
  File "c:\users\wilder\appdata\local\programs\python\python36\lib\site-packages\mpf\file_interfaces\yaml_interface.py", line 194, in load
    config = self.process(f)
  File "c:\users\wilder\appdata\local\programs\python\python36\lib\site-packages\mpf\file_interfaces\yaml_interface.py", line 220, in process
    return yaml.load(data_string, Loader=MpfLoader)
  File "c:\users\wilder\appdata\local\programs\python\python36\lib\site-packages\ruamel\yaml\main.py", line 75, in load
    return loader.get_single_data()
  File "c:\users\wilder\appdata\local\programs\python\python36\lib\site-packages\ruamel\yaml\constructor.py", line 59, in get_single_data
    return self.construct_document(node)
  File "c:\users\wilder\appdata\local\programs\python\python36\lib\site-packages\ruamel\yaml\constructor.py", line 68, in construct_document
    for dummy in generator:
  File "c:\users\wilder\appdata\local\programs\python\python36\lib\site-packages\ruamel\yaml\constructor.py", line 481, in construct_yaml_map
    value = self.construct_mapping(node)
  File "c:\users\wilder\appdata\local\programs\python\python36\lib\site-packages\mpf\file_interfaces\yaml_interface.py", line 135, in construct_mapping
    format(key, key_node.start_mark))
KeyError: 'Key "u" was defined multiple times in config   in "C:\\Users\\Wilder\\zelda\\config\\keyboard.yaml", line 32, column 3'

During handling of the above exception, another exception occurred:

Traceback (most recent call last):
  File "c:\users\wilder\appdata\local\programs\python\python36\lib\site-packages\mpfmc\commands\mc.py", line 189, in __init__
    thread_stopper=thread_stopper).run()
  File "c:\users\wilder\appdata\local\programs\python\python36\lib\site-packages\mpfmc\core\mc.py", line 95, in __init__
    self.machine_config = self._load_config()
  File "c:\users\wilder\appdata\local\programs\python\python36\lib\site-packages\mpfmc\core\mc.py", line 224, in _load_config
    mpf_config = self.mpf_config_processor.load_config_files_with_cache(files, "machine", True)
  File "c:\users\wilder\appdata\local\programs\python\python36\lib\site-packages\mpf\core\config_processor.py", line 111, in load_config_files_with_cache
    ignore_unknown_sections)
  File "c:\users\wilder\appdata\local\programs\python\python36\lib\site-packages\mpf\core\config_processor.py", line 165, in _load_config_file_and_return_loaded_files
    subconfig, subsubfiles = self._load_config_file_and_return_loaded_files(full_file, config_type)
  File "c:\users\wilder\appdata\local\programs\python\python36\lib\site-packages\mpf\core\config_processor.py", line 131, in _load_config_file_and_return_loaded_files
    config = FileManager.load(filename, expected_version_str, True)
  File "c:\users\wilder\appdata\local\programs\python\python36\lib\site-packages\mpf\core\file_manager.py", line 154, in load
    return interface.load(file, verify_version, halt_on_error)
  File "c:\users\wilder\appdata\local\programs\python\python36\lib\site-packages\mpf\file_interfaces\yaml_interface.py", line 208, in load
    raise ValueError(msg)
ValueError: Error found in file C:\Users\Wilder\zelda\config\keyboard.yaml: 'Key "u" was defined multiple times in config   in "C:\\Users\\Wilder\\zelda\\config\\keyboard.yaml", line 32, column 3'
2019-03-19 13:53:22,976 : kivy : Stopping child threads... (0 remaining)
2019-03-19 13:53:22,976 : kivy : All child threads stopped.
