2019-04-15 18:28:51,912 : kivy : Factory: 194 symbols loaded
2019-04-15 18:28:51,912 : kivy : Cache: register <kv.lang> with limit=None, timeout=None
2019-04-15 18:28:52,068 : kivy : Cache: register <kv.image> with limit=None, timeout=60
2019-04-15 18:28:52,068 : kivy : Cache: register <kv.atlas> with limit=None, timeout=None
2019-04-15 18:28:52,099 : kivy : Image: Providers: img_tex, img_dds, img_sdl2, img_pil, img_gif (img_ffpyplayer ignored)
2019-04-15 18:28:52,099 : kivy : Cache: register <kv.texture> with limit=1000, timeout=60
2019-04-15 18:28:52,099 : kivy : Cache: register <kv.shader> with limit=1000, timeout=3600
2019-04-15 18:28:52,177 : kivy : VideoGstplayer: Using Gstreamer 1.10.2.0
2019-04-15 18:28:52,177 : kivy : Video: Provider: gstplayer
2019-04-15 18:28:52,270 : kivy : Loading MPF-MC controller
2019-04-15 18:28:52,270 : mpfmc : Mission Pinball Framework Media Controller v0.53.0-dev.0
2019-04-15 18:28:52,270 : mpfmc : Mission Pinball Framework Game Engine v0.53.0-dev.16
2019-04-15 18:28:52,270 : mpfmc : Machine path: C:\Users\Wilder\zelda
2019-04-15 18:28:52,270 : ConfigProcessor : Config file in cache changed: C:\Users\Wilder\zelda\config\config
2019-04-15 18:28:52,270 : ConfigProcessor : Loading config from file c:\users\wilder\appdata\local\programs\python\python36\lib\site-packages\mpfmc\mcconfig.yaml.
2019-04-15 18:28:52,270 : YAML File Interface : Loading file: c:\users\wilder\appdata\local\programs\python\python36\lib\site-packages\mpfmc\mcconfig.yaml
2019-04-15 18:28:52,395 : ConfigProcessor : Loading config: c:\users\wilder\appdata\local\programs\python\python36\lib\site-packages\mpfmc\mcconfig.yaml
2019-04-15 18:28:52,395 : ConfigProcessor : Loading config from file C:\Users\Wilder\zelda\config\config.
2019-04-15 18:28:52,395 : YAML File Interface : Loading file: C:\Users\Wilder\zelda\config\config.yaml
2019-04-15 18:28:52,473 : ConfigProcessor : Loading config: C:\Users\Wilder\zelda\config\config
2019-04-15 18:28:52,473 : YAML File Interface : Loading file: C:\Users\Wilder\zelda\config\hardware.yaml
2019-04-15 18:28:52,801 : ConfigProcessor : Loading config: C:\Users\Wilder\zelda\config\hardware.yaml
2019-04-15 18:28:52,816 : YAML File Interface : Loading file: C:\Users\Wilder\zelda\config\keyboard.yaml
2019-04-15 18:28:52,848 : ConfigProcessor : Loading config: C:\Users\Wilder\zelda\config\keyboard.yaml
2019-04-15 18:28:52,848 : YAML File Interface : Loading file: C:\Users\Wilder\zelda\config\videos.yaml
2019-04-15 18:28:52,957 : ConfigProcessor : Loading config: C:\Users\Wilder\zelda\config\videos.yaml
2019-04-15 18:28:52,957 : ConfigProcessor : Config file cache created: C:\Users\Wilder\AppData\Local\Temp\33abdcfcf65e636611bd498b89cbbd0e.mpf_cache
2019-04-15 18:28:52,957 : mpfmc : Starting clock at 60.0Hz
2019-04-15 18:28:52,972 : kivy : Text: Provider: sdl2
2019-04-15 18:28:53,035 : kivy : Window: Provider: sdl2
2019-04-15 18:28:53,109 : kivy : GL: Using the "OpenGL" graphics system
2019-04-15 18:28:54,311 : kivy : GL: GLEW initialization succeeded
2019-04-15 18:28:54,311 : kivy : GL: available extensions: b'GL_EXT_blend_minmax GL_EXT_blend_subtract GL_EXT_blend_color GL_EXT_abgr GL_EXT_texture3D GL_EXT_clip_volume_hint GL_EXT_compiled_vertex_array GL_SGIS_texture_edge_clamp GL_SGIS_generate_mipmap GL_EXT_draw_range_elements GL_SGIS_texture_lod GL_EXT_rescale_normal GL_EXT_packed_pixels GL_EXT_texture_edge_clamp GL_EXT_separate_specular_color GL_ARB_multitexture GL_EXT_texture_env_combine GL_EXT_bgra GL_EXT_blend_func_separate GL_EXT_secondary_color GL_EXT_fog_coord GL_EXT_texture_env_add GL_ARB_texture_cube_map GL_ARB_transpose_matrix GL_ARB_texture_env_add GL_IBM_texture_mirrored_repeat GL_EXT_multi_draw_arrays GL_NV_blend_square GL_ARB_texture_compression GL_3DFX_texture_compression_FXT1 GL_EXT_texture_filter_anisotropic GL_ARB_texture_border_clamp GL_ARB_point_parameters GL_ARB_texture_env_combine GL_ARB_texture_env_dot3 GL_ARB_texture_env_crossbar GL_EXT_texture_compression_s3tc GL_ARB_shadow GL_ARB_window_pos GL_EXT_shadow_funcs GL_EXT_stencil_wrap GL_ARB_vertex_program GL_EXT_texture_rectangle GL_ARB_fragment_program GL_EXT_stencil_two_side GL_ATI_separate_stencil GL_ARB_vertex_buffer_object GL_EXT_texture_lod_bias GL_ARB_occlusion_query GL_ARB_fragment_shader GL_ARB_shader_objects GL_ARB_shading_language_100 GL_ARB_texture_non_power_of_two GL_ARB_vertex_shader GL_NV_texgen_reflection GL_ARB_point_sprite GL_EXT_blend_equation_separate GL_ARB_depth_texture GL_ARB_texture_rectangle GL_ARB_draw_buffers GL_ARB_color_buffer_float GL_ARB_half_float_pixel GL_ARB_texture_float GL_ARB_pixel_buffer_object GL_EXT_framebuffer_object GL_ARB_draw_instanced GL_ARB_half_float_vertex GL_EXT_draw_buffers2 GL_WIN_swap_hint GL_EXT_texture_sRGB GL_ARB_multisample GL_EXT_packed_float GL_EXT_texture_shared_exponent GL_ARB_texture_rg GL_ARB_texture_compression_rgtc GL_NV_conditional_render GL_EXT_texture_swizzle GL_ARB_framebuffer_sRGB GL_EXT_packed_depth_stencil GL_ARB_depth_buffer_float GL_EXT_transform_feedback GL_EXT_framebuffer_blit GL_EXT_framebuffer_multisample GL_ARB_framebuffer_object GL_EXT_texture_array GL_EXT_texture_integer GL_ARB_map_buffer_range GL_EXT_texture_snorm GL_INTEL_performance_queries GL_ARB_vertex_array_object '
2019-04-15 18:28:54,312 : kivy : GL: glShaderBinary is not available
2019-04-15 18:28:54,312 : kivy : GL: Backend used <glew>
2019-04-15 18:28:54,312 : kivy : GL: OpenGL version <b'3.0.0 - Build 8.15.10.2342'>
2019-04-15 18:28:54,312 : kivy : GL: OpenGL vendor <b'Intel'>
2019-04-15 18:28:54,312 : kivy : GL: OpenGL renderer <b'Intel(R) HD Graphics Family'>
2019-04-15 18:28:54,312 : kivy : GL: OpenGL parsed version: 3, 0
2019-04-15 18:28:54,312 : kivy : GL: Shading version <b'1.30  - Intel Build 8.15.10.2342'>
2019-04-15 18:28:54,313 : kivy : GL: Texture max size <4096>
2019-04-15 18:28:54,313 : kivy : GL: Texture max units <16>
2019-04-15 18:28:54,370 : kivy : Shader: Fragment compiled successfully
2019-04-15 18:28:54,371 : kivy : Shader: Vertex compiled successfully
2019-04-15 18:28:54,430 : kivy : ImageSDL2: Load <c:\users\wilder\appdata\local\programs\python\python36\lib\site-packages\kivy\data\glsl\default.png>
2019-04-15 18:28:54,446 : kivy : Window: auto add sdl2 input provider
2019-04-15 18:28:54,447 : kivy : Window: virtual keyboard not allowed, single mode, not docked
2019-04-15 18:28:54,462 : mpfmc : Machine path: C:\Users\Wilder\zelda
2019-04-15 18:28:54,463 : kivy : Resource: add <C:\Users\Wilder\zelda\fonts> in path list
2019-04-15 18:28:54,463 : kivy : Resource: add <c:\users\wilder\appdata\local\programs\python\python36\lib\site-packages\mpfmc\fonts> in path list
2019-04-15 18:28:54,463 : SoundSystem : Loading the Sound System
2019-04-15 18:28:54,924 : AudioInterface : Initialized
2019-04-15 18:28:54,924 : AudioInterface : Loaded SDL 2.0.5
2019-04-15 18:28:54,924 : AudioInterface : Loaded SDL_Mixer 2.0.1
2019-04-15 18:28:54,924 : AudioInterface : Loaded GStreamer 1.10.2.0
2019-04-15 18:28:54,924 : AudioInterface : Loaded GLib 2.48.1
2019-04-15 18:28:54,925 : AudioInterface : Settings requested - rate: 44100, channels: 1, buffer: 2048 samples
2019-04-15 18:28:54,925 : AudioInterface : Settings in use - rate: 44100, channels: 1, buffer: 2048 samples (4096 bytes @ 2 bytes per sample)
2019-04-15 18:28:54,925 : Track : Allocated track audio buffer (4096 bytes)
2019-04-15 18:28:54,925 : Track.0.TrackStandard.music : Created Track 0 music with the following settings: simultaneous_sounds = 2, volume = 0.500000
2019-04-15 18:28:54,926 : AudioInterface : The 'music' standard track has successfully been created.
2019-04-15 18:28:54,926 : Track : Allocated track audio buffer (4096 bytes)
2019-04-15 18:28:54,926 : Track.1.TrackStandard.voice : Created Track 1 voice with the following settings: simultaneous_sounds = 1, volume = 0.700000
2019-04-15 18:28:54,926 : AudioInterface : The 'voice' standard track has successfully been created.
2019-04-15 18:28:54,926 : Track : Allocated track audio buffer (4096 bytes)
2019-04-15 18:28:54,926 : Track.2.TrackStandard.sfx : Created Track 2 sfx with the following settings: simultaneous_sounds = 8, volume = 0.900000
2019-04-15 18:28:54,926 : AudioInterface : The 'sfx' standard track has successfully been created.
2019-04-15 18:28:54,927 : AudioInterface : Enabling audio playback
2019-04-15 18:28:54,929 : kivy : App: Loading kv <c:\users\wilder\appdata\local\programs\python\python36\lib\site-packages\mpfmc\core\mpfmc.kv>
2019-04-15 18:28:54,929 : kivy : App: kv <c:\users\wilder\appdata\local\programs\python\python36\lib\site-packages\mpfmc\core\mpfmc.kv> not found
2019-04-15 18:28:54,930 : kivy : Base: Create provider from mouse,multitouch_on_demand
2019-04-15 18:28:54,930 : kivy : Base: Create provider from wm_touch
2019-04-15 18:28:54,930 : kivy : Base: Create provider from wm_pen
2019-04-15 18:28:54,930 : kivy : Base: Start application main loop
2019-04-15 18:28:54,931 : EventManager : Event: ======'display_lcd_initialized'====== Args={}
2019-04-15 18:28:54,943 : kivy : Base: Leaving application in progress...
2019-04-15 18:28:55,080 : mpfmc : Stopping...
2019-04-15 18:28:55,081 : EventManager : Event: ======'shutdown'====== Args={}
2019-04-15 18:28:55,081 : AudioInterface : Disabling audio playback
2019-04-15 18:28:55,081 : Track.0.TrackStandard.music : Stopping all sounds and removing any pending sounds from queue
2019-04-15 18:28:55,081 : Track.1.TrackStandard.voice : Stopping all sounds and removing any pending sounds from queue
2019-04-15 18:28:55,081 : Track.2.TrackStandard.sfx : Stopping all sounds and removing any pending sounds from queue
2019-04-15 18:28:55,082 : mpfmc : Loop rate 6.54 Hz
2019-04-15 18:28:55,082 : kivy : MC run loop ended.
2019-04-15 18:28:55,082 : kivy : Stopping child threads... (1 remaining)
2019-04-15 18:28:55,956 : kivy : All child threads stopped.
