2019-04-14 17:48:53,125 : kivy : Factory: 194 symbols loaded
2019-04-14 17:48:53,343 : kivy : Cache: register <kv.lang> with limit=None, timeout=None
2019-04-14 17:48:55,106 : kivy : Cache: register <kv.image> with limit=None, timeout=60
2019-04-14 17:48:55,106 : kivy : Cache: register <kv.atlas> with limit=None, timeout=None
2019-04-14 17:48:58,055 : kivy : Image: Providers: img_tex, img_dds, img_sdl2, img_pil, img_gif (img_ffpyplayer ignored)
2019-04-14 17:48:58,056 : kivy : Cache: register <kv.texture> with limit=1000, timeout=60
2019-04-14 17:48:58,057 : kivy : Cache: register <kv.shader> with limit=1000, timeout=3600
2019-04-14 17:49:03,241 : kivy : VideoGstplayer: Using Gstreamer 1.10.2.0
2019-04-14 17:49:03,241 : kivy : Video: Provider: gstplayer
2019-04-14 17:49:11,201 : kivy : Loading MPF-MC controller
2019-04-14 17:49:11,202 : mpfmc : Mission Pinball Framework Media Controller v0.53.0-dev.0
2019-04-14 17:49:11,203 : mpfmc : Mission Pinball Framework Game Engine v0.53.0-dev.16
2019-04-14 17:49:11,204 : mpfmc : Machine path: C:\Users\Wilder\zelda
2019-04-14 17:49:11,430 : ConfigProcessor : Config file in cache changed: C:\Users\Wilder\zelda\config\config
2019-04-14 17:49:11,430 : ConfigProcessor : Loading config from file c:\users\wilder\appdata\local\programs\python\python36\lib\site-packages\mpfmc\mcconfig.yaml.
2019-04-14 17:49:11,431 : YAML File Interface : Loading file: c:\users\wilder\appdata\local\programs\python\python36\lib\site-packages\mpfmc\mcconfig.yaml
2019-04-14 17:49:11,639 : ConfigProcessor : Loading config: c:\users\wilder\appdata\local\programs\python\python36\lib\site-packages\mpfmc\mcconfig.yaml
2019-04-14 17:49:11,654 : ConfigProcessor : Loading config from file C:\Users\Wilder\zelda\config\config.
2019-04-14 17:49:11,654 : YAML File Interface : Loading file: C:\Users\Wilder\zelda\config\config.yaml
2019-04-14 17:49:11,830 : ConfigProcessor : Loading config: C:\Users\Wilder\zelda\config\config
2019-04-14 17:49:11,831 : YAML File Interface : Loading file: C:\Users\Wilder\zelda\config\hardware.yaml
2019-04-14 17:49:12,227 : ConfigProcessor : Loading config: C:\Users\Wilder\zelda\config\hardware.yaml
2019-04-14 17:49:12,230 : YAML File Interface : Loading file: C:\Users\Wilder\zelda\config\keyboard.yaml
2019-04-14 17:49:12,265 : ConfigProcessor : Loading config: C:\Users\Wilder\zelda\config\keyboard.yaml
2019-04-14 17:49:12,268 : YAML File Interface : Loading file: C:\Users\Wilder\zelda\config\videos.yaml
2019-04-14 17:49:12,358 : ConfigProcessor : Loading config: C:\Users\Wilder\zelda\config\videos.yaml
2019-04-14 17:49:12,365 : ConfigProcessor : Config file cache created: C:\Users\Wilder\AppData\Local\Temp\33abdcfcf65e636611bd498b89cbbd0e.mpf_cache
2019-04-14 17:49:12,366 : mpfmc : Starting clock at 60.0Hz
2019-04-14 17:49:13,444 : kivy : Text: Provider: sdl2
2019-04-14 17:49:16,907 : kivy : Window: Provider: sdl2
2019-04-14 17:49:24,145 : kivy : GL: Using the "OpenGL" graphics system
2019-04-14 17:49:26,524 : kivy : GL: GLEW initialization succeeded
2019-04-14 17:49:26,526 : kivy : GL: available extensions: b'GL_EXT_blend_minmax GL_EXT_blend_subtract GL_EXT_blend_color GL_EXT_abgr GL_EXT_texture3D GL_EXT_clip_volume_hint GL_EXT_compiled_vertex_array GL_SGIS_texture_edge_clamp GL_SGIS_generate_mipmap GL_EXT_draw_range_elements GL_SGIS_texture_lod GL_EXT_rescale_normal GL_EXT_packed_pixels GL_EXT_texture_edge_clamp GL_EXT_separate_specular_color GL_ARB_multitexture GL_EXT_texture_env_combine GL_EXT_bgra GL_EXT_blend_func_separate GL_EXT_secondary_color GL_EXT_fog_coord GL_EXT_texture_env_add GL_ARB_texture_cube_map GL_ARB_transpose_matrix GL_ARB_texture_env_add GL_IBM_texture_mirrored_repeat GL_EXT_multi_draw_arrays GL_NV_blend_square GL_ARB_texture_compression GL_3DFX_texture_compression_FXT1 GL_EXT_texture_filter_anisotropic GL_ARB_texture_border_clamp GL_ARB_point_parameters GL_ARB_texture_env_combine GL_ARB_texture_env_dot3 GL_ARB_texture_env_crossbar GL_EXT_texture_compression_s3tc GL_ARB_shadow GL_ARB_window_pos GL_EXT_shadow_funcs GL_EXT_stencil_wrap GL_ARB_vertex_program GL_EXT_texture_rectangle GL_ARB_fragment_program GL_EXT_stencil_two_side GL_ATI_separate_stencil GL_ARB_vertex_buffer_object GL_EXT_texture_lod_bias GL_ARB_occlusion_query GL_ARB_fragment_shader GL_ARB_shader_objects GL_ARB_shading_language_100 GL_ARB_texture_non_power_of_two GL_ARB_vertex_shader GL_NV_texgen_reflection GL_ARB_point_sprite GL_EXT_blend_equation_separate GL_ARB_depth_texture GL_ARB_texture_rectangle GL_ARB_draw_buffers GL_ARB_color_buffer_float GL_ARB_half_float_pixel GL_ARB_texture_float GL_ARB_pixel_buffer_object GL_EXT_framebuffer_object GL_ARB_draw_instanced GL_ARB_half_float_vertex GL_EXT_draw_buffers2 GL_WIN_swap_hint GL_EXT_texture_sRGB GL_ARB_multisample GL_EXT_packed_float GL_EXT_texture_shared_exponent GL_ARB_texture_rg GL_ARB_texture_compression_rgtc GL_NV_conditional_render GL_EXT_texture_swizzle GL_ARB_framebuffer_sRGB GL_EXT_packed_depth_stencil GL_ARB_depth_buffer_float GL_EXT_transform_feedback GL_EXT_framebuffer_blit GL_EXT_framebuffer_multisample GL_ARB_framebuffer_object GL_EXT_texture_array GL_EXT_texture_integer GL_ARB_map_buffer_range GL_EXT_texture_snorm GL_INTEL_performance_queries GL_ARB_vertex_array_object '
2019-04-14 17:49:26,526 : kivy : GL: glShaderBinary is not available
2019-04-14 17:49:26,526 : kivy : GL: Backend used <glew>
2019-04-14 17:49:26,556 : kivy : GL: OpenGL version <b'3.0.0 - Build 8.15.10.2342'>
2019-04-14 17:49:26,557 : kivy : GL: OpenGL vendor <b'Intel'>
2019-04-14 17:49:26,557 : kivy : GL: OpenGL renderer <b'Intel(R) HD Graphics Family'>
2019-04-14 17:49:26,557 : kivy : GL: OpenGL parsed version: 3, 0
2019-04-14 17:49:26,557 : kivy : GL: Shading version <b'1.30  - Intel Build 8.15.10.2342'>
2019-04-14 17:49:26,558 : kivy : GL: Texture max size <4096>
2019-04-14 17:49:26,558 : kivy : GL: Texture max units <16>
2019-04-14 17:49:27,108 : kivy : Shader: Fragment compiled successfully
2019-04-14 17:49:27,108 : kivy : Shader: Vertex compiled successfully
2019-04-14 17:49:27,515 : kivy : ImageSDL2: Load <c:\users\wilder\appdata\local\programs\python\python36\lib\site-packages\kivy\data\glsl\default.png>
2019-04-14 17:49:27,809 : kivy : Window: auto add sdl2 input provider
2019-04-14 17:49:27,809 : kivy : Window: virtual keyboard not allowed, single mode, not docked
2019-04-14 17:49:28,521 : mpfmc : Machine path: C:\Users\Wilder\zelda
2019-04-14 17:49:28,614 : kivy : Resource: add <C:\Users\Wilder\zelda\fonts> in path list
2019-04-14 17:49:28,614 : kivy : Resource: add <c:\users\wilder\appdata\local\programs\python\python36\lib\site-packages\mpfmc\fonts> in path list
2019-04-14 17:49:28,615 : SoundSystem : Loading the Sound System
2019-04-14 17:50:12,691 : AudioInterface : Initialized
2019-04-14 17:50:12,719 : AudioInterface : Loaded SDL 2.0.5
2019-04-14 17:50:12,719 : AudioInterface : Loaded SDL_Mixer 2.0.1
2019-04-14 17:50:12,719 : AudioInterface : Loaded GStreamer 1.10.2.0
2019-04-14 17:50:12,720 : AudioInterface : Loaded GLib 2.48.1
2019-04-14 17:50:12,720 : AudioInterface : Settings requested - rate: 44100, channels: 1, buffer: 2048 samples
2019-04-14 17:50:12,720 : AudioInterface : Settings in use - rate: 44100, channels: 1, buffer: 2048 samples (4096 bytes @ 2 bytes per sample)
2019-04-14 17:50:12,760 : Track : Allocated track audio buffer (4096 bytes)
2019-04-14 17:50:12,761 : Track.0.TrackStandard.music : Created Track 0 music with the following settings: simultaneous_sounds = 2, volume = 0.500000
2019-04-14 17:50:12,761 : AudioInterface : The 'music' standard track has successfully been created.
2019-04-14 17:50:12,762 : Track : Allocated track audio buffer (4096 bytes)
2019-04-14 17:50:12,762 : Track.1.TrackStandard.voice : Created Track 1 voice with the following settings: simultaneous_sounds = 1, volume = 0.700000
2019-04-14 17:50:12,762 : AudioInterface : The 'voice' standard track has successfully been created.
2019-04-14 17:50:12,762 : Track : Allocated track audio buffer (4096 bytes)
2019-04-14 17:50:12,763 : Track.2.TrackStandard.sfx : Created Track 2 sfx with the following settings: simultaneous_sounds = 8, volume = 0.900000
2019-04-14 17:50:12,763 : AudioInterface : The 'sfx' standard track has successfully been created.
2019-04-14 17:50:12,763 : AudioInterface : Enabling audio playback
2019-04-14 17:50:12,767 : kivy : App: Loading kv <c:\users\wilder\appdata\local\programs\python\python36\lib\site-packages\mpfmc\core\mpfmc.kv>
2019-04-14 17:50:12,768 : kivy : App: kv <c:\users\wilder\appdata\local\programs\python\python36\lib\site-packages\mpfmc\core\mpfmc.kv> not found
2019-04-14 17:50:12,769 : kivy : Base: Create provider from mouse,multitouch_on_demand
2019-04-14 17:50:12,769 : kivy : Base: Create provider from wm_touch
2019-04-14 17:50:12,770 : kivy : Base: Create provider from wm_pen
2019-04-14 17:50:12,770 : kivy : Base: Start application main loop
2019-04-14 17:50:12,801 : EventManager : Event: ======'display_lcd_initialized'====== Args={}
2019-04-14 17:50:13,182 : mpfmc : Display: Setting 'lcd' as default display
2019-04-14 17:50:13,571 : EventManager : Event: ======'displays_initialized'====== Args={}
2019-04-14 17:50:13,573 : EventManager : Event: ======'slide_lcd_blank_created'====== Args={}
2019-04-14 17:50:13,574 : EventManager : Event: ======'display_lcd_ready'====== Args={}
2019-04-14 17:50:14,981 : EventManager : Event: ======'init_phase_1'====== Args={}
2019-04-14 17:50:15,027 : EventManager : Event: ======'mc_ready'====== Args={}
2019-04-14 17:50:15,027 : EventManager : Event: ======'init_phase_2'====== Args={}
2019-04-14 17:50:15,028 : ModeController : Found MPF Mode folders: {'attract': 'attract', 'bonus': 'bonus', 'carousel': 'carousel', 'credits': 'credits', 'game': 'game', 'high_score': 'high_score', 'match': 'match', 'service': 'service', 'tilt': 'tilt'}
2019-04-14 17:50:15,032 : ModeController : Found Machine-specific Mode folders: {'2ballescape': '2ballescape', '2ballqualifier': '2ballqualifier', '5waycombotracker': '5waycombotracker', 'agahnim_multiball': 'agahnim_multiball', 'attract': 'attract', 'attract_carousel': 'attract_carousel', 'ball_hold_tracker': 'ball_hold_tracker', 'ball_save': 'ball_save', 'base': 'base', 'bomb_finder': 'bomb_finder', 'bottle_filler': 'bottle_filler', 'darkworld': 'darkworld', 'escape': 'escape', 'escapehurryup': 'escapehurryup', 'escape_starter': 'escape_starter', 'extraball': 'extraball', 'gameoverplayer': 'gameoverplayer', 'heartmeter': 'heartmeter', 'heart_tracker': 'heart_tracker', 'high_score': 'high_score', 'item_tracker': 'item_tracker', 'light_world': 'light_world', 'lost_woods': 'lost_woods', 'lost_woods_starter': 'lost_woods_starter', 'master_sword_buildup': 'master_sword_buildup', 'mode_tracker': 'mode_tracker', 'music_player': 'music_player', 'playfield_multiplier': 'playfield_multiplier', 'rupee2x_finder': 'rupee2x_finder', 'rupee3x_finder': 'rupee3x_finder', 'rupee_finder': 'rupee_finder', 'shots': 'shots', 'skillshot_ballsave': 'skillshot_ballsave', 'skill_shot': 'skill_shot', 'slide_tracker': 'slide_tracker', 'unusual_show_tracker': 'unusual_show_tracker', 'video_player': 'video_player'}
2019-04-14 17:50:15,033 : ConfigProcessor : Loading config from cache: C:\Users\Wilder\AppData\Local\Temp\fd6423453738b6cee138971698f65579.mpf_cache
2019-04-14 17:50:15,034 : ConfigProcessor : Loading config from cache: C:\Users\Wilder\AppData\Local\Temp\6fc1a42fdd0d487285862f5b943c745e.mpf_cache
2019-04-14 17:50:15,035 : ConfigProcessor : Loading config from cache: C:\Users\Wilder\AppData\Local\Temp\b0bcc174d8c9595c3b107b2ba9cf1c73.mpf_cache
2019-04-14 17:50:15,036 : ConfigProcessor : Loading config from cache: C:\Users\Wilder\AppData\Local\Temp\dd39e2de39eb354a1ec99be2f3167765.mpf_cache
2019-04-14 17:50:15,037 : ConfigProcessor : Loading config from cache: C:\Users\Wilder\AppData\Local\Temp\43a06f52d0e9cf0597140b4c27159d40.mpf_cache
2019-04-14 17:50:15,038 : ConfigProcessor : Loading config from cache: C:\Users\Wilder\AppData\Local\Temp\96294a9578657f44941f2a8ec647ae36.mpf_cache
2019-04-14 17:50:15,040 : ConfigProcessor : Loading config from cache: C:\Users\Wilder\AppData\Local\Temp\cb8b20150020107be74f23a2ee427f56.mpf_cache
2019-04-14 17:50:15,085 : ConfigProcessor : Loading config from cache: C:\Users\Wilder\AppData\Local\Temp\a31feedcb4b85bf76d76fe6a1222bc90.mpf_cache
2019-04-14 17:50:15,088 : ConfigProcessor : Loading config from cache: C:\Users\Wilder\AppData\Local\Temp\da675f6b180b79eecb40cb5eb7f75a18.mpf_cache
2019-04-14 17:50:15,089 : ConfigProcessor : Loading config from cache: C:\Users\Wilder\AppData\Local\Temp\8b601767b8d464abeaa513b42e6346a8.mpf_cache
2019-04-14 17:50:15,090 : ConfigProcessor : Loading config from cache: C:\Users\Wilder\AppData\Local\Temp\4afc9f23ca6340163a8bb51d7deea78f.mpf_cache
2019-04-14 17:50:15,107 : ConfigProcessor : Loading config from cache: C:\Users\Wilder\AppData\Local\Temp\d9d23a2a9a3117f1553491692ff1c689.mpf_cache
2019-04-14 17:50:15,109 : ConfigProcessor : Loading config from cache: C:\Users\Wilder\AppData\Local\Temp\dbd150f896646081271b7a77a791f2fa.mpf_cache
2019-04-14 17:50:15,121 : ConfigProcessor : Loading config from cache: C:\Users\Wilder\AppData\Local\Temp\c35ad2e595070cac0b6f696d6f7f6af6.mpf_cache
2019-04-14 17:50:15,123 : ConfigProcessor : Loading config from cache: C:\Users\Wilder\AppData\Local\Temp\1f8ff34a8859f8c62d77912f33e29b9c.mpf_cache
2019-04-14 17:50:15,126 : ConfigProcessor : Loading config from cache: C:\Users\Wilder\AppData\Local\Temp\fc30620fce8f82c18fed051cdde27ef9.mpf_cache
2019-04-14 17:50:15,127 : ConfigProcessor : Loading config from cache: C:\Users\Wilder\AppData\Local\Temp\7b0dcc699efc7732bf9d3e57ee202517.mpf_cache
2019-04-14 17:50:15,130 : ConfigProcessor : Loading config from cache: C:\Users\Wilder\AppData\Local\Temp\916c9e2d9177837f45e9cdbb7c1d0b93.mpf_cache
2019-04-14 17:50:15,131 : ConfigProcessor : Loading config from cache: C:\Users\Wilder\AppData\Local\Temp\28e1731e516595966b3afcb08910cb63.mpf_cache
2019-04-14 17:50:15,132 : ConfigProcessor : Loading config from cache: C:\Users\Wilder\AppData\Local\Temp\c3fd2c292a6c0d3463ad9b4555730ad5.mpf_cache
2019-04-14 17:50:15,135 : ConfigProcessor : Loading config from cache: C:\Users\Wilder\AppData\Local\Temp\34c6448537d1c95c89cf73a07c0f99c9.mpf_cache
2019-04-14 17:50:15,136 : ConfigProcessor : Loading config from cache: C:\Users\Wilder\AppData\Local\Temp\c5e5b78d841dff96974ddb92030af0a9.mpf_cache
2019-04-14 17:50:15,139 : ConfigProcessor : Loading config from cache: C:\Users\Wilder\AppData\Local\Temp\072dbb4c30ca18f53440337aa5cd71bd.mpf_cache
2019-04-14 17:50:15,140 : ConfigProcessor : Loading config from cache: C:\Users\Wilder\AppData\Local\Temp\58a9cd5447353eacedab412f1c10b0ab.mpf_cache
2019-04-14 17:50:15,143 : ConfigProcessor : Loading config from cache: C:\Users\Wilder\AppData\Local\Temp\58664c35241624b07b13025a5964d2a4.mpf_cache
2019-04-14 17:50:15,300 : ConfigProcessor : Loading config from cache: C:\Users\Wilder\AppData\Local\Temp\b0ee6a771658ae3fb7e70c6d5ff59887.mpf_cache
2019-04-14 17:50:15,302 : ConfigProcessor : Loading config from cache: C:\Users\Wilder\AppData\Local\Temp\aecceeb5afbfdc7257044e8417ebcf98.mpf_cache
2019-04-14 17:50:15,302 : ConfigProcessor : Loading config from cache: C:\Users\Wilder\AppData\Local\Temp\86e0d165ea95889c95b56598c3ebe263.mpf_cache
2019-04-14 17:50:15,312 : ConfigProcessor : Loading config from cache: C:\Users\Wilder\AppData\Local\Temp\f394a72c4810bb1cc42cac0690a90dcf.mpf_cache
2019-04-14 17:50:15,316 : ConfigProcessor : Loading config from cache: C:\Users\Wilder\AppData\Local\Temp\225554da95d8871f7382aa94a6d6b3eb.mpf_cache
2019-04-14 17:50:15,317 : ConfigProcessor : Loading config from cache: C:\Users\Wilder\AppData\Local\Temp\6fd2b5e36bbbd9c12f9ee3aa32f1ceca.mpf_cache
2019-04-14 17:50:15,317 : ConfigProcessor : Loading config from cache: C:\Users\Wilder\AppData\Local\Temp\05768db999abb9e30be16a432a0581c8.mpf_cache
2019-04-14 17:50:15,318 : ConfigProcessor : Loading config from cache: C:\Users\Wilder\AppData\Local\Temp\6eb8b6e4728e10ce756703e43167d298.mpf_cache
2019-04-14 17:50:15,320 : ConfigProcessor : Loading config from cache: C:\Users\Wilder\AppData\Local\Temp\3485f9bf4bb8d1d21be6de1438e091ba.mpf_cache
2019-04-14 17:50:15,321 : ConfigProcessor : Loading config from cache: C:\Users\Wilder\AppData\Local\Temp\6cbeeb809d9de6fbbf2951c4e6867473.mpf_cache
2019-04-14 17:50:15,321 : EventManager : Event: ======'init_phase_3'====== Args={}
2019-04-14 17:50:15,516 : AssetManager : Registering Asset: darkworldstoryslide, File: darkworldstoryslide.png, Default Group: default, Final Config: {'load': 'preload', 'file': 'C:\\Users\\Wilder\\zelda\\images\\darkworldstoryslide.png'}
2019-04-14 17:50:15,516 : AssetManager : Registering Asset: darkworld_instructional, File: darkworld_instructional.png, Default Group: default, Final Config: {'load': 'preload', 'file': 'C:\\Users\\Wilder\\zelda\\images\\darkworld_instructional.png'}
2019-04-14 17:50:15,516 : AssetManager : Registering Asset: fast_logo, File: fast_logo.jpg, Default Group: default, Final Config: {'load': 'preload', 'file': 'C:\\Users\\Wilder\\zelda\\images\\fast_logo.jpg'}
2019-04-14 17:50:15,517 : AssetManager : Registering Asset: heartimage, File: heartimage.png, Default Group: default, Final Config: {'load': 'preload', 'file': 'C:\\Users\\Wilder\\zelda\\images\\heartimage.png'}
2019-04-14 17:50:15,517 : AssetManager : Registering Asset: mpf_logo, File: mpf_logo.png, Default Group: default, Final Config: {'load': 'preload', 'file': 'C:\\Users\\Wilder\\zelda\\images\\mpf_logo.png'}
2019-04-14 17:50:15,857 : AssetManager : Registering Asset: 5waycombovideo, File: 5waycombovideo.mp4, Default Group: default, Final Config: {'load': 'preload', 'file': 'C:\\Users\\Wilder\\zelda\\videos\\5waycombovideo.mp4', 'width': 1280, 'height': 720}
2019-04-14 17:50:15,858 : AssetManager : Registering Asset: agahnimdefeatedvideo, File: agahnimdefeatedvideo.mp4, Default Group: default, Final Config: {'load': 'preload', 'file': 'C:\\Users\\Wilder\\zelda\\videos\\agahnimdefeatedvideo.mp4', 'width': 1280, 'height': 720}
2019-04-14 17:50:15,858 : AssetManager : Registering Asset: agahnimhitvideo, File: agahnimhitvideo.mp4, Default Group: default, Final Config: {'load': 'preload', 'file': 'C:\\Users\\Wilder\\zelda\\videos\\agahnimhitvideo.mp4', 'width': 1280, 'height': 720}
2019-04-14 17:50:15,858 : AssetManager : Registering Asset: agahnimstrikevideo, File: agahnimstrikevideo.mp4, Default Group: default, Final Config: {'load': 'preload', 'file': 'C:\\Users\\Wilder\\zelda\\videos\\agahnimstrikevideo.mp4', 'width': 1280, 'height': 720}
2019-04-14 17:50:15,859 : AssetManager : Registering Asset: attractvideo, File: attractvideo.mp4, Default Group: default, Final Config: {'load': 'preload', 'file': 'C:\\Users\\Wilder\\zelda\\videos\\attractvideo.mp4'}
2019-04-14 17:50:15,859 : AssetManager : Registering Asset: bluemailvideo, File: bluemailvideo.mp4, Default Group: default, Final Config: {'load': 'preload', 'file': 'C:\\Users\\Wilder\\zelda\\videos\\bluemailvideo.mp4', 'width': 1280, 'height': 720}
2019-04-14 17:50:15,859 : AssetManager : Registering Asset: bombblastvideo, File: bombblastvideo.mp4, Default Group: default, Final Config: {'load': 'preload', 'file': 'C:\\Users\\Wilder\\zelda\\videos\\bombblastvideo.mp4'}
2019-04-14 17:50:15,859 : AssetManager : Registering Asset: boomerangfound, File: boomerangfound.mp4, Default Group: default, Final Config: {'load': 'preload', 'file': 'C:\\Users\\Wilder\\zelda\\videos\\boomerangfound.mp4'}
2019-04-14 17:50:15,859 : AssetManager : Registering Asset: boss1progress1, File: boss1progress1.mp4, Default Group: default, Final Config: {'load': 'preload', 'file': 'C:\\Users\\Wilder\\zelda\\videos\\boss1progress1.mp4', 'width': 1280, 'height': 720}
2019-04-14 17:50:15,859 : AssetManager : Registering Asset: boss1progress2, File: boss1progress2.mp4, Default Group: default, Final Config: {'load': 'preload', 'file': 'C:\\Users\\Wilder\\zelda\\videos\\boss1progress2.mp4', 'width': 1280, 'height': 720}
2019-04-14 17:50:15,860 : AssetManager : Registering Asset: boss2progress1, File: boss2progress1.mp4, Default Group: default, Final Config: {'load': 'preload', 'file': 'C:\\Users\\Wilder\\zelda\\videos\\boss2progress1.mp4', 'width': 1280, 'height': 720}
2019-04-14 17:50:15,860 : AssetManager : Registering Asset: boss2progress2, File: boss2progress2.mp4, Default Group: default, Final Config: {'load': 'preload', 'file': 'C:\\Users\\Wilder\\zelda\\videos\\boss2progress2.mp4', 'width': 1280, 'height': 720}
2019-04-14 17:50:15,860 : AssetManager : Registering Asset: boss3progress1, File: boss3progress1.mp4, Default Group: default, Final Config: {'load': 'preload', 'file': 'C:\\Users\\Wilder\\zelda\\videos\\boss3progress1.mp4', 'width': 1280, 'height': 720}
2019-04-14 17:50:15,860 : AssetManager : Registering Asset: boss3progress2, File: boss3progress2.mp4, Default Group: default, Final Config: {'load': 'preload', 'file': 'C:\\Users\\Wilder\\zelda\\videos\\boss3progress2.mp4', 'width': 1280, 'height': 720}
2019-04-14 17:50:15,860 : AssetManager : Registering Asset: bowfound, File: bowfound.mp4, Default Group: default, Final Config: {'load': 'preload', 'file': 'C:\\Users\\Wilder\\zelda\\videos\\bowfound.mp4'}
2019-04-14 17:50:15,860 : AssetManager : Registering Asset: castlestairs, File: castlestairs.mp4, Default Group: default, Final Config: {'load': 'preload', 'file': 'C:\\Users\\Wilder\\zelda\\videos\\castlestairs.mp4'}
2019-04-14 17:50:15,861 : AssetManager : Registering Asset: confrontagahnim, File: confrontagahnim.mp4, Default Group: default, Final Config: {'load': 'preload', 'file': 'C:\\Users\\Wilder\\zelda\\videos\\confrontagahnim.mp4'}
2019-04-14 17:50:15,861 : AssetManager : Registering Asset: darkworldstart, File: darkworldstart.mp4, Default Group: default, Final Config: {'load': 'preload', 'file': 'C:\\Users\\Wilder\\zelda\\videos\\darkworldstart.mp4', 'width': 1280, 'height': 720}
2019-04-14 17:50:15,861 : AssetManager : Registering Asset: dungeon1boss, File: dungeon1boss.mp4, Default Group: default, Final Config: {'load': 'preload', 'file': 'C:\\Users\\Wilder\\zelda\\videos\\dungeon1boss.mp4', 'width': 1280, 'height': 720}
2019-04-14 17:50:15,861 : AssetManager : Registering Asset: dungeon2boss, File: dungeon2boss.mp4, Default Group: default, Final Config: {'load': 'preload', 'file': 'C:\\Users\\Wilder\\zelda\\videos\\dungeon2boss.mp4', 'width': 1280, 'height': 720}
2019-04-14 17:50:15,861 : AssetManager : Registering Asset: dungeon3boss, File: dungeon3boss.mp4, Default Group: default, Final Config: {'load': 'preload', 'file': 'C:\\Users\\Wilder\\zelda\\videos\\dungeon3boss.mp4', 'width': 1280, 'height': 720}
2019-04-14 17:50:15,861 : AssetManager : Registering Asset: dungeon4boss, File: dungeon4boss.mp4, Default Group: default, Final Config: {'load': 'preload', 'file': 'C:\\Users\\Wilder\\zelda\\videos\\dungeon4boss.mp4', 'width': 1280, 'height': 720}
2019-04-14 17:50:15,862 : AssetManager : Registering Asset: dungeon5boss, File: dungeon5boss.mp4, Default Group: default, Final Config: {'load': 'preload', 'file': 'C:\\Users\\Wilder\\zelda\\videos\\dungeon5boss.mp4', 'width': 1280, 'height': 720}
2019-04-14 17:50:15,862 : AssetManager : Registering Asset: dungeon6boss, File: dungeon6boss.mp4, Default Group: default, Final Config: {'load': 'preload', 'file': 'C:\\Users\\Wilder\\zelda\\videos\\dungeon6boss.mp4', 'width': 1280, 'height': 720}
2019-04-14 17:50:15,862 : AssetManager : Registering Asset: dungeon7boss, File: dungeon7boss.mp4, Default Group: default, Final Config: {'load': 'preload', 'file': 'C:\\Users\\Wilder\\zelda\\videos\\dungeon7boss.mp4', 'width': 1280, 'height': 720}
2019-04-14 17:50:15,862 : AssetManager : Registering Asset: extraball, File: extraball.mp4, Default Group: default, Final Config: {'load': 'preload', 'file': 'C:\\Users\\Wilder\\zelda\\videos\\extraball.mp4'}
2019-04-14 17:50:15,862 : AssetManager : Registering Asset: flippervideo, File: flippervideo.mp4, Default Group: default, Final Config: {'load': 'preload', 'file': 'C:\\Users\\Wilder\\zelda\\videos\\flippervideo.mp4', 'width': 1280, 'height': 720}
2019-04-14 17:50:15,862 : AssetManager : Registering Asset: hammervideo, File: hammervideo.mp4, Default Group: default, Final Config: {'load': 'preload', 'file': 'C:\\Users\\Wilder\\zelda\\videos\\hammervideo.mp4', 'width': 1280, 'height': 720}
2019-04-14 17:50:15,862 : AssetManager : Registering Asset: hookshotvideo, File: hookshotvideo.mp4, Default Group: default, Final Config: {'load': 'preload', 'file': 'C:\\Users\\Wilder\\zelda\\videos\\hookshotvideo.mp4', 'width': 1280, 'height': 720}
2019-04-14 17:50:15,863 : AssetManager : Registering Asset: linkdyingvideo, File: linkdyingvideo.mp4, Default Group: default, Final Config: {'load': 'preload', 'file': 'C:\\Users\\Wilder\\zelda\\videos\\linkdyingvideo.mp4'}
2019-04-14 17:50:15,863 : AssetManager : Registering Asset: maiden1, File: maiden1.mp4, Default Group: default, Final Config: {'load': 'preload', 'file': 'C:\\Users\\Wilder\\zelda\\videos\\maiden1.mp4', 'width': 1280, 'height': 720}
2019-04-14 17:50:15,863 : AssetManager : Registering Asset: maiden2, File: maiden2.mp4, Default Group: default, Final Config: {'load': 'preload', 'file': 'C:\\Users\\Wilder\\zelda\\videos\\maiden2.mp4', 'width': 1280, 'height': 720}
2019-04-14 17:50:15,863 : AssetManager : Registering Asset: maiden3, File: maiden3.mp4, Default Group: default, Final Config: {'load': 'preload', 'file': 'C:\\Users\\Wilder\\zelda\\videos\\maiden3.mp4', 'width': 1280, 'height': 720}
2019-04-14 17:50:15,863 : AssetManager : Registering Asset: maiden4, File: maiden4.mp4, Default Group: default, Final Config: {'load': 'preload', 'file': 'C:\\Users\\Wilder\\zelda\\videos\\maiden4.mp4', 'width': 1280, 'height': 720}
2019-04-14 17:50:15,863 : AssetManager : Registering Asset: maiden5, File: maiden5.mp4, Default Group: default, Final Config: {'load': 'preload', 'file': 'C:\\Users\\Wilder\\zelda\\videos\\maiden5.mp4', 'width': 1280, 'height': 720}
2019-04-14 17:50:15,864 : AssetManager : Registering Asset: maiden6, File: maiden6.mp4, Default Group: default, Final Config: {'load': 'preload', 'file': 'C:\\Users\\Wilder\\zelda\\videos\\maiden6.mp4', 'width': 1280, 'height': 720}
2019-04-14 17:50:15,864 : AssetManager : Registering Asset: maiden7, File: maiden7.mp4, Default Group: default, Final Config: {'load': 'preload', 'file': 'C:\\Users\\Wilder\\zelda\\videos\\maiden7.mp4', 'width': 1280, 'height': 720}
2019-04-14 17:50:15,864 : AssetManager : Registering Asset: masterswordpulled, File: masterswordpulled.mp4, Default Group: default, Final Config: {'load': 'preload', 'file': 'C:\\Users\\Wilder\\zelda\\videos\\masterswordpulled.mp4'}
2019-04-14 17:50:15,864 : AssetManager : Registering Asset: mirrorvideo, File: mirrorvideo.mp4, Default Group: default, Final Config: {'load': 'preload', 'file': 'C:\\Users\\Wilder\\zelda\\videos\\mirrorvideo.mp4', 'width': 1280, 'height': 720}
2019-04-14 17:50:15,864 : AssetManager : Registering Asset: mode1chaseprogression, File: mode1chaseprogression.mp4, Default Group: default, Final Config: {'load': 'preload', 'file': 'C:\\Users\\Wilder\\zelda\\videos\\mode1chaseprogression.mp4'}
2019-04-14 17:50:15,864 : AssetManager : Registering Asset: mode1finish, File: mode1finish.mp4, Default Group: default, Final Config: {'load': 'preload', 'file': 'C:\\Users\\Wilder\\zelda\\videos\\mode1finish.mp4', 'width': 1280, 'height': 720}
2019-04-14 17:50:15,865 : AssetManager : Registering Asset: mode1progression, File: mode1progression.mp4, Default Group: default, Final Config: {'load': 'preload', 'file': 'C:\\Users\\Wilder\\zelda\\videos\\mode1progression.mp4'}
2019-04-14 17:50:15,865 : AssetManager : Registering Asset: mode1progression2, File: mode1progression2.mp4, Default Group: default, Final Config: {'load': 'preload', 'file': 'C:\\Users\\Wilder\\zelda\\videos\\mode1progression2.mp4'}
2019-04-14 17:50:15,865 : AssetManager : Registering Asset: mode1startvideo, File: mode1startvideo.mp4, Default Group: default, Final Config: {'load': 'preload', 'file': 'C:\\Users\\Wilder\\zelda\\videos\\mode1startvideo.mp4'}
2019-04-14 17:50:15,865 : AssetManager : Registering Asset: mode3progress1, File: mode3progress1.mp4, Default Group: default, Final Config: {'load': 'preload', 'file': 'C:\\Users\\Wilder\\zelda\\videos\\mode3progress1.mp4'}
2019-04-14 17:50:15,865 : AssetManager : Registering Asset: mode3progress3, File: mode3progress3.mp4, Default Group: default, Final Config: {'load': 'preload', 'file': 'C:\\Users\\Wilder\\zelda\\videos\\mode3progress3.mp4'}
2019-04-14 17:50:15,865 : AssetManager : Registering Asset: mode3startmovie, File: mode3startmovie.mp4, Default Group: default, Final Config: {'load': 'preload', 'file': 'C:\\Users\\Wilder\\zelda\\videos\\mode3startmovie.mp4'}
2019-04-14 17:50:15,865 : AssetManager : Registering Asset: moonpearlfound, File: moonpearlfound.mp4, Default Group: default, Final Config: {'load': 'preload', 'file': 'C:\\Users\\Wilder\\zelda\\videos\\moonpearlfound.mp4'}
2019-04-14 17:50:15,866 : AssetManager : Registering Asset: pendant1found, File: pendant1found.mp4, Default Group: default, Final Config: {'load': 'preload', 'file': 'C:\\Users\\Wilder\\zelda\\videos\\pendant1found.mp4'}
2019-04-14 17:50:15,866 : AssetManager : Registering Asset: pendant2found, File: pendant2found.mp4, Default Group: default, Final Config: {'load': 'preload', 'file': 'C:\\Users\\Wilder\\zelda\\videos\\pendant2found.mp4'}
2019-04-14 17:50:15,866 : AssetManager : Registering Asset: pendant3found, File: pendant3found.mp4, Default Group: default, Final Config: {'load': 'preload', 'file': 'C:\\Users\\Wilder\\zelda\\videos\\pendant3found.mp4'}
2019-04-14 17:50:15,866 : AssetManager : Registering Asset: redshieldvideo, File: redshieldvideo.mp4, Default Group: default, Final Config: {'load': 'preload', 'file': 'C:\\Users\\Wilder\\zelda\\videos\\redshieldvideo.mp4', 'width': 1280, 'height': 720}
2019-04-14 17:50:15,866 : AssetManager : Registering Asset: zeldafound, File: zeldafound.mp4, Default Group: default, Final Config: {'load': 'preload', 'file': 'C:\\Users\\Wilder\\zelda\\videos\\zeldafound.mp4'}
2019-04-14 17:50:16,023 : AssetManager : Registering Asset: battle, File: battle.ogg, Default Group: music, Final Config: {'load': 'preload', 'track': 'music', 'file': 'C:\\Users\\Wilder\\zelda\\sounds\\music\\battle.ogg'}
2019-04-14 17:50:16,023 : AssetManager : Registering Asset: darkworld, File: darkworld.ogg, Default Group: music, Final Config: {'load': 'preload', 'track': 'music', 'file': 'C:\\Users\\Wilder\\zelda\\sounds\\music\\darkworld.ogg'}
2019-04-14 17:50:16,024 : AssetManager : Registering Asset: darkworld2, File: darkworld2.ogg, Default Group: music, Final Config: {'load': 'preload', 'track': 'music', 'file': 'C:\\Users\\Wilder\\zelda\\sounds\\music\\darkworld2.ogg'}
2019-04-14 17:50:16,024 : AssetManager : Registering Asset: darkworld_rescue, File: darkworld_rescue.ogg, Default Group: music, Final Config: {'load': 'preload', 'track': 'music', 'file': 'C:\\Users\\Wilder\\zelda\\sounds\\music\\darkworld_rescue.ogg'}
2019-04-14 17:50:16,024 : AssetManager : Registering Asset: forest, File: forest.ogg, Default Group: music, Final Config: {'load': 'preload', 'track': 'music', 'file': 'C:\\Users\\Wilder\\zelda\\sounds\\music\\forest.ogg'}
2019-04-14 17:50:16,024 : AssetManager : Registering Asset: highscore, File: highscore.ogg, Default Group: music, Final Config: {'load': 'preload', 'track': 'music', 'file': 'C:\\Users\\Wilder\\zelda\\sounds\\music\\highscore.ogg'}
2019-04-14 17:50:16,024 : AssetManager : Registering Asset: hyrulecastle, File: hyrulecastle.ogg, Default Group: music, Final Config: {'load': 'preload', 'track': 'music', 'file': 'C:\\Users\\Wilder\\zelda\\sounds\\music\\hyrulecastle.ogg'}
2019-04-14 17:50:16,025 : AssetManager : Registering Asset: light_world_theme, File: light_world_theme.ogg, Default Group: music, Final Config: {'load': 'preload', 'track': 'music', 'file': 'C:\\Users\\Wilder\\zelda\\sounds\\music\\light_world_theme.ogg'}
2019-04-14 17:50:16,025 : AssetManager : Registering Asset: princess_zeldas_rescue, File: princess_zeldas_rescue.ogg, Default Group: music, Final Config: {'load': 'preload', 'track': 'music', 'file': 'C:\\Users\\Wilder\\zelda\\sounds\\music\\princess_zeldas_rescue.ogg'}
2019-04-14 17:50:16,025 : AssetManager : Registering Asset: rainin, File: rainin.ogg, Default Group: music, Final Config: {'load': 'preload', 'track': 'music', 'file': 'C:\\Users\\Wilder\\zelda\\sounds\\music\\rainin.ogg'}
2019-04-14 17:50:16,025 : AssetManager : Registering Asset: rainout, File: rainout.ogg, Default Group: music, Final Config: {'load': 'preload', 'track': 'music', 'file': 'C:\\Users\\Wilder\\zelda\\sounds\\music\\rainout.ogg'}
2019-04-14 17:50:16,026 : AssetManager : Registering Asset: timeoffalling, File: timeoffalling.ogg, Default Group: music, Final Config: {'load': 'preload', 'track': 'music', 'file': 'C:\\Users\\Wilder\\zelda\\sounds\\music\\timeoffalling.ogg'}
2019-04-14 17:50:16,175 : AssetManager : Registering Asset: agahnim_charge, File: agahnim_charge.ogg, Default Group: sfx, Final Config: {'load': 'preload', 'track': 'sfx', 'file': 'C:\\Users\\Wilder\\zelda\\sounds\\sfx\\agahnim_charge.ogg'}
2019-04-14 17:50:16,175 : AssetManager : Registering Asset: agahnim_dash, File: agahnim_dash.ogg, Default Group: sfx, Final Config: {'load': 'preload', 'track': 'sfx', 'file': 'C:\\Users\\Wilder\\zelda\\sounds\\sfx\\agahnim_dash.ogg'}
2019-04-14 17:50:16,175 : AssetManager : Registering Asset: bomb_spots_item, File: bomb_spots_item.ogg, Default Group: sfx, Final Config: {'load': 'preload', 'track': 'sfx', 'file': 'C:\\Users\\Wilder\\zelda\\sounds\\sfx\\bomb_spots_item.ogg'}
2019-04-14 17:50:16,175 : AssetManager : Registering Asset: cannonball, File: cannonball.ogg, Default Group: sfx, Final Config: {'load': 'preload', 'track': 'sfx', 'file': 'C:\\Users\\Wilder\\zelda\\sounds\\sfx\\cannonball.ogg'}
2019-04-14 17:50:16,175 : AssetManager : Registering Asset: charge, File: charge.ogg, Default Group: sfx, Final Config: {'load': 'preload', 'track': 'sfx', 'file': 'C:\\Users\\Wilder\\zelda\\sounds\\sfx\\charge.ogg'}
2019-04-14 17:50:16,176 : AssetManager : Registering Asset: chargeshot, File: chargeshot.ogg, Default Group: sfx, Final Config: {'load': 'preload', 'track': 'sfx', 'file': 'C:\\Users\\Wilder\\zelda\\sounds\\sfx\\chargeshot.ogg'}
2019-04-14 17:50:16,176 : AssetManager : Registering Asset: dash, File: dash.ogg, Default Group: sfx, Final Config: {'load': 'preload', 'track': 'sfx', 'file': 'C:\\Users\\Wilder\\zelda\\sounds\\sfx\\dash.ogg'}
2019-04-14 17:50:16,176 : AssetManager : Registering Asset: doubledoor, File: doubledoor.ogg, Default Group: sfx, Final Config: {'load': 'preload', 'track': 'sfx', 'file': 'C:\\Users\\Wilder\\zelda\\sounds\\sfx\\doubledoor.ogg'}
2019-04-14 17:50:16,176 : AssetManager : Registering Asset: enemykill, File: enemykill.ogg, Default Group: sfx, Final Config: {'load': 'preload', 'track': 'sfx', 'file': 'C:\\Users\\Wilder\\zelda\\sounds\\sfx\\enemykill.ogg'}
2019-04-14 17:50:16,176 : AssetManager : Registering Asset: error, File: error.ogg, Default Group: sfx, Final Config: {'load': 'preload', 'track': 'sfx', 'file': 'C:\\Users\\Wilder\\zelda\\sounds\\sfx\\error.ogg'}
2019-04-14 17:50:16,176 : AssetManager : Registering Asset: extraballsfx, File: extraballsfx.ogg, Default Group: sfx, Final Config: {'load': 'preload', 'track': 'sfx', 'file': 'C:\\Users\\Wilder\\zelda\\sounds\\sfx\\extraballsfx.ogg'}
2019-04-14 17:50:16,176 : AssetManager : Registering Asset: fireball, File: fireball.ogg, Default Group: sfx, Final Config: {'load': 'preload', 'track': 'sfx', 'file': 'C:\\Users\\Wilder\\zelda\\sounds\\sfx\\fireball.ogg'}
2019-04-14 17:50:16,177 : AssetManager : Registering Asset: heart, File: heart.ogg, Default Group: sfx, Final Config: {'load': 'preload', 'track': 'sfx', 'file': 'C:\\Users\\Wilder\\zelda\\sounds\\sfx\\heart.ogg'}
2019-04-14 17:50:16,177 : AssetManager : Registering Asset: heart_piece_sfx, File: heart_piece_sfx.ogg, Default Group: sfx, Final Config: {'load': 'preload', 'track': 'sfx', 'file': 'C:\\Users\\Wilder\\zelda\\sounds\\sfx\\heart_piece_sfx.ogg'}
2019-04-14 17:50:16,177 : AssetManager : Registering Asset: inlanefx, File: inlanefx.ogg, Default Group: sfx, Final Config: {'load': 'preload', 'track': 'sfx', 'file': 'C:\\Users\\Wilder\\zelda\\sounds\\sfx\\inlanefx.ogg'}
2019-04-14 17:50:16,177 : AssetManager : Registering Asset: jets, File: jets.ogg, Default Group: sfx, Final Config: {'load': 'preload', 'track': 'sfx', 'file': 'C:\\Users\\Wilder\\zelda\\sounds\\sfx\\jets.ogg'}
2019-04-14 17:50:16,177 : AssetManager : Registering Asset: key, File: key.ogg, Default Group: sfx, Final Config: {'load': 'preload', 'track': 'sfx', 'file': 'C:\\Users\\Wilder\\zelda\\sounds\\sfx\\key.ogg'}
2019-04-14 17:50:16,177 : AssetManager : Registering Asset: light_world_finished, File: light_world_finished.ogg, Default Group: sfx, Final Config: {'load': 'preload', 'track': 'sfx', 'file': 'C:\\Users\\Wilder\\zelda\\sounds\\sfx\\light_world_finished.ogg'}
2019-04-14 17:50:16,177 : AssetManager : Registering Asset: linkfall, File: linkfall.ogg, Default Group: sfx, Final Config: {'load': 'preload', 'track': 'sfx', 'file': 'C:\\Users\\Wilder\\zelda\\sounds\\sfx\\linkfall.ogg'}
2019-04-14 17:50:16,177 : AssetManager : Registering Asset: linkhurt1, File: linkhurt1.ogg, Default Group: sfx, Final Config: {'load': 'preload', 'track': 'sfx', 'volume': 0.7, 'file': 'C:\\Users\\Wilder\\zelda\\sounds\\sfx\\linkhurt1.ogg'}
2019-04-14 17:50:16,178 : AssetManager : Registering Asset: linkhurt2, File: linkhurt2.ogg, Default Group: sfx, Final Config: {'load': 'preload', 'track': 'sfx', 'volume': 0.7, 'file': 'C:\\Users\\Wilder\\zelda\\sounds\\sfx\\linkhurt2.ogg'}
2019-04-14 17:50:16,178 : AssetManager : Registering Asset: linkhurt3, File: linkhurt3.ogg, Default Group: sfx, Final Config: {'load': 'preload', 'track': 'sfx', 'volume': 0.7, 'file': 'C:\\Users\\Wilder\\zelda\\sounds\\sfx\\linkhurt3.ogg'}
2019-04-14 17:50:16,178 : AssetManager : Registering Asset: link_dying, File: link_dying.ogg, Default Group: sfx, Final Config: {'load': 'preload', 'track': 'sfx', 'file': 'C:\\Users\\Wilder\\zelda\\sounds\\sfx\\link_dying.ogg'}
2019-04-14 17:50:16,178 : AssetManager : Registering Asset: lost_woods_correct, File: lost_woods_correct.ogg, Default Group: sfx, Final Config: {'load': 'preload', 'track': 'sfx', 'file': 'C:\\Users\\Wilder\\zelda\\sounds\\sfx\\lost_woods_correct.ogg'}
2019-04-14 17:50:16,178 : AssetManager : Registering Asset: low_health, File: low_health.ogg, Default Group: sfx, Final Config: {'load': 'preload', 'track': 'sfx', 'file': 'C:\\Users\\Wilder\\zelda\\sounds\\sfx\\low_health.ogg'}
2019-04-14 17:50:16,178 : AssetManager : Registering Asset: magic, File: magic.ogg, Default Group: sfx, Final Config: {'load': 'preload', 'track': 'sfx', 'file': 'C:\\Users\\Wilder\\zelda\\sounds\\sfx\\magic.ogg'}
2019-04-14 17:50:16,178 : AssetManager : Registering Asset: master_sword_fanfare, File: master_sword_fanfare.ogg, Default Group: sfx, Final Config: {'load': 'preload', 'track': 'sfx', 'file': 'C:\\Users\\Wilder\\zelda\\sounds\\sfx\\master_sword_fanfare.ogg'}
2019-04-14 17:50:16,179 : AssetManager : Registering Asset: menu_cursor, File: menu_cursor.ogg, Default Group: sfx, Final Config: {'load': 'preload', 'track': 'sfx', 'file': 'C:\\Users\\Wilder\\zelda\\sounds\\sfx\\menu_cursor.ogg'}
2019-04-14 17:50:16,179 : AssetManager : Registering Asset: menu_select, File: menu_select.ogg, Default Group: sfx, Final Config: {'load': 'preload', 'track': 'sfx', 'file': 'C:\\Users\\Wilder\\zelda\\sounds\\sfx\\menu_select.ogg'}
2019-04-14 17:50:16,179 : AssetManager : Registering Asset: rat, File: rat.ogg, Default Group: sfx, Final Config: {'load': 'preload', 'track': 'sfx', 'file': 'C:\\Users\\Wilder\\zelda\\sounds\\sfx\\rat.ogg'}
2019-04-14 17:50:16,179 : AssetManager : Registering Asset: rupeesfx, File: rupeesfx.ogg, Default Group: sfx, Final Config: {'load': 'preload', 'track': 'sfx', 'file': 'C:\\Users\\Wilder\\zelda\\sounds\\sfx\\rupeesfx.ogg'}
2019-04-14 17:50:16,179 : AssetManager : Registering Asset: shatter, File: shatter.ogg, Default Group: sfx, Final Config: {'load': 'preload', 'track': 'sfx', 'file': 'C:\\Users\\Wilder\\zelda\\sounds\\sfx\\shatter.ogg'}
2019-04-14 17:50:16,179 : AssetManager : Registering Asset: slide_txt_sfx, File: slide_txt_sfx.ogg, Default Group: sfx, Final Config: {'load': 'preload', 'track': 'sfx', 'file': 'C:\\Users\\Wilder\\zelda\\sounds\\sfx\\slide_txt_sfx.ogg'}
2019-04-14 17:50:16,179 : AssetManager : Registering Asset: slingshot, File: slingshot.ogg, Default Group: sfx, Final Config: {'load': 'preload', 'track': 'sfx', 'file': 'C:\\Users\\Wilder\\zelda\\sounds\\sfx\\slingshot.ogg'}
2019-04-14 17:50:16,179 : AssetManager : Registering Asset: sword1, File: sword1.ogg, Default Group: sfx, Final Config: {'load': 'preload', 'track': 'sfx', 'file': 'C:\\Users\\Wilder\\zelda\\sounds\\sfx\\sword1.ogg'}
2019-04-14 17:50:16,180 : AssetManager : Registering Asset: sword2, File: sword2.ogg, Default Group: sfx, Final Config: {'load': 'preload', 'track': 'sfx', 'file': 'C:\\Users\\Wilder\\zelda\\sounds\\sfx\\sword2.ogg'}
2019-04-14 17:50:16,180 : AssetManager : Registering Asset: swordsilence, File: swordsilence.ogg, Default Group: sfx, Final Config: {'load': 'preload', 'track': 'sfx', 'file': 'C:\\Users\\Wilder\\zelda\\sounds\\sfx\\swordsilence.ogg'}
2019-04-14 17:50:16,180 : AssetManager : Registering Asset: treasure_sfx, File: treasure_sfx.ogg, Default Group: sfx, Final Config: {'load': 'preload', 'track': 'sfx', 'file': 'C:\\Users\\Wilder\\zelda\\sounds\\sfx\\treasure_sfx.ogg'}
2019-04-14 17:50:16,180 : AssetManager : Registering Asset: treasure_sfx2, File: treasure_sfx2.ogg, Default Group: sfx, Final Config: {'load': 'preload', 'track': 'sfx', 'file': 'C:\\Users\\Wilder\\zelda\\sounds\\sfx\\treasure_sfx2.ogg'}
2019-04-14 17:50:16,180 : AssetManager : Registering Asset: waterwalk, File: waterwalk.ogg, Default Group: sfx, Final Config: {'load': 'preload', 'track': 'sfx', 'file': 'C:\\Users\\Wilder\\zelda\\sounds\\sfx\\waterwalk.ogg'}
2019-04-14 17:50:16,180 : AssetManager : Registering Asset: worldwarp, File: worldwarp.ogg, Default Group: sfx, Final Config: {'load': 'preload', 'track': 'sfx', 'file': 'C:\\Users\\Wilder\\zelda\\sounds\\sfx\\worldwarp.ogg'}
2019-04-14 17:50:16,208 : EventManager : Event: ======'init_phase_4'====== Args={}
2019-04-14 17:50:16,208 : EventManager : Event: ======'init_phase_5'====== Args={}
2019-04-14 17:50:16,208 : mpfmc : Clearing boot hold init. Holds remaining: {'assets'}
2019-04-14 17:50:17,135 : SoundAsset : Sound charge loading to memory
2019-04-14 17:50:17,761 : SoundMemoryFile : Loaded file: C:\Users\Wilder\zelda\sounds\sfx\charge.ogg Sample duration: 0.33337868480725624
2019-04-14 17:50:17,761 : SoundAsset : Sound cannonball loading to memory
2019-04-14 17:50:17,773 : SoundAsset : Loaded charge (Track sfx)
2019-04-14 17:50:17,773 : EventManager : Event: ======'loading_assets'====== Args={'total': 132, 'loaded': 1, 'remaining': 131, 'percent': 1}
2019-04-14 17:50:17,773 : AssetManager : Loading assets: 1/132 (1%)
2019-04-14 17:50:17,848 : SoundMemoryFile : Loaded file: C:\Users\Wilder\zelda\sounds\sfx\cannonball.ogg Sample duration: 0.3093877551020408
2019-04-14 17:50:17,849 : SoundAsset : Sound bomb_spots_item loading to memory
2019-04-14 17:50:17,860 : SoundAsset : Loaded cannonball (Track sfx)
2019-04-14 17:50:18,014 : SoundMemoryFile : Loaded file: C:\Users\Wilder\zelda\sounds\sfx\bomb_spots_item.ogg Sample duration: 2.0114285714285716
2019-04-14 17:50:18,014 : SoundAsset : Sound agahnim_dash loading to memory
2019-04-14 17:50:18,026 : SoundAsset : Loaded bomb_spots_item (Track sfx)
2019-04-14 17:50:18,026 : EventManager : Event: ======'loading_assets'====== Args={'total': 132, 'loaded': 3, 'remaining': 129, 'percent': 2}
2019-04-14 17:50:18,026 : AssetManager : Loading assets: 3/132 (2%)
2019-04-14 17:50:18,159 : SoundMemoryFile : Loaded file: C:\Users\Wilder\zelda\sounds\sfx\agahnim_dash.ogg Sample duration: 1.815328798185941
2019-04-14 17:50:18,160 : SoundAsset : Sound agahnim_charge loading to memory
2019-04-14 17:50:18,174 : SoundMemoryFile : Loaded file: C:\Users\Wilder\zelda\sounds\sfx\agahnim_charge.ogg Sample duration: 1.6138095238095238
2019-04-14 17:50:18,174 : SoundAsset : Loaded agahnim_dash (Track sfx)
2019-04-14 17:50:18,175 : SoundAsset : Sound timeoffalling loading to memory
2019-04-14 17:50:18,175 : SoundAsset : Loaded agahnim_charge (Track sfx)
2019-04-14 17:50:25,051 : SoundMemoryFile : Loaded file: C:\Users\Wilder\zelda\sounds\music\timeoffalling.ogg Sample duration: 251.01732426303855
2019-04-14 17:50:25,051 : SoundAsset : Sound rainout loading to memory
2019-04-14 17:50:25,080 : SoundAsset : Loaded timeoffalling (Track music)
2019-04-14 17:50:25,080 : SoundMemoryFile : Loaded file: C:\Users\Wilder\zelda\sounds\music\rainout.ogg Sample duration: 5.322176870748299
2019-04-14 17:50:25,080 : EventManager : Event: ======'loading_assets'====== Args={'total': 132, 'loaded': 6, 'remaining': 126, 'percent': 5}
2019-04-14 17:50:25,080 : SoundAsset : Sound rainin loading to memory
2019-04-14 17:50:25,080 : AssetManager : Loading assets: 6/132 (5%)
2019-04-14 17:50:25,080 : SoundAsset : Loaded rainout (Track music)
2019-04-14 17:50:25,150 : SoundMemoryFile : Loaded file: C:\Users\Wilder\zelda\sounds\music\rainin.ogg Sample duration: 5.322993197278912
2019-04-14 17:50:25,151 : SoundAsset : Sound princess_zeldas_rescue loading to memory
2019-04-14 17:50:25,163 : SoundAsset : Loaded rainin (Track music)
2019-04-14 17:50:25,850 : SoundMemoryFile : Loaded file: C:\Users\Wilder\zelda\sounds\music\princess_zeldas_rescue.ogg Sample duration: 93.32351473922903
2019-04-14 17:50:25,851 : SoundAsset : Sound light_world_theme loading to memory
2019-04-14 17:50:25,863 : SoundAsset : Loaded princess_zeldas_rescue (Track music)
2019-04-14 17:50:25,863 : EventManager : Event: ======'loading_assets'====== Args={'total': 132, 'loaded': 9, 'remaining': 123, 'percent': 7}
2019-04-14 17:50:25,863 : AssetManager : Loading assets: 9/132 (7%)
2019-04-14 17:50:29,512 : SoundMemoryFile : Loaded file: C:\Users\Wilder\zelda\sounds\music\light_world_theme.ogg Sample duration: 183.00666666666666
2019-04-14 17:50:29,512 : SoundAsset : Sound hyrulecastle loading to memory
2019-04-14 17:50:29,524 : SoundAsset : Loaded light_world_theme (Track music)
2019-04-14 17:50:29,524 : EventManager : Event: ======'loading_assets'====== Args={'total': 132, 'loaded': 10, 'remaining': 122, 'percent': 8}
2019-04-14 17:50:29,524 : AssetManager : Loading assets: 10/132 (8%)
2019-04-14 17:50:29,525 : kivy : VideoGstplayer: Load <zeldafound>
2019-04-14 17:50:32,257 : SoundMemoryFile : Loaded file: C:\Users\Wilder\zelda\sounds\music\hyrulecastle.ogg Sample duration: 245.14902494331065
2019-04-14 17:50:32,258 : SoundAsset : Sound highscore loading to memory
2019-04-14 17:50:32,258 : SoundAsset : Loaded hyrulecastle (Track music)
2019-04-14 17:50:32,793 : SoundMemoryFile : Loaded file: C:\Users\Wilder\zelda\sounds\music\highscore.ogg Sample duration: 48.03192743764173
2019-04-14 17:50:32,794 : SoundAsset : Sound forest loading to memory
2019-04-14 17:50:35,335 : SoundAsset : Loaded highscore (Track music)
2019-04-14 17:50:35,336 : EventManager : Event: ======'loading_assets'====== Args={'total': 132, 'loaded': 13, 'remaining': 119, 'percent': 10}
2019-04-14 17:50:35,336 : AssetManager : Loading assets: 13/132 (10%)
2019-04-14 17:50:35,337 : SoundMemoryFile : Loaded file: C:\Users\Wilder\zelda\sounds\music\forest.ogg Sample duration: 244.0112471655329
2019-04-14 17:50:35,337 : SoundAsset : Sound darkworld_rescue loading to memory
2019-04-14 17:50:35,809 : SoundAsset : Loaded forest (Track music)
2019-04-14 17:50:35,809 : SoundMemoryFile : Loaded file: C:\Users\Wilder\zelda\sounds\music\darkworld_rescue.ogg Sample duration: 83.10024943310657
2019-04-14 17:50:35,809 : EventManager : Event: ======'loading_assets'====== Args={'total': 132, 'loaded': 14, 'remaining': 118, 'percent': 11}
2019-04-14 17:50:35,809 : SoundAsset : Sound darkworld2 loading to memory
2019-04-14 17:50:35,809 : AssetManager : Loading assets: 14/132 (11%)
2019-04-14 17:50:35,810 : SoundAsset : Loaded darkworld_rescue (Track music)
2019-04-14 17:50:36,769 : SoundMemoryFile : Loaded file: C:\Users\Wilder\zelda\sounds\music\darkworld2.ogg Sample duration: 96.45507936507937
2019-04-14 17:50:36,769 : SoundAsset : Sound darkworld loading to memory
2019-04-14 17:50:36,780 : SoundAsset : Loaded darkworld2 (Track music)
2019-04-14 17:50:36,780 : EventManager : Event: ======'loading_assets'====== Args={'total': 132, 'loaded': 16, 'remaining': 116, 'percent': 12}
2019-04-14 17:50:36,780 : AssetManager : Loading assets: 16/132 (12%)
2019-04-14 17:50:38,684 : SoundMemoryFile : Loaded file: C:\Users\Wilder\zelda\sounds\music\darkworld.ogg Sample duration: 119.28922902494331
2019-04-14 17:50:38,684 : SoundAsset : Sound battle loading to memory
2019-04-14 17:50:41,521 : SoundAsset : Loaded darkworld (Track music)
2019-04-14 17:50:41,521 : SoundMemoryFile : Loaded file: C:\Users\Wilder\zelda\sounds\music\battle.ogg Sample duration: 429.7689569160998
2019-04-14 17:50:41,521 : EventManager : Event: ======'loading_assets'====== Args={'total': 132, 'loaded': 17, 'remaining': 115, 'percent': 13}
2019-04-14 17:50:41,521 : SoundAsset : Sound linkhurt3 loading to memory
2019-04-14 17:50:41,521 : AssetManager : Loading assets: 17/132 (13%)
2019-04-14 17:50:41,522 : SoundAsset : Loaded battle (Track music)
2019-04-14 17:50:41,714 : SoundMemoryFile : Loaded file: C:\Users\Wilder\zelda\sounds\sfx\linkhurt3.ogg Sample duration: 0.2559863945578231
2019-04-14 17:50:41,714 : SoundAsset : Sound linkhurt2 loading to memory
2019-04-14 17:50:42,070 : SoundAsset : Loaded linkhurt3 (Track sfx)
2019-04-14 17:50:42,070 : SoundMemoryFile : Loaded file: C:\Users\Wilder\zelda\sounds\sfx\linkhurt2.ogg Sample duration: 0.2559863945578231
2019-04-14 17:50:42,070 : EventManager : Event: ======'loading_assets'====== Args={'total': 132, 'loaded': 19, 'remaining': 113, 'percent': 14}
2019-04-14 17:50:42,070 : SoundAsset : Sound linkhurt1 loading to memory
2019-04-14 17:50:42,071 : AssetManager : Loading assets: 19/132 (14%)
2019-04-14 17:50:42,071 : SoundAsset : Loaded linkhurt2 (Track sfx)
2019-04-14 17:50:43,557 : SoundMemoryFile : Loaded file: C:\Users\Wilder\zelda\sounds\sfx\linkhurt1.ogg Sample duration: 0.22399092970521542
2019-04-14 17:50:43,567 : SoundAsset : Loaded linkhurt1 (Track sfx)
2019-04-14 17:50:43,567 : EventManager : Event: ======'loading_assets'====== Args={'total': 132, 'loaded': 21, 'remaining': 111, 'percent': 16}
2019-04-14 17:50:43,567 : AssetManager : Loading assets: 21/132 (16%)
2019-04-14 17:50:43,567 : kivy : VideoGstplayer: Load <mode1chaseprogression>
2019-04-14 17:50:43,568 : kivy : VideoGstplayer: Load <C:\Users\Wilder\zelda\videos\zeldafound.mp4>
2019-04-14 17:50:43,569 : kivy : VideoGstplayer: Load <C:\Users\Wilder\zelda\videos\pendant3found.mp4>
2019-04-14 17:50:43,570 : kivy : VideoGstplayer: Load <C:\Users\Wilder\zelda\videos\pendant2found.mp4>
2019-04-14 17:50:43,571 : kivy : VideoGstplayer: Load <C:\Users\Wilder\zelda\videos\pendant1found.mp4>
2019-04-14 17:50:43,572 : kivy : VideoGstplayer: Load <C:\Users\Wilder\zelda\videos\moonpearlfound.mp4>
2019-04-14 17:50:43,573 : kivy : VideoGstplayer: Load <C:\Users\Wilder\zelda\videos\mode3startmovie.mp4>
2019-04-14 17:50:43,574 : kivy : VideoGstplayer: Load <C:\Users\Wilder\zelda\videos\mode3progress3.mp4>
2019-04-14 17:50:43,575 : kivy : VideoGstplayer: Load <C:\Users\Wilder\zelda\videos\mode3progress1.mp4>
2019-04-14 17:50:43,576 : kivy : VideoGstplayer: Load <C:\Users\Wilder\zelda\videos\mode1startvideo.mp4>
2019-04-14 17:50:43,577 : kivy : VideoGstplayer: Load <C:\Users\Wilder\zelda\videos\mode1progression2.mp4>
2019-04-14 17:50:43,580 : kivy : VideoGstplayer: Load <castlestairs>
2019-04-14 17:50:43,581 : kivy : VideoGstplayer: Load <C:\Users\Wilder\zelda\videos\mode1progression.mp4>
2019-04-14 17:50:43,582 : kivy : VideoGstplayer: Load <C:\Users\Wilder\zelda\videos\mode1chaseprogression.mp4>
2019-04-14 17:50:43,583 : kivy : VideoGstplayer: Load <C:\Users\Wilder\zelda\videos\masterswordpulled.mp4>
2019-04-14 17:50:43,584 : kivy : VideoGstplayer: Load <C:\Users\Wilder\zelda\videos\linkdyingvideo.mp4>
2019-04-14 17:50:43,586 : kivy : VideoGstplayer: Load <C:\Users\Wilder\zelda\videos\extraball.mp4>
2019-04-14 17:50:43,587 : kivy : VideoGstplayer: Load <C:\Users\Wilder\zelda\videos\confrontagahnim.mp4>
2019-04-14 17:50:43,588 : kivy : VideoGstplayer: Load <C:\Users\Wilder\zelda\videos\castlestairs.mp4>
2019-04-14 17:50:43,589 : kivy : VideoGstplayer: Load <C:\Users\Wilder\zelda\videos\bowfound.mp4>
2019-04-14 17:50:43,590 : kivy : VideoGstplayer: Load <C:\Users\Wilder\zelda\videos\boomerangfound.mp4>
2019-04-14 17:50:43,591 : kivy : VideoGstplayer: Load <C:\Users\Wilder\zelda\videos\bombblastvideo.mp4>
2019-04-14 17:50:43,592 : kivy : VideoGstplayer: Load <mode1startvideo>
2019-04-14 17:50:43,592 : kivy : VideoGstplayer: Load <C:\Users\Wilder\zelda\videos\attractvideo.mp4>
2019-04-14 17:50:43,593 : kivy : VideoGstplayer: Load <C:\Users\Wilder\zelda\videos\redshieldvideo.mp4>
2019-04-14 17:50:43,594 : kivy : VideoGstplayer: Load <C:\Users\Wilder\zelda\videos\bluemailvideo.mp4>
2019-04-14 17:50:43,596 : kivy : VideoGstplayer: Load <C:\Users\Wilder\zelda\videos\flippervideo.mp4>
2019-04-14 17:50:43,598 : kivy : VideoGstplayer: Load <C:\Users\Wilder\zelda\videos\hammervideo.mp4>
2019-04-14 17:50:43,599 : kivy : VideoGstplayer: Load <C:\Users\Wilder\zelda\videos\hookshotvideo.mp4>
2019-04-14 17:50:43,600 : kivy : VideoGstplayer: Load <C:\Users\Wilder\zelda\videos\mirrorvideo.mp4>
2019-04-14 17:50:43,602 : kivy : VideoGstplayer: Load <C:\Users\Wilder\zelda\videos\5waycombovideo.mp4>
2019-04-14 17:50:43,603 : kivy : VideoGstplayer: Load <C:\Users\Wilder\zelda\videos\maiden7.mp4>
2019-04-14 17:50:43,604 : kivy : VideoGstplayer: Load <C:\Users\Wilder\zelda\videos\maiden6.mp4>
2019-04-14 17:50:43,734 : kivy : ImageSDL2: Load <C:\Users\Wilder\zelda\images\mpf_logo.png>
2019-04-14 17:50:43,758 : kivy : VideoGstplayer: Load <C:\Users\Wilder\zelda\videos\maiden5.mp4>
2019-04-14 17:50:43,759 : kivy : VideoGstplayer: Load <C:\Users\Wilder\zelda\videos\maiden4.mp4>
2019-04-14 17:50:43,760 : kivy : VideoGstplayer: Load <C:\Users\Wilder\zelda\videos\maiden3.mp4>
2019-04-14 17:50:43,760 : kivy : VideoGstplayer: Load <C:\Users\Wilder\zelda\videos\maiden2.mp4>
2019-04-14 17:50:43,761 : kivy : VideoGstplayer: Load <C:\Users\Wilder\zelda\videos\maiden1.mp4>
2019-04-14 17:50:43,761 : kivy : VideoGstplayer: Load <C:\Users\Wilder\zelda\videos\dungeon7boss.mp4>
2019-04-14 17:50:43,762 : kivy : VideoGstplayer: Load <C:\Users\Wilder\zelda\videos\dungeon6boss.mp4>
2019-04-14 17:50:43,762 : kivy : VideoGstplayer: Load <C:\Users\Wilder\zelda\videos\dungeon5boss.mp4>
2019-04-14 17:50:43,763 : kivy : VideoGstplayer: Load <C:\Users\Wilder\zelda\videos\dungeon4boss.mp4>
2019-04-14 17:50:43,764 : kivy : VideoGstplayer: Load <C:\Users\Wilder\zelda\videos\dungeon3boss.mp4>
2019-04-14 17:50:43,828 : kivy : ImageSDL2: Load <C:\Users\Wilder\zelda\images\heartimage.png>
2019-04-14 17:50:43,849 : EventManager : Event: ======'loading_assets'====== Args={'total': 132, 'loaded': 66, 'remaining': 66, 'percent': 50}
2019-04-14 17:50:43,850 : AssetManager : Loading assets: 66/132 (50%)
2019-04-14 17:50:43,850 : kivy : VideoGstplayer: Load <C:\Users\Wilder\zelda\videos\dungeon2boss.mp4>
2019-04-14 17:50:43,850 : kivy : VideoGstplayer: Load <C:\Users\Wilder\zelda\videos\dungeon1boss.mp4>
2019-04-14 17:50:43,851 : kivy : VideoGstplayer: Load <C:\Users\Wilder\zelda\videos\darkworldstart.mp4>
2019-04-14 17:50:43,851 : kivy : VideoGstplayer: Load <C:\Users\Wilder\zelda\videos\agahnimdefeatedvideo.mp4>
2019-04-14 17:50:43,852 : kivy : VideoGstplayer: Load <C:\Users\Wilder\zelda\videos\agahnimhitvideo.mp4>
2019-04-14 17:50:43,852 : kivy : VideoGstplayer: Load <C:\Users\Wilder\zelda\videos\agahnimstrikevideo.mp4>
2019-04-14 17:50:43,853 : kivy : VideoGstplayer: Load <confrontagahnim>
2019-04-14 17:50:43,853 : kivy : VideoGstplayer: Load <masterswordpulled>
2019-04-14 17:50:43,854 : kivy : VideoGstplayer: Load <mode3progress3>
2019-04-14 17:50:43,854 : kivy : VideoGstplayer: Load <mode3progress1>
2019-04-14 17:50:44,156 : kivy : ImageSDL2: Load <C:\Users\Wilder\zelda\images\fast_logo.jpg>
2019-04-14 17:50:44,296 : EventManager : Event: ======'loading_assets'====== Args={'total': 132, 'loaded': 77, 'remaining': 55, 'percent': 58}
2019-04-14 17:50:44,296 : AssetManager : Loading assets: 77/132 (58%)
2019-04-14 17:50:44,296 : kivy : VideoGstplayer: Load <mode3startmovie>
2019-04-14 17:50:44,297 : kivy : VideoGstplayer: Load <pendant3found>
2019-04-14 17:50:44,298 : kivy : VideoGstplayer: Load <C:\Users\Wilder\zelda\videos\boss3progress2.mp4>
2019-04-14 17:50:44,298 : kivy : VideoGstplayer: Load <C:\Users\Wilder\zelda\videos\boss3progress1.mp4>
2019-04-14 17:50:44,299 : kivy : VideoGstplayer: Load <pendant2found>
2019-04-14 17:50:44,299 : kivy : VideoGstplayer: Load <C:\Users\Wilder\zelda\videos\boss2progress2.mp4>
2019-04-14 17:50:44,300 : kivy : VideoGstplayer: Load <C:\Users\Wilder\zelda\videos\boss2progress1.mp4>
2019-04-14 17:50:44,301 : kivy : VideoGstplayer: Load <pendant1found>
2019-04-14 17:50:44,301 : kivy : VideoGstplayer: Load <C:\Users\Wilder\zelda\videos\boss1progress2.mp4>
2019-04-14 17:50:44,302 : kivy : VideoGstplayer: Load <C:\Users\Wilder\zelda\videos\boss1progress1.mp4>
2019-04-14 17:50:44,437 : kivy : ImageSDL2: Load <C:\Users\Wilder\zelda\images\darkworld_instructional.png>
2019-04-14 17:50:44,451 : SoundAsset : Sound worldwarp loading to memory
2019-04-14 17:50:44,463 : kivy : VideoGstplayer: Load <linkdyingvideo>
2019-04-14 17:50:44,464 : kivy : VideoGstplayer: Load <C:\Users\Wilder\zelda\videos\mode1finish.mp4>
2019-04-14 17:50:44,464 : kivy : VideoGstplayer: Load <bomblastvideo>
2019-04-14 17:50:44,465 : kivy : VideoGstplayer: Load <extraball>
2019-04-14 17:50:44,465 : kivy : VideoGstplayer: Load <attractvideo>
2019-04-14 17:50:44,466 : kivy : VideoGstplayer: Load <moonpearlfound>
2019-04-14 17:50:44,552 : SoundMemoryFile : Loaded file: C:\Users\Wilder\zelda\sounds\sfx\worldwarp.ogg Sample duration: 3.946394557823129
2019-04-14 17:50:44,552 : SoundAsset : Sound waterwalk loading to memory
2019-04-14 17:50:44,560 : SoundAsset : Loaded worldwarp (Track sfx)
2019-04-14 17:50:44,560 : EventManager : Event: ======'loading_assets'====== Args={'total': 132, 'loaded': 95, 'remaining': 37, 'percent': 72}
2019-04-14 17:50:44,560 : AssetManager : Loading assets: 95/132 (72%)
2019-04-14 17:50:44,622 : SoundMemoryFile : Loaded file: C:\Users\Wilder\zelda\sounds\sfx\waterwalk.ogg Sample duration: 0.26439909297052155
2019-04-14 17:50:44,622 : SoundAsset : Sound treasure_sfx2 loading to memory
2019-04-14 17:50:44,629 : SoundAsset : Loaded waterwalk (Track sfx)
2019-04-14 17:50:44,716 : SoundMemoryFile : Loaded file: C:\Users\Wilder\zelda\sounds\sfx\treasure_sfx2.ogg Sample duration: 1.5269387755102042
2019-04-14 17:50:44,716 : SoundAsset : Sound treasure_sfx loading to memory
2019-04-14 17:50:44,725 : SoundAsset : Loaded treasure_sfx2 (Track sfx)
2019-04-14 17:50:44,725 : kivy : VideoGstplayer: Load <bowfound>
2019-04-14 17:50:44,859 : SoundMemoryFile : Loaded file: C:\Users\Wilder\zelda\sounds\sfx\treasure_sfx.ogg Sample duration: 1.5269387755102042
2019-04-14 17:50:44,860 : SoundAsset : Sound swordsilence loading to memory
2019-04-14 17:50:44,887 : SoundAsset : Loaded treasure_sfx (Track sfx)
2019-04-14 17:50:44,887 : EventManager : Event: ======'loading_assets'====== Args={'total': 132, 'loaded': 99, 'remaining': 33, 'percent': 75}
2019-04-14 17:50:44,887 : AssetManager : Loading assets: 99/132 (75%)
2019-04-14 17:50:44,892 : SoundMemoryFile : Loaded file: C:\Users\Wilder\zelda\sounds\sfx\swordsilence.ogg Sample duration: 0.22412698412698412
2019-04-14 17:50:44,893 : SoundAsset : Sound sword2 loading to memory
2019-04-14 17:50:44,899 : SoundAsset : Loaded swordsilence (Track sfx)
2019-04-14 17:50:44,935 : SoundMemoryFile : Loaded file: C:\Users\Wilder\zelda\sounds\sfx\sword2.ogg Sample duration: 0.18292517006802722
2019-04-14 17:50:44,935 : SoundAsset : Sound sword1 loading to memory
2019-04-14 17:50:44,953 : SoundAsset : Loaded sword2 (Track sfx)
2019-04-14 17:50:44,954 : SoundMemoryFile : Loaded file: C:\Users\Wilder\zelda\sounds\sfx\sword1.ogg Sample duration: 0.22412698412698412
2019-04-14 17:50:44,954 : SoundAsset : Sound slingshot loading to memory
2019-04-14 17:50:44,970 : SoundMemoryFile : Loaded file: C:\Users\Wilder\zelda\sounds\sfx\slingshot.ogg Sample duration: 0.2806349206349206
2019-04-14 17:50:44,970 : SoundAsset : Sound slide_txt_sfx loading to memory
2019-04-14 17:50:44,971 : SoundAsset : Loaded sword1 (Track sfx)
2019-04-14 17:50:44,971 : SoundAsset : Loaded slingshot (Track sfx)
2019-04-14 17:50:45,078 : SoundMemoryFile : Loaded file: C:\Users\Wilder\zelda\sounds\sfx\slide_txt_sfx.ogg Sample duration: 0.5746938775510204
2019-04-14 17:50:45,078 : SoundAsset : Sound shatter loading to memory
2019-04-14 17:50:45,245 : SoundAsset : Loaded slide_txt_sfx (Track sfx)
2019-04-14 17:50:45,245 : SoundMemoryFile : Loaded file: C:\Users\Wilder\zelda\sounds\sfx\shatter.ogg Sample duration: 0.5508843537414966
2019-04-14 17:50:45,245 : EventManager : Event: ======'loading_assets'====== Args={'total': 132, 'loaded': 104, 'remaining': 28, 'percent': 79}
2019-04-14 17:50:45,245 : SoundAsset : Sound rupeesfx loading to memory
2019-04-14 17:50:45,245 : AssetManager : Loading assets: 104/132 (79%)
2019-04-14 17:50:45,246 : SoundAsset : Loaded shatter (Track sfx)
2019-04-14 17:50:45,372 : SoundMemoryFile : Loaded file: C:\Users\Wilder\zelda\sounds\sfx\rupeesfx.ogg Sample duration: 0.3740136054421769
2019-04-14 17:50:45,372 : SoundAsset : Sound rat loading to memory
2019-04-14 17:50:45,381 : SoundAsset : Loaded rupeesfx (Track sfx)
2019-04-14 17:50:45,957 : SoundMemoryFile : Loaded file: C:\Users\Wilder\zelda\sounds\sfx\rat.ogg Sample duration: 0.34877551020408165
2019-04-14 17:50:45,957 : SoundAsset : Sound menu_select loading to memory
2019-04-14 17:50:45,966 : SoundAsset : Loaded rat (Track sfx)
2019-04-14 17:50:45,966 : EventManager : Event: ======'loading_assets'====== Args={'total': 132, 'loaded': 107, 'remaining': 25, 'percent': 81}
2019-04-14 17:50:45,966 : AssetManager : Loading assets: 107/132 (81%)
2019-04-14 17:50:46,130 : SoundMemoryFile : Loaded file: C:\Users\Wilder\zelda\sounds\sfx\menu_select.ogg Sample duration: 0.5474829931972789
2019-04-14 17:50:46,131 : SoundAsset : Sound menu_cursor loading to memory
2019-04-14 17:50:46,136 : SoundAsset : Loaded menu_select (Track sfx)
2019-04-14 17:50:46,136 : kivy : VideoGstplayer: Load <boomerangfound>
2019-04-14 17:50:46,249 : SoundMemoryFile : Loaded file: C:\Users\Wilder\zelda\sounds\sfx\menu_cursor.ogg Sample duration: 0.2163718820861678
2019-04-14 17:50:46,249 : SoundAsset : Sound master_sword_fanfare loading to memory
2019-04-14 17:50:46,258 : SoundAsset : Loaded menu_cursor (Track sfx)
2019-04-14 17:50:46,259 : EventManager : Event: ======'loading_assets'====== Args={'total': 132, 'loaded': 110, 'remaining': 22, 'percent': 83}
2019-04-14 17:50:46,259 : AssetManager : Loading assets: 110/132 (83%)
2019-04-14 17:50:46,379 : SoundMemoryFile : Loaded file: C:\Users\Wilder\zelda\sounds\sfx\master_sword_fanfare.ogg Sample duration: 15.191269841269841
2019-04-14 17:50:46,380 : SoundAsset : Sound magic loading to memory
2019-04-14 17:50:46,429 : SoundMemoryFile : Loaded file: C:\Users\Wilder\zelda\sounds\sfx\magic.ogg Sample duration: 0.37056689342403626
2019-04-14 17:50:46,429 : SoundAsset : Sound low_health loading to memory
2019-04-14 17:50:46,430 : SoundAsset : Loaded master_sword_fanfare (Track sfx)
2019-04-14 17:50:46,430 : SoundAsset : Loaded magic (Track sfx)
2019-04-14 17:50:46,493 : SoundMemoryFile : Loaded file: C:\Users\Wilder\zelda\sounds\sfx\low_health.ogg Sample duration: 0.5415419501133787
2019-04-14 17:50:46,494 : SoundAsset : Sound lost_woods_correct loading to memory
2019-04-14 17:50:46,506 : SoundAsset : Loaded low_health (Track sfx)
2019-04-14 17:50:46,506 : EventManager : Event: ======'loading_assets'====== Args={'total': 132, 'loaded': 113, 'remaining': 19, 'percent': 86}
2019-04-14 17:50:46,506 : AssetManager : Loading assets: 113/132 (86%)
2019-04-14 17:50:46,533 : SoundMemoryFile : Loaded file: C:\Users\Wilder\zelda\sounds\sfx\lost_woods_correct.ogg Sample duration: 0.9622222222222222
2019-04-14 17:50:46,533 : SoundAsset : Sound link_dying loading to memory
2019-04-14 17:50:46,545 : SoundAsset : Loaded lost_woods_correct (Track sfx)
2019-04-14 17:50:46,596 : SoundMemoryFile : Loaded file: C:\Users\Wilder\zelda\sounds\sfx\link_dying.ogg Sample duration: 1.3303401360544218
2019-04-14 17:50:46,596 : SoundAsset : Sound linkfall loading to memory
2019-04-14 17:50:46,605 : SoundAsset : Loaded link_dying (Track sfx)
2019-04-14 17:50:46,791 : SoundMemoryFile : Loaded file: C:\Users\Wilder\zelda\sounds\sfx\linkfall.ogg Sample duration: 0.3858503401360544
2019-04-14 17:50:46,791 : SoundAsset : Sound light_world_finished loading to memory
2019-04-14 17:50:46,800 : SoundAsset : Loaded linkfall (Track sfx)
2019-04-14 17:50:46,800 : EventManager : Event: ======'loading_assets'====== Args={'total': 132, 'loaded': 116, 'remaining': 16, 'percent': 88}
2019-04-14 17:50:46,800 : AssetManager : Loading assets: 116/132 (88%)
2019-04-14 17:50:47,222 : SoundMemoryFile : Loaded file: C:\Users\Wilder\zelda\sounds\sfx\light_world_finished.ogg Sample duration: 16.718367346938777
2019-04-14 17:50:47,222 : SoundAsset : Sound key loading to memory
2019-04-14 17:50:47,230 : SoundAsset : Loaded light_world_finished (Track sfx)
2019-04-14 17:50:47,230 : EventManager : Event: ======'loading_assets'====== Args={'total': 132, 'loaded': 117, 'remaining': 15, 'percent': 89}
2019-04-14 17:50:47,230 : AssetManager : Loading assets: 117/132 (89%)
2019-04-14 17:50:47,355 : SoundMemoryFile : Loaded file: C:\Users\Wilder\zelda\sounds\sfx\key.ogg Sample duration: 1.0602721088435374
2019-04-14 17:50:47,355 : SoundAsset : Sound jets loading to memory
2019-04-14 17:50:47,370 : SoundAsset : Loaded key (Track sfx)
2019-04-14 17:50:47,370 : SoundMemoryFile : Loaded file: C:\Users\Wilder\zelda\sounds\sfx\jets.ogg Sample duration: 0.5682086167800453
2019-04-14 17:50:47,371 : SoundAsset : Sound inlanefx loading to memory
2019-04-14 17:50:47,433 : SoundAsset : Loaded jets (Track sfx)
2019-04-14 17:50:47,434 : EventManager : Event: ======'loading_assets'====== Args={'total': 132, 'loaded': 119, 'remaining': 13, 'percent': 90}
2019-04-14 17:50:47,434 : AssetManager : Loading assets: 119/132 (90%)
2019-04-14 17:50:47,434 : kivy : VideoGstplayer: Load <mode1progression2>
2019-04-14 17:50:47,439 : SoundMemoryFile : Loaded file: C:\Users\Wilder\zelda\sounds\sfx\inlanefx.ogg Sample duration: 0.2220408163265306
2019-04-14 17:50:47,439 : SoundAsset : Sound heart_piece_sfx loading to memory
2019-04-14 17:50:47,446 : SoundAsset : Loaded inlanefx (Track sfx)
2019-04-14 17:50:47,460 : SoundMemoryFile : Loaded file: C:\Users\Wilder\zelda\sounds\sfx\heart_piece_sfx.ogg Sample duration: 1.065170068027211
2019-04-14 17:50:47,461 : SoundAsset : Sound heart loading to memory
2019-04-14 17:50:47,461 : SoundAsset : Loaded heart_piece_sfx (Track sfx)
2019-04-14 17:50:47,472 : SoundMemoryFile : Loaded file: C:\Users\Wilder\zelda\sounds\sfx\heart.ogg Sample duration: 0.21551020408163266
2019-04-14 17:50:47,473 : SoundAsset : Sound fireball loading to memory
2019-04-14 17:50:47,484 : SoundAsset : Loaded heart (Track sfx)
2019-04-14 17:50:47,554 : SoundMemoryFile : Loaded file: C:\Users\Wilder\zelda\sounds\sfx\fireball.ogg Sample duration: 0.7226530612244898
2019-04-14 17:50:47,554 : SoundAsset : Sound extraballsfx loading to memory
2019-04-14 17:50:47,561 : SoundAsset : Loaded fireball (Track sfx)
2019-04-14 17:50:48,050 : SoundMemoryFile : Loaded file: C:\Users\Wilder\zelda\sounds\sfx\extraballsfx.ogg Sample duration: 1.833015873015873
2019-04-14 17:50:48,051 : SoundAsset : Sound error loading to memory
2019-04-14 17:50:48,057 : SoundAsset : Loaded extraballsfx (Track sfx)
2019-04-14 17:50:48,058 : EventManager : Event: ======'loading_assets'====== Args={'total': 132, 'loaded': 125, 'remaining': 7, 'percent': 95}
2019-04-14 17:50:48,058 : AssetManager : Loading assets: 125/132 (95%)
2019-04-14 17:50:48,437 : SoundMemoryFile : Loaded file: C:\Users\Wilder\zelda\sounds\sfx\error.ogg Sample duration: 0.573968253968254
2019-04-14 17:50:48,437 : SoundAsset : Sound enemykill loading to memory
2019-04-14 17:50:48,448 : SoundAsset : Loaded error (Track sfx)
2019-04-14 17:50:48,448 : EventManager : Event: ======'loading_assets'====== Args={'total': 132, 'loaded': 126, 'remaining': 6, 'percent': 95}
2019-04-14 17:50:48,448 : AssetManager : Loading assets: 126/132 (95%)
2019-04-14 17:50:48,504 : SoundMemoryFile : Loaded file: C:\Users\Wilder\zelda\sounds\sfx\enemykill.ogg Sample duration: 0.5157369614512471
2019-04-14 17:50:48,505 : SoundAsset : Sound doubledoor loading to memory
2019-04-14 17:50:48,536 : SoundAsset : Loaded enemykill (Track sfx)
2019-04-14 17:50:48,540 : SoundMemoryFile : Loaded file: C:\Users\Wilder\zelda\sounds\sfx\doubledoor.ogg Sample duration: 0.4728344671201814
2019-04-14 17:50:48,540 : SoundAsset : Sound dash loading to memory
2019-04-14 17:50:48,549 : SoundAsset : Loaded doubledoor (Track sfx)
2019-04-14 17:50:48,600 : SoundMemoryFile : Loaded file: C:\Users\Wilder\zelda\sounds\sfx\dash.ogg Sample duration: 0.13365079365079366
2019-04-14 17:50:48,601 : SoundAsset : Sound chargeshot loading to memory
2019-04-14 17:50:48,625 : SoundMemoryFile : Loaded file: C:\Users\Wilder\zelda\sounds\sfx\chargeshot.ogg Sample duration: 0.38562358276643993
2019-04-14 17:50:48,626 : SoundAsset : Loaded dash (Track sfx)
2019-04-14 17:50:48,626 : SoundAsset : Loaded chargeshot (Track sfx)
2019-04-14 17:50:48,627 : kivy : VideoGstplayer: Load <mode1progression>
2019-04-14 17:50:48,737 : kivy : ImageSDL2: Load <C:\Users\Wilder\zelda\images\darkworldstoryslide.png>
2019-04-14 17:50:48,757 : EventManager : Event: ======'loading_assets'====== Args={'total': 132, 'loaded': 132, 'remaining': 0, 'percent': 100}
2019-04-14 17:50:48,757 : EventManager : Event: ======'asset_loading_complete'====== Args={}
2019-04-14 17:50:48,758 : AssetManager : Loading assets: 132/132 (100%)
2019-04-14 17:50:48,758 : mpfmc : Clearing boot hold assets. Holds remaining: set()
2019-04-14 17:50:48,758 : EventManager : Event: ======'init_done'====== Args={}
2019-04-14 17:50:48,759 : MPF-MC BCP Server : Starting up on localhost port 5050
2019-04-14 17:50:48,763 : MPF-MC BCP Server : Waiting for a connection...
2019-04-14 17:50:48,777 : EventManager : Event: ======'client_disconnected'====== Args={'host': '127.0.0.1', 'port': 5050}
2019-04-14 17:50:49,225 : MPF-MC BCP Server : Received connection from: 127.0.0.1:49264
2019-04-14 17:50:49,225 : MPF-MC BCP Server : Received "hello?version=1.1&controller_name=Mission%20Pinball%20Framework&controller_version=0.53.0-dev.16"
2019-04-14 17:50:49,239 : EventManager : Event: ======'client_connected'====== Args={'host': '127.0.0.1', 'port': 49264}
2019-04-14 17:50:49,248 : MPF-MC BCP Server : Received "settings?json={"settings": [["brightness", "Brightness", 100, "brightness", 1.0, {"0.25": "25%", "0.5": "50%", "0.75": "75%", "1.0": "100% (default)"}], ["flipper_power", "Flipper power", 1000, "flipper_power", 1.0, {"0.8": "Weak", "1.0": "Normal (default)", "1.2": "Strong"}]]}"
2019-04-14 17:50:49,249 : MPF-MC BCP Server : Received "machine_variable?name=fast_net_firmware&value=01.02"
2019-04-14 17:50:49,249 : MPF-MC BCP Server : Received "machine_variable?name=fast_net_model&value=FP-CPU-002-2"
2019-04-14 17:50:49,249 : MPF-MC BCP Server : Received "machine_variable?name=fast_rgb_firmware&value=01.00"
2019-04-14 17:50:49,249 : MPF-MC BCP Server : Received "machine_variable?name=fast_rgb_model&value=FP-CPU-002-2"
2019-04-14 17:50:49,250 : MPF-MC BCP Server : Received "machine_variable?name=credits_string&value=FREE%20PLAY"
2019-04-14 17:50:49,250 : MPF-MC BCP Server : Received "machine_variable?name=player1_score&value=int:306"
2019-04-14 17:50:49,250 : MPF-MC BCP Server : Received "machine_variable?name=mpf_version&value=MPF%20v0.53.0-dev.16"
2019-04-14 17:50:49,251 : MPF-MC BCP Server : Received "machine_variable?name=mpf_extended_version&value=MPF%20v0.53.0-dev.16%2C%20Config%20version%3A5%2C%20Show%20version%3A%205%2C%20BCP%20version%3A1.1"
2019-04-14 17:50:49,251 : MPF-MC BCP Server : Received "machine_variable?name=python_version&value=3.6.4"
2019-04-14 17:50:49,251 : MPF-MC BCP Server : Received "machine_variable?name=platform&value=Windows-7-6.1.7601-SP1"
2019-04-14 17:50:49,252 : MPF-MC BCP Server : Received "machine_variable?name=platform_system&value=Windows"
2019-04-14 17:50:49,252 : MPF-MC BCP Server : Received "machine_variable?name=platform_release&value=7"
2019-04-14 17:50:49,252 : MPF-MC BCP Server : Received "machine_variable?name=platform_version&value=6.1.7601"
2019-04-14 17:50:49,252 : MPF-MC BCP Server : Received "machine_variable?name=platform_machine&value=AMD64"
2019-04-14 17:50:49,253 : MPF-MC BCP Server : Received "machine_variable?name=score1_label&value=HYRULE%20CHAMPION"
2019-04-14 17:50:49,253 : MPF-MC BCP Server : Received "machine_variable?name=score1_name&value=W"
2019-04-14 17:50:49,253 : MPF-MC BCP Server : Received "machine_variable?name=score1_value&value=int:1338"
2019-04-14 17:50:49,253 : MPF-MC BCP Server : Received "machine_variable?name=score2_label&value=HIGH%20SCORE%201"
2019-04-14 17:50:49,254 : MPF-MC BCP Server : Received "machine_variable?name=score2_name&value=W"
2019-04-14 17:50:49,254 : MPF-MC BCP Server : Received "machine_variable?name=score2_value&value=int:1141"
2019-04-14 17:50:49,254 : MPF-MC BCP Server : Received "machine_variable?name=score3_label&value=HIGH%20SCORE%202"
2019-04-14 17:50:49,255 : MPF-MC BCP Server : Received "machine_variable?name=score3_name&value=JF"
2019-04-14 17:50:49,255 : MPF-MC BCP Server : Received "machine_variable?name=score3_value&value=int:795"
2019-04-14 17:50:49,255 : MPF-MC BCP Server : Received "machine_variable?name=score4_label&value=HIGH%20SCORE%203"
2019-04-14 17:50:49,255 : MPF-MC BCP Server : Received "machine_variable?name=score4_name&value="
2019-04-14 17:50:49,256 : MPF-MC BCP Server : Received "machine_variable?name=score4_value&value=int:306"
2019-04-14 17:50:49,256 : MPF-MC BCP Server : Received "machine_variable?name=score5_label&value=HIGH%20SCORE%204"
2019-04-14 17:50:49,256 : MPF-MC BCP Server : Received "machine_variable?name=score5_name&value="
2019-04-14 17:50:49,256 : MPF-MC BCP Server : Received "machine_variable?name=score5_value&value=int:267"
2019-04-14 17:50:49,257 : MPF-MC BCP Server : Received "mode_list?json={"running_modes": []}"
2019-04-14 17:50:49,257 : MPF-MC BCP Server : Received "machine_variable?name=master_volume&value=float:1.0&prev_value=NoneType:&change=bool:True"
2019-04-14 17:50:49,258 : mpfmc : Setting machine_var 'fast_net_firmware' to: 01.02, (prior: None, change: True)
2019-04-14 17:50:49,258 : EventManager : Event: ======'machine_var_fast_net_firmware'====== Args={'value': '01.02', 'prev_value': None, 'change': True}
2019-04-14 17:50:49,258 : mpfmc : Setting machine_var 'fast_net_model' to: FP-CPU-002-2, (prior: None, change: True)
2019-04-14 17:50:49,258 : EventManager : Event: ======'machine_var_fast_net_model'====== Args={'value': 'FP-CPU-002-2', 'prev_value': None, 'change': True}
2019-04-14 17:50:49,258 : mpfmc : Setting machine_var 'fast_rgb_firmware' to: 01.00, (prior: None, change: True)
2019-04-14 17:50:49,258 : EventManager : Event: ======'machine_var_fast_rgb_firmware'====== Args={'value': '01.00', 'prev_value': None, 'change': True}
2019-04-14 17:50:49,259 : mpfmc : Setting machine_var 'fast_rgb_model' to: FP-CPU-002-2, (prior: None, change: True)
2019-04-14 17:50:49,259 : EventManager : Event: ======'machine_var_fast_rgb_model'====== Args={'value': 'FP-CPU-002-2', 'prev_value': None, 'change': True}
2019-04-14 17:50:49,259 : mpfmc : Setting machine_var 'credits_string' to: FREE PLAY, (prior: None, change: True)
2019-04-14 17:50:49,259 : EventManager : Event: ======'machine_var_credits_string'====== Args={'value': 'FREE PLAY', 'prev_value': None, 'change': True}
2019-04-14 17:50:49,259 : mpfmc : Setting machine_var 'player1_score' to: 306, (prior: None, change: True)
2019-04-14 17:50:49,259 : EventManager : Event: ======'machine_var_player1_score'====== Args={'value': 306, 'prev_value': None, 'change': True}
2019-04-14 17:50:49,260 : mpfmc : Setting machine_var 'mpf_version' to: MPF v0.53.0-dev.16, (prior: None, change: True)
2019-04-14 17:50:49,260 : EventManager : Event: ======'machine_var_mpf_version'====== Args={'value': 'MPF v0.53.0-dev.16', 'prev_value': None, 'change': True}
2019-04-14 17:50:49,260 : mpfmc : Setting machine_var 'mpf_extended_version' to: MPF v0.53.0-dev.16, Config version:5, Show version: 5, BCP version:1.1, (prior: None, change: True)
2019-04-14 17:50:49,260 : EventManager : Event: ======'machine_var_mpf_extended_version'====== Args={'value': 'MPF v0.53.0-dev.16, Config version:5, Show version: 5, BCP version:1.1', 'prev_value': None, 'change': True}
2019-04-14 17:50:49,260 : mpfmc : Setting machine_var 'python_version' to: 3.6.4, (prior: None, change: True)
2019-04-14 17:50:49,260 : EventManager : Event: ======'machine_var_python_version'====== Args={'value': '3.6.4', 'prev_value': None, 'change': True}
2019-04-14 17:50:49,261 : mpfmc : Setting machine_var 'platform' to: Windows-7-6.1.7601-SP1, (prior: None, change: True)
2019-04-14 17:50:49,261 : EventManager : Event: ======'machine_var_platform'====== Args={'value': 'Windows-7-6.1.7601-SP1', 'prev_value': None, 'change': True}
2019-04-14 17:50:49,261 : mpfmc : Setting machine_var 'platform_system' to: Windows, (prior: None, change: True)
2019-04-14 17:50:49,261 : EventManager : Event: ======'machine_var_platform_system'====== Args={'value': 'Windows', 'prev_value': None, 'change': True}
2019-04-14 17:50:49,261 : mpfmc : Setting machine_var 'platform_release' to: 7, (prior: None, change: True)
2019-04-14 17:50:49,262 : EventManager : Event: ======'machine_var_platform_release'====== Args={'value': '7', 'prev_value': None, 'change': True}
2019-04-14 17:50:49,262 : mpfmc : Setting machine_var 'platform_version' to: 6.1.7601, (prior: None, change: True)
2019-04-14 17:50:49,262 : EventManager : Event: ======'machine_var_platform_version'====== Args={'value': '6.1.7601', 'prev_value': None, 'change': True}
2019-04-14 17:50:49,262 : mpfmc : Setting machine_var 'platform_machine' to: AMD64, (prior: None, change: True)
2019-04-14 17:50:49,262 : EventManager : Event: ======'machine_var_platform_machine'====== Args={'value': 'AMD64', 'prev_value': None, 'change': True}
2019-04-14 17:50:49,263 : mpfmc : Setting machine_var 'score1_label' to: HYRULE CHAMPION, (prior: None, change: True)
2019-04-14 17:50:49,263 : EventManager : Event: ======'machine_var_score1_label'====== Args={'value': 'HYRULE CHAMPION', 'prev_value': None, 'change': True}
2019-04-14 17:50:49,263 : mpfmc : Setting machine_var 'score1_name' to: W, (prior: None, change: True)
2019-04-14 17:50:49,263 : EventManager : Event: ======'machine_var_score1_name'====== Args={'value': 'W', 'prev_value': None, 'change': True}
2019-04-14 17:50:49,263 : mpfmc : Setting machine_var 'score1_value' to: 1338, (prior: None, change: True)
2019-04-14 17:50:49,263 : EventManager : Event: ======'machine_var_score1_value'====== Args={'value': 1338, 'prev_value': None, 'change': True}
2019-04-14 17:50:49,264 : mpfmc : Setting machine_var 'score2_label' to: HIGH SCORE 1, (prior: None, change: True)
2019-04-14 17:50:49,264 : EventManager : Event: ======'machine_var_score2_label'====== Args={'value': 'HIGH SCORE 1', 'prev_value': None, 'change': True}
2019-04-14 17:50:49,264 : mpfmc : Setting machine_var 'score2_name' to: W, (prior: None, change: True)
2019-04-14 17:50:49,264 : EventManager : Event: ======'machine_var_score2_name'====== Args={'value': 'W', 'prev_value': None, 'change': True}
2019-04-14 17:50:49,264 : mpfmc : Setting machine_var 'score2_value' to: 1141, (prior: None, change: True)
2019-04-14 17:50:49,264 : EventManager : Event: ======'machine_var_score2_value'====== Args={'value': 1141, 'prev_value': None, 'change': True}
2019-04-14 17:50:49,265 : mpfmc : Setting machine_var 'score3_label' to: HIGH SCORE 2, (prior: None, change: True)
2019-04-14 17:50:49,265 : EventManager : Event: ======'machine_var_score3_label'====== Args={'value': 'HIGH SCORE 2', 'prev_value': None, 'change': True}
2019-04-14 17:50:49,265 : mpfmc : Setting machine_var 'score3_name' to: JF, (prior: None, change: True)
2019-04-14 17:50:49,265 : EventManager : Event: ======'machine_var_score3_name'====== Args={'value': 'JF', 'prev_value': None, 'change': True}
2019-04-14 17:50:49,265 : mpfmc : Setting machine_var 'score3_value' to: 795, (prior: None, change: True)
2019-04-14 17:50:49,265 : EventManager : Event: ======'machine_var_score3_value'====== Args={'value': 795, 'prev_value': None, 'change': True}
2019-04-14 17:50:49,266 : mpfmc : Setting machine_var 'score4_label' to: HIGH SCORE 3, (prior: None, change: True)
2019-04-14 17:50:49,266 : EventManager : Event: ======'machine_var_score4_label'====== Args={'value': 'HIGH SCORE 3', 'prev_value': None, 'change': True}
2019-04-14 17:50:49,266 : mpfmc : Setting machine_var 'score4_name' to: , (prior: None, change: True)
2019-04-14 17:50:49,266 : EventManager : Event: ======'machine_var_score4_name'====== Args={'value': '', 'prev_value': None, 'change': True}
2019-04-14 17:50:49,266 : mpfmc : Setting machine_var 'score4_value' to: 306, (prior: None, change: True)
2019-04-14 17:50:49,267 : EventManager : Event: ======'machine_var_score4_value'====== Args={'value': 306, 'prev_value': None, 'change': True}
2019-04-14 17:50:49,267 : mpfmc : Setting machine_var 'score5_label' to: HIGH SCORE 4, (prior: None, change: True)
2019-04-14 17:50:49,267 : EventManager : Event: ======'machine_var_score5_label'====== Args={'value': 'HIGH SCORE 4', 'prev_value': None, 'change': True}
2019-04-14 17:50:49,267 : mpfmc : Setting machine_var 'score5_name' to: , (prior: None, change: True)
2019-04-14 17:50:49,267 : EventManager : Event: ======'machine_var_score5_name'====== Args={'value': '', 'prev_value': None, 'change': True}
2019-04-14 17:50:49,267 : mpfmc : Setting machine_var 'score5_value' to: 267, (prior: None, change: True)
2019-04-14 17:50:49,268 : EventManager : Event: ======'machine_var_score5_value'====== Args={'value': 267, 'prev_value': None, 'change': True}
2019-04-14 17:50:49,268 : mpfmc : Setting machine_var 'master_volume' to: 1.0, (prior: None, change: True)
2019-04-14 17:50:49,268 : EventManager : Event: ======'machine_var_master_volume'====== Args={'value': 1.0, 'prev_value': None, 'change': True}
2019-04-14 17:50:50,046 : MPF-MC BCP Server : Received "status_request"
2019-04-14 17:50:57,728 : kivy : Base: Leaving application in progress...
2019-04-14 17:50:57,729 : mpfmc : Stopping...
2019-04-14 17:50:57,729 : EventManager : Event: ======'shutdown'====== Args={}
2019-04-14 17:50:57,729 : AudioInterface : Disabling audio playback
2019-04-14 17:50:57,812 : Track.0.TrackStandard.music : Stopping all sounds and removing any pending sounds from queue
2019-04-14 17:50:57,942 : Track.1.TrackStandard.voice : Stopping all sounds and removing any pending sounds from queue
2019-04-14 17:50:57,942 : Track.2.TrackStandard.sfx : Stopping all sounds and removing any pending sounds from queue
2019-04-14 17:50:57,943 : mpfmc : Loop rate 24.53 Hz
2019-04-14 17:50:57,943 : kivy : MC run loop ended.
2019-04-14 17:50:57,943 : kivy : Stopping child threads... (2 remaining)
2019-04-14 17:50:58,047 : mpfmc : Stopping...
2019-04-14 17:50:58,047 : EventManager : Event: ======'shutdown'====== Args={}
2019-04-14 17:50:58,047 : mpfmc : Loop rate 24.47 Hz
2019-04-14 17:50:58,156 : MPF-MC BCP Server : Stopping BCP sending thread
2019-04-14 17:50:58,544 : kivy : All child threads stopped.
