2019-05-22 14:06:03,459 : kivy : Factory: 194 symbols loaded
2019-05-22 14:06:03,463 : kivy : Cache: register <kv.lang> with limit=None, timeout=None
2019-05-22 14:06:03,648 : kivy : Cache: register <kv.image> with limit=None, timeout=60
2019-05-22 14:06:03,648 : kivy : Cache: register <kv.atlas> with limit=None, timeout=None
2019-05-22 14:06:03,671 : kivy : Image: Providers: img_tex, img_dds, img_sdl2, img_pil, img_gif (img_ffpyplayer ignored)
2019-05-22 14:06:03,672 : kivy : Cache: register <kv.texture> with limit=1000, timeout=60
2019-05-22 14:06:03,672 : kivy : Cache: register <kv.shader> with limit=1000, timeout=3600
2019-05-22 14:06:03,757 : kivy : VideoGstplayer: Using Gstreamer 1.10.2.0
2019-05-22 14:06:03,757 : kivy : Video: Provider: gstplayer
2019-05-22 14:06:03,857 : kivy : Loading MPF-MC controller
2019-05-22 14:06:03,858 : mpfmc : Mission Pinball Framework Media Controller v0.53.0-dev.0
2019-05-22 14:06:03,859 : mpfmc : Mission Pinball Framework Game Engine v0.53.0-dev.16
2019-05-22 14:06:03,859 : mpfmc : Machine path: C:\Users\Wilder\zelda
2019-05-22 14:06:03,861 : ConfigProcessor : Config file in cache changed: C:\Users\Wilder\zelda\config\config
2019-05-22 14:06:03,861 : ConfigProcessor : Loading config from file c:\users\wilder\appdata\local\programs\python\python36\lib\site-packages\mpfmc\mcconfig.yaml.
2019-05-22 14:06:03,861 : YAML File Interface : Loading file: c:\users\wilder\appdata\local\programs\python\python36\lib\site-packages\mpfmc\mcconfig.yaml
2019-05-22 14:06:04,001 : ConfigProcessor : Loading config: c:\users\wilder\appdata\local\programs\python\python36\lib\site-packages\mpfmc\mcconfig.yaml
2019-05-22 14:06:04,017 : ConfigProcessor : Loading config from file C:\Users\Wilder\zelda\config\config.
2019-05-22 14:06:04,017 : YAML File Interface : Loading file: C:\Users\Wilder\zelda\config\config.yaml
2019-05-22 14:06:04,182 : ConfigProcessor : Loading config: C:\Users\Wilder\zelda\config\config
2019-05-22 14:06:04,183 : YAML File Interface : Loading file: C:\Users\Wilder\zelda\config\hardware.yaml
2019-05-22 14:06:04,493 : ConfigProcessor : Loading config: C:\Users\Wilder\zelda\config\hardware.yaml
2019-05-22 14:06:04,495 : YAML File Interface : Loading file: C:\Users\Wilder\zelda\config\keyboard.yaml
2019-05-22 14:06:04,519 : ConfigProcessor : Loading config: C:\Users\Wilder\zelda\config\keyboard.yaml
2019-05-22 14:06:04,522 : YAML File Interface : Loading file: C:\Users\Wilder\zelda\config\videos.yaml
2019-05-22 14:06:04,614 : ConfigProcessor : Loading config: C:\Users\Wilder\zelda\config\videos.yaml
2019-05-22 14:06:04,623 : ConfigProcessor : Config file cache created: C:\Users\Wilder\AppData\Local\Temp\33abdcfcf65e636611bd498b89cbbd0e.mpf_cache
2019-05-22 14:06:04,624 : mpfmc : Starting clock at 60.0Hz
2019-05-22 14:06:04,646 : kivy : Text: Provider: sdl2
2019-05-22 14:06:04,719 : kivy : Window: Provider: sdl2
2019-05-22 14:06:04,794 : kivy : GL: Using the "OpenGL" graphics system
2019-05-22 14:06:06,067 : kivy : GL: GLEW initialization succeeded
2019-05-22 14:06:06,067 : kivy : GL: available extensions: b'GL_EXT_blend_minmax GL_EXT_blend_subtract GL_EXT_blend_color GL_EXT_abgr GL_EXT_texture3D GL_EXT_clip_volume_hint GL_EXT_compiled_vertex_array GL_SGIS_texture_edge_clamp GL_SGIS_generate_mipmap GL_EXT_draw_range_elements GL_SGIS_texture_lod GL_EXT_rescale_normal GL_EXT_packed_pixels GL_EXT_texture_edge_clamp GL_EXT_separate_specular_color GL_ARB_multitexture GL_EXT_texture_env_combine GL_EXT_bgra GL_EXT_blend_func_separate GL_EXT_secondary_color GL_EXT_fog_coord GL_EXT_texture_env_add GL_ARB_texture_cube_map GL_ARB_transpose_matrix GL_ARB_texture_env_add GL_IBM_texture_mirrored_repeat GL_EXT_multi_draw_arrays GL_NV_blend_square GL_ARB_texture_compression GL_3DFX_texture_compression_FXT1 GL_EXT_texture_filter_anisotropic GL_ARB_texture_border_clamp GL_ARB_point_parameters GL_ARB_texture_env_combine GL_ARB_texture_env_dot3 GL_ARB_texture_env_crossbar GL_EXT_texture_compression_s3tc GL_ARB_shadow GL_ARB_window_pos GL_EXT_shadow_funcs GL_EXT_stencil_wrap GL_ARB_vertex_program GL_EXT_texture_rectangle GL_ARB_fragment_program GL_EXT_stencil_two_side GL_ATI_separate_stencil GL_ARB_vertex_buffer_object GL_EXT_texture_lod_bias GL_ARB_occlusion_query GL_ARB_fragment_shader GL_ARB_shader_objects GL_ARB_shading_language_100 GL_ARB_texture_non_power_of_two GL_ARB_vertex_shader GL_NV_texgen_reflection GL_ARB_point_sprite GL_EXT_blend_equation_separate GL_ARB_depth_texture GL_ARB_texture_rectangle GL_ARB_draw_buffers GL_ARB_color_buffer_float GL_ARB_half_float_pixel GL_ARB_texture_float GL_ARB_pixel_buffer_object GL_EXT_framebuffer_object GL_ARB_draw_instanced GL_ARB_half_float_vertex GL_EXT_draw_buffers2 GL_WIN_swap_hint GL_EXT_texture_sRGB GL_ARB_multisample GL_EXT_packed_float GL_EXT_texture_shared_exponent GL_ARB_texture_rg GL_ARB_texture_compression_rgtc GL_NV_conditional_render GL_EXT_texture_swizzle GL_ARB_framebuffer_sRGB GL_EXT_packed_depth_stencil GL_ARB_depth_buffer_float GL_EXT_transform_feedback GL_EXT_framebuffer_blit GL_EXT_framebuffer_multisample GL_ARB_framebuffer_object GL_EXT_texture_array GL_EXT_texture_integer GL_ARB_map_buffer_range GL_EXT_texture_snorm GL_INTEL_performance_queries GL_ARB_vertex_array_object '
2019-05-22 14:06:06,068 : kivy : GL: glShaderBinary is not available
2019-05-22 14:06:06,068 : kivy : GL: Backend used <glew>
2019-05-22 14:06:06,068 : kivy : GL: OpenGL version <b'3.0.0 - Build 8.15.10.2342'>
2019-05-22 14:06:06,068 : kivy : GL: OpenGL vendor <b'Intel'>
2019-05-22 14:06:06,069 : kivy : GL: OpenGL renderer <b'Intel(R) HD Graphics Family'>
2019-05-22 14:06:06,069 : kivy : GL: OpenGL parsed version: 3, 0
2019-05-22 14:06:06,069 : kivy : GL: Shading version <b'1.30  - Intel Build 8.15.10.2342'>
2019-05-22 14:06:06,069 : kivy : GL: Texture max size <4096>
2019-05-22 14:06:06,069 : kivy : GL: Texture max units <16>
2019-05-22 14:06:06,137 : kivy : Shader: Fragment compiled successfully
2019-05-22 14:06:06,138 : kivy : Shader: Vertex compiled successfully
2019-05-22 14:06:06,201 : kivy : ImageSDL2: Load <c:\users\wilder\appdata\local\programs\python\python36\lib\site-packages\kivy\data\glsl\default.png>
2019-05-22 14:06:06,212 : kivy : Window: auto add sdl2 input provider
2019-05-22 14:06:06,213 : kivy : Window: virtual keyboard not allowed, single mode, not docked
2019-05-22 14:06:06,228 : mpfmc : Machine path: C:\Users\Wilder\zelda
2019-05-22 14:06:06,229 : kivy : Resource: add <C:\Users\Wilder\zelda\fonts> in path list
2019-05-22 14:06:06,229 : kivy : Resource: add <c:\users\wilder\appdata\local\programs\python\python36\lib\site-packages\mpfmc\fonts> in path list
2019-05-22 14:06:06,229 : SoundSystem : Loading the Sound System
2019-05-22 14:06:06,707 : AudioInterface : Initialized
2019-05-22 14:06:06,707 : AudioInterface : Loaded SDL 2.0.5
2019-05-22 14:06:06,707 : AudioInterface : Loaded SDL_Mixer 2.0.1
2019-05-22 14:06:06,707 : AudioInterface : Loaded GStreamer 1.10.2.0
2019-05-22 14:06:06,707 : AudioInterface : Loaded GLib 2.48.1
2019-05-22 14:06:06,707 : AudioInterface : Settings requested - rate: 44100, channels: 1, buffer: 2048 samples
2019-05-22 14:06:06,707 : AudioInterface : Settings in use - rate: 44100, channels: 1, buffer: 2048 samples (4096 bytes @ 2 bytes per sample)
2019-05-22 14:06:06,708 : Track : Allocated track audio buffer (4096 bytes)
2019-05-22 14:06:06,708 : Track.0.TrackStandard.music : Created Track 0 music with the following settings: simultaneous_sounds = 3, volume = 0.500000
2019-05-22 14:06:06,708 : AudioInterface : The 'music' standard track has successfully been created.
2019-05-22 14:06:06,708 : Track : Allocated track audio buffer (4096 bytes)
2019-05-22 14:06:06,709 : Track.1.TrackStandard.voice : Created Track 1 voice with the following settings: simultaneous_sounds = 1, volume = 0.700000
2019-05-22 14:06:06,709 : AudioInterface : The 'voice' standard track has successfully been created.
2019-05-22 14:06:06,709 : Track : Allocated track audio buffer (4096 bytes)
2019-05-22 14:06:06,709 : Track.2.TrackStandard.sfx : Created Track 2 sfx with the following settings: simultaneous_sounds = 8, volume = 0.900000
2019-05-22 14:06:06,709 : AudioInterface : The 'sfx' standard track has successfully been created.
2019-05-22 14:06:06,709 : AudioInterface : Enabling audio playback
2019-05-22 14:06:06,712 : kivy : App: Loading kv <c:\users\wilder\appdata\local\programs\python\python36\lib\site-packages\mpfmc\core\mpfmc.kv>
2019-05-22 14:06:06,712 : kivy : App: kv <c:\users\wilder\appdata\local\programs\python\python36\lib\site-packages\mpfmc\core\mpfmc.kv> not found
2019-05-22 14:06:06,713 : kivy : Base: Create provider from mouse,multitouch_on_demand
2019-05-22 14:06:06,713 : kivy : Base: Create provider from wm_touch
2019-05-22 14:06:06,713 : kivy : Base: Create provider from wm_pen
2019-05-22 14:06:06,713 : kivy : Base: Start application main loop
2019-05-22 14:06:06,714 : EventManager : Event: ======'display_lcd_initialized'====== Args={}
2019-05-22 14:06:06,738 : mpfmc : Display: Setting 'lcd' as default display
2019-05-22 14:06:06,748 : EventManager : Event: ======'displays_initialized'====== Args={}
2019-05-22 14:06:06,751 : EventManager : Event: ======'slide_lcd_blank_created'====== Args={}
2019-05-22 14:06:06,751 : EventManager : Event: ======'display_lcd_ready'====== Args={}
2019-05-22 14:06:06,766 : EventManager : Event: ======'init_phase_1'====== Args={}
2019-05-22 14:06:06,808 : EventManager : Event: ======'mc_ready'====== Args={}
2019-05-22 14:06:06,809 : EventManager : Event: ======'init_phase_2'====== Args={}
2019-05-22 14:06:06,811 : ModeController : Found MPF Mode folders: {'attract': 'attract', 'bonus': 'bonus', 'carousel': 'carousel', 'credits': 'credits', 'game': 'game', 'high_score': 'high_score', 'match': 'match', 'service': 'service', 'tilt': 'tilt'}
2019-05-22 14:06:06,816 : ModeController : Found Machine-specific Mode folders: {'2ballescape': '2ballescape', '2ballqualifier': '2ballqualifier', '5waycombotracker': '5waycombotracker', 'agahnim_multiball': 'agahnim_multiball', 'attract': 'attract', 'attract_carousel': 'attract_carousel', 'ball_hold_tracker': 'ball_hold_tracker', 'ball_save': 'ball_save', 'base': 'base', 'bomb_finder': 'bomb_finder', 'bonus': 'bonus', 'bottle_filler': 'bottle_filler', 'darkworld': 'darkworld', 'darkworld2': 'darkworld2', 'escape': 'escape', 'escapehurryup': 'escapehurryup', 'escape_starter': 'escape_starter', 'extraball': 'extraball', 'final_hold': 'final_hold', 'gameoverplayer': 'gameoverplayer', 'game_ender_mode': 'game_ender_mode', 'ganon_battle': 'ganon_battle', 'heartmeter': 'heartmeter', 'heart_tracker': 'heart_tracker', 'high_score': 'high_score', 'item_tracker': 'item_tracker', 'light_world': 'light_world', 'lost_woods': 'lost_woods', 'lost_woods_starter': 'lost_woods_starter', 'master_sword_buildup': 'master_sword_buildup', 'mode_player': 'mode_player', 'mode_tracker': 'mode_tracker', 'music_player': 'music_player', 'playfield_multiplier': 'playfield_multiplier', 'rupee2x_finder': 'rupee2x_finder', 'rupee3x_finder': 'rupee3x_finder', 'rupee_finder': 'rupee_finder', 'shop': 'shop', 'shots': 'shots', 'skillshot_ballsave': 'skillshot_ballsave', 'skill_shot': 'skill_shot', 'slide_tracker': 'slide_tracker', 'unusual_show_tracker': 'unusual_show_tracker', 'video_player': 'video_player'}
2019-05-22 14:06:06,817 : ConfigProcessor : Loading config from cache: C:\Users\Wilder\AppData\Local\Temp\8b601767b8d464abeaa513b42e6346a8.mpf_cache
2019-05-22 14:06:06,818 : ConfigProcessor : Loading config from cache: C:\Users\Wilder\AppData\Local\Temp\b0ee6a771658ae3fb7e70c6d5ff59887.mpf_cache
2019-05-22 14:06:06,819 : ConfigProcessor : Loading config from cache: C:\Users\Wilder\AppData\Local\Temp\d9d23a2a9a3117f1553491692ff1c689.mpf_cache
2019-05-22 14:06:06,821 : ConfigProcessor : Loading config from cache: C:\Users\Wilder\AppData\Local\Temp\58a9cd5447353eacedab412f1c10b0ab.mpf_cache
2019-05-22 14:06:06,823 : ConfigProcessor : Loading config from cache: C:\Users\Wilder\AppData\Local\Temp\cb8b20150020107be74f23a2ee427f56.mpf_cache
2019-05-22 14:06:06,868 : ConfigProcessor : Loading config from cache: C:\Users\Wilder\AppData\Local\Temp\34c6448537d1c95c89cf73a07c0f99c9.mpf_cache
2019-05-22 14:06:06,869 : ConfigProcessor : Loading config from cache: C:\Users\Wilder\AppData\Local\Temp\86e0d165ea95889c95b56598c3ebe263.mpf_cache
2019-05-22 14:06:06,885 : ConfigProcessor : Loading config from cache: C:\Users\Wilder\AppData\Local\Temp\6fd2b5e36bbbd9c12f9ee3aa32f1ceca.mpf_cache
2019-05-22 14:06:06,886 : ConfigProcessor : Loading config from cache: C:\Users\Wilder\AppData\Local\Temp\683810c84ecff8b3923f4991066156d6.mpf_cache
2019-05-22 14:06:06,887 : ConfigProcessor : Loading config from cache: C:\Users\Wilder\AppData\Local\Temp\27a949ddf2d3e5eeb9247bd991aba200.mpf_cache
2019-05-22 14:06:06,888 : ConfigProcessor : Loading config from cache: C:\Users\Wilder\AppData\Local\Temp\3485f9bf4bb8d1d21be6de1438e091ba.mpf_cache
2019-05-22 14:06:06,889 : ConfigProcessor : Loading config from cache: C:\Users\Wilder\AppData\Local\Temp\225554da95d8871f7382aa94a6d6b3eb.mpf_cache
2019-05-22 14:06:06,890 : ConfigProcessor : Loading config from cache: C:\Users\Wilder\AppData\Local\Temp\c5e5b78d841dff96974ddb92030af0a9.mpf_cache
2019-05-22 14:06:06,892 : ConfigProcessor : Loading config from cache: C:\Users\Wilder\AppData\Local\Temp\dbd150f896646081271b7a77a791f2fa.mpf_cache
2019-05-22 14:06:07,020 : ConfigProcessor : Loading config from cache: C:\Users\Wilder\AppData\Local\Temp\6eb8b6e4728e10ce756703e43167d298.mpf_cache
2019-05-22 14:06:07,021 : ConfigProcessor : Loading config from cache: C:\Users\Wilder\AppData\Local\Temp\1f8ff34a8859f8c62d77912f33e29b9c.mpf_cache
2019-05-22 14:06:07,023 : ConfigProcessor : Loading config from cache: C:\Users\Wilder\AppData\Local\Temp\da675f6b180b79eecb40cb5eb7f75a18.mpf_cache
2019-05-22 14:06:07,024 : ConfigProcessor : Loading config from cache: C:\Users\Wilder\AppData\Local\Temp\fc30620fce8f82c18fed051cdde27ef9.mpf_cache
2019-05-22 14:06:07,026 : ConfigProcessor : Loading config from cache: C:\Users\Wilder\AppData\Local\Temp\6fc1a42fdd0d487285862f5b943c745e.mpf_cache
2019-05-22 14:06:07,027 : ConfigProcessor : Loading config from cache: C:\Users\Wilder\AppData\Local\Temp\58664c35241624b07b13025a5964d2a4.mpf_cache
2019-05-22 14:06:07,187 : ConfigProcessor : Loading config from cache: C:\Users\Wilder\AppData\Local\Temp\dd39e2de39eb354a1ec99be2f3167765.mpf_cache
2019-05-22 14:06:07,187 : ConfigProcessor : Loading config from cache: C:\Users\Wilder\AppData\Local\Temp\28e1731e516595966b3afcb08910cb63.mpf_cache
2019-05-22 14:06:07,188 : ConfigProcessor : Loading config from cache: C:\Users\Wilder\AppData\Local\Temp\6caaa2c03f737135abd403644138525e.mpf_cache
2019-05-22 14:06:07,328 : ConfigProcessor : Loading config from cache: C:\Users\Wilder\AppData\Local\Temp\ee4432fc011abe94968ff81513361e18.mpf_cache
2019-05-22 14:06:07,330 : ConfigProcessor : Loading config from cache: C:\Users\Wilder\AppData\Local\Temp\562f2c62ffb495bc414930beede29530.mpf_cache
2019-05-22 14:06:07,331 : ConfigProcessor : Loading config from cache: C:\Users\Wilder\AppData\Local\Temp\c3fd2c292a6c0d3463ad9b4555730ad5.mpf_cache
2019-05-22 14:06:07,333 : ConfigProcessor : Loading config from cache: C:\Users\Wilder\AppData\Local\Temp\96294a9578657f44941f2a8ec647ae36.mpf_cache
2019-05-22 14:06:07,335 : ConfigProcessor : Loading config from cache: C:\Users\Wilder\AppData\Local\Temp\410e2f069e995e601a053ae1f865a8d9.mpf_cache
2019-05-22 14:06:07,350 : ConfigProcessor : Loading config from cache: C:\Users\Wilder\AppData\Local\Temp\4afc9f23ca6340163a8bb51d7deea78f.mpf_cache
2019-05-22 14:06:07,419 : ConfigProcessor : Loading config from cache: C:\Users\Wilder\AppData\Local\Temp\c35ad2e595070cac0b6f696d6f7f6af6.mpf_cache
2019-05-22 14:06:07,420 : ConfigProcessor : Loading config from cache: C:\Users\Wilder\AppData\Local\Temp\7b0dcc699efc7732bf9d3e57ee202517.mpf_cache
2019-05-22 14:06:07,422 : ConfigProcessor : Loading config from cache: C:\Users\Wilder\AppData\Local\Temp\072dbb4c30ca18f53440337aa5cd71bd.mpf_cache
2019-05-22 14:06:07,424 : ConfigProcessor : Loading config from cache: C:\Users\Wilder\AppData\Local\Temp\aecceeb5afbfdc7257044e8417ebcf98.mpf_cache
2019-05-22 14:06:07,504 : ConfigProcessor : Loading config from cache: C:\Users\Wilder\AppData\Local\Temp\696ab9654b1d369e3597af15c079ad3b.mpf_cache
2019-05-22 14:06:07,506 : ConfigProcessor : Loading config from cache: C:\Users\Wilder\AppData\Local\Temp\a31feedcb4b85bf76d76fe6a1222bc90.mpf_cache
2019-05-22 14:06:07,508 : ConfigProcessor : Loading config from cache: C:\Users\Wilder\AppData\Local\Temp\f394a72c4810bb1cc42cac0690a90dcf.mpf_cache
2019-05-22 14:06:07,511 : ConfigProcessor : Loading config from cache: C:\Users\Wilder\AppData\Local\Temp\fd6423453738b6cee138971698f65579.mpf_cache
2019-05-22 14:06:07,513 : ConfigProcessor : Loading config from cache: C:\Users\Wilder\AppData\Local\Temp\05768db999abb9e30be16a432a0581c8.mpf_cache
2019-05-22 14:06:07,513 : ConfigProcessor : Loading config from cache: C:\Users\Wilder\AppData\Local\Temp\43a06f52d0e9cf0597140b4c27159d40.mpf_cache
2019-05-22 14:06:07,515 : ConfigProcessor : Loading config from cache: C:\Users\Wilder\AppData\Local\Temp\6cbeeb809d9de6fbbf2951c4e6867473.mpf_cache
2019-05-22 14:06:07,516 : ConfigProcessor : Loading config from cache: C:\Users\Wilder\AppData\Local\Temp\916c9e2d9177837f45e9cdbb7c1d0b93.mpf_cache
2019-05-22 14:06:07,516 : EventManager : Event: ======'init_phase_3'====== Args={}
2019-05-22 14:06:07,517 : AssetManager : Registering Asset: bluemailx, File: bluemailx.png, Default Group: default, Final Config: {'load': 'preload', 'file': 'C:\\Users\\Wilder\\zelda\\images\\bluemailx.png'}
2019-05-22 14:06:07,517 : AssetManager : Registering Asset: bluemail_circle, File: bluemail_circle.png, Default Group: default, Final Config: {'load': 'preload', 'file': 'C:\\Users\\Wilder\\zelda\\images\\bluemail_circle.png'}
2019-05-22 14:06:07,517 : AssetManager : Registering Asset: bluependant, File: bluependant.png, Default Group: default, Final Config: {'load': 'preload', 'file': 'C:\\Users\\Wilder\\zelda\\images\\bluependant.png'}
2019-05-22 14:06:07,517 : AssetManager : Registering Asset: boomerangx, File: boomerangx.png, Default Group: default, Final Config: {'load': 'preload', 'file': 'C:\\Users\\Wilder\\zelda\\images\\boomerangx.png'}
2019-05-22 14:06:07,518 : AssetManager : Registering Asset: boomerang_circle, File: boomerang_circle.png, Default Group: default, Final Config: {'load': 'preload', 'file': 'C:\\Users\\Wilder\\zelda\\images\\boomerang_circle.png'}
2019-05-22 14:06:07,518 : AssetManager : Registering Asset: bowx, File: bowx.png, Default Group: default, Final Config: {'load': 'preload', 'file': 'C:\\Users\\Wilder\\zelda\\images\\bowx.png'}
2019-05-22 14:06:07,518 : AssetManager : Registering Asset: bow_circle, File: bow_circle.png, Default Group: default, Final Config: {'load': 'preload', 'file': 'C:\\Users\\Wilder\\zelda\\images\\bow_circle.png'}
2019-05-22 14:06:07,518 : AssetManager : Registering Asset: byrnax, File: byrnax.png, Default Group: default, Final Config: {'load': 'preload', 'file': 'C:\\Users\\Wilder\\zelda\\images\\byrnax.png'}
2019-05-22 14:06:07,518 : AssetManager : Registering Asset: byrna_circle, File: byrna_circle.png, Default Group: default, Final Config: {'load': 'preload', 'file': 'C:\\Users\\Wilder\\zelda\\images\\byrna_circle.png'}
2019-05-22 14:06:07,518 : AssetManager : Registering Asset: capex, File: capex.png, Default Group: default, Final Config: {'load': 'preload', 'file': 'C:\\Users\\Wilder\\zelda\\images\\capex.png'}
2019-05-22 14:06:07,518 : AssetManager : Registering Asset: cape_circle, File: cape_circle.png, Default Group: default, Final Config: {'load': 'preload', 'file': 'C:\\Users\\Wilder\\zelda\\images\\cape_circle.png'}
2019-05-22 14:06:07,518 : AssetManager : Registering Asset: circleselect, File: circleselect.png, Default Group: default, Final Config: {'load': 'preload', 'file': 'C:\\Users\\Wilder\\zelda\\images\\circleselect.png'}
2019-05-22 14:06:07,519 : AssetManager : Registering Asset: crystal1, File: crystal1.png, Default Group: default, Final Config: {'load': 'preload', 'file': 'C:\\Users\\Wilder\\zelda\\images\\crystal1.png'}
2019-05-22 14:06:07,519 : AssetManager : Registering Asset: crystal2, File: crystal2.png, Default Group: default, Final Config: {'load': 'preload', 'file': 'C:\\Users\\Wilder\\zelda\\images\\crystal2.png'}
2019-05-22 14:06:07,519 : AssetManager : Registering Asset: crystal3, File: crystal3.png, Default Group: default, Final Config: {'load': 'preload', 'file': 'C:\\Users\\Wilder\\zelda\\images\\crystal3.png'}
2019-05-22 14:06:07,519 : AssetManager : Registering Asset: crystal4, File: crystal4.png, Default Group: default, Final Config: {'load': 'preload', 'file': 'C:\\Users\\Wilder\\zelda\\images\\crystal4.png'}
2019-05-22 14:06:07,519 : AssetManager : Registering Asset: crystal5, File: crystal5.png, Default Group: default, Final Config: {'load': 'preload', 'file': 'C:\\Users\\Wilder\\zelda\\images\\crystal5.png'}
2019-05-22 14:06:07,519 : AssetManager : Registering Asset: crystal6, File: crystal6.png, Default Group: default, Final Config: {'load': 'preload', 'file': 'C:\\Users\\Wilder\\zelda\\images\\crystal6.png'}
2019-05-22 14:06:07,519 : AssetManager : Registering Asset: crystal7, File: crystal7.png, Default Group: default, Final Config: {'load': 'preload', 'file': 'C:\\Users\\Wilder\\zelda\\images\\crystal7.png'}
2019-05-22 14:06:07,519 : AssetManager : Registering Asset: darkworldstoryslide, File: darkworldstoryslide.png, Default Group: default, Final Config: {'load': 'preload', 'file': 'C:\\Users\\Wilder\\zelda\\images\\darkworldstoryslide.png'}
2019-05-22 14:06:07,520 : AssetManager : Registering Asset: darkworld_instructional, File: darkworld_instructional.png, Default Group: default, Final Config: {'load': 'preload', 'file': 'C:\\Users\\Wilder\\zelda\\images\\darkworld_instructional.png'}
2019-05-22 14:06:07,520 : AssetManager : Registering Asset: fast_logo, File: fast_logo.jpg, Default Group: default, Final Config: {'load': 'preload', 'file': 'C:\\Users\\Wilder\\zelda\\images\\fast_logo.jpg'}
2019-05-22 14:06:07,520 : AssetManager : Registering Asset: final_score_gif, File: final_score_gif.gif, Default Group: default, Final Config: {'load': 'preload', 'file': 'C:\\Users\\Wilder\\zelda\\images\\final_score_gif.gif'}
2019-05-22 14:06:07,520 : AssetManager : Registering Asset: flipperx, File: flipperx.png, Default Group: default, Final Config: {'load': 'preload', 'file': 'C:\\Users\\Wilder\\zelda\\images\\flipperx.png'}
2019-05-22 14:06:07,520 : AssetManager : Registering Asset: flipper_circle, File: flipper_circle.png, Default Group: default, Final Config: {'load': 'preload', 'file': 'C:\\Users\\Wilder\\zelda\\images\\flipper_circle.png'}
2019-05-22 14:06:07,520 : AssetManager : Registering Asset: flutex, File: flutex.png, Default Group: default, Final Config: {'load': 'preload', 'file': 'C:\\Users\\Wilder\\zelda\\images\\flutex.png'}
2019-05-22 14:06:07,520 : AssetManager : Registering Asset: flute_circle, File: flute_circle.png, Default Group: default, Final Config: {'load': 'preload', 'file': 'C:\\Users\\Wilder\\zelda\\images\\flute_circle.png'}
2019-05-22 14:06:07,520 : AssetManager : Registering Asset: greenpendant, File: greenpendant.png, Default Group: default, Final Config: {'load': 'preload', 'file': 'C:\\Users\\Wilder\\zelda\\images\\greenpendant.png'}
2019-05-22 14:06:07,521 : AssetManager : Registering Asset: hammerx, File: hammerx.png, Default Group: default, Final Config: {'load': 'preload', 'file': 'C:\\Users\\Wilder\\zelda\\images\\hammerx.png'}
2019-05-22 14:06:07,521 : AssetManager : Registering Asset: hammer_circle, File: hammer_circle.png, Default Group: default, Final Config: {'load': 'preload', 'file': 'C:\\Users\\Wilder\\zelda\\images\\hammer_circle.png'}
2019-05-22 14:06:07,521 : AssetManager : Registering Asset: heartimage, File: heartimage.png, Default Group: default, Final Config: {'load': 'preload', 'file': 'C:\\Users\\Wilder\\zelda\\images\\heartimage.png'}
2019-05-22 14:06:07,521 : AssetManager : Registering Asset: hookshotx, File: hookshotx.png, Default Group: default, Final Config: {'load': 'preload', 'file': 'C:\\Users\\Wilder\\zelda\\images\\hookshotx.png'}
2019-05-22 14:06:07,521 : AssetManager : Registering Asset: hookshot_circle, File: hookshot_circle.png, Default Group: default, Final Config: {'load': 'preload', 'file': 'C:\\Users\\Wilder\\zelda\\images\\hookshot_circle.png'}
2019-05-22 14:06:07,521 : AssetManager : Registering Asset: lampx, File: lampx.png, Default Group: default, Final Config: {'load': 'preload', 'file': 'C:\\Users\\Wilder\\zelda\\images\\lampx.png'}
2019-05-22 14:06:07,521 : AssetManager : Registering Asset: mirrorshieldx, File: mirrorshieldx.png, Default Group: default, Final Config: {'load': 'preload', 'file': 'C:\\Users\\Wilder\\zelda\\images\\mirrorshieldx.png'}
2019-05-22 14:06:07,522 : AssetManager : Registering Asset: mirrorshield_circle, File: mirrorshield_circle.png, Default Group: default, Final Config: {'load': 'preload', 'file': 'C:\\Users\\Wilder\\zelda\\images\\mirrorshield_circle.png'}
2019-05-22 14:06:07,522 : AssetManager : Registering Asset: mirrorx, File: mirrorx.png, Default Group: default, Final Config: {'load': 'preload', 'file': 'C:\\Users\\Wilder\\zelda\\images\\mirrorx.png'}
2019-05-22 14:06:07,522 : AssetManager : Registering Asset: mirror_circle, File: mirror_circle.png, Default Group: default, Final Config: {'load': 'preload', 'file': 'C:\\Users\\Wilder\\zelda\\images\\mirror_circle.png'}
2019-05-22 14:06:07,522 : AssetManager : Registering Asset: moonpearlx, File: moonpearlx.png, Default Group: default, Final Config: {'load': 'preload', 'file': 'C:\\Users\\Wilder\\zelda\\images\\moonpearlx.png'}
2019-05-22 14:06:07,522 : AssetManager : Registering Asset: moonpearl_circle, File: moonpearl_circle.png, Default Group: default, Final Config: {'load': 'preload', 'file': 'C:\\Users\\Wilder\\zelda\\images\\moonpearl_circle.png'}
2019-05-22 14:06:07,522 : AssetManager : Registering Asset: mpf_logo, File: mpf_logo.png, Default Group: default, Final Config: {'load': 'preload', 'file': 'C:\\Users\\Wilder\\zelda\\images\\mpf_logo.png'}
2019-05-22 14:06:07,523 : AssetManager : Registering Asset: redmailx, File: redmailx.png, Default Group: default, Final Config: {'load': 'preload', 'file': 'C:\\Users\\Wilder\\zelda\\images\\redmailx.png'}
2019-05-22 14:06:07,523 : AssetManager : Registering Asset: redmail_circle, File: redmail_circle.png, Default Group: default, Final Config: {'load': 'preload', 'file': 'C:\\Users\\Wilder\\zelda\\images\\redmail_circle.png'}
2019-05-22 14:06:07,523 : AssetManager : Registering Asset: redpendant, File: redpendant.png, Default Group: default, Final Config: {'load': 'preload', 'file': 'C:\\Users\\Wilder\\zelda\\images\\redpendant.png'}
2019-05-22 14:06:07,523 : AssetManager : Registering Asset: redshieldx, File: redshieldx.png, Default Group: default, Final Config: {'load': 'preload', 'file': 'C:\\Users\\Wilder\\zelda\\images\\redshieldx.png'}
2019-05-22 14:06:07,523 : AssetManager : Registering Asset: redshield_circle, File: redshield_circle.png, Default Group: default, Final Config: {'load': 'preload', 'file': 'C:\\Users\\Wilder\\zelda\\images\\redshield_circle.png'}
2019-05-22 14:06:07,523 : AssetManager : Registering Asset: shop_slide, File: shop_slide.png, Default Group: default, Final Config: {'load': 'preload', 'file': 'C:\\Users\\Wilder\\zelda\\images\\shop_slide.png'}
2019-05-22 14:06:07,523 : AssetManager : Registering Asset: somariax, File: somariax.png, Default Group: default, Final Config: {'load': 'preload', 'file': 'C:\\Users\\Wilder\\zelda\\images\\somariax.png'}
2019-05-22 14:06:07,523 : AssetManager : Registering Asset: somaria_circle, File: somaria_circle.png, Default Group: default, Final Config: {'load': 'preload', 'file': 'C:\\Users\\Wilder\\zelda\\images\\somaria_circle.png'}
2019-05-22 14:06:07,524 : AssetManager : Registering Asset: titanmittx, File: titanmittx.png, Default Group: default, Final Config: {'load': 'preload', 'file': 'C:\\Users\\Wilder\\zelda\\images\\titanmittx.png'}
2019-05-22 14:06:07,524 : AssetManager : Registering Asset: titanmitt_circle, File: titanmitt_circle.png, Default Group: default, Final Config: {'load': 'preload', 'file': 'C:\\Users\\Wilder\\zelda\\images\\titanmitt_circle.png'}
2019-05-22 14:06:07,524 : AssetManager : Registering Asset: transparentbluependant, File: transparentbluependant.png, Default Group: default, Final Config: {'load': 'preload', 'file': 'C:\\Users\\Wilder\\zelda\\images\\transparentbluependant.png'}
2019-05-22 14:06:07,524 : AssetManager : Registering Asset: transparentcrystal1, File: transparentcrystal1.png, Default Group: default, Final Config: {'load': 'preload', 'file': 'C:\\Users\\Wilder\\zelda\\images\\transparentcrystal1.png'}
2019-05-22 14:06:07,524 : AssetManager : Registering Asset: transparentcrystal2, File: transparentcrystal2.png, Default Group: default, Final Config: {'load': 'preload', 'file': 'C:\\Users\\Wilder\\zelda\\images\\transparentcrystal2.png'}
2019-05-22 14:06:07,525 : AssetManager : Registering Asset: transparentcrystal3, File: transparentcrystal3.png, Default Group: default, Final Config: {'load': 'preload', 'file': 'C:\\Users\\Wilder\\zelda\\images\\transparentcrystal3.png'}
2019-05-22 14:06:07,525 : AssetManager : Registering Asset: transparentcrystal4, File: transparentcrystal4.png, Default Group: default, Final Config: {'load': 'preload', 'file': 'C:\\Users\\Wilder\\zelda\\images\\transparentcrystal4.png'}
2019-05-22 14:06:07,525 : AssetManager : Registering Asset: transparentcrystal5, File: transparentcrystal5.png, Default Group: default, Final Config: {'load': 'preload', 'file': 'C:\\Users\\Wilder\\zelda\\images\\transparentcrystal5.png'}
2019-05-22 14:06:07,525 : AssetManager : Registering Asset: transparentcrystal6, File: transparentcrystal6.png, Default Group: default, Final Config: {'load': 'preload', 'file': 'C:\\Users\\Wilder\\zelda\\images\\transparentcrystal6.png'}
2019-05-22 14:06:07,525 : AssetManager : Registering Asset: transparentcrystal7, File: transparentcrystal7.png, Default Group: default, Final Config: {'load': 'preload', 'file': 'C:\\Users\\Wilder\\zelda\\images\\transparentcrystal7.png'}
2019-05-22 14:06:07,525 : AssetManager : Registering Asset: transparentgreenpendant, File: transparentgreenpendant.png, Default Group: default, Final Config: {'load': 'preload', 'file': 'C:\\Users\\Wilder\\zelda\\images\\transparentgreenpendant.png'}
2019-05-22 14:06:07,525 : AssetManager : Registering Asset: transparentredpendant, File: transparentredpendant.png, Default Group: default, Final Config: {'load': 'preload', 'file': 'C:\\Users\\Wilder\\zelda\\images\\transparentredpendant.png'}
2019-05-22 14:06:07,526 : AssetManager : Registering Asset: zelda_fili, File: zelda_fili.png, Default Group: default, Final Config: {'load': 'preload', 'file': 'C:\\Users\\Wilder\\zelda\\images\\zelda_fili.png'}
2019-05-22 14:06:07,542 : AssetManager : Registering Asset: 5waycombovideo, File: 5waycombovideo.mp4, Default Group: default, Final Config: {'load': 'preload', 'file': 'C:\\Users\\Wilder\\zelda\\videos\\5waycombovideo.mp4', 'width': 1280, 'height': 720}
2019-05-22 14:06:07,543 : AssetManager : Registering Asset: agahnimdefeatedvideo, File: agahnimdefeatedvideo.mp4, Default Group: default, Final Config: {'load': 'preload', 'file': 'C:\\Users\\Wilder\\zelda\\videos\\agahnimdefeatedvideo.mp4', 'width': 1280, 'height': 720}
2019-05-22 14:06:07,543 : AssetManager : Registering Asset: agahnimhitvideo, File: agahnimhitvideo.mp4, Default Group: default, Final Config: {'load': 'preload', 'file': 'C:\\Users\\Wilder\\zelda\\videos\\agahnimhitvideo.mp4', 'width': 1280, 'height': 720}
2019-05-22 14:06:07,543 : AssetManager : Registering Asset: agahnimstrikevideo, File: agahnimstrikevideo.mp4, Default Group: default, Final Config: {'load': 'preload', 'file': 'C:\\Users\\Wilder\\zelda\\videos\\agahnimstrikevideo.mp4', 'width': 1280, 'height': 720}
2019-05-22 14:06:07,543 : AssetManager : Registering Asset: attractvideo, File: attractvideo.mp4, Default Group: default, Final Config: {'load': 'preload', 'file': 'C:\\Users\\Wilder\\zelda\\videos\\attractvideo.mp4'}
2019-05-22 14:06:07,543 : AssetManager : Registering Asset: bluemailvideo, File: bluemailvideo.mp4, Default Group: default, Final Config: {'load': 'preload', 'file': 'C:\\Users\\Wilder\\zelda\\videos\\bluemailvideo.mp4', 'width': 1280, 'height': 720}
2019-05-22 14:06:07,544 : AssetManager : Registering Asset: bombblastvideo, File: bombblastvideo.mp4, Default Group: default, Final Config: {'load': 'preload', 'file': 'C:\\Users\\Wilder\\zelda\\videos\\bombblastvideo.mp4'}
2019-05-22 14:06:07,544 : AssetManager : Registering Asset: boomerangfound, File: boomerangfound.mp4, Default Group: default, Final Config: {'load': 'preload', 'file': 'C:\\Users\\Wilder\\zelda\\videos\\boomerangfound.mp4'}
2019-05-22 14:06:07,544 : AssetManager : Registering Asset: boss1progress1, File: boss1progress1.mp4, Default Group: default, Final Config: {'load': 'preload', 'file': 'C:\\Users\\Wilder\\zelda\\videos\\boss1progress1.mp4', 'width': 1280, 'height': 720}
2019-05-22 14:06:07,544 : AssetManager : Registering Asset: boss1progress2, File: boss1progress2.mp4, Default Group: default, Final Config: {'load': 'preload', 'file': 'C:\\Users\\Wilder\\zelda\\videos\\boss1progress2.mp4', 'width': 1280, 'height': 720}
2019-05-22 14:06:07,544 : AssetManager : Registering Asset: boss2progress1, File: boss2progress1.mp4, Default Group: default, Final Config: {'load': 'preload', 'file': 'C:\\Users\\Wilder\\zelda\\videos\\boss2progress1.mp4', 'width': 1280, 'height': 720}
2019-05-22 14:06:07,544 : AssetManager : Registering Asset: boss2progress2, File: boss2progress2.mp4, Default Group: default, Final Config: {'load': 'preload', 'file': 'C:\\Users\\Wilder\\zelda\\videos\\boss2progress2.mp4', 'width': 1280, 'height': 720}
2019-05-22 14:06:07,545 : AssetManager : Registering Asset: boss3progress1, File: boss3progress1.mp4, Default Group: default, Final Config: {'load': 'preload', 'file': 'C:\\Users\\Wilder\\zelda\\videos\\boss3progress1.mp4', 'width': 1280, 'height': 720}
2019-05-22 14:06:07,545 : AssetManager : Registering Asset: boss3progress2, File: boss3progress2.mp4, Default Group: default, Final Config: {'load': 'preload', 'file': 'C:\\Users\\Wilder\\zelda\\videos\\boss3progress2.mp4', 'width': 1280, 'height': 720}
2019-05-22 14:06:07,545 : AssetManager : Registering Asset: bottle_video, File: bottle_video.mp4, Default Group: default, Final Config: {'load': 'preload', 'file': 'C:\\Users\\Wilder\\zelda\\videos\\bottle_video.mp4'}
2019-05-22 14:06:07,545 : AssetManager : Registering Asset: bowfound, File: bowfound.mp4, Default Group: default, Final Config: {'load': 'preload', 'file': 'C:\\Users\\Wilder\\zelda\\videos\\bowfound.mp4'}
2019-05-22 14:06:07,545 : AssetManager : Registering Asset: castlestairs, File: castlestairs.mp4, Default Group: default, Final Config: {'load': 'preload', 'file': 'C:\\Users\\Wilder\\zelda\\videos\\castlestairs.mp4'}
2019-05-22 14:06:07,545 : AssetManager : Registering Asset: confrontagahnim, File: confrontagahnim.mp4, Default Group: default, Final Config: {'load': 'preload', 'file': 'C:\\Users\\Wilder\\zelda\\videos\\confrontagahnim.mp4'}
2019-05-22 14:06:07,545 : AssetManager : Registering Asset: darkworldstart, File: darkworldstart.mp4, Default Group: default, Final Config: {'load': 'preload', 'file': 'C:\\Users\\Wilder\\zelda\\videos\\darkworldstart.mp4', 'width': 1280, 'height': 720}
2019-05-22 14:06:07,546 : AssetManager : Registering Asset: dungeon1boss, File: dungeon1boss.mp4, Default Group: default, Final Config: {'load': 'preload', 'file': 'C:\\Users\\Wilder\\zelda\\videos\\dungeon1boss.mp4', 'width': 1280, 'height': 720}
2019-05-22 14:06:07,546 : AssetManager : Registering Asset: dungeon2boss, File: dungeon2boss.mp4, Default Group: default, Final Config: {'load': 'preload', 'file': 'C:\\Users\\Wilder\\zelda\\videos\\dungeon2boss.mp4', 'width': 1280, 'height': 720}
2019-05-22 14:06:07,546 : AssetManager : Registering Asset: dungeon3boss, File: dungeon3boss.mp4, Default Group: default, Final Config: {'load': 'preload', 'file': 'C:\\Users\\Wilder\\zelda\\videos\\dungeon3boss.mp4', 'width': 1280, 'height': 720}
2019-05-22 14:06:07,546 : AssetManager : Registering Asset: dungeon4boss, File: dungeon4boss.mp4, Default Group: default, Final Config: {'load': 'preload', 'file': 'C:\\Users\\Wilder\\zelda\\videos\\dungeon4boss.mp4', 'width': 1280, 'height': 720}
2019-05-22 14:06:07,546 : AssetManager : Registering Asset: dungeon5boss, File: dungeon5boss.mp4, Default Group: default, Final Config: {'load': 'preload', 'file': 'C:\\Users\\Wilder\\zelda\\videos\\dungeon5boss.mp4', 'width': 1280, 'height': 720}
2019-05-22 14:06:07,546 : AssetManager : Registering Asset: dungeon6boss, File: dungeon6boss.mp4, Default Group: default, Final Config: {'load': 'preload', 'file': 'C:\\Users\\Wilder\\zelda\\videos\\dungeon6boss.mp4', 'width': 1280, 'height': 720}
2019-05-22 14:06:07,546 : AssetManager : Registering Asset: dungeon7boss, File: dungeon7boss.mp4, Default Group: default, Final Config: {'load': 'preload', 'file': 'C:\\Users\\Wilder\\zelda\\videos\\dungeon7boss.mp4', 'width': 1280, 'height': 720}
2019-05-22 14:06:07,547 : AssetManager : Registering Asset: extraball, File: extraball.mp4, Default Group: default, Final Config: {'load': 'preload', 'file': 'C:\\Users\\Wilder\\zelda\\videos\\extraball.mp4'}
2019-05-22 14:06:07,547 : AssetManager : Registering Asset: finalblowvideo, File: finalblowvideo.mp4, Default Group: default, Final Config: {'load': 'preload', 'file': 'C:\\Users\\Wilder\\zelda\\videos\\finalblowvideo.mp4'}
2019-05-22 14:06:07,547 : AssetManager : Registering Asset: flippervideo, File: flippervideo.mp4, Default Group: default, Final Config: {'load': 'preload', 'file': 'C:\\Users\\Wilder\\zelda\\videos\\flippervideo.mp4', 'width': 1280, 'height': 720}
2019-05-22 14:06:07,547 : AssetManager : Registering Asset: ganonintro, File: ganonintro.mp4, Default Group: default, Final Config: {'load': 'preload', 'file': 'C:\\Users\\Wilder\\zelda\\videos\\ganonintro.mp4'}
2019-05-22 14:06:07,547 : AssetManager : Registering Asset: ganonlane1, File: ganonlane1.mp4, Default Group: default, Final Config: {'load': 'preload', 'file': 'C:\\Users\\Wilder\\zelda\\videos\\ganonlane1.mp4'}
2019-05-22 14:06:07,547 : AssetManager : Registering Asset: ganonlane2, File: ganonlane2.mp4, Default Group: default, Final Config: {'load': 'preload', 'file': 'C:\\Users\\Wilder\\zelda\\videos\\ganonlane2.mp4'}
2019-05-22 14:06:07,547 : AssetManager : Registering Asset: ganonlane3, File: ganonlane3.mp4, Default Group: default, Final Config: {'load': 'preload', 'file': 'C:\\Users\\Wilder\\zelda\\videos\\ganonlane3.mp4'}
2019-05-22 14:06:07,548 : AssetManager : Registering Asset: ganonlane4, File: ganonlane4.mp4, Default Group: default, Final Config: {'load': 'preload', 'file': 'C:\\Users\\Wilder\\zelda\\videos\\ganonlane4.mp4'}
2019-05-22 14:06:07,548 : AssetManager : Registering Asset: ganontwirl, File: ganontwirl.mp4, Default Group: default, Final Config: {'load': 'preload', 'file': 'C:\\Users\\Wilder\\zelda\\videos\\ganontwirl.mp4'}
2019-05-22 14:06:07,548 : AssetManager : Registering Asset: hammervideo, File: hammervideo.mp4, Default Group: default, Final Config: {'load': 'preload', 'file': 'C:\\Users\\Wilder\\zelda\\videos\\hammervideo.mp4', 'width': 1280, 'height': 720}
2019-05-22 14:06:07,548 : AssetManager : Registering Asset: hookshotvideo, File: hookshotvideo.mp4, Default Group: default, Final Config: {'load': 'preload', 'file': 'C:\\Users\\Wilder\\zelda\\videos\\hookshotvideo.mp4', 'width': 1280, 'height': 720}
2019-05-22 14:06:07,548 : AssetManager : Registering Asset: item_extraball, File: item_extraball.mp4, Default Group: default, Final Config: {'load': 'preload', 'file': 'C:\\Users\\Wilder\\zelda\\videos\\item_extraball.mp4'}
2019-05-22 14:06:07,548 : AssetManager : Registering Asset: linkdyingvideo, File: linkdyingvideo.mp4, Default Group: default, Final Config: {'load': 'preload', 'file': 'C:\\Users\\Wilder\\zelda\\videos\\linkdyingvideo.mp4'}
2019-05-22 14:06:07,548 : AssetManager : Registering Asset: maiden1, File: maiden1.mp4, Default Group: default, Final Config: {'load': 'preload', 'file': 'C:\\Users\\Wilder\\zelda\\videos\\maiden1.mp4', 'width': 1280, 'height': 720}
2019-05-22 14:06:07,549 : AssetManager : Registering Asset: maiden2, File: maiden2.mp4, Default Group: default, Final Config: {'load': 'preload', 'file': 'C:\\Users\\Wilder\\zelda\\videos\\maiden2.mp4', 'width': 1280, 'height': 720}
2019-05-22 14:06:07,549 : AssetManager : Registering Asset: maiden3, File: maiden3.mp4, Default Group: default, Final Config: {'load': 'preload', 'file': 'C:\\Users\\Wilder\\zelda\\videos\\maiden3.mp4', 'width': 1280, 'height': 720}
2019-05-22 14:06:07,549 : AssetManager : Registering Asset: maiden4, File: maiden4.mp4, Default Group: default, Final Config: {'load': 'preload', 'file': 'C:\\Users\\Wilder\\zelda\\videos\\maiden4.mp4', 'width': 1280, 'height': 720}
2019-05-22 14:06:07,549 : AssetManager : Registering Asset: maiden5, File: maiden5.mp4, Default Group: default, Final Config: {'load': 'preload', 'file': 'C:\\Users\\Wilder\\zelda\\videos\\maiden5.mp4', 'width': 1280, 'height': 720}
2019-05-22 14:06:07,549 : AssetManager : Registering Asset: maiden6, File: maiden6.mp4, Default Group: default, Final Config: {'load': 'preload', 'file': 'C:\\Users\\Wilder\\zelda\\videos\\maiden6.mp4', 'width': 1280, 'height': 720}
2019-05-22 14:06:07,549 : AssetManager : Registering Asset: maiden7, File: maiden7.mp4, Default Group: default, Final Config: {'load': 'preload', 'file': 'C:\\Users\\Wilder\\zelda\\videos\\maiden7.mp4', 'width': 1280, 'height': 720}
2019-05-22 14:06:07,549 : AssetManager : Registering Asset: masterswordpulled, File: masterswordpulled.mp4, Default Group: default, Final Config: {'load': 'preload', 'file': 'C:\\Users\\Wilder\\zelda\\videos\\masterswordpulled.mp4'}
2019-05-22 14:06:07,550 : AssetManager : Registering Asset: mirrorvideo, File: mirrorvideo.mp4, Default Group: default, Final Config: {'load': 'preload', 'file': 'C:\\Users\\Wilder\\zelda\\videos\\mirrorvideo.mp4', 'width': 1280, 'height': 720}
2019-05-22 14:06:07,550 : AssetManager : Registering Asset: mode1chaseprogression, File: mode1chaseprogression.mp4, Default Group: default, Final Config: {'load': 'preload', 'file': 'C:\\Users\\Wilder\\zelda\\videos\\mode1chaseprogression.mp4'}
2019-05-22 14:06:07,550 : AssetManager : Registering Asset: mode1finish, File: mode1finish.mp4, Default Group: default, Final Config: {'load': 'preload', 'file': 'C:\\Users\\Wilder\\zelda\\videos\\mode1finish.mp4', 'width': 1280, 'height': 720}
2019-05-22 14:06:07,550 : AssetManager : Registering Asset: mode1progression, File: mode1progression.mp4, Default Group: default, Final Config: {'load': 'preload', 'file': 'C:\\Users\\Wilder\\zelda\\videos\\mode1progression.mp4'}
2019-05-22 14:06:07,550 : AssetManager : Registering Asset: mode1progression2, File: mode1progression2.mp4, Default Group: default, Final Config: {'load': 'preload', 'file': 'C:\\Users\\Wilder\\zelda\\videos\\mode1progression2.mp4'}
2019-05-22 14:06:07,550 : AssetManager : Registering Asset: mode1startvideo, File: mode1startvideo.mp4, Default Group: default, Final Config: {'load': 'preload', 'file': 'C:\\Users\\Wilder\\zelda\\videos\\mode1startvideo.mp4'}
2019-05-22 14:06:07,550 : AssetManager : Registering Asset: mode3progress1, File: mode3progress1.mp4, Default Group: default, Final Config: {'load': 'preload', 'file': 'C:\\Users\\Wilder\\zelda\\videos\\mode3progress1.mp4'}
2019-05-22 14:06:07,551 : AssetManager : Registering Asset: mode3progress3, File: mode3progress3.mp4, Default Group: default, Final Config: {'load': 'preload', 'file': 'C:\\Users\\Wilder\\zelda\\videos\\mode3progress3.mp4'}
2019-05-22 14:06:07,551 : AssetManager : Registering Asset: mode3startmovie, File: mode3startmovie.mp4, Default Group: default, Final Config: {'load': 'preload', 'file': 'C:\\Users\\Wilder\\zelda\\videos\\mode3startmovie.mp4'}
2019-05-22 14:06:07,551 : AssetManager : Registering Asset: moonpearlfound, File: moonpearlfound.mp4, Default Group: default, Final Config: {'load': 'preload', 'file': 'C:\\Users\\Wilder\\zelda\\videos\\moonpearlfound.mp4'}
2019-05-22 14:06:07,551 : AssetManager : Registering Asset: mp4, File: mp4, Default Group: default, Final Config: {'load': 'preload', 'file': 'C:\\Users\\Wilder\\zelda\\videos\\mp4'}
2019-05-22 14:06:07,551 : AssetManager : Registering Asset: pendant1found, File: pendant1found.mp4, Default Group: default, Final Config: {'load': 'preload', 'file': 'C:\\Users\\Wilder\\zelda\\videos\\pendant1found.mp4'}
2019-05-22 14:06:07,551 : AssetManager : Registering Asset: pendant2found, File: pendant2found.mp4, Default Group: default, Final Config: {'load': 'preload', 'file': 'C:\\Users\\Wilder\\zelda\\videos\\pendant2found.mp4'}
2019-05-22 14:06:07,552 : AssetManager : Registering Asset: pendant3found, File: pendant3found.mp4, Default Group: default, Final Config: {'load': 'preload', 'file': 'C:\\Users\\Wilder\\zelda\\videos\\pendant3found.mp4'}
2019-05-22 14:06:07,553 : AssetManager : Registering Asset: redshieldvideo, File: redshieldvideo.mp4, Default Group: default, Final Config: {'load': 'preload', 'file': 'C:\\Users\\Wilder\\zelda\\videos\\redshieldvideo.mp4', 'width': 1280, 'height': 720}
2019-05-22 14:06:07,554 : AssetManager : Registering Asset: zeldafound, File: zeldafound.mp4, Default Group: default, Final Config: {'load': 'preload', 'file': 'C:\\Users\\Wilder\\zelda\\videos\\zeldafound.mp4'}
2019-05-22 14:06:07,591 : AssetManager : Registering Asset: battle, File: battle.ogg, Default Group: music, Final Config: {'load': 'preload', 'track': 'music', 'file': 'C:\\Users\\Wilder\\zelda\\sounds\\music\\battle.ogg'}
2019-05-22 14:06:07,591 : AssetManager : Registering Asset: darkworld, File: darkworld.ogg, Default Group: music, Final Config: {'load': 'preload', 'track': 'music', 'file': 'C:\\Users\\Wilder\\zelda\\sounds\\music\\darkworld.ogg'}
2019-05-22 14:06:07,591 : AssetManager : Registering Asset: darkworld2, File: darkworld2.ogg, Default Group: music, Final Config: {'load': 'preload', 'track': 'music', 'file': 'C:\\Users\\Wilder\\zelda\\sounds\\music\\darkworld2.ogg'}
2019-05-22 14:06:07,591 : AssetManager : Registering Asset: darkworld_rescue, File: darkworld_rescue.ogg, Default Group: music, Final Config: {'load': 'preload', 'track': 'music', 'file': 'C:\\Users\\Wilder\\zelda\\sounds\\music\\darkworld_rescue.ogg'}
2019-05-22 14:06:07,591 : AssetManager : Registering Asset: forest, File: forest.ogg, Default Group: music, Final Config: {'load': 'preload', 'track': 'music', 'file': 'C:\\Users\\Wilder\\zelda\\sounds\\music\\forest.ogg'}
2019-05-22 14:06:07,592 : AssetManager : Registering Asset: ganonbattle, File: ganonbattle.ogg, Default Group: music, Final Config: {'load': 'preload', 'track': 'music', 'file': 'C:\\Users\\Wilder\\zelda\\sounds\\music\\ganonbattle.ogg'}
2019-05-22 14:06:07,592 : AssetManager : Registering Asset: highscore, File: highscore.ogg, Default Group: music, Final Config: {'load': 'preload', 'track': 'music', 'file': 'C:\\Users\\Wilder\\zelda\\sounds\\music\\highscore.ogg'}
2019-05-22 14:06:07,592 : AssetManager : Registering Asset: hyrulecastle, File: hyrulecastle.ogg, Default Group: music, Final Config: {'load': 'preload', 'track': 'music', 'file': 'C:\\Users\\Wilder\\zelda\\sounds\\music\\hyrulecastle.ogg'}
2019-05-22 14:06:07,592 : AssetManager : Registering Asset: light_world_theme, File: light_world_theme.ogg, Default Group: music, Final Config: {'load': 'preload', 'track': 'music', 'file': 'C:\\Users\\Wilder\\zelda\\sounds\\music\\light_world_theme.ogg'}
2019-05-22 14:06:07,592 : AssetManager : Registering Asset: princess_zeldas_rescue, File: princess_zeldas_rescue.ogg, Default Group: music, Final Config: {'load': 'preload', 'track': 'music', 'file': 'C:\\Users\\Wilder\\zelda\\sounds\\music\\princess_zeldas_rescue.ogg'}
2019-05-22 14:06:07,592 : AssetManager : Registering Asset: rainin, File: rainin.ogg, Default Group: music, Final Config: {'load': 'preload', 'track': 'music', 'file': 'C:\\Users\\Wilder\\zelda\\sounds\\music\\rainin.ogg'}
2019-05-22 14:06:07,592 : AssetManager : Registering Asset: rainout, File: rainout.ogg, Default Group: music, Final Config: {'load': 'preload', 'track': 'music', 'file': 'C:\\Users\\Wilder\\zelda\\sounds\\music\\rainout.ogg'}
2019-05-22 14:06:07,593 : AssetManager : Registering Asset: timeoffalling, File: timeoffalling.ogg, Default Group: music, Final Config: {'load': 'preload', 'track': 'music', 'file': 'C:\\Users\\Wilder\\zelda\\sounds\\music\\timeoffalling.ogg'}
2019-05-22 14:06:07,593 : AssetManager : Registering Asset: town_music, File: town_music.ogg, Default Group: music, Final Config: {'load': 'preload', 'track': 'music', 'file': 'C:\\Users\\Wilder\\zelda\\sounds\\music\\town_music.ogg'}
2019-05-22 14:06:07,593 : AssetManager : Registering Asset: agahnim_charge, File: agahnim_charge.ogg, Default Group: sfx, Final Config: {'load': 'preload', 'track': 'sfx', 'file': 'C:\\Users\\Wilder\\zelda\\sounds\\sfx\\agahnim_charge.ogg'}
2019-05-22 14:06:07,593 : AssetManager : Registering Asset: agahnim_dash, File: agahnim_dash.ogg, Default Group: sfx, Final Config: {'load': 'preload', 'track': 'sfx', 'file': 'C:\\Users\\Wilder\\zelda\\sounds\\sfx\\agahnim_dash.ogg'}
2019-05-22 14:06:07,593 : AssetManager : Registering Asset: bomb_spots_item, File: bomb_spots_item.ogg, Default Group: sfx, Final Config: {'load': 'preload', 'track': 'sfx', 'file': 'C:\\Users\\Wilder\\zelda\\sounds\\sfx\\bomb_spots_item.ogg'}
2019-05-22 14:06:07,594 : AssetManager : Registering Asset: cannonball, File: cannonball.ogg, Default Group: sfx, Final Config: {'load': 'preload', 'track': 'sfx', 'file': 'C:\\Users\\Wilder\\zelda\\sounds\\sfx\\cannonball.ogg'}
2019-05-22 14:06:07,594 : AssetManager : Registering Asset: charge, File: charge.ogg, Default Group: sfx, Final Config: {'load': 'preload', 'track': 'sfx', 'file': 'C:\\Users\\Wilder\\zelda\\sounds\\sfx\\charge.ogg'}
2019-05-22 14:06:07,594 : AssetManager : Registering Asset: chargeshot, File: chargeshot.ogg, Default Group: sfx, Final Config: {'load': 'preload', 'track': 'sfx', 'file': 'C:\\Users\\Wilder\\zelda\\sounds\\sfx\\chargeshot.ogg'}
2019-05-22 14:06:07,594 : AssetManager : Registering Asset: dash, File: dash.ogg, Default Group: sfx, Final Config: {'load': 'preload', 'track': 'sfx', 'file': 'C:\\Users\\Wilder\\zelda\\sounds\\sfx\\dash.ogg'}
2019-05-22 14:06:07,594 : AssetManager : Registering Asset: doubledoor, File: doubledoor.ogg, Default Group: sfx, Final Config: {'load': 'preload', 'track': 'sfx', 'file': 'C:\\Users\\Wilder\\zelda\\sounds\\sfx\\doubledoor.ogg'}
2019-05-22 14:06:07,594 : AssetManager : Registering Asset: enemykill, File: enemykill.ogg, Default Group: sfx, Final Config: {'load': 'preload', 'track': 'sfx', 'file': 'C:\\Users\\Wilder\\zelda\\sounds\\sfx\\enemykill.ogg'}
2019-05-22 14:06:07,594 : AssetManager : Registering Asset: error, File: error.ogg, Default Group: sfx, Final Config: {'load': 'preload', 'track': 'sfx', 'file': 'C:\\Users\\Wilder\\zelda\\sounds\\sfx\\error.ogg'}
2019-05-22 14:06:07,595 : AssetManager : Registering Asset: extraballsfx, File: extraballsfx.ogg, Default Group: sfx, Final Config: {'load': 'preload', 'track': 'sfx', 'file': 'C:\\Users\\Wilder\\zelda\\sounds\\sfx\\extraballsfx.ogg'}
2019-05-22 14:06:07,595 : AssetManager : Registering Asset: fireball, File: fireball.ogg, Default Group: sfx, Final Config: {'load': 'preload', 'track': 'sfx', 'file': 'C:\\Users\\Wilder\\zelda\\sounds\\sfx\\fireball.ogg'}
2019-05-22 14:06:07,595 : AssetManager : Registering Asset: heart, File: heart.ogg, Default Group: sfx, Final Config: {'load': 'preload', 'track': 'sfx', 'file': 'C:\\Users\\Wilder\\zelda\\sounds\\sfx\\heart.ogg'}
2019-05-22 14:06:07,595 : AssetManager : Registering Asset: heart_piece_sfx, File: heart_piece_sfx.ogg, Default Group: sfx, Final Config: {'load': 'preload', 'track': 'sfx', 'file': 'C:\\Users\\Wilder\\zelda\\sounds\\sfx\\heart_piece_sfx.ogg'}
2019-05-22 14:06:07,595 : AssetManager : Registering Asset: inlanefx, File: inlanefx.ogg, Default Group: sfx, Final Config: {'load': 'preload', 'track': 'sfx', 'file': 'C:\\Users\\Wilder\\zelda\\sounds\\sfx\\inlanefx.ogg'}
2019-05-22 14:06:07,595 : AssetManager : Registering Asset: jets, File: jets.ogg, Default Group: sfx, Final Config: {'load': 'preload', 'track': 'sfx', 'file': 'C:\\Users\\Wilder\\zelda\\sounds\\sfx\\jets.ogg'}
2019-05-22 14:06:07,595 : AssetManager : Registering Asset: key, File: key.ogg, Default Group: sfx, Final Config: {'load': 'preload', 'track': 'sfx', 'file': 'C:\\Users\\Wilder\\zelda\\sounds\\sfx\\key.ogg'}
2019-05-22 14:06:07,596 : AssetManager : Registering Asset: light_world_finished, File: light_world_finished.ogg, Default Group: sfx, Final Config: {'load': 'preload', 'track': 'sfx', 'file': 'C:\\Users\\Wilder\\zelda\\sounds\\sfx\\light_world_finished.ogg'}
2019-05-22 14:06:07,596 : AssetManager : Registering Asset: linkfall, File: linkfall.ogg, Default Group: sfx, Final Config: {'load': 'preload', 'track': 'sfx', 'file': 'C:\\Users\\Wilder\\zelda\\sounds\\sfx\\linkfall.ogg'}
2019-05-22 14:06:07,596 : AssetManager : Registering Asset: linkhurt1, File: linkhurt1.ogg, Default Group: sfx, Final Config: {'load': 'preload', 'track': 'sfx', 'volume': 0.7, 'file': 'C:\\Users\\Wilder\\zelda\\sounds\\sfx\\linkhurt1.ogg'}
2019-05-22 14:06:07,596 : AssetManager : Registering Asset: linkhurt2, File: linkhurt2.ogg, Default Group: sfx, Final Config: {'load': 'preload', 'track': 'sfx', 'volume': 0.7, 'file': 'C:\\Users\\Wilder\\zelda\\sounds\\sfx\\linkhurt2.ogg'}
2019-05-22 14:06:07,596 : AssetManager : Registering Asset: linkhurt3, File: linkhurt3.ogg, Default Group: sfx, Final Config: {'load': 'preload', 'track': 'sfx', 'volume': 0.7, 'file': 'C:\\Users\\Wilder\\zelda\\sounds\\sfx\\linkhurt3.ogg'}
2019-05-22 14:06:07,596 : AssetManager : Registering Asset: link_dying, File: link_dying.ogg, Default Group: sfx, Final Config: {'load': 'preload', 'track': 'sfx', 'file': 'C:\\Users\\Wilder\\zelda\\sounds\\sfx\\link_dying.ogg'}
2019-05-22 14:06:07,596 : AssetManager : Registering Asset: lost_woods_correct, File: lost_woods_correct.ogg, Default Group: sfx, Final Config: {'load': 'preload', 'track': 'sfx', 'file': 'C:\\Users\\Wilder\\zelda\\sounds\\sfx\\lost_woods_correct.ogg'}
2019-05-22 14:06:07,597 : AssetManager : Registering Asset: low_health, File: low_health.ogg, Default Group: sfx, Final Config: {'load': 'preload', 'track': 'sfx', 'file': 'C:\\Users\\Wilder\\zelda\\sounds\\sfx\\low_health.ogg'}
2019-05-22 14:06:07,597 : AssetManager : Registering Asset: magic, File: magic.ogg, Default Group: sfx, Final Config: {'load': 'preload', 'track': 'sfx', 'file': 'C:\\Users\\Wilder\\zelda\\sounds\\sfx\\magic.ogg'}
2019-05-22 14:06:07,597 : AssetManager : Registering Asset: master_sword_fanfare, File: master_sword_fanfare.ogg, Default Group: sfx, Final Config: {'load': 'preload', 'track': 'sfx', 'file': 'C:\\Users\\Wilder\\zelda\\sounds\\sfx\\master_sword_fanfare.ogg'}
2019-05-22 14:06:07,597 : AssetManager : Registering Asset: menu_cursor, File: menu_cursor.ogg, Default Group: sfx, Final Config: {'load': 'preload', 'track': 'sfx', 'file': 'C:\\Users\\Wilder\\zelda\\sounds\\sfx\\menu_cursor.ogg'}
2019-05-22 14:06:07,597 : AssetManager : Registering Asset: menu_select, File: menu_select.ogg, Default Group: sfx, Final Config: {'load': 'preload', 'track': 'sfx', 'file': 'C:\\Users\\Wilder\\zelda\\sounds\\sfx\\menu_select.ogg'}
2019-05-22 14:06:07,597 : AssetManager : Registering Asset: pickup, File: pickup.ogg, Default Group: sfx, Final Config: {'load': 'preload', 'track': 'sfx', 'file': 'C:\\Users\\Wilder\\zelda\\sounds\\sfx\\pickup.ogg'}
2019-05-22 14:06:07,597 : AssetManager : Registering Asset: rat, File: rat.ogg, Default Group: sfx, Final Config: {'load': 'preload', 'track': 'sfx', 'file': 'C:\\Users\\Wilder\\zelda\\sounds\\sfx\\rat.ogg'}
2019-05-22 14:06:07,598 : AssetManager : Registering Asset: rupeesfx, File: rupeesfx.ogg, Default Group: sfx, Final Config: {'load': 'preload', 'track': 'sfx', 'file': 'C:\\Users\\Wilder\\zelda\\sounds\\sfx\\rupeesfx.ogg'}
2019-05-22 14:06:07,598 : AssetManager : Registering Asset: shatter, File: shatter.ogg, Default Group: sfx, Final Config: {'load': 'preload', 'track': 'sfx', 'file': 'C:\\Users\\Wilder\\zelda\\sounds\\sfx\\shatter.ogg'}
2019-05-22 14:06:07,598 : AssetManager : Registering Asset: slide_txt_sfx, File: slide_txt_sfx.ogg, Default Group: sfx, Final Config: {'load': 'preload', 'track': 'sfx', 'file': 'C:\\Users\\Wilder\\zelda\\sounds\\sfx\\slide_txt_sfx.ogg'}
2019-05-22 14:06:07,598 : AssetManager : Registering Asset: slingshot, File: slingshot.ogg, Default Group: sfx, Final Config: {'load': 'preload', 'track': 'sfx', 'file': 'C:\\Users\\Wilder\\zelda\\sounds\\sfx\\slingshot.ogg'}
2019-05-22 14:06:07,598 : AssetManager : Registering Asset: sword1, File: sword1.ogg, Default Group: sfx, Final Config: {'load': 'preload', 'track': 'sfx', 'file': 'C:\\Users\\Wilder\\zelda\\sounds\\sfx\\sword1.ogg'}
2019-05-22 14:06:07,598 : AssetManager : Registering Asset: sword2, File: sword2.ogg, Default Group: sfx, Final Config: {'load': 'preload', 'track': 'sfx', 'file': 'C:\\Users\\Wilder\\zelda\\sounds\\sfx\\sword2.ogg'}
2019-05-22 14:06:07,598 : AssetManager : Registering Asset: swordsilence, File: swordsilence.ogg, Default Group: sfx, Final Config: {'load': 'preload', 'track': 'sfx', 'file': 'C:\\Users\\Wilder\\zelda\\sounds\\sfx\\swordsilence.ogg'}
2019-05-22 14:06:07,599 : AssetManager : Registering Asset: text_done, File: text_done.ogg, Default Group: sfx, Final Config: {'load': 'preload', 'track': 'sfx', 'file': 'C:\\Users\\Wilder\\zelda\\sounds\\sfx\\text_done.ogg'}
2019-05-22 14:06:07,599 : AssetManager : Registering Asset: text_letter, File: text_letter.ogg, Default Group: sfx, Final Config: {'load': 'preload', 'track': 'sfx', 'file': 'C:\\Users\\Wilder\\zelda\\sounds\\sfx\\text_letter.ogg'}
2019-05-22 14:06:07,599 : AssetManager : Registering Asset: throw, File: throw.ogg, Default Group: sfx, Final Config: {'load': 'preload', 'track': 'sfx', 'file': 'C:\\Users\\Wilder\\zelda\\sounds\\sfx\\throw.ogg'}
2019-05-22 14:06:07,599 : AssetManager : Registering Asset: treasure_sfx, File: treasure_sfx.ogg, Default Group: sfx, Final Config: {'load': 'preload', 'track': 'sfx', 'file': 'C:\\Users\\Wilder\\zelda\\sounds\\sfx\\treasure_sfx.ogg'}
2019-05-22 14:06:07,599 : AssetManager : Registering Asset: treasure_sfx2, File: treasure_sfx2.ogg, Default Group: sfx, Final Config: {'load': 'preload', 'track': 'sfx', 'file': 'C:\\Users\\Wilder\\zelda\\sounds\\sfx\\treasure_sfx2.ogg'}
2019-05-22 14:06:07,599 : AssetManager : Registering Asset: warp, File: warp.ogg, Default Group: sfx, Final Config: {'load': 'preload', 'track': 'sfx', 'file': 'C:\\Users\\Wilder\\zelda\\sounds\\sfx\\warp.ogg'}
2019-05-22 14:06:07,599 : AssetManager : Registering Asset: waterwalk, File: waterwalk.ogg, Default Group: sfx, Final Config: {'load': 'preload', 'track': 'sfx', 'file': 'C:\\Users\\Wilder\\zelda\\sounds\\sfx\\waterwalk.ogg'}
2019-05-22 14:06:07,600 : AssetManager : Registering Asset: worldwarp, File: worldwarp.ogg, Default Group: sfx, Final Config: {'load': 'preload', 'track': 'sfx', 'file': 'C:\\Users\\Wilder\\zelda\\sounds\\sfx\\worldwarp.ogg'}
2019-05-22 14:06:07,630 : EventManager : Event: ======'init_phase_4'====== Args={}
2019-05-22 14:06:07,630 : EventManager : Event: ======'init_phase_5'====== Args={}
2019-05-22 14:06:07,630 : mpfmc : Clearing boot hold init. Holds remaining: {'assets'}
2019-05-22 14:06:07,642 : kivy : ImageSDL2: Load <C:\Users\Wilder\zelda\images\byrna_circle.png>
2019-05-22 14:06:07,647 : kivy : ImageSDL2: Load <C:\Users\Wilder\zelda\images\byrnax.png>
2019-05-22 14:06:07,649 : kivy : ImageSDL2: Load <C:\Users\Wilder\zelda\images\bow_circle.png>
2019-05-22 14:06:07,654 : kivy : VideoGstplayer: Load <C:\Users\Wilder\zelda\videos\dungeon5boss.mp4>
2019-05-22 14:06:07,668 : kivy : ImageSDL2: Load <C:\Users\Wilder\zelda\images\zelda_fili.png>
2019-05-22 14:06:07,696 : EventManager : Event: ======'loading_assets'====== Args={'total': 206, 'loaded': 1, 'remaining': 205, 'percent': 0}
2019-05-22 14:06:07,696 : AssetManager : Loading assets: 1/206 (0%)
2019-05-22 14:06:07,697 : kivy : VideoGstplayer: Load <C:\Users\Wilder\zelda\videos\dungeon4boss.mp4>
2019-05-22 14:06:07,697 : kivy : ImageSDL2: Load <C:\Users\Wilder\zelda\images\transparentredpendant.png>
2019-05-22 14:06:07,698 : kivy : VideoGstplayer: Load <C:\Users\Wilder\zelda\videos\dungeon3boss.mp4>
2019-05-22 14:06:07,698 : kivy : VideoGstplayer: Load <C:\Users\Wilder\zelda\videos\dungeon2boss.mp4>
2019-05-22 14:06:07,699 : kivy : ImageSDL2: Load <C:\Users\Wilder\zelda\images\transparentgreenpendant.png>
2019-05-22 14:06:07,699 : kivy : VideoGstplayer: Load <C:\Users\Wilder\zelda\videos\dungeon1boss.mp4>
2019-05-22 14:06:07,700 : kivy : VideoGstplayer: Load <C:\Users\Wilder\zelda\videos\darkworldstart.mp4>
2019-05-22 14:06:07,701 : kivy : ImageSDL2: Load <C:\Users\Wilder\zelda\images\bowx.png>
2019-05-22 14:06:07,702 : kivy : VideoGstplayer: Load <C:\Users\Wilder\zelda\videos\agahnimdefeatedvideo.mp4>
2019-05-22 14:06:07,702 : kivy : VideoGstplayer: Load <C:\Users\Wilder\zelda\videos\agahnimhitvideo.mp4>
2019-05-22 14:06:07,702 : kivy : ImageSDL2: Load <C:\Users\Wilder\zelda\images\transparentcrystal7.png>
2019-05-22 14:06:07,703 : kivy : VideoGstplayer: Load <C:\Users\Wilder\zelda\videos\agahnimstrikevideo.mp4>
2019-05-22 14:06:07,704 : kivy : VideoGstplayer: Load <confrontagahnim>
2019-05-22 14:06:07,704 : kivy : ImageSDL2: Load <C:\Users\Wilder\zelda\images\transparentcrystal6.png>
2019-05-22 14:06:07,705 : kivy : VideoGstplayer: Load <masterswordpulled>
2019-05-22 14:06:07,705 : kivy : VideoGstplayer: Load <mode3progress3>
2019-05-22 14:06:07,706 : kivy : ImageSDL2: Load <C:\Users\Wilder\zelda\images\transparentcrystal5.png>
2019-05-22 14:06:07,706 : kivy : VideoGstplayer: Load <mode3progress1>
2019-05-22 14:06:07,707 : kivy : VideoGstplayer: Load <mode3startmovie>
2019-05-22 14:06:07,707 : kivy : ImageSDL2: Load <C:\Users\Wilder\zelda\images\transparentcrystal4.png>
2019-05-22 14:06:07,708 : kivy : ImageSDL2: Load <C:\Users\Wilder\zelda\images\transparentcrystal3.png>
2019-05-22 14:06:07,708 : kivy : VideoGstplayer: Load <pendant3found>
2019-05-22 14:06:07,709 : kivy : ImageSDL2: Load <C:\Users\Wilder\zelda\images\transparentcrystal2.png>
2019-05-22 14:06:07,709 : kivy : VideoGstplayer: Load <C:\Users\Wilder\zelda\videos\boss3progress2.mp4>
2019-05-22 14:06:07,710 : kivy : VideoGstplayer: Load <C:\Users\Wilder\zelda\videos\boss3progress1.mp4>
2019-05-22 14:06:07,710 : kivy : ImageSDL2: Load <C:\Users\Wilder\zelda\images\transparentcrystal1.png>
2019-05-22 14:06:07,711 : kivy : VideoGstplayer: Load <pendant2found>
2019-05-22 14:06:07,712 : kivy : VideoGstplayer: Load <C:\Users\Wilder\zelda\videos\boss2progress2.mp4>
2019-05-22 14:06:07,712 : kivy : ImageSDL2: Load <C:\Users\Wilder\zelda\images\transparentbluependant.png>
2019-05-22 14:06:07,713 : kivy : VideoGstplayer: Load <C:\Users\Wilder\zelda\videos\boss2progress1.mp4>
2019-05-22 14:06:07,714 : kivy : VideoGstplayer: Load <pendant1found>
2019-05-22 14:06:07,714 : kivy : ImageSDL2: Load <C:\Users\Wilder\zelda\images\titanmitt_circle.png>
2019-05-22 14:06:07,715 : kivy : VideoGstplayer: Load <C:\Users\Wilder\zelda\videos\boss1progress2.mp4>
2019-05-22 14:06:07,716 : kivy : VideoGstplayer: Load <C:\Users\Wilder\zelda\videos\boss1progress1.mp4>
2019-05-22 14:06:07,716 : kivy : ImageSDL2: Load <C:\Users\Wilder\zelda\images\titanmittx.png>
2019-05-22 14:06:07,717 : kivy : VideoGstplayer: Load <linkdyingvideo>
2019-05-22 14:06:07,717 : kivy : VideoGstplayer: Load <C:\Users\Wilder\zelda\videos\mode1finish.mp4>
2019-05-22 14:06:07,718 : kivy : ImageSDL2: Load <C:\Users\Wilder\zelda\images\boomerang_circle.png>
2019-05-22 14:06:07,719 : kivy : VideoGstplayer: Load <bomblastvideo>
2019-05-22 14:06:07,720 : kivy : VideoGstplayer: Load <extraball>
2019-05-22 14:06:07,720 : kivy : ImageSDL2: Load <C:\Users\Wilder\zelda\images\somaria_circle.png>
2019-05-22 14:06:07,721 : kivy : VideoGstplayer: Load <attractvideo>
2019-05-22 14:06:07,721 : kivy : ImageSDL2: Load <C:\Users\Wilder\zelda\images\somariax.png>
2019-05-22 14:06:07,722 : kivy : VideoGstplayer: Load <moonpearlfound>
2019-05-22 14:06:07,723 : kivy : VideoGstplayer: Load <bowfound>
2019-05-22 14:06:07,723 : kivy : ImageSDL2: Load <C:\Users\Wilder\zelda\images\shop_slide.png>
2019-05-22 14:06:07,856 : kivy : VideoGstplayer: Load <boomerangfound>
2019-05-22 14:06:07,857 : kivy : VideoGstplayer: Load <mode1progression2>
2019-05-22 14:06:07,857 : kivy : VideoGstplayer: Load <mode1progression>
2019-05-22 14:06:07,858 : kivy : VideoGstplayer: Load <zeldafound>
2019-05-22 14:06:07,858 : kivy : ImageSDL2: Load <C:\Users\Wilder\zelda\images\redshield_circle.png>
2019-05-22 14:06:07,858 : kivy : VideoGstplayer: Load <mode1chaseprogression>
2019-05-22 14:06:07,860 : kivy : ImageSDL2: Load <C:\Users\Wilder\zelda\images\redshieldx.png>
2019-05-22 14:06:07,861 : kivy : VideoGstplayer: Load <castlestairs>
2019-05-22 14:06:07,862 : kivy : ImageSDL2: Load <C:\Users\Wilder\zelda\images\redpendant.png>
2019-05-22 14:06:07,862 : kivy : VideoGstplayer: Load <mode1startvideo>
2019-05-22 14:06:07,863 : kivy : ImageSDL2: Load <C:\Users\Wilder\zelda\images\redmail_circle.png>
2019-05-22 14:06:07,867 : kivy : ImageSDL2: Load <C:\Users\Wilder\zelda\images\redmailx.png>
2019-05-22 14:06:07,868 : kivy : ImageSDL2: Load <C:\Users\Wilder\zelda\images\mpf_logo.png>
2019-05-22 14:06:07,879 : EventManager : Event: ======'loading_assets'====== Args={'total': 206, 'loaded': 63, 'remaining': 143, 'percent': 31}
2019-05-22 14:06:07,879 : AssetManager : Loading assets: 63/206 (31%)
2019-05-22 14:06:07,880 : kivy : ImageSDL2: Load <C:\Users\Wilder\zelda\images\moonpearl_circle.png>
2019-05-22 14:06:07,881 : kivy : ImageSDL2: Load <C:\Users\Wilder\zelda\images\boomerangx.png>
2019-05-22 14:06:07,882 : kivy : ImageSDL2: Load <C:\Users\Wilder\zelda\images\moonpearlx.png>
2019-05-22 14:06:07,883 : kivy : ImageSDL2: Load <C:\Users\Wilder\zelda\images\mirror_circle.png>
2019-05-22 14:06:07,884 : kivy : ImageSDL2: Load <C:\Users\Wilder\zelda\images\mirrorx.png>
2019-05-22 14:06:07,886 : kivy : ImageSDL2: Load <C:\Users\Wilder\zelda\images\mirrorshield_circle.png>
2019-05-22 14:06:07,887 : kivy : ImageSDL2: Load <C:\Users\Wilder\zelda\images\mirrorshieldx.png>
2019-05-22 14:06:07,888 : kivy : ImageSDL2: Load <C:\Users\Wilder\zelda\images\lampx.png>
2019-05-22 14:06:07,889 : kivy : ImageSDL2: Load <C:\Users\Wilder\zelda\images\hookshot_circle.png>
2019-05-22 14:06:07,890 : kivy : ImageSDL2: Load <C:\Users\Wilder\zelda\images\hookshotx.png>
2019-05-22 14:06:07,891 : kivy : ImageSDL2: Load <C:\Users\Wilder\zelda\images\heartimage.png>
2019-05-22 14:06:07,901 : kivy : ImageSDL2: Load <C:\Users\Wilder\zelda\images\hammer_circle.png>
2019-05-22 14:06:07,902 : kivy : ImageSDL2: Load <C:\Users\Wilder\zelda\images\bluependant.png>
2019-05-22 14:06:07,903 : kivy : ImageSDL2: Load <C:\Users\Wilder\zelda\images\hammerx.png>
2019-05-22 14:06:07,904 : kivy : ImageSDL2: Load <C:\Users\Wilder\zelda\images\greenpendant.png>
2019-05-22 14:06:07,905 : kivy : ImageSDL2: Load <C:\Users\Wilder\zelda\images\flute_circle.png>
2019-05-22 14:06:07,906 : kivy : ImageSDL2: Load <C:\Users\Wilder\zelda\images\flutex.png>
2019-05-22 14:06:07,907 : kivy : ImageSDL2: Load <C:\Users\Wilder\zelda\images\flipper_circle.png>
2019-05-22 14:06:07,908 : kivy : ImageSDL2: Load <C:\Users\Wilder\zelda\images\flipperx.png>
2019-05-22 14:06:08,016 : kivy : ImagePIL: Load <C:\Users\Wilder\zelda\images\final_score_gif.gif>
2019-05-22 14:06:08,129 : kivy : ImageSDL2: Load <C:\Users\Wilder\zelda\images\fast_logo.jpg>
2019-05-22 14:06:08,177 : EventManager : Event: ======'loading_assets'====== Args={'total': 206, 'loaded': 84, 'remaining': 122, 'percent': 41}
2019-05-22 14:06:08,178 : AssetManager : Loading assets: 84/206 (41%)
2019-05-22 14:06:08,180 : kivy : ImageSDL2: Load <C:\Users\Wilder\zelda\images\darkworld_instructional.png>
2019-05-22 14:06:08,194 : SoundAsset : Sound worldwarp loading to memory
2019-05-22 14:06:08,205 : SoundMemoryFile : Loaded file: C:\Users\Wilder\zelda\sounds\sfx\worldwarp.ogg Sample duration: 3.946394557823129
2019-05-22 14:06:08,205 : SoundAsset : Sound waterwalk loading to memory
2019-05-22 14:06:08,207 : SoundMemoryFile : Loaded file: C:\Users\Wilder\zelda\sounds\sfx\waterwalk.ogg Sample duration: 0.26439909297052155
2019-05-22 14:06:08,208 : SoundAsset : Loaded worldwarp (Track sfx)
2019-05-22 14:06:08,208 : SoundAsset : Sound warp loading to memory
2019-05-22 14:06:08,208 : SoundAsset : Loaded waterwalk (Track sfx)
2019-05-22 14:06:08,212 : SoundMemoryFile : Loaded file: C:\Users\Wilder\zelda\sounds\sfx\warp.ogg Sample duration: 2.253832199546485
2019-05-22 14:06:08,214 : SoundAsset : Sound treasure_sfx2 loading to memory
2019-05-22 14:06:08,217 : SoundMemoryFile : Loaded file: C:\Users\Wilder\zelda\sounds\sfx\treasure_sfx2.ogg Sample duration: 1.5269387755102042
2019-05-22 14:06:08,218 : SoundAsset : Sound treasure_sfx loading to memory
2019-05-22 14:06:08,218 : SoundAsset : Loaded warp (Track sfx)
2019-05-22 14:06:08,221 : SoundMemoryFile : Loaded file: C:\Users\Wilder\zelda\sounds\sfx\treasure_sfx.ogg Sample duration: 1.5269387755102042
2019-05-22 14:06:08,221 : SoundAsset : Loaded treasure_sfx2 (Track sfx)
2019-05-22 14:06:08,221 : SoundAsset : Sound throw loading to memory
2019-05-22 14:06:08,222 : SoundAsset : Loaded treasure_sfx (Track sfx)
2019-05-22 14:06:08,223 : SoundMemoryFile : Loaded file: C:\Users\Wilder\zelda\sounds\sfx\throw.ogg Sample duration: 0.21882086167800455
2019-05-22 14:06:08,224 : SoundAsset : Sound text_letter loading to memory
2019-05-22 14:06:08,226 : SoundMemoryFile : Loaded file: C:\Users\Wilder\zelda\sounds\sfx\text_letter.ogg Sample duration: 0.09297052154195011
2019-05-22 14:06:08,226 : kivy : ImageSDL2: Load <C:\Users\Wilder\zelda\images\darkworldstoryslide.png>
2019-05-22 14:06:08,241 : SoundAsset : Loaded throw (Track sfx)
2019-05-22 14:06:08,242 : SoundAsset : Loaded text_letter (Track sfx)
2019-05-22 14:06:08,244 : kivy : ImageSDL2: Load <C:\Users\Wilder\zelda\images\bluemail_circle.png>
2019-05-22 14:06:08,245 : SoundAsset : Sound text_done loading to memory
2019-05-22 14:06:08,247 : SoundMemoryFile : Loaded file: C:\Users\Wilder\zelda\sounds\sfx\text_done.ogg Sample duration: 0.2820408163265306
2019-05-22 14:06:08,247 : SoundAsset : Sound swordsilence loading to memory
2019-05-22 14:06:08,248 : SoundMemoryFile : Loaded file: C:\Users\Wilder\zelda\sounds\sfx\swordsilence.ogg Sample duration: 0.22412698412698412
2019-05-22 14:06:08,249 : SoundAsset : Sound sword2 loading to memory
2019-05-22 14:06:08,250 : SoundMemoryFile : Loaded file: C:\Users\Wilder\zelda\sounds\sfx\sword2.ogg Sample duration: 0.18292517006802722
2019-05-22 14:06:08,251 : SoundAsset : Sound sword1 loading to memory
2019-05-22 14:06:08,252 : SoundMemoryFile : Loaded file: C:\Users\Wilder\zelda\sounds\sfx\sword1.ogg Sample duration: 0.22412698412698412
2019-05-22 14:06:08,252 : SoundAsset : Sound slingshot loading to memory
2019-05-22 14:06:08,255 : SoundMemoryFile : Loaded file: C:\Users\Wilder\zelda\sounds\sfx\slingshot.ogg Sample duration: 0.2806349206349206
2019-05-22 14:06:08,255 : SoundAsset : Sound slide_txt_sfx loading to memory
2019-05-22 14:06:08,255 : SoundAsset : Loaded text_done (Track sfx)
2019-05-22 14:06:08,260 : SoundAsset : Loaded swordsilence (Track sfx)
2019-05-22 14:06:08,260 : SoundMemoryFile : Loaded file: C:\Users\Wilder\zelda\sounds\sfx\slide_txt_sfx.ogg Sample duration: 0.5746938775510204
2019-05-22 14:06:08,260 : SoundAsset : Loaded sword2 (Track sfx)
2019-05-22 14:06:08,260 : SoundAsset : Sound shatter loading to memory
2019-05-22 14:06:08,261 : SoundAsset : Loaded sword1 (Track sfx)
2019-05-22 14:06:08,264 : SoundAsset : Loaded slingshot (Track sfx)
2019-05-22 14:06:08,264 : SoundMemoryFile : Loaded file: C:\Users\Wilder\zelda\sounds\sfx\shatter.ogg Sample duration: 0.5508843537414966
2019-05-22 14:06:08,264 : SoundAsset : Loaded slide_txt_sfx (Track sfx)
2019-05-22 14:06:08,264 : SoundAsset : Sound rupeesfx loading to memory
2019-05-22 14:06:08,264 : SoundAsset : Loaded shatter (Track sfx)
2019-05-22 14:06:08,266 : SoundMemoryFile : Loaded file: C:\Users\Wilder\zelda\sounds\sfx\rupeesfx.ogg Sample duration: 0.3740136054421769
2019-05-22 14:06:08,267 : SoundAsset : Sound rat loading to memory
2019-05-22 14:06:08,269 : SoundMemoryFile : Loaded file: C:\Users\Wilder\zelda\sounds\sfx\rat.ogg Sample duration: 0.34877551020408165
2019-05-22 14:06:08,269 : SoundAsset : Sound pickup loading to memory
2019-05-22 14:06:08,269 : SoundAsset : Loaded rupeesfx (Track sfx)
2019-05-22 14:06:08,270 : SoundAsset : Loaded rat (Track sfx)
2019-05-22 14:06:08,273 : SoundMemoryFile : Loaded file: C:\Users\Wilder\zelda\sounds\sfx\pickup.ogg Sample duration: 0.32621315192743766
2019-05-22 14:06:08,274 : kivy : ImageSDL2: Load <C:\Users\Wilder\zelda\images\crystal7.png>
2019-05-22 14:06:08,275 : SoundAsset : Sound menu_select loading to memory
2019-05-22 14:06:08,277 : SoundMemoryFile : Loaded file: C:\Users\Wilder\zelda\sounds\sfx\menu_select.ogg Sample duration: 0.5474829931972789
2019-05-22 14:06:08,277 : SoundAsset : Sound menu_cursor loading to memory
2019-05-22 14:06:08,279 : SoundMemoryFile : Loaded file: C:\Users\Wilder\zelda\sounds\sfx\menu_cursor.ogg Sample duration: 0.2163718820861678
2019-05-22 14:06:08,279 : SoundAsset : Sound master_sword_fanfare loading to memory
2019-05-22 14:06:08,331 : SoundAsset : Loaded pickup (Track sfx)
2019-05-22 14:06:08,332 : SoundMemoryFile : Loaded file: C:\Users\Wilder\zelda\sounds\sfx\master_sword_fanfare.ogg Sample duration: 15.191269841269841
2019-05-22 14:06:08,332 : SoundAsset : Loaded menu_select (Track sfx)
2019-05-22 14:06:08,332 : SoundAsset : Sound magic loading to memory
2019-05-22 14:06:08,332 : SoundAsset : Loaded menu_cursor (Track sfx)
2019-05-22 14:06:08,332 : SoundAsset : Loaded master_sword_fanfare (Track sfx)
2019-05-22 14:06:08,336 : SoundMemoryFile : Loaded file: C:\Users\Wilder\zelda\sounds\sfx\magic.ogg Sample duration: 0.37056689342403626
2019-05-22 14:06:08,336 : SoundAsset : Sound low_health loading to memory
2019-05-22 14:06:08,338 : SoundMemoryFile : Loaded file: C:\Users\Wilder\zelda\sounds\sfx\low_health.ogg Sample duration: 0.5415419501133787
2019-05-22 14:06:08,338 : SoundAsset : Sound lost_woods_correct loading to memory
2019-05-22 14:06:08,341 : SoundMemoryFile : Loaded file: C:\Users\Wilder\zelda\sounds\sfx\lost_woods_correct.ogg Sample duration: 0.9622222222222222
2019-05-22 14:06:08,341 : SoundAsset : Sound link_dying loading to memory
2019-05-22 14:06:08,344 : SoundMemoryFile : Loaded file: C:\Users\Wilder\zelda\sounds\sfx\link_dying.ogg Sample duration: 1.3303401360544218
2019-05-22 14:06:08,344 : SoundAsset : Loaded magic (Track sfx)
2019-05-22 14:06:08,345 : SoundAsset : Sound linkfall loading to memory
2019-05-22 14:06:08,345 : SoundAsset : Loaded low_health (Track sfx)
2019-05-22 14:06:08,347 : SoundMemoryFile : Loaded file: C:\Users\Wilder\zelda\sounds\sfx\linkfall.ogg Sample duration: 0.3858503401360544
2019-05-22 14:06:08,347 : SoundAsset : Loaded lost_woods_correct (Track sfx)
2019-05-22 14:06:08,347 : SoundAsset : Sound light_world_finished loading to memory
2019-05-22 14:06:08,347 : SoundAsset : Loaded link_dying (Track sfx)
2019-05-22 14:06:08,407 : SoundAsset : Loaded linkfall (Track sfx)
2019-05-22 14:06:08,407 : SoundMemoryFile : Loaded file: C:\Users\Wilder\zelda\sounds\sfx\light_world_finished.ogg Sample duration: 16.718367346938777
2019-05-22 14:06:08,407 : SoundAsset : Sound key loading to memory
2019-05-22 14:06:08,410 : SoundMemoryFile : Loaded file: C:\Users\Wilder\zelda\sounds\sfx\key.ogg Sample duration: 1.0602721088435374
2019-05-22 14:06:08,411 : SoundAsset : Loaded light_world_finished (Track sfx)
2019-05-22 14:06:08,411 : EventManager : Event: ======'loading_assets'====== Args={'total': 206, 'loaded': 115, 'remaining': 91, 'percent': 56}
2019-05-22 14:06:08,411 : AssetManager : Loading assets: 115/206 (56%)
2019-05-22 14:06:08,411 : SoundAsset : Loaded key (Track sfx)
2019-05-22 14:06:08,413 : kivy : ImageSDL2: Load <C:\Users\Wilder\zelda\images\crystal6.png>
2019-05-22 14:06:08,414 : SoundAsset : Sound jets loading to memory
2019-05-22 14:06:08,417 : SoundMemoryFile : Loaded file: C:\Users\Wilder\zelda\sounds\sfx\jets.ogg Sample duration: 0.5682086167800453
2019-05-22 14:06:08,417 : SoundAsset : Sound inlanefx loading to memory
2019-05-22 14:06:08,419 : SoundMemoryFile : Loaded file: C:\Users\Wilder\zelda\sounds\sfx\inlanefx.ogg Sample duration: 0.2220408163265306
2019-05-22 14:06:08,419 : SoundAsset : Sound heart_piece_sfx loading to memory
2019-05-22 14:06:08,422 : SoundMemoryFile : Loaded file: C:\Users\Wilder\zelda\sounds\sfx\heart_piece_sfx.ogg Sample duration: 1.065170068027211
2019-05-22 14:06:08,422 : SoundAsset : Sound heart loading to memory
2019-05-22 14:06:08,424 : SoundMemoryFile : Loaded file: C:\Users\Wilder\zelda\sounds\sfx\heart.ogg Sample duration: 0.21551020408163266
2019-05-22 14:06:08,424 : SoundAsset : Sound fireball loading to memory
2019-05-22 14:06:08,424 : SoundAsset : Loaded jets (Track sfx)
2019-05-22 14:06:08,427 : SoundMemoryFile : Loaded file: C:\Users\Wilder\zelda\sounds\sfx\fireball.ogg Sample duration: 0.7226530612244898
2019-05-22 14:06:08,427 : SoundAsset : Loaded inlanefx (Track sfx)
2019-05-22 14:06:08,427 : SoundAsset : Sound extraballsfx loading to memory
2019-05-22 14:06:08,427 : SoundAsset : Loaded heart_piece_sfx (Track sfx)
2019-05-22 14:06:08,431 : SoundMemoryFile : Loaded file: C:\Users\Wilder\zelda\sounds\sfx\extraballsfx.ogg Sample duration: 1.833015873015873
2019-05-22 14:06:08,431 : SoundAsset : Loaded heart (Track sfx)
2019-05-22 14:06:08,431 : SoundAsset : Sound error loading to memory
2019-05-22 14:06:08,431 : SoundAsset : Loaded fireball (Track sfx)
2019-05-22 14:06:08,434 : SoundAsset : Loaded extraballsfx (Track sfx)
2019-05-22 14:06:08,433 : SoundMemoryFile : Loaded file: C:\Users\Wilder\zelda\sounds\sfx\error.ogg Sample duration: 0.573968253968254
2019-05-22 14:06:08,434 : SoundAsset : Sound enemykill loading to memory
2019-05-22 14:06:08,437 : SoundMemoryFile : Loaded file: C:\Users\Wilder\zelda\sounds\sfx\enemykill.ogg Sample duration: 0.5157369614512471
2019-05-22 14:06:08,437 : SoundAsset : Sound doubledoor loading to memory
2019-05-22 14:06:08,439 : SoundMemoryFile : Loaded file: C:\Users\Wilder\zelda\sounds\sfx\doubledoor.ogg Sample duration: 0.4728344671201814
2019-05-22 14:06:08,439 : SoundAsset : Sound dash loading to memory
2019-05-22 14:06:08,440 : SoundMemoryFile : Loaded file: C:\Users\Wilder\zelda\sounds\sfx\dash.ogg Sample duration: 0.13365079365079366
2019-05-22 14:06:08,441 : kivy : ImageSDL2: Load <C:\Users\Wilder\zelda\images\crystal5.png>
2019-05-22 14:06:08,441 : SoundAsset : Sound chargeshot loading to memory
2019-05-22 14:06:08,444 : SoundMemoryFile : Loaded file: C:\Users\Wilder\zelda\sounds\sfx\chargeshot.ogg Sample duration: 0.38562358276643993
2019-05-22 14:06:08,444 : SoundAsset : Sound charge loading to memory
2019-05-22 14:06:08,446 : SoundMemoryFile : Loaded file: C:\Users\Wilder\zelda\sounds\sfx\charge.ogg Sample duration: 0.33337868480725624
2019-05-22 14:06:08,446 : SoundAsset : Sound cannonball loading to memory
2019-05-22 14:06:08,447 : SoundAsset : Loaded error (Track sfx)
2019-05-22 14:06:08,448 : SoundMemoryFile : Loaded file: C:\Users\Wilder\zelda\sounds\sfx\cannonball.ogg Sample duration: 0.3093877551020408
2019-05-22 14:06:08,449 : SoundAsset : Loaded enemykill (Track sfx)
2019-05-22 14:06:08,449 : SoundAsset : Sound bomb_spots_item loading to memory
2019-05-22 14:06:08,449 : SoundAsset : Loaded doubledoor (Track sfx)
2019-05-22 14:06:08,449 : SoundAsset : Loaded dash (Track sfx)
2019-05-22 14:06:08,449 : SoundAsset : Loaded chargeshot (Track sfx)
2019-05-22 14:06:08,450 : SoundAsset : Loaded charge (Track sfx)
2019-05-22 14:06:08,450 : SoundAsset : Loaded cannonball (Track sfx)
2019-05-22 14:06:08,459 : SoundMemoryFile : Loaded file: C:\Users\Wilder\zelda\sounds\sfx\bomb_spots_item.ogg Sample duration: 2.0114285714285716
2019-05-22 14:06:08,460 : SoundAsset : Sound agahnim_dash loading to memory
2019-05-22 14:06:08,460 : SoundAsset : Loaded bomb_spots_item (Track sfx)
2019-05-22 14:06:08,465 : SoundMemoryFile : Loaded file: C:\Users\Wilder\zelda\sounds\sfx\agahnim_dash.ogg Sample duration: 1.815328798185941
2019-05-22 14:06:08,465 : SoundAsset : Sound agahnim_charge loading to memory
2019-05-22 14:06:08,469 : SoundMemoryFile : Loaded file: C:\Users\Wilder\zelda\sounds\sfx\agahnim_charge.ogg Sample duration: 1.6138095238095238
2019-05-22 14:06:08,469 : SoundAsset : Sound town_music loading to memory
2019-05-22 14:06:08,470 : SoundAsset : Loaded agahnim_dash (Track sfx)
2019-05-22 14:06:08,470 : SoundAsset : Loaded agahnim_charge (Track sfx)
2019-05-22 14:06:08,790 : SoundMemoryFile : Loaded file: C:\Users\Wilder\zelda\sounds\music\town_music.ogg Sample duration: 89.83510204081632
2019-05-22 14:06:08,791 : SoundAsset : Sound timeoffalling loading to memory
2019-05-22 14:06:09,727 : SoundAsset : Loaded town_music (Track music)
2019-05-22 14:06:09,727 : SoundMemoryFile : Loaded file: C:\Users\Wilder\zelda\sounds\music\timeoffalling.ogg Sample duration: 251.01732426303855
2019-05-22 14:06:09,727 : EventManager : Event: ======'loading_assets'====== Args={'total': 206, 'loaded': 135, 'remaining': 71, 'percent': 66}
2019-05-22 14:06:09,728 : SoundAsset : Sound rainout loading to memory
2019-05-22 14:06:09,728 : AssetManager : Loading assets: 135/206 (66%)
2019-05-22 14:06:09,728 : SoundAsset : Loaded timeoffalling (Track music)
2019-05-22 14:06:09,741 : SoundMemoryFile : Loaded file: C:\Users\Wilder\zelda\sounds\music\rainout.ogg Sample duration: 5.322176870748299
2019-05-22 14:06:09,742 : SoundAsset : Sound rainin loading to memory
2019-05-22 14:06:09,742 : SoundAsset : Loaded rainout (Track music)
2019-05-22 14:06:09,757 : SoundMemoryFile : Loaded file: C:\Users\Wilder\zelda\sounds\music\rainin.ogg Sample duration: 5.322993197278912
2019-05-22 14:06:09,757 : kivy : ImageSDL2: Load <C:\Users\Wilder\zelda\images\crystal4.png>
2019-05-22 14:06:09,758 : SoundAsset : Sound princess_zeldas_rescue loading to memory
2019-05-22 14:06:10,073 : SoundAsset : Loaded rainin (Track music)
2019-05-22 14:06:10,073 : EventManager : Event: ======'loading_assets'====== Args={'total': 206, 'loaded': 138, 'remaining': 68, 'percent': 67}
2019-05-22 14:06:10,074 : AssetManager : Loading assets: 138/206 (67%)
2019-05-22 14:06:10,073 : SoundMemoryFile : Loaded file: C:\Users\Wilder\zelda\sounds\music\princess_zeldas_rescue.ogg Sample duration: 93.32351473922903
2019-05-22 14:06:10,076 : SoundAsset : Sound light_world_theme loading to memory
2019-05-22 14:06:10,806 : SoundAsset : Loaded princess_zeldas_rescue (Track music)
2019-05-22 14:06:10,806 : SoundMemoryFile : Loaded file: C:\Users\Wilder\zelda\sounds\music\light_world_theme.ogg Sample duration: 183.00666666666666
2019-05-22 14:06:10,806 : EventManager : Event: ======'loading_assets'====== Args={'total': 206, 'loaded': 140, 'remaining': 66, 'percent': 68}
2019-05-22 14:06:10,807 : SoundAsset : Sound hyrulecastle loading to memory
2019-05-22 14:06:10,807 : AssetManager : Loading assets: 140/206 (68%)
2019-05-22 14:06:11,656 : SoundAsset : Loaded light_world_theme (Track music)
2019-05-22 14:06:11,658 : SoundMemoryFile : Loaded file: C:\Users\Wilder\zelda\sounds\music\hyrulecastle.ogg Sample duration: 245.14902494331065
2019-05-22 14:06:11,658 : SoundAsset : Sound highscore loading to memory
2019-05-22 14:06:11,659 : SoundAsset : Loaded hyrulecastle (Track music)
2019-05-22 14:06:11,659 : EventManager : Event: ======'loading_assets'====== Args={'total': 206, 'loaded': 142, 'remaining': 64, 'percent': 69}
2019-05-22 14:06:11,659 : AssetManager : Loading assets: 142/206 (69%)
2019-05-22 14:06:11,836 : SoundMemoryFile : Loaded file: C:\Users\Wilder\zelda\sounds\music\highscore.ogg Sample duration: 48.03192743764173
2019-05-22 14:06:11,836 : SoundAsset : Sound ganonbattle loading to memory
2019-05-22 14:06:13,695 : SoundAsset : Loaded highscore (Track music)
2019-05-22 14:06:13,696 : SoundMemoryFile : Loaded file: C:\Users\Wilder\zelda\sounds\music\ganonbattle.ogg Sample duration: 551.5493877551021
2019-05-22 14:06:13,696 : EventManager : Event: ======'loading_assets'====== Args={'total': 206, 'loaded': 143, 'remaining': 63, 'percent': 69}
2019-05-22 14:06:13,696 : SoundAsset : Sound forest loading to memory
2019-05-22 14:06:13,696 : AssetManager : Loading assets: 143/206 (69%)
2019-05-22 14:06:13,696 : SoundAsset : Loaded ganonbattle (Track music)
2019-05-22 14:06:14,493 : SoundMemoryFile : Loaded file: C:\Users\Wilder\zelda\sounds\music\forest.ogg Sample duration: 244.0112471655329
2019-05-22 14:06:14,494 : SoundAsset : Sound darkworld_rescue loading to memory
2019-05-22 14:06:14,494 : SoundAsset : Loaded forest (Track music)
2019-05-22 14:06:14,775 : EventManager : Event: ======'loading_assets'====== Args={'total': 206, 'loaded': 145, 'remaining': 61, 'percent': 70}
2019-05-22 14:06:14,775 : SoundMemoryFile : Loaded file: C:\Users\Wilder\zelda\sounds\music\darkworld_rescue.ogg Sample duration: 83.10024943310657
2019-05-22 14:06:14,775 : AssetManager : Loading assets: 145/206 (70%)
2019-05-22 14:06:14,775 : SoundAsset : Sound darkworld2 loading to memory
2019-05-22 14:06:14,775 : SoundAsset : Loaded darkworld_rescue (Track music)
2019-05-22 14:06:15,112 : SoundMemoryFile : Loaded file: C:\Users\Wilder\zelda\sounds\music\darkworld2.ogg Sample duration: 96.45507936507937
2019-05-22 14:06:15,112 : SoundAsset : Sound darkworld loading to memory
2019-05-22 14:06:15,673 : SoundAsset : Loaded darkworld2 (Track music)
2019-05-22 14:06:15,673 : EventManager : Event: ======'loading_assets'====== Args={'total': 206, 'loaded': 147, 'remaining': 59, 'percent': 71}
2019-05-22 14:06:15,674 : AssetManager : Loading assets: 147/206 (71%)
2019-05-22 14:06:15,676 : SoundMemoryFile : Loaded file: C:\Users\Wilder\zelda\sounds\music\darkworld.ogg Sample duration: 119.28922902494331
2019-05-22 14:06:15,676 : SoundAsset : Sound battle loading to memory
2019-05-22 14:06:17,313 : SoundMemoryFile : Loaded file: C:\Users\Wilder\zelda\sounds\music\battle.ogg Sample duration: 429.7689569160998
2019-05-22 14:06:17,313 : kivy : ImageSDL2: Load <C:\Users\Wilder\zelda\images\crystal3.png>
2019-05-22 14:06:17,314 : SoundAsset : Sound linkhurt3 loading to memory
2019-05-22 14:06:17,316 : SoundMemoryFile : Loaded file: C:\Users\Wilder\zelda\sounds\sfx\linkhurt3.ogg Sample duration: 0.2559863945578231
2019-05-22 14:06:17,316 : SoundAsset : Sound linkhurt2 loading to memory
2019-05-22 14:06:17,318 : SoundMemoryFile : Loaded file: C:\Users\Wilder\zelda\sounds\sfx\linkhurt2.ogg Sample duration: 0.2559863945578231
2019-05-22 14:06:17,319 : SoundAsset : Sound linkhurt1 loading to memory
2019-05-22 14:06:17,321 : SoundMemoryFile : Loaded file: C:\Users\Wilder\zelda\sounds\sfx\linkhurt1.ogg Sample duration: 0.22399092970521542
2019-05-22 14:06:17,321 : kivy : ImageSDL2: Load <C:\Users\Wilder\zelda\images\crystal2.png>
2019-05-22 14:06:17,323 : SoundAsset : Loaded darkworld (Track music)
2019-05-22 14:06:17,323 : EventManager : Event: ======'loading_assets'====== Args={'total': 206, 'loaded': 148, 'remaining': 58, 'percent': 72}
2019-05-22 14:06:17,324 : AssetManager : Loading assets: 148/206 (72%)
2019-05-22 14:06:17,324 : SoundAsset : Loaded battle (Track music)
2019-05-22 14:06:17,324 : SoundAsset : Loaded linkhurt3 (Track sfx)
2019-05-22 14:06:17,324 : SoundAsset : Loaded linkhurt2 (Track sfx)
2019-05-22 14:06:17,324 : kivy : ImageSDL2: Load <C:\Users\Wilder\zelda\images\crystal1.png>
2019-05-22 14:06:17,324 : SoundAsset : Loaded linkhurt1 (Track sfx)
2019-05-22 14:06:17,325 : kivy : VideoGstplayer: Load <C:\Users\Wilder\zelda\videos\zeldafound.mp4>
2019-05-22 14:06:17,326 : kivy : VideoGstplayer: Load <C:\Users\Wilder\zelda\videos\pendant3found.mp4>
2019-05-22 14:06:17,326 : kivy : VideoGstplayer: Load <C:\Users\Wilder\zelda\videos\pendant2found.mp4>
2019-05-22 14:06:17,327 : kivy : VideoGstplayer: Load <C:\Users\Wilder\zelda\videos\pendant1found.mp4>
2019-05-22 14:06:17,327 : kivy : ImageSDL2: Load <C:\Users\Wilder\zelda\images\circleselect.png>
2019-05-22 14:06:17,327 : kivy : VideoGstplayer: Load <C:\Users\Wilder\zelda\videos\mp4>
2019-05-22 14:06:17,329 : kivy : VideoGstplayer: Load <C:\Users\Wilder\zelda\videos\moonpearlfound.mp4>
2019-05-22 14:06:17,330 : kivy : VideoGstplayer: Load <C:\Users\Wilder\zelda\videos\mode3startmovie.mp4>
2019-05-22 14:06:17,330 : kivy : ImageSDL2: Load <C:\Users\Wilder\zelda\images\cape_circle.png>
2019-05-22 14:06:17,332 : kivy : VideoGstplayer: Load <C:\Users\Wilder\zelda\videos\mode3progress3.mp4>
2019-05-22 14:06:17,333 : kivy : VideoGstplayer: Load <C:\Users\Wilder\zelda\videos\mode3progress1.mp4>
2019-05-22 14:06:17,333 : kivy : VideoGstplayer: Load <C:\Users\Wilder\zelda\videos\mode1startvideo.mp4>
2019-05-22 14:06:17,334 : kivy : ImageSDL2: Load <C:\Users\Wilder\zelda\images\capex.png>
2019-05-22 14:06:17,334 : kivy : VideoGstplayer: Load <C:\Users\Wilder\zelda\videos\mode1progression2.mp4>
2019-05-22 14:06:17,336 : kivy : ImageSDL2: Load <C:\Users\Wilder\zelda\images\bluemailx.png>
2019-05-22 14:06:17,337 : kivy : VideoGstplayer: Load <C:\Users\Wilder\zelda\videos\mode1progression.mp4>
2019-05-22 14:06:17,337 : kivy : VideoGstplayer: Load <C:\Users\Wilder\zelda\videos\mode1chaseprogression.mp4>
2019-05-22 14:06:17,338 : kivy : VideoGstplayer: Load <C:\Users\Wilder\zelda\videos\masterswordpulled.mp4>
2019-05-22 14:06:17,338 : kivy : VideoGstplayer: Load <C:\Users\Wilder\zelda\videos\linkdyingvideo.mp4>
2019-05-22 14:06:17,339 : kivy : VideoGstplayer: Load <C:\Users\Wilder\zelda\videos\item_extraball.mp4>
2019-05-22 14:06:17,339 : kivy : VideoGstplayer: Load <C:\Users\Wilder\zelda\videos\ganontwirl.mp4>
2019-05-22 14:06:17,339 : kivy : VideoGstplayer: Load <C:\Users\Wilder\zelda\videos\ganonlane4.mp4>
2019-05-22 14:06:17,340 : kivy : VideoGstplayer: Load <C:\Users\Wilder\zelda\videos\ganonlane3.mp4>
2019-05-22 14:06:17,340 : kivy : VideoGstplayer: Load <C:\Users\Wilder\zelda\videos\ganonlane2.mp4>
2019-05-22 14:06:17,341 : kivy : VideoGstplayer: Load <C:\Users\Wilder\zelda\videos\ganonlane1.mp4>
2019-05-22 14:06:17,341 : kivy : VideoGstplayer: Load <C:\Users\Wilder\zelda\videos\ganonintro.mp4>
2019-05-22 14:06:17,342 : kivy : VideoGstplayer: Load <C:\Users\Wilder\zelda\videos\finalblowvideo.mp4>
2019-05-22 14:06:17,342 : kivy : VideoGstplayer: Load <C:\Users\Wilder\zelda\videos\extraball.mp4>
2019-05-22 14:06:17,342 : kivy : VideoGstplayer: Load <C:\Users\Wilder\zelda\videos\confrontagahnim.mp4>
2019-05-22 14:06:17,343 : kivy : VideoGstplayer: Load <C:\Users\Wilder\zelda\videos\castlestairs.mp4>
2019-05-22 14:06:17,343 : kivy : VideoGstplayer: Load <C:\Users\Wilder\zelda\videos\bowfound.mp4>
2019-05-22 14:06:17,344 : kivy : VideoGstplayer: Load <C:\Users\Wilder\zelda\videos\bottle_video.mp4>
2019-05-22 14:06:17,344 : kivy : VideoGstplayer: Load <C:\Users\Wilder\zelda\videos\boomerangfound.mp4>
2019-05-22 14:06:17,345 : kivy : VideoGstplayer: Load <C:\Users\Wilder\zelda\videos\bombblastvideo.mp4>
2019-05-22 14:06:17,345 : kivy : VideoGstplayer: Load <C:\Users\Wilder\zelda\videos\attractvideo.mp4>
2019-05-22 14:06:17,346 : kivy : VideoGstplayer: Load <C:\Users\Wilder\zelda\videos\redshieldvideo.mp4>
2019-05-22 14:06:17,346 : kivy : VideoGstplayer: Load <C:\Users\Wilder\zelda\videos\bluemailvideo.mp4>
2019-05-22 14:06:17,347 : kivy : VideoGstplayer: Load <C:\Users\Wilder\zelda\videos\flippervideo.mp4>
2019-05-22 14:06:17,347 : kivy : VideoGstplayer: Load <C:\Users\Wilder\zelda\videos\hammervideo.mp4>
2019-05-22 14:06:17,348 : kivy : VideoGstplayer: Load <C:\Users\Wilder\zelda\videos\hookshotvideo.mp4>
2019-05-22 14:06:17,348 : kivy : VideoGstplayer: Load <C:\Users\Wilder\zelda\videos\mirrorvideo.mp4>
2019-05-22 14:06:17,349 : kivy : VideoGstplayer: Load <C:\Users\Wilder\zelda\videos\5waycombovideo.mp4>
2019-05-22 14:06:17,349 : kivy : VideoGstplayer: Load <C:\Users\Wilder\zelda\videos\maiden7.mp4>
2019-05-22 14:06:17,350 : kivy : VideoGstplayer: Load <C:\Users\Wilder\zelda\videos\maiden6.mp4>
2019-05-22 14:06:17,350 : kivy : VideoGstplayer: Load <C:\Users\Wilder\zelda\videos\maiden5.mp4>
2019-05-22 14:06:17,351 : kivy : VideoGstplayer: Load <C:\Users\Wilder\zelda\videos\maiden4.mp4>
2019-05-22 14:06:17,351 : kivy : VideoGstplayer: Load <C:\Users\Wilder\zelda\videos\maiden3.mp4>
2019-05-22 14:06:17,351 : kivy : VideoGstplayer: Load <C:\Users\Wilder\zelda\videos\maiden2.mp4>
2019-05-22 14:06:17,352 : kivy : VideoGstplayer: Load <C:\Users\Wilder\zelda\videos\maiden1.mp4>
2019-05-22 14:06:17,352 : kivy : VideoGstplayer: Load <C:\Users\Wilder\zelda\videos\dungeon7boss.mp4>
2019-05-22 14:06:17,353 : kivy : VideoGstplayer: Load <C:\Users\Wilder\zelda\videos\dungeon6boss.mp4>
2019-05-22 14:06:17,353 : EventManager : Event: ======'loading_assets'====== Args={'total': 206, 'loaded': 206, 'remaining': 0, 'percent': 100}
2019-05-22 14:06:17,353 : EventManager : Event: ======'asset_loading_complete'====== Args={}
2019-05-22 14:06:17,353 : AssetManager : Loading assets: 206/206 (100%)
2019-05-22 14:06:17,354 : mpfmc : Clearing boot hold assets. Holds remaining: set()
2019-05-22 14:06:17,354 : EventManager : Event: ======'init_done'====== Args={}
2019-05-22 14:06:17,354 : MPF-MC BCP Server : Starting up on localhost port 5050
2019-05-22 14:06:17,358 : MPF-MC BCP Server : Waiting for a connection...
2019-05-22 14:06:17,376 : EventManager : Event: ======'client_disconnected'====== Args={'host': '127.0.0.1', 'port': 5050}
2019-05-22 14:06:18,419 : kivy : Base: Leaving application in progress...
2019-05-22 14:06:18,420 : mpfmc : Stopping...
2019-05-22 14:06:18,420 : EventManager : Event: ======'shutdown'====== Args={}
2019-05-22 14:06:18,420 : AudioInterface : Disabling audio playback
2019-05-22 14:06:18,420 : Track.0.TrackStandard.music : Stopping all sounds and removing any pending sounds from queue
2019-05-22 14:06:18,421 : Track.1.TrackStandard.voice : Stopping all sounds and removing any pending sounds from queue
2019-05-22 14:06:18,421 : Track.2.TrackStandard.sfx : Stopping all sounds and removing any pending sounds from queue
2019-05-22 14:06:18,422 : mpfmc : Loop rate 9.14 Hz
2019-05-22 14:06:18,422 : kivy : MC run loop ended.
2019-05-22 14:06:18,422 : kivy : Stopping child threads... (3 remaining)
2019-05-22 14:06:19,419 : MPF-MC BCP Server : Stopping BCP listener thread
2019-05-22 14:06:19,424 : MPF-MC BCP Server : Stopping BCP sending thread
2019-05-22 14:06:19,448 : kivy : All child threads stopped.
