2019-05-22 14:01:59,785 : kivy : Factory: 194 symbols loaded
2019-05-22 14:01:59,789 : kivy : Cache: register <kv.lang> with limit=None, timeout=None
2019-05-22 14:01:59,999 : kivy : Cache: register <kv.image> with limit=None, timeout=60
2019-05-22 14:01:59,999 : kivy : Cache: register <kv.atlas> with limit=None, timeout=None
2019-05-22 14:02:00,024 : kivy : Image: Providers: img_tex, img_dds, img_sdl2, img_pil, img_gif (img_ffpyplayer ignored)
2019-05-22 14:02:00,025 : kivy : Cache: register <kv.texture> with limit=1000, timeout=60
2019-05-22 14:02:00,025 : kivy : Cache: register <kv.shader> with limit=1000, timeout=3600
2019-05-22 14:02:00,115 : kivy : VideoGstplayer: Using Gstreamer 1.10.2.0
2019-05-22 14:02:00,116 : kivy : Video: Provider: gstplayer
2019-05-22 14:02:00,223 : kivy : Loading MPF-MC controller
2019-05-22 14:02:00,223 : mpfmc : Mission Pinball Framework Media Controller v0.53.0-dev.0
2019-05-22 14:02:00,223 : mpfmc : Mission Pinball Framework Game Engine v0.53.0-dev.16
2019-05-22 14:02:00,224 : mpfmc : Machine path: C:\Users\Wilder\zelda
2019-05-22 14:02:00,225 : ConfigProcessor : Config file in cache changed: C:\Users\Wilder\zelda\config\config
2019-05-22 14:02:00,225 : ConfigProcessor : Loading config from file c:\users\wilder\appdata\local\programs\python\python36\lib\site-packages\mpfmc\mcconfig.yaml.
2019-05-22 14:02:00,226 : YAML File Interface : Loading file: c:\users\wilder\appdata\local\programs\python\python36\lib\site-packages\mpfmc\mcconfig.yaml
2019-05-22 14:02:00,350 : ConfigProcessor : Loading config: c:\users\wilder\appdata\local\programs\python\python36\lib\site-packages\mpfmc\mcconfig.yaml
2019-05-22 14:02:00,366 : ConfigProcessor : Loading config from file C:\Users\Wilder\zelda\config\config.
2019-05-22 14:02:00,367 : YAML File Interface : Loading file: C:\Users\Wilder\zelda\config\config.yaml
2019-05-22 14:02:00,479 : ConfigProcessor : Loading config: C:\Users\Wilder\zelda\config\config
2019-05-22 14:02:00,480 : YAML File Interface : Loading file: C:\Users\Wilder\zelda\config\hardware.yaml
