2019-04-15 17:08:57,935 : INFO : Machine : Mission Pinball Framework Core Engine v0.53.0-dev.16
2019-04-15 17:08:57,935 : INFO : Machine : Command line arguments: {'no_load_cache': False, 'create_config_cache': True, 'bcp': True, 'configfile': ['config.yaml'], 'mpfconfigfile': 'c:\\users\\wilder\\appdata\\local\\programs\\python\\python36\\lib\\site-packages\\mpf\\mpfconfig.yaml', 'force_assets_load': False, 'jsonlogging': False, 'logfile': 'logs\\2019-04-15-17-08-57-mpf-RedTunic.log', 'pause': False, 'production': False, 'text_ui': True, 'loglevel': 10, 'consoleloglevel': 20, 'force_platform': 'virtual', 'syslog_address': None, 'mc_file_name': None, 'no_sound': False}
2019-04-15 17:08:57,935 : INFO : Machine : MPF path: c:\users\wilder\appdata\local\programs\python\python36\lib\site-packages\mpf
2019-04-15 17:08:57,935 : INFO : Machine : Machine path: C:\Users\Wilder\zelda
2019-04-15 17:08:57,936 : INFO : Machine : Platform: win32
2019-04-15 17:08:57,936 : INFO : Machine : Python executable location: c:\users\wilder\appdata\local\programs\python\python36\python.exe
2019-04-15 17:08:57,936 : INFO : Machine : Python version: 3.6.4 (64-bit)
2019-04-15 17:08:57,936 : INFO : Machine : Machine config file #1: config.yaml
2019-04-15 17:08:57,938 : INFO : ConfigProcessor : Loading config from cache: C:\Users\Wilder\AppData\Local\Temp\9bf880992bc5b85aa1bd2cc37b214e56.mpf_cache
2019-04-15 17:08:57,942 : DEBUG : asyncio : Using selector: SelectSelector
2019-04-15 17:08:57,943 : INFO : Machine : Initialise MPF.
2019-04-15 17:08:57,980 : DEBUG : Virtual Platform : Configuring virtual hardware interface.
2019-04-15 17:08:58,176 : INFO : EventManager : Event: ======'machine_var_credits_string'====== Args={'value': 'FREE PLAY', 'prev_value': None, 'change': True}
2019-04-15 17:08:58,240 : DEBUG : YAML File Interface : Loading file: C:\Users\Wilder\zelda\data/machine_vars.yaml
2019-04-15 17:08:58,242 : INFO : EventManager : Event: ======'machine_var_player1_score'====== Args={'value': 306, 'prev_value': None, 'change': True}
2019-04-15 17:08:58,242 : INFO : EventManager : Event: ======'machine_var_mpf_version'====== Args={'value': 'MPF v0.53.0-dev.16', 'prev_value': None, 'change': True}
2019-04-15 17:08:58,242 : INFO : EventManager : Event: ======'machine_var_mpf_extended_version'====== Args={'value': 'MPF v0.53.0-dev.16, Config version:5, Show version: 5, BCP version:1.1', 'prev_value': None, 'change': True}
2019-04-15 17:08:58,242 : INFO : EventManager : Event: ======'machine_var_python_version'====== Args={'value': '3.6.4', 'prev_value': None, 'change': True}
2019-04-15 17:08:58,243 : INFO : EventManager : Event: ======'machine_var_platform'====== Args={'value': 'Windows-7-6.1.7601-SP1', 'prev_value': None, 'change': True}
2019-04-15 17:08:58,243 : INFO : EventManager : Event: ======'machine_var_platform_system'====== Args={'value': 'Windows', 'prev_value': None, 'change': True}
2019-04-15 17:08:58,243 : INFO : EventManager : Event: ======'machine_var_platform_release'====== Args={'value': '7', 'prev_value': None, 'change': True}
2019-04-15 17:08:58,243 : INFO : EventManager : Event: ======'machine_var_platform_version'====== Args={'value': '6.1.7601', 'prev_value': None, 'change': True}
2019-04-15 17:08:58,243 : INFO : EventManager : Event: ======'machine_var_platform_machine'====== Args={'value': 'AMD64', 'prev_value': None, 'change': True}
2019-04-15 17:08:58,243 : INFO : EventManager : Event: ======'init_phase_1'====== Args={}
2019-04-15 17:08:58,300 : INFO : ConfigProcessor : Loading config from cache: C:\Users\Wilder\AppData\Local\Temp\58664c35241624b07b13025a5964d2a4.mpf_cache
2019-04-15 17:08:58,304 : DEBUG : ModeController : Loaded mode video_player
2019-04-15 17:08:58,304 : INFO : ConfigProcessor : Loading config from cache: C:\Users\Wilder\AppData\Local\Temp\fd6423453738b6cee138971698f65579.mpf_cache
2019-04-15 17:08:58,308 : DEBUG : ModeController : Loaded mode mode_tracker
2019-04-15 17:08:58,308 : INFO : ConfigProcessor : Loading config from cache: C:\Users\Wilder\AppData\Local\Temp\c5e5b78d841dff96974ddb92030af0a9.mpf_cache
2019-04-15 17:08:58,312 : DEBUG : ModeController : Loaded mode skill_shot
2019-04-15 17:08:58,312 : INFO : ConfigProcessor : Loading config from cache: C:\Users\Wilder\AppData\Local\Temp\86e0d165ea95889c95b56598c3ebe263.mpf_cache
2019-04-15 17:08:58,316 : DEBUG : ModeController : Loaded mode music_player
2019-04-15 17:08:58,317 : INFO : ConfigProcessor : Loading config from cache: C:\Users\Wilder\AppData\Local\Temp\aecceeb5afbfdc7257044e8417ebcf98.mpf_cache
2019-04-15 17:08:58,324 : DEBUG : ModeController : Loaded mode attract
2019-04-15 17:08:58,324 : INFO : ConfigProcessor : Loading config from cache: C:\Users\Wilder\AppData\Local\Temp\6eb8b6e4728e10ce756703e43167d298.mpf_cache
2019-04-15 17:08:58,328 : DEBUG : ModeController : Loaded mode rupee2x_finder
2019-04-15 17:08:58,328 : INFO : ConfigProcessor : Loading config from cache: C:\Users\Wilder\AppData\Local\Temp\8b601767b8d464abeaa513b42e6346a8.mpf_cache
2019-04-15 17:08:58,333 : DEBUG : ModeController : Loaded mode master_sword_buildup
2019-04-15 17:08:58,333 : INFO : ConfigProcessor : Loading config from cache: C:\Users\Wilder\AppData\Local\Temp\4afc9f23ca6340163a8bb51d7deea78f.mpf_cache
2019-04-15 17:08:58,337 : DEBUG : ModeController : Loaded mode base
2019-04-15 17:08:58,337 : INFO : ConfigProcessor : Loading config from cache: C:\Users\Wilder\AppData\Local\Temp\dbd150f896646081271b7a77a791f2fa.mpf_cache
2019-04-15 17:08:58,340 : DEBUG : ModeController : Loaded mode slide_tracker
2019-04-15 17:08:58,340 : INFO : ConfigProcessor : Loading config from cache: C:\Users\Wilder\AppData\Local\Temp\58a9cd5447353eacedab412f1c10b0ab.mpf_cache
2019-04-15 17:08:58,345 : DEBUG : ModeController : Loaded mode lost_woods
2019-04-15 17:08:58,345 : INFO : ConfigProcessor : Loading config from cache: C:\Users\Wilder\AppData\Local\Temp\7b0dcc699efc7732bf9d3e57ee202517.mpf_cache
2019-04-15 17:08:58,349 : DEBUG : ModeController : Loaded mode 2ballescape
2019-04-15 17:08:58,349 : INFO : ConfigProcessor : Loading config from cache: C:\Users\Wilder\AppData\Local\Temp\6fc1a42fdd0d487285862f5b943c745e.mpf_cache
2019-04-15 17:08:58,354 : DEBUG : ModeController : Loaded mode rupee_finder
2019-04-15 17:08:58,354 : INFO : ConfigProcessor : Loading config from cache: C:\Users\Wilder\AppData\Local\Temp\d9d23a2a9a3117f1553491692ff1c689.mpf_cache
2019-04-15 17:08:58,359 : DEBUG : ModeController : Loaded mode playfield_multiplier
2019-04-15 17:08:58,359 : WARNING : ConfigProcessor : Config file in cache changed: C:\Users\Wilder\zelda\modes\high_score\config\high_score.yaml
2019-04-15 17:08:58,359 : INFO : ConfigProcessor : Loading config from file c:\users\wilder\appdata\local\programs\python\python36\lib\site-packages\mpf\modes\high_score\config\high_score.yaml.
2019-04-15 17:08:58,360 : DEBUG : YAML File Interface : Loading file: c:\users\wilder\appdata\local\programs\python\python36\lib\site-packages\mpf\modes\high_score\config\high_score.yaml
2019-04-15 17:08:58,398 : INFO : ConfigProcessor : Loading config: c:\users\wilder\appdata\local\programs\python\python36\lib\site-packages\mpf\modes\high_score\config\high_score.yaml
2019-04-15 17:08:58,399 : INFO : ConfigProcessor : Loading config from file C:\Users\Wilder\zelda\modes\high_score\config\high_score.yaml.
2019-04-15 17:08:58,399 : DEBUG : YAML File Interface : Loading file: C:\Users\Wilder\zelda\modes\high_score\config\high_score.yaml
2019-04-15 17:08:58,456 : INFO : ConfigProcessor : Loading config: C:\Users\Wilder\zelda\modes\high_score\config\high_score.yaml
2019-04-15 17:08:58,458 : INFO : ConfigProcessor : Config file cache created: C:\Users\Wilder\AppData\Local\Temp\cb8b20150020107be74f23a2ee427f56.mpf_cache
2019-04-15 17:08:58,466 : DEBUG : ModeController : Loaded mode high_score
2019-04-15 17:08:58,466 : INFO : ConfigProcessor : Loading config from cache: C:\Users\Wilder\AppData\Local\Temp\fc30620fce8f82c18fed051cdde27ef9.mpf_cache
2019-04-15 17:08:58,470 : DEBUG : ModeController : Loaded mode 5waycombotracker
2019-04-15 17:08:58,470 : INFO : ConfigProcessor : Loading config from cache: C:\Users\Wilder\AppData\Local\Temp\225554da95d8871f7382aa94a6d6b3eb.mpf_cache
2019-04-15 17:08:58,474 : DEBUG : ModeController : Loaded mode lost_woods_starter
2019-04-15 17:08:58,474 : INFO : ConfigProcessor : Loading config from cache: C:\Users\Wilder\AppData\Local\Temp\b0bcc174d8c9595c3b107b2ba9cf1c73.mpf_cache
2019-04-15 17:08:58,481 : DEBUG : ModeController : Loaded mode attract_carousel
2019-04-15 17:08:58,481 : INFO : ConfigProcessor : Loading config from cache: C:\Users\Wilder\AppData\Local\Temp\28e1731e516595966b3afcb08910cb63.mpf_cache
2019-04-15 17:08:58,487 : DEBUG : ModeController : Loaded mode heart_tracker
2019-04-15 17:08:58,487 : INFO : ConfigProcessor : Loading config from cache: C:\Users\Wilder\AppData\Local\Temp\3485f9bf4bb8d1d21be6de1438e091ba.mpf_cache
2019-04-15 17:08:58,491 : DEBUG : ModeController : Loaded mode skillshot_ballsave
2019-04-15 17:08:58,491 : INFO : ConfigProcessor : Loading config from cache: C:\Users\Wilder\AppData\Local\Temp\34c6448537d1c95c89cf73a07c0f99c9.mpf_cache
2019-04-15 17:08:58,497 : DEBUG : ModeController : Loaded mode bottle_filler
2019-04-15 17:08:58,497 : INFO : ConfigProcessor : Loading config from cache: C:\Users\Wilder\AppData\Local\Temp\916c9e2d9177837f45e9cdbb7c1d0b93.mpf_cache
2019-04-15 17:08:58,501 : DEBUG : ModeController : Loaded mode unusual_show_tracker
2019-04-15 17:08:58,501 : INFO : ConfigProcessor : Loading config from cache: C:\Users\Wilder\AppData\Local\Temp\b0ee6a771658ae3fb7e70c6d5ff59887.mpf_cache
2019-04-15 17:08:58,509 : DEBUG : ModeController : Loaded mode game
2019-04-15 17:08:58,509 : INFO : ConfigProcessor : Loading config from cache: C:\Users\Wilder\AppData\Local\Temp\6fd2b5e36bbbd9c12f9ee3aa32f1ceca.mpf_cache
2019-04-15 17:08:58,515 : DEBUG : ModeController : Loaded mode ball_hold_tracker
2019-04-15 17:08:58,516 : INFO : ConfigProcessor : Loading config from cache: C:\Users\Wilder\AppData\Local\Temp\072dbb4c30ca18f53440337aa5cd71bd.mpf_cache
2019-04-15 17:08:58,520 : DEBUG : ModeController : Loaded mode light_world
2019-04-15 17:08:58,521 : INFO : ConfigProcessor : Loading config from cache: C:\Users\Wilder\AppData\Local\Temp\96294a9578657f44941f2a8ec647ae36.mpf_cache
2019-04-15 17:08:58,525 : DEBUG : ModeController : Loaded mode rupee3x_finder
2019-04-15 17:08:58,525 : INFO : ConfigProcessor : Loading config from cache: C:\Users\Wilder\AppData\Local\Temp\c35ad2e595070cac0b6f696d6f7f6af6.mpf_cache
2019-04-15 17:08:58,529 : DEBUG : ModeController : Loaded mode ball_save
2019-04-15 17:08:58,529 : INFO : ConfigProcessor : Loading config from cache: C:\Users\Wilder\AppData\Local\Temp\05768db999abb9e30be16a432a0581c8.mpf_cache
2019-04-15 17:08:58,533 : DEBUG : ModeController : Loaded mode extraball
2019-04-15 17:08:58,533 : INFO : ConfigProcessor : Loading config from cache: C:\Users\Wilder\AppData\Local\Temp\43a06f52d0e9cf0597140b4c27159d40.mpf_cache
2019-04-15 17:08:58,537 : DEBUG : ModeController : Loaded mode escapehurryup
2019-04-15 17:08:58,537 : INFO : ConfigProcessor : Loading config from cache: C:\Users\Wilder\AppData\Local\Temp\6cbeeb809d9de6fbbf2951c4e6867473.mpf_cache
2019-04-15 17:08:58,542 : DEBUG : ModeController : Loaded mode darkworld
2019-04-15 17:08:58,542 : INFO : ConfigProcessor : Loading config from cache: C:\Users\Wilder\AppData\Local\Temp\c3fd2c292a6c0d3463ad9b4555730ad5.mpf_cache
2019-04-15 17:08:58,548 : DEBUG : ModeController : Loaded mode item_tracker
2019-04-15 17:08:58,548 : INFO : ConfigProcessor : Loading config from cache: C:\Users\Wilder\AppData\Local\Temp\a31feedcb4b85bf76d76fe6a1222bc90.mpf_cache
2019-04-15 17:08:58,553 : DEBUG : ModeController : Loaded mode agahnim_multiball
2019-04-15 17:08:58,554 : INFO : ConfigProcessor : Loading config from cache: C:\Users\Wilder\AppData\Local\Temp\da675f6b180b79eecb40cb5eb7f75a18.mpf_cache
2019-04-15 17:08:58,558 : DEBUG : ModeController : Loaded mode bomb_finder
2019-04-15 17:08:58,558 : INFO : ConfigProcessor : Loading config from cache: C:\Users\Wilder\AppData\Local\Temp\dd39e2de39eb354a1ec99be2f3167765.mpf_cache
2019-04-15 17:08:58,562 : DEBUG : ModeController : Loaded mode heartmeter
2019-04-15 17:08:58,562 : INFO : ConfigProcessor : Loading config from cache: C:\Users\Wilder\AppData\Local\Temp\1f8ff34a8859f8c62d77912f33e29b9c.mpf_cache
2019-04-15 17:08:58,567 : DEBUG : ModeController : Loaded mode 2ballqualifier
2019-04-15 17:08:58,567 : INFO : ConfigProcessor : Loading config from cache: C:\Users\Wilder\AppData\Local\Temp\f394a72c4810bb1cc42cac0690a90dcf.mpf_cache
2019-04-15 17:08:58,572 : DEBUG : ModeController : Loaded mode gameoverplayer
2019-04-15 17:08:58,646 : DEBUG : ball_device.bd_drain : Configuring device with settings: '{'ball_switches': [<switch.trough1>], 'eject_coil': <coil.draineject>, 'eject_targets': [<ball_device.bd_trough>], 'eject_timeouts': [1000], 'confirm_eject_type': 'target', 'tags': ['drain'], 'debug': True, 'label': '%', 'console_log': 'full', 'file_log': 'full', 'exit_count_delay': 500, 'entrance_count_delay': 500, 'eject_coil_jam_pulse': None, 'eject_coil_retry_pulse': None, 'eject_coil_reorder_pulse': None, 'eject_coil_max_wait_ms': 200, 'eject_coil_enable_time': [], 'retries_before_increasing_pulse': 4, 'hold_coil': None, 'hold_coil_release_time': 1000, 'hold_events': {}, 'hold_switches': [], 'entrance_switch': None, 'entrance_switch_ignore_window_ms': 0, 'entrance_switch_full_timeout': 0, 'entrance_events': {}, 'entrance_event_timeout': 5.0, 'idle_missing_ball_timeout': 5.0, 'jam_switch': None, 'captures_from': <playfield.playfield>, 'ball_missing_timeouts': [], 'ball_missing_target': <playfield.playfield>, 'confirm_eject_switch': None, 'confirm_eject_event': None, 'max_eject_attempts': 0, 'ball_capacity': None, 'request_ball_events': {}, 'eject_events': {}, 'eject_all_events': {}, 'mechanical_eject': False, 'player_controlled_eject_event': None, 'ball_search_order': 200, 'auto_fire_on_unexpected_ball': True, 'target_on_unexpected_ball': None}'
2019-04-15 17:08:58,647 : DEBUG : ball_device.bd_trough : Configuring device with settings: '{'entrance_switch': <switch.trough2>, 'entrance_switch_full_timeout': 3000, 'ball_capacity': 3, 'eject_coil': <coil.troughrelease>, 'eject_targets': [<ball_device.bd_plunger_lane>], 'confirm_eject_type': 'target', 'tags': ['trough', 'home'], 'debug': True, 'label': '%', 'console_log': 'full', 'file_log': 'full', 'exit_count_delay': 500, 'entrance_count_delay': 500, 'eject_coil_jam_pulse': None, 'eject_coil_retry_pulse': None, 'eject_coil_reorder_pulse': None, 'eject_coil_max_wait_ms': 200, 'eject_coil_enable_time': [], 'retries_before_increasing_pulse': 4, 'hold_coil': None, 'hold_coil_release_time': 1000, 'hold_events': {}, 'hold_switches': [], 'entrance_switch_ignore_window_ms': 0, 'entrance_events': {}, 'entrance_event_timeout': 5.0, 'idle_missing_ball_timeout': 5.0, 'jam_switch': None, 'captures_from': <playfield.playfield>, 'eject_timeouts': [], 'ball_missing_timeouts': [], 'ball_missing_target': <playfield.playfield>, 'confirm_eject_switch': None, 'confirm_eject_event': None, 'max_eject_attempts': 0, 'ball_switches': [], 'request_ball_events': {}, 'eject_events': {}, 'eject_all_events': {}, 'mechanical_eject': False, 'player_controlled_eject_event': None, 'ball_search_order': 200, 'auto_fire_on_unexpected_ball': True, 'target_on_unexpected_ball': None}'
2019-04-15 17:08:58,648 : DEBUG : ball_device.bd_plunger_lane : Configuring device with settings: '{'ball_switches': [<switch.plungerlane>], 'eject_coil': <coil.autoplunger>, 'mechanical_eject': True, 'eject_timeouts': [1000], 'debug': True, 'label': '%', 'tags': [], 'console_log': 'full', 'file_log': 'full', 'exit_count_delay': 500, 'entrance_count_delay': 500, 'eject_coil_jam_pulse': None, 'eject_coil_retry_pulse': None, 'eject_coil_reorder_pulse': None, 'eject_coil_max_wait_ms': 200, 'eject_coil_enable_time': [], 'retries_before_increasing_pulse': 4, 'hold_coil': None, 'hold_coil_release_time': 1000, 'hold_events': {}, 'hold_switches': [], 'entrance_switch': None, 'entrance_switch_ignore_window_ms': 0, 'entrance_switch_full_timeout': 0, 'entrance_events': {}, 'entrance_event_timeout': 5.0, 'idle_missing_ball_timeout': 5.0, 'jam_switch': None, 'confirm_eject_type': 'target', 'captures_from': <playfield.playfield>, 'eject_targets': [<playfield.playfield>], 'ball_missing_timeouts': [], 'ball_missing_target': <playfield.playfield>, 'confirm_eject_switch': None, 'confirm_eject_event': None, 'max_eject_attempts': 0, 'ball_capacity': None, 'request_ball_events': {}, 'eject_events': {}, 'eject_all_events': {}, 'player_controlled_eject_event': None, 'ball_search_order': 200, 'auto_fire_on_unexpected_ball': True, 'target_on_unexpected_ball': None}'
2019-04-15 17:08:58,717 : DEBUG : ball_save.skillshot_ballsave : Configuring device with settings: '{'active_time': 25000, 'hurry_up_time': 3000, 'grace_period': 3000, 'enable_events': {'skillshot_ballsave_award': 0}, 'disable_events': {'ball_save_skillshot_ballsave_saving_ball': 0}, 'timer_start_events': {'start_ballsave': 0}, 'auto_launch': True, 'balls_to_save': 1, 'debug': True, 'label': '%', 'tags': [], 'console_log': 'full', 'file_log': 'full', 'source_playfield': <playfield.playfield>, 'eject_delay': 0, 'only_last_ball': False, 'early_ball_save_events': {}, 'delayed_eject_events': {}}'
2019-04-15 17:08:58,736 : DEBUG : ball_save.default : Configuring device with settings: '{'active_time': 10000, 'hurry_up_time': 3000, 'grace_period': 3000, 'enable_events': {'mode_base_started': 0}, 'disable_events': {'ball_save_default_saving_ball': 0}, 'timer_start_events': {'start_ballsave': 0}, 'auto_launch': True, 'balls_to_save': 1, 'debug': True, 'label': '%', 'tags': [], 'console_log': 'full', 'file_log': 'full', 'source_playfield': <playfield.playfield>, 'eject_delay': 0, 'only_last_ball': False, 'early_ball_save_events': {}, 'delayed_eject_events': {}}'
2019-04-15 17:08:58,852 : INFO : EventManager : Event: ======'drop_target_bank_maindrop_up'====== Args={}
2019-04-15 17:08:58,854 : INFO : EventManager : Event: ======'init_phase_2'====== Args={}
2019-04-15 17:08:58,854 : INFO : SwitchController : Found active switch: ('4', <Platform.Virtual>)
2019-04-15 17:08:58,855 : INFO : SwitchController : Found active switch: ('5', <Platform.Virtual>)
2019-04-15 17:08:58,953 : DEBUG : YAML File Interface : Loading file: C:\Users\Wilder\zelda\data/high_scores.yaml
2019-04-15 17:08:58,958 : ERROR : ConfigValidator : Your config contains a value for the setting "high_score:reverse_sort", but this is not a valid setting name.
2019-04-15 17:08:58,959 : ERROR : asyncio : Exception in callback EventManager._done(<Task finishe...ting name.',)>)
handle: <Handle EventManager._done(<Task finishe...ting name.',)>)>
Traceback (most recent call last):
  File "c:\users\wilder\appdata\local\programs\python\python36\lib\asyncio\events.py", line 145, in _run
    self._callback(*self._args)
  File "c:\users\wilder\appdata\local\programs\python\python36\lib\site-packages\mpf\core\events.py", line 690, in _done
    future.result()
  File "c:\users\wilder\appdata\local\programs\python\python36\lib\site-packages\mpf\core\events.py", line 612, in _run_handlers_sequential
    handler.callback(queue=queue, **merged_kwargs)
  File "c:\users\wilder\appdata\local\programs\python\python36\lib\site-packages\mpf\core\mode_controller.py", line 102, in initialise_modes
    mode.initialise_mode()
  File "c:\users\wilder\appdata\local\programs\python\python36\lib\site-packages\mpf\core\mode.py", line 598, in initialise_mode
    self.mode_init()
  File "c:\users\wilder\appdata\local\programs\python\python36\lib\site-packages\mpf\modes\high_score\code\high_score.py", line 37, in mode_init
    section_name='high_score')
  File "c:\users\wilder\appdata\local\programs\python\python36\lib\site-packages\mpf\core\config_validator.py", line 238, in validate_config
    validation_failure_info)
  File "c:\users\wilder\appdata\local\programs\python\python36\lib\site-packages\mpf\core\config_validator.py", line 398, in check_for_invalid_sections
    'setting name.', 2, self.log.name)
mpf.exceptions.ConfigFileError.ConfigFileError: Config File Error in ConfigValidator: Your config contains a value for the setting "high_score:reverse_sort", but this is not a valid setting name. Error Code: CFE-ConfigValidator-2
2019-04-15 17:08:58,962 : INFO : Machine : Starting the main run loop.
2019-04-15 17:08:58,963 : INFO : Machine : Shutting down...
2019-04-15 17:08:58,963 : INFO : EventManager : Event: ======'shutdown'====== Args={}
2019-04-15 17:08:58,965 : DEBUG : ball_device.bd_drain : Stopping ball device
2019-04-15 17:08:58,966 : DEBUG : ball_device.bd_trough : Stopping ball device
2019-04-15 17:08:58,966 : DEBUG : ball_device.bd_plunger_lane : Stopping ball device
2019-04-15 17:08:59,085 : ERROR : root : Config File Error in ConfigValidator: Your config contains a value for the setting "high_score:reverse_sort", but this is not a valid setting name. Error Code: CFE-ConfigValidator-2
Traceback (most recent call last):
  File "c:\users\wilder\appdata\local\programs\python\python36\lib\site-packages\mpf\commands\game.py", line 220, in __init__
    MachineController(mpf_path, machine_path, vars(self.args)).run()
  File "c:\users\wilder\appdata\local\programs\python\python36\lib\site-packages\mpf\core\machine.py", line 716, in run
    self._run_loop()
  File "c:\users\wilder\appdata\local\programs\python\python36\lib\site-packages\mpf\core\machine.py", line 776, in _run_loop
    raise self._exception['exception']
  File "c:\users\wilder\appdata\local\programs\python\python36\lib\asyncio\events.py", line 145, in _run
    self._callback(*self._args)
  File "c:\users\wilder\appdata\local\programs\python\python36\lib\site-packages\mpf\core\events.py", line 690, in _done
    future.result()
  File "c:\users\wilder\appdata\local\programs\python\python36\lib\site-packages\mpf\core\events.py", line 612, in _run_handlers_sequential
    handler.callback(queue=queue, **merged_kwargs)
  File "c:\users\wilder\appdata\local\programs\python\python36\lib\site-packages\mpf\core\mode_controller.py", line 102, in initialise_modes
    mode.initialise_mode()
  File "c:\users\wilder\appdata\local\programs\python\python36\lib\site-packages\mpf\core\mode.py", line 598, in initialise_mode
    self.mode_init()
  File "c:\users\wilder\appdata\local\programs\python\python36\lib\site-packages\mpf\modes\high_score\code\high_score.py", line 37, in mode_init
    section_name='high_score')
  File "c:\users\wilder\appdata\local\programs\python\python36\lib\site-packages\mpf\core\config_validator.py", line 238, in validate_config
    validation_failure_info)
  File "c:\users\wilder\appdata\local\programs\python\python36\lib\site-packages\mpf\core\config_validator.py", line 398, in check_for_invalid_sections
    'setting name.', 2, self.log.name)
mpf.exceptions.ConfigFileError.ConfigFileError: Config File Error in ConfigValidator: Your config contains a value for the setting "high_score:reverse_sort", but this is not a valid setting name. Error Code: CFE-ConfigValidator-2
