2019-04-02 19:07:26,691 : INFO : Machine : Mission Pinball Framework Core Engine v0.52.1
2019-04-02 19:07:26,692 : INFO : Machine : Command line arguments: {'no_load_cache': False, 'create_config_cache': True, 'bcp': True, 'configfile': ['config.yaml'], 'mpfconfigfile': 'c:\\users\\wilder\\appdata\\local\\programs\\python\\python36\\lib\\site-packages\\mpf\\mpfconfig.yaml', 'force_assets_load': False, 'jsonlogging': False, 'logfile': 'logs\\2019-04-02-19-07-26-mpf-RedTunic.log', 'pause': False, 'production': False, 'text_ui': True, 'loglevel': 10, 'consoleloglevel': 20, 'force_platform': None, 'syslog_address': None, 'mc_file_name': None, 'no_sound': False}
2019-04-02 19:07:26,692 : INFO : Machine : MPF path: c:\users\wilder\appdata\local\programs\python\python36\lib\site-packages\mpf
2019-04-02 19:07:26,692 : INFO : Machine : Machine path: C:\Users\Wilder\zelda
2019-04-02 19:07:26,692 : INFO : Machine : Platform: win32
2019-04-02 19:07:26,692 : INFO : Machine : Python executable location: c:\users\wilder\appdata\local\programs\python\python36\python.exe
2019-04-02 19:07:26,692 : INFO : Machine : Python version: 3.6.4 (64-bit)
2019-04-02 19:07:26,693 : INFO : Machine : Machine config file #1: config.yaml
2019-04-02 19:07:26,694 : INFO : ConfigProcessor : Loading config from cache: C:\Users\Wilder\AppData\Local\Temp\9bf880992bc5b85aa1bd2cc37b214e56.mpf_cache
2019-04-02 19:07:26,697 : DEBUG : asyncio : Using selector: SelectSelector
2019-04-02 19:07:26,698 : INFO : Machine : Initialise MPF.
2019-04-02 19:07:26,745 : DEBUG : FAST : Configuring FAST hardware.
2019-04-02 19:07:26,965 : INFO : FAST : Connecting to \\.\COM11 at 921600bps
2019-04-02 19:07:26,998 : INFO : FAST : Connected! Processor: NET, Board Type: FP-CPU-002-2, Firmware: 01.02
2019-04-02 19:07:26,999 : INFO : EventManager : Event: ======'machine_var_fast_net_firmware'====== Args={'value': '01.02', 'prev_value': None, 'change': True}
2019-04-02 19:07:26,999 : INFO : EventManager : Event: ======'machine_var_fast_net_model'====== Args={'value': 'FP-CPU-002-2', 'prev_value': None, 'change': True}
2019-04-02 19:07:26,999 : WARNING : FAST : Not resetting FAST NET because firmware is currently broken.
2019-04-02 19:07:27,062 : INFO : FAST : Connecting to \\.\COM12 at 921600bps
2019-04-02 19:07:27,110 : INFO : FAST : Connected! Processor: RGB, Board Type: FP-CPU-002-2, Firmware: 01.00
2019-04-02 19:07:27,110 : INFO : EventManager : Event: ======'machine_var_fast_rgb_firmware'====== Args={'value': '01.00', 'prev_value': None, 'change': True}
2019-04-02 19:07:27,111 : INFO : EventManager : Event: ======'machine_var_fast_rgb_model'====== Args={'value': 'FP-CPU-002-2', 'prev_value': None, 'change': True}
2019-04-02 19:07:27,111 : INFO : EventManager : Event: ======'machine_var_credits_string'====== Args={'value': 'FREE PLAY', 'prev_value': None, 'change': True}
2019-04-02 19:07:27,180 : DEBUG : YAML File Interface : Loading file: C:\Users\Wilder\zelda\data/machine_vars.yaml
2019-04-02 19:07:27,183 : INFO : EventManager : Event: ======'machine_var_player1_score'====== Args={'value': 5, 'prev_value': None, 'change': True}
2019-04-02 19:07:27,183 : INFO : EventManager : Event: ======'machine_var_mpf_version'====== Args={'value': 'MPF v0.52.1', 'prev_value': None, 'change': True}
2019-04-02 19:07:27,183 : INFO : EventManager : Event: ======'machine_var_mpf_extended_version'====== Args={'value': 'MPF v0.52.1, Config version:5, Show version: 5, BCP version:1.1', 'prev_value': None, 'change': True}
2019-04-02 19:07:27,184 : INFO : EventManager : Event: ======'machine_var_python_version'====== Args={'value': '3.6.4', 'prev_value': None, 'change': True}
2019-04-02 19:07:27,184 : INFO : EventManager : Event: ======'machine_var_platform'====== Args={'value': 'Windows-7-6.1.7601-SP1', 'prev_value': None, 'change': True}
2019-04-02 19:07:27,184 : INFO : EventManager : Event: ======'machine_var_platform_system'====== Args={'value': 'Windows', 'prev_value': None, 'change': True}
2019-04-02 19:07:27,184 : INFO : EventManager : Event: ======'machine_var_platform_release'====== Args={'value': '7', 'prev_value': None, 'change': True}
2019-04-02 19:07:27,184 : INFO : EventManager : Event: ======'machine_var_platform_version'====== Args={'value': '6.1.7601', 'prev_value': None, 'change': True}
2019-04-02 19:07:27,184 : INFO : EventManager : Event: ======'machine_var_platform_machine'====== Args={'value': 'AMD64', 'prev_value': None, 'change': True}
2019-04-02 19:07:27,184 : INFO : EventManager : Event: ======'init_phase_1'====== Args={}
2019-04-02 19:07:27,246 : INFO : ConfigProcessor : Loading config from cache: C:\Users\Wilder\AppData\Local\Temp\86e0d165ea95889c95b56598c3ebe263.mpf_cache
2019-04-02 19:07:27,250 : DEBUG : ModeController : Loaded mode music_player
2019-04-02 19:07:27,250 : INFO : ConfigProcessor : Loading config from cache: C:\Users\Wilder\AppData\Local\Temp\6cbeeb809d9de6fbbf2951c4e6867473.mpf_cache
2019-04-02 19:07:27,254 : DEBUG : ModeController : Loaded mode darkworld
2019-04-02 19:07:27,255 : INFO : ConfigProcessor : Loading config from cache: C:\Users\Wilder\AppData\Local\Temp\fd6423453738b6cee138971698f65579.mpf_cache
2019-04-02 19:07:27,259 : DEBUG : ModeController : Loaded mode mode_tracker
2019-04-02 19:07:27,260 : INFO : ConfigProcessor : Loading config from cache: C:\Users\Wilder\AppData\Local\Temp\8b601767b8d464abeaa513b42e6346a8.mpf_cache
2019-04-02 19:07:27,265 : DEBUG : ModeController : Loaded mode master_sword_buildup
2019-04-02 19:07:27,265 : INFO : ConfigProcessor : Loading config from cache: C:\Users\Wilder\AppData\Local\Temp\7b0dcc699efc7732bf9d3e57ee202517.mpf_cache
2019-04-02 19:07:27,269 : DEBUG : ModeController : Loaded mode 2ballescape
2019-04-02 19:07:27,269 : INFO : ConfigProcessor : Loading config from cache: C:\Users\Wilder\AppData\Local\Temp\28e1731e516595966b3afcb08910cb63.mpf_cache
2019-04-02 19:07:27,273 : DEBUG : ModeController : Loaded mode heart_tracker
2019-04-02 19:07:27,273 : INFO : ConfigProcessor : Loading config from cache: C:\Users\Wilder\AppData\Local\Temp\4afc9f23ca6340163a8bb51d7deea78f.mpf_cache
2019-04-02 19:07:27,277 : DEBUG : ModeController : Loaded mode base
2019-04-02 19:07:27,277 : WARNING : ConfigProcessor : Config file in cache changed: C:\Users\Wilder\zelda\modes\playfield_multiplier\config\playfield_multiplier.yaml
2019-04-02 19:07:27,277 : INFO : ConfigProcessor : Loading config from file C:\Users\Wilder\zelda\modes\playfield_multiplier\config\playfield_multiplier.yaml.
2019-04-02 19:07:27,278 : DEBUG : YAML File Interface : Loading file: C:\Users\Wilder\zelda\modes\playfield_multiplier\config\playfield_multiplier.yaml
2019-04-02 19:07:27,297 : INFO : ConfigProcessor : Loading config: C:\Users\Wilder\zelda\modes\playfield_multiplier\config\playfield_multiplier.yaml
2019-04-02 19:07:27,297 : INFO : ConfigProcessor : Config file cache created: C:\Users\Wilder\AppData\Local\Temp\d9d23a2a9a3117f1553491692ff1c689.mpf_cache
2019-04-02 19:07:27,301 : DEBUG : ModeController : Loaded mode playfield_multiplier
2019-04-02 19:07:27,302 : WARNING : ConfigProcessor : Config file in cache changed: C:\Users\Wilder\zelda\modes\video_player\config\video_player.yaml
2019-04-02 19:07:27,302 : INFO : ConfigProcessor : Loading config from file C:\Users\Wilder\zelda\modes\video_player\config\video_player.yaml.
2019-04-02 19:07:27,302 : DEBUG : YAML File Interface : Loading file: C:\Users\Wilder\zelda\modes\video_player\config\video_player.yaml
2019-04-02 19:07:27,588 : INFO : ConfigProcessor : Loading config: C:\Users\Wilder\zelda\modes\video_player\config\video_player.yaml
2019-04-02 19:07:27,592 : INFO : ConfigProcessor : Config file cache created: C:\Users\Wilder\AppData\Local\Temp\58664c35241624b07b13025a5964d2a4.mpf_cache
2019-04-02 19:07:27,597 : DEBUG : ModeController : Loaded mode video_player
2019-04-02 19:07:27,597 : WARNING : ConfigProcessor : Config file in cache changed: C:\Users\Wilder\zelda\modes\slide_tracker\config\slide_tracker.yaml
2019-04-02 19:07:27,597 : INFO : ConfigProcessor : Loading config from file C:\Users\Wilder\zelda\modes\slide_tracker\config\slide_tracker.yaml.
2019-04-02 19:07:27,598 : DEBUG : YAML File Interface : Loading file: C:\Users\Wilder\zelda\modes\slide_tracker\config\slide_tracker.yaml
2019-04-02 19:07:27,645 : INFO : ConfigProcessor : Loading config: C:\Users\Wilder\zelda\modes\slide_tracker\config\slide_tracker.yaml
2019-04-02 19:07:27,646 : INFO : ConfigProcessor : Config file cache created: C:\Users\Wilder\AppData\Local\Temp\dbd150f896646081271b7a77a791f2fa.mpf_cache
2019-04-02 19:07:27,650 : DEBUG : ModeController : Loaded mode slide_tracker
2019-04-02 19:07:27,650 : WARNING : ConfigProcessor : Config file in cache changed: C:\Users\Wilder\zelda\modes\lost_woods\config\lost_woods.yaml
2019-04-02 19:07:27,650 : INFO : ConfigProcessor : Loading config from file C:\Users\Wilder\zelda\modes\lost_woods\config\lost_woods.yaml.
2019-04-02 19:07:27,651 : DEBUG : YAML File Interface : Loading file: C:\Users\Wilder\zelda\modes\lost_woods\config\lost_woods.yaml
2019-04-02 19:07:27,755 : INFO : ConfigProcessor : Loading config: C:\Users\Wilder\zelda\modes\lost_woods\config\lost_woods.yaml
2019-04-02 19:07:27,756 : INFO : ConfigProcessor : Config file cache created: C:\Users\Wilder\AppData\Local\Temp\58a9cd5447353eacedab412f1c10b0ab.mpf_cache
2019-04-02 19:07:27,765 : DEBUG : ModeController : Loaded mode lost_woods
2019-04-02 19:07:27,766 : WARNING : ConfigProcessor : Config file in cache changed: C:\Users\Wilder\zelda\modes\5waycombotracker\config\5waycombotracker.yaml
2019-04-02 19:07:27,766 : INFO : ConfigProcessor : Loading config from file C:\Users\Wilder\zelda\modes\5waycombotracker\config\5waycombotracker.yaml.
2019-04-02 19:07:27,766 : DEBUG : YAML File Interface : Loading file: C:\Users\Wilder\zelda\modes\5waycombotracker\config\5waycombotracker.yaml
2019-04-02 19:07:27,817 : INFO : ConfigProcessor : Loading config: C:\Users\Wilder\zelda\modes\5waycombotracker\config\5waycombotracker.yaml
2019-04-02 19:07:27,817 : INFO : ConfigProcessor : Config file cache created: C:\Users\Wilder\AppData\Local\Temp\fc30620fce8f82c18fed051cdde27ef9.mpf_cache
2019-04-02 19:07:27,821 : DEBUG : ModeController : Loaded mode 5waycombotracker
2019-04-02 19:07:27,821 : WARNING : ConfigProcessor : Config file in cache changed: C:\Users\Wilder\zelda\modes\extraball\config\extraball.yaml
2019-04-02 19:07:27,821 : INFO : ConfigProcessor : Loading config from file C:\Users\Wilder\zelda\modes\extraball\config\extraball.yaml.
2019-04-02 19:07:27,822 : DEBUG : YAML File Interface : Loading file: C:\Users\Wilder\zelda\modes\extraball\config\extraball.yaml
2019-04-02 19:07:27,828 : INFO : ConfigProcessor : Loading config: C:\Users\Wilder\zelda\modes\extraball\config\extraball.yaml
2019-04-02 19:07:27,829 : INFO : ConfigProcessor : Config file cache created: C:\Users\Wilder\AppData\Local\Temp\05768db999abb9e30be16a432a0581c8.mpf_cache
2019-04-02 19:07:27,834 : DEBUG : ModeController : Loaded mode extraball
2019-04-02 19:07:27,835 : INFO : ConfigProcessor : Loading config from cache: C:\Users\Wilder\AppData\Local\Temp\cb8b20150020107be74f23a2ee427f56.mpf_cache
2019-04-02 19:07:27,846 : DEBUG : ModeController : Loaded mode high_score
2019-04-02 19:07:27,846 : WARNING : ConfigProcessor : Config file in cache changed: C:\Users\Wilder\zelda\modes\item_tracker\config\item_tracker.yaml
2019-04-02 19:07:27,846 : INFO : ConfigProcessor : Loading config from file C:\Users\Wilder\zelda\modes\item_tracker\config\item_tracker.yaml.
2019-04-02 19:07:27,847 : DEBUG : YAML File Interface : Loading file: C:\Users\Wilder\zelda\modes\item_tracker\config\item_tracker.yaml
2019-04-02 19:07:27,918 : INFO : ConfigProcessor : Loading config: C:\Users\Wilder\zelda\modes\item_tracker\config\item_tracker.yaml
2019-04-02 19:07:27,919 : INFO : ConfigProcessor : Config file cache created: C:\Users\Wilder\AppData\Local\Temp\c3fd2c292a6c0d3463ad9b4555730ad5.mpf_cache
2019-04-02 19:07:27,923 : DEBUG : ModeController : Loaded mode item_tracker
2019-04-02 19:07:27,924 : INFO : ConfigProcessor : Loading config from cache: C:\Users\Wilder\AppData\Local\Temp\aecceeb5afbfdc7257044e8417ebcf98.mpf_cache
2019-04-02 19:07:27,930 : DEBUG : ModeController : Loaded mode attract
2019-04-02 19:07:27,930 : INFO : ConfigProcessor : Loading config from cache: C:\Users\Wilder\AppData\Local\Temp\a31feedcb4b85bf76d76fe6a1222bc90.mpf_cache
2019-04-02 19:07:27,935 : DEBUG : ModeController : Loaded mode agahnim_multiball
2019-04-02 19:07:27,936 : INFO : ConfigProcessor : Loading config from cache: C:\Users\Wilder\AppData\Local\Temp\dd39e2de39eb354a1ec99be2f3167765.mpf_cache
2019-04-02 19:07:27,941 : DEBUG : ModeController : Loaded mode heartmeter
2019-04-02 19:07:27,942 : INFO : ConfigProcessor : Loading config from cache: C:\Users\Wilder\AppData\Local\Temp\1f8ff34a8859f8c62d77912f33e29b9c.mpf_cache
2019-04-02 19:07:27,945 : DEBUG : ModeController : Loaded mode 2ballqualifier
2019-04-02 19:07:27,945 : INFO : ConfigProcessor : Loading config from cache: C:\Users\Wilder\AppData\Local\Temp\43a06f52d0e9cf0597140b4c27159d40.mpf_cache
2019-04-02 19:07:27,949 : DEBUG : ModeController : Loaded mode escapehurryup
2019-04-02 19:07:27,949 : INFO : ConfigProcessor : Loading config from cache: C:\Users\Wilder\AppData\Local\Temp\225554da95d8871f7382aa94a6d6b3eb.mpf_cache
2019-04-02 19:07:27,953 : DEBUG : ModeController : Loaded mode lost_woods_starter
2019-04-02 19:07:27,953 : INFO : ConfigProcessor : Loading config from cache: C:\Users\Wilder\AppData\Local\Temp\072dbb4c30ca18f53440337aa5cd71bd.mpf_cache
2019-04-02 19:07:27,957 : DEBUG : ModeController : Loaded mode light_world
2019-04-02 19:07:27,958 : INFO : ConfigProcessor : Loading config from cache: C:\Users\Wilder\AppData\Local\Temp\b0ee6a771658ae3fb7e70c6d5ff59887.mpf_cache
2019-04-02 19:07:27,965 : DEBUG : ModeController : Loaded mode game
2019-04-02 19:07:27,965 : INFO : ConfigProcessor : Loading config from cache: C:\Users\Wilder\AppData\Local\Temp\6fd2b5e36bbbd9c12f9ee3aa32f1ceca.mpf_cache
2019-04-02 19:07:27,969 : DEBUG : ModeController : Loaded mode ball_hold_tracker
2019-04-02 19:07:27,969 : INFO : ConfigProcessor : Loading config from cache: C:\Users\Wilder\AppData\Local\Temp\c35ad2e595070cac0b6f696d6f7f6af6.mpf_cache
2019-04-02 19:07:27,975 : DEBUG : ModeController : Loaded mode ball_save
2019-04-02 19:07:27,976 : WARNING : ConfigProcessor : Config file in cache changed: C:\Users\Wilder\zelda\modes\bomb_finder\config\bomb_finder.yaml
2019-04-02 19:07:27,976 : INFO : ConfigProcessor : Loading config from file C:\Users\Wilder\zelda\modes\bomb_finder\config\bomb_finder.yaml.
2019-04-02 19:07:27,977 : DEBUG : YAML File Interface : Loading file: C:\Users\Wilder\zelda\modes\bomb_finder\config\bomb_finder.yaml
2019-04-02 19:07:28,044 : INFO : ConfigProcessor : Loading config: C:\Users\Wilder\zelda\modes\bomb_finder\config\bomb_finder.yaml
2019-04-02 19:07:28,045 : INFO : ConfigProcessor : Config file cache created: C:\Users\Wilder\AppData\Local\Temp\da675f6b180b79eecb40cb5eb7f75a18.mpf_cache
2019-04-02 19:07:28,049 : DEBUG : ModeController : Loaded mode bomb_finder
2019-04-02 19:07:28,050 : INFO : ConfigProcessor : Loading config from cache: C:\Users\Wilder\AppData\Local\Temp\916c9e2d9177837f45e9cdbb7c1d0b93.mpf_cache
2019-04-02 19:07:28,055 : DEBUG : ModeController : Loaded mode unusual_show_tracker
2019-04-02 19:07:28,055 : INFO : ConfigProcessor : Loading config from cache: C:\Users\Wilder\AppData\Local\Temp\f394a72c4810bb1cc42cac0690a90dcf.mpf_cache
2019-04-02 19:07:28,059 : DEBUG : ModeController : Loaded mode gameoverplayer
2019-04-02 19:07:28,128 : DEBUG : ball_device.bd_drain : Configuring device with settings: '{'ball_switches': [<switch.trough1>], 'eject_coil': <coil.draineject>, 'eject_targets': [<ball_device.bd_trough>], 'eject_timeouts': [1000], 'confirm_eject_type': 'target', 'tags': ['drain'], 'debug': True, 'label': '%', 'console_log': 'full', 'file_log': 'full', 'exit_count_delay': 500, 'entrance_count_delay': 500, 'eject_coil_jam_pulse': None, 'eject_coil_retry_pulse': None, 'eject_coil_reorder_pulse': None, 'eject_coil_max_wait_ms': 200, 'eject_coil_enable_time': [], 'retries_before_increasing_pulse': 4, 'hold_coil': None, 'hold_coil_release_time': 1000, 'hold_events': {}, 'hold_switches': [], 'entrance_switch': None, 'entrance_switch_ignore_window_ms': 0, 'entrance_switch_full_timeout': 0, 'entrance_events': {}, 'entrance_event_timeout': 5.0, 'idle_missing_ball_timeout': 5.0, 'jam_switch': None, 'captures_from': <playfield.playfield>, 'ball_missing_timeouts': [], 'ball_missing_target': <playfield.playfield>, 'confirm_eject_switch': None, 'confirm_eject_event': None, 'max_eject_attempts': 0, 'ball_capacity': None, 'request_ball_events': {}, 'eject_events': {}, 'eject_all_events': {}, 'mechanical_eject': False, 'player_controlled_eject_event': None, 'ball_search_order': 200, 'auto_fire_on_unexpected_ball': True, 'target_on_unexpected_ball': None}'
2019-04-02 19:07:28,131 : DEBUG : ball_device.bd_trough : Configuring device with settings: '{'entrance_switch': <switch.trough2>, 'entrance_switch_full_timeout': 3000, 'ball_capacity': 3, 'eject_coil': <coil.troughrelease>, 'eject_targets': [<ball_device.bd_plunger_lane>], 'confirm_eject_type': 'target', 'tags': ['trough', 'home'], 'debug': True, 'label': '%', 'console_log': 'full', 'file_log': 'full', 'exit_count_delay': 500, 'entrance_count_delay': 500, 'eject_coil_jam_pulse': None, 'eject_coil_retry_pulse': None, 'eject_coil_reorder_pulse': None, 'eject_coil_max_wait_ms': 200, 'eject_coil_enable_time': [], 'retries_before_increasing_pulse': 4, 'hold_coil': None, 'hold_coil_release_time': 1000, 'hold_events': {}, 'hold_switches': [], 'entrance_switch_ignore_window_ms': 0, 'entrance_events': {}, 'entrance_event_timeout': 5.0, 'idle_missing_ball_timeout': 5.0, 'jam_switch': None, 'captures_from': <playfield.playfield>, 'eject_timeouts': [], 'ball_missing_timeouts': [], 'ball_missing_target': <playfield.playfield>, 'confirm_eject_switch': None, 'confirm_eject_event': None, 'max_eject_attempts': 0, 'ball_switches': [], 'request_ball_events': {}, 'eject_events': {}, 'eject_all_events': {}, 'mechanical_eject': False, 'player_controlled_eject_event': None, 'ball_search_order': 200, 'auto_fire_on_unexpected_ball': True, 'target_on_unexpected_ball': None}'
2019-04-02 19:07:28,133 : DEBUG : ball_device.bd_plunger_lane : Configuring device with settings: '{'ball_switches': [<switch.plungerlane>], 'eject_coil': <coil.autoplunger>, 'mechanical_eject': True, 'eject_timeouts': [1000], 'debug': True, 'label': '%', 'tags': [], 'console_log': 'full', 'file_log': 'full', 'exit_count_delay': 500, 'entrance_count_delay': 500, 'eject_coil_jam_pulse': None, 'eject_coil_retry_pulse': None, 'eject_coil_reorder_pulse': None, 'eject_coil_max_wait_ms': 200, 'eject_coil_enable_time': [], 'retries_before_increasing_pulse': 4, 'hold_coil': None, 'hold_coil_release_time': 1000, 'hold_events': {}, 'hold_switches': [], 'entrance_switch': None, 'entrance_switch_ignore_window_ms': 0, 'entrance_switch_full_timeout': 0, 'entrance_events': {}, 'entrance_event_timeout': 5.0, 'idle_missing_ball_timeout': 5.0, 'jam_switch': None, 'confirm_eject_type': 'target', 'captures_from': <playfield.playfield>, 'eject_targets': [<playfield.playfield>], 'ball_missing_timeouts': [], 'ball_missing_target': <playfield.playfield>, 'confirm_eject_switch': None, 'confirm_eject_event': None, 'max_eject_attempts': 0, 'ball_capacity': None, 'request_ball_events': {}, 'eject_events': {}, 'eject_all_events': {}, 'player_controlled_eject_event': None, 'ball_search_order': 200, 'auto_fire_on_unexpected_ball': True, 'target_on_unexpected_ball': None}'
2019-04-02 19:07:28,319 : DEBUG : ball_save.default : Configuring device with settings: '{'active_time': 10000, 'hurry_up_time': 3000, 'grace_period': 3000, 'enable_events': {'mode_base_started': 0}, 'disable_events': {'ball_save_default_saving_ball': 0}, 'timer_start_events': {'start_ballsave': 0}, 'auto_launch': True, 'balls_to_save': 1, 'debug': True, 'label': '%', 'tags': [], 'console_log': 'full', 'file_log': 'full', 'source_playfield': <playfield.playfield>, 'eject_delay': 0, 'only_last_ball': False, 'early_ball_save_events': {}, 'delayed_eject_events': {}}'
2019-04-02 19:07:28,330 : DEBUG : FASTDriver : Driver Settings: {'config_cmd': 'DN:', 'trigger_cmd': 'TN:'}
2019-04-02 19:07:28,330 : DEBUG : FASTDriver : Resetting driver {'config_cmd': 'DN:', 'trigger_cmd': 'TN:'}
2019-04-02 19:07:28,330 : DEBUG : FASTDriver : Driver Settings: {'config_cmd': 'DN:', 'trigger_cmd': 'TN:'}
2019-04-02 19:07:28,330 : DEBUG : FASTDriver : Resetting driver {'config_cmd': 'DN:', 'trigger_cmd': 'TN:'}
2019-04-02 19:07:28,330 : DEBUG : FASTDriver : Driver Settings: {'config_cmd': 'DN:', 'trigger_cmd': 'TN:'}
2019-04-02 19:07:28,330 : DEBUG : FASTDriver : Resetting driver {'config_cmd': 'DN:', 'trigger_cmd': 'TN:'}
2019-04-02 19:07:28,331 : DEBUG : FASTDriver : Driver Settings: {'config_cmd': 'DN:', 'trigger_cmd': 'TN:'}
2019-04-02 19:07:28,331 : DEBUG : FASTDriver : Resetting driver {'config_cmd': 'DN:', 'trigger_cmd': 'TN:'}
2019-04-02 19:07:28,331 : DEBUG : FASTDriver : Driver Settings: {'config_cmd': 'DN:', 'trigger_cmd': 'TN:'}
2019-04-02 19:07:28,331 : DEBUG : FASTDriver : Resetting driver {'config_cmd': 'DN:', 'trigger_cmd': 'TN:'}
2019-04-02 19:07:28,331 : DEBUG : FASTDriver : Driver Settings: {'config_cmd': 'DN:', 'trigger_cmd': 'TN:'}
2019-04-02 19:07:28,331 : DEBUG : FASTDriver : Resetting driver {'config_cmd': 'DN:', 'trigger_cmd': 'TN:'}
2019-04-02 19:07:28,332 : DEBUG : FASTDriver : Driver Settings: {'config_cmd': 'DN:', 'trigger_cmd': 'TN:'}
2019-04-02 19:07:28,332 : DEBUG : FASTDriver : Resetting driver {'config_cmd': 'DN:', 'trigger_cmd': 'TN:'}
2019-04-02 19:07:28,332 : DEBUG : FASTDriver : Driver Settings: {'config_cmd': 'DN:', 'trigger_cmd': 'TN:'}
2019-04-02 19:07:28,332 : DEBUG : FASTDriver : Resetting driver {'config_cmd': 'DN:', 'trigger_cmd': 'TN:'}
2019-04-02 19:07:28,332 : DEBUG : FASTDriver : Driver Settings: {'config_cmd': 'DN:', 'trigger_cmd': 'TN:'}
2019-04-02 19:07:28,332 : DEBUG : FASTDriver : Resetting driver {'config_cmd': 'DN:', 'trigger_cmd': 'TN:'}
2019-04-02 19:07:28,332 : DEBUG : FASTDriver : Driver Settings: {'config_cmd': 'DN:', 'trigger_cmd': 'TN:'}
2019-04-02 19:07:28,332 : DEBUG : FASTDriver : Resetting driver {'config_cmd': 'DN:', 'trigger_cmd': 'TN:'}
2019-04-02 19:07:28,333 : DEBUG : FASTDriver : Driver Settings: {'config_cmd': 'DN:', 'trigger_cmd': 'TN:'}
2019-04-02 19:07:28,333 : DEBUG : FASTDriver : Resetting driver {'config_cmd': 'DN:', 'trigger_cmd': 'TN:'}
2019-04-02 19:07:28,333 : DEBUG : FASTDriver : Driver Settings: {'config_cmd': 'DN:', 'trigger_cmd': 'TN:'}
2019-04-02 19:07:28,333 : DEBUG : FASTDriver : Resetting driver {'config_cmd': 'DN:', 'trigger_cmd': 'TN:'}
2019-04-02 19:07:28,333 : DEBUG : FASTDriver : Driver Settings: {'config_cmd': 'DN:', 'trigger_cmd': 'TN:'}
2019-04-02 19:07:28,334 : DEBUG : FASTDriver : Resetting driver {'config_cmd': 'DN:', 'trigger_cmd': 'TN:'}
2019-04-02 19:07:28,334 : DEBUG : FASTDriver : Driver Settings: {'config_cmd': 'DN:', 'trigger_cmd': 'TN:'}
2019-04-02 19:07:28,334 : DEBUG : FASTDriver : Resetting driver {'config_cmd': 'DN:', 'trigger_cmd': 'TN:'}
2019-04-02 19:07:28,334 : DEBUG : FASTDriver : Driver Settings: {'config_cmd': 'DN:', 'trigger_cmd': 'TN:'}
2019-04-02 19:07:28,334 : DEBUG : FASTDriver : Resetting driver {'config_cmd': 'DN:', 'trigger_cmd': 'TN:'}
2019-04-02 19:07:28,335 : DEBUG : FASTDriver : Driver Settings: {'config_cmd': 'DN:', 'trigger_cmd': 'TN:'}
2019-04-02 19:07:28,335 : DEBUG : FASTDriver : Resetting driver {'config_cmd': 'DN:', 'trigger_cmd': 'TN:'}
2019-04-02 19:07:28,335 : DEBUG : FASTDriver : Driver Settings: {'config_cmd': 'DN:', 'trigger_cmd': 'TN:'}
2019-04-02 19:07:28,336 : DEBUG : FASTDriver : Resetting driver {'config_cmd': 'DN:', 'trigger_cmd': 'TN:'}
2019-04-02 19:07:28,336 : DEBUG : FASTDriver : Driver Settings: {'config_cmd': 'DN:', 'trigger_cmd': 'TN:'}
2019-04-02 19:07:28,336 : DEBUG : FASTDriver : Resetting driver {'config_cmd': 'DN:', 'trigger_cmd': 'TN:'}
2019-04-02 19:07:28,336 : DEBUG : FASTDriver : Driver Settings: {'config_cmd': 'DN:', 'trigger_cmd': 'TN:'}
2019-04-02 19:07:28,336 : DEBUG : FASTDriver : Resetting driver {'config_cmd': 'DN:', 'trigger_cmd': 'TN:'}
2019-04-02 19:07:28,336 : DEBUG : FASTDriver : Driver Settings: {'config_cmd': 'DN:', 'trigger_cmd': 'TN:'}
2019-04-02 19:07:28,336 : DEBUG : FASTDriver : Resetting driver {'config_cmd': 'DN:', 'trigger_cmd': 'TN:'}
2019-04-02 19:07:28,336 : DEBUG : FASTDriver : Driver Settings: {'config_cmd': 'DN:', 'trigger_cmd': 'TN:'}
2019-04-02 19:07:28,337 : DEBUG : FASTDriver : Resetting driver {'config_cmd': 'DN:', 'trigger_cmd': 'TN:'}
2019-04-02 19:07:28,337 : DEBUG : FASTDriver : Driver Settings: {'config_cmd': 'DN:', 'trigger_cmd': 'TN:'}
2019-04-02 19:07:28,337 : DEBUG : FASTDriver : Resetting driver {'config_cmd': 'DN:', 'trigger_cmd': 'TN:'}
2019-04-02 19:07:28,341 : DEBUG : FASTLED : Creating FAST RGB LED at hardware address: 00
2019-04-02 19:07:28,342 : DEBUG : FASTLED : Creating FAST RGB LED at hardware address: 01
2019-04-02 19:07:28,343 : DEBUG : FASTLED : Creating FAST RGB LED at hardware address: 02
2019-04-02 19:07:28,343 : DEBUG : FASTLED : Creating FAST RGB LED at hardware address: 03
2019-04-02 19:07:28,344 : DEBUG : FASTLED : Creating FAST RGB LED at hardware address: 04
2019-04-02 19:07:28,344 : DEBUG : FASTLED : Creating FAST RGB LED at hardware address: 05
2019-04-02 19:07:28,344 : DEBUG : FASTLED : Creating FAST RGB LED at hardware address: 06
2019-04-02 19:07:28,346 : DEBUG : FASTLED : Creating FAST RGB LED at hardware address: 07
2019-04-02 19:07:28,346 : DEBUG : FASTLED : Creating FAST RGB LED at hardware address: 08
2019-04-02 19:07:28,347 : DEBUG : FASTLED : Creating FAST RGB LED at hardware address: 09
2019-04-02 19:07:28,347 : DEBUG : FASTLED : Creating FAST RGB LED at hardware address: 0A
2019-04-02 19:07:28,348 : DEBUG : FASTLED : Creating FAST RGB LED at hardware address: 0B
2019-04-02 19:07:28,348 : DEBUG : FASTLED : Creating FAST RGB LED at hardware address: 0C
2019-04-02 19:07:28,349 : DEBUG : FASTLED : Creating FAST RGB LED at hardware address: 0D
2019-04-02 19:07:28,349 : DEBUG : FASTLED : Creating FAST RGB LED at hardware address: 0E
2019-04-02 19:07:28,349 : DEBUG : FASTLED : Creating FAST RGB LED at hardware address: 0F
2019-04-02 19:07:28,350 : DEBUG : FASTLED : Creating FAST RGB LED at hardware address: 10
2019-04-02 19:07:28,351 : DEBUG : FASTLED : Creating FAST RGB LED at hardware address: 11
2019-04-02 19:07:28,352 : DEBUG : FASTLED : Creating FAST RGB LED at hardware address: 12
2019-04-02 19:07:28,353 : DEBUG : FASTLED : Creating FAST RGB LED at hardware address: 40
2019-04-02 19:07:28,354 : DEBUG : FASTLED : Creating FAST RGB LED at hardware address: 41
2019-04-02 19:07:28,354 : DEBUG : FASTLED : Creating FAST RGB LED at hardware address: 42
2019-04-02 19:07:28,355 : DEBUG : FASTLED : Creating FAST RGB LED at hardware address: 43
2019-04-02 19:07:28,355 : DEBUG : FASTLED : Creating FAST RGB LED at hardware address: 44
2019-04-02 19:07:28,355 : DEBUG : FASTLED : Creating FAST RGB LED at hardware address: 45
2019-04-02 19:07:28,356 : DEBUG : FASTLED : Creating FAST RGB LED at hardware address: 46
2019-04-02 19:07:28,356 : DEBUG : FASTLED : Creating FAST RGB LED at hardware address: 47
2019-04-02 19:07:28,356 : DEBUG : FASTLED : Creating FAST RGB LED at hardware address: 48
2019-04-02 19:07:28,357 : DEBUG : FASTLED : Creating FAST RGB LED at hardware address: 49
2019-04-02 19:07:28,357 : DEBUG : FASTLED : Creating FAST RGB LED at hardware address: 4A
2019-04-02 19:07:28,358 : DEBUG : FASTLED : Creating FAST RGB LED at hardware address: 4B
2019-04-02 19:07:28,359 : DEBUG : FASTLED : Creating FAST RGB LED at hardware address: 4C
2019-04-02 19:07:28,359 : DEBUG : FASTLED : Creating FAST RGB LED at hardware address: 4D
2019-04-02 19:07:28,359 : DEBUG : FASTLED : Creating FAST RGB LED at hardware address: 4E
2019-04-02 19:07:28,360 : DEBUG : FASTLED : Creating FAST RGB LED at hardware address: 4F
2019-04-02 19:07:28,360 : DEBUG : FASTLED : Creating FAST RGB LED at hardware address: 50
2019-04-02 19:07:28,360 : DEBUG : FASTLED : Creating FAST RGB LED at hardware address: 51
2019-04-02 19:07:28,361 : DEBUG : FASTLED : Creating FAST RGB LED at hardware address: 52
2019-04-02 19:07:28,361 : DEBUG : FASTLED : Creating FAST RGB LED at hardware address: 53
2019-04-02 19:07:28,362 : DEBUG : FASTLED : Creating FAST RGB LED at hardware address: 54
2019-04-02 19:07:28,362 : DEBUG : FASTLED : Creating FAST RGB LED at hardware address: 55
2019-04-02 19:07:28,362 : DEBUG : FASTLED : Creating FAST RGB LED at hardware address: 56
2019-04-02 19:07:28,363 : DEBUG : FASTLED : Creating FAST RGB LED at hardware address: 57
2019-04-02 19:07:28,363 : DEBUG : FASTLED : Creating FAST RGB LED at hardware address: 58
2019-04-02 19:07:28,364 : DEBUG : FASTLED : Creating FAST RGB LED at hardware address: 59
2019-04-02 19:07:28,364 : DEBUG : FASTLED : Creating FAST RGB LED at hardware address: 5A
2019-04-02 19:07:28,365 : DEBUG : FASTLED : Creating FAST RGB LED at hardware address: 5B
2019-04-02 19:07:28,365 : DEBUG : FASTLED : Creating FAST RGB LED at hardware address: 5C
2019-04-02 19:07:28,365 : DEBUG : FASTLED : Creating FAST RGB LED at hardware address: 5D
2019-04-02 19:07:28,366 : DEBUG : FASTLED : Creating FAST RGB LED at hardware address: 5E
2019-04-02 19:07:28,366 : DEBUG : FASTLED : Creating FAST RGB LED at hardware address: 5F
2019-04-02 19:07:28,367 : DEBUG : FASTLED : Creating FAST RGB LED at hardware address: 60
2019-04-02 19:07:28,367 : DEBUG : FASTLED : Creating FAST RGB LED at hardware address: 61
2019-04-02 19:07:28,367 : DEBUG : FASTLED : Creating FAST RGB LED at hardware address: 62
2019-04-02 19:07:28,369 : DEBUG : FASTLED : Creating FAST RGB LED at hardware address: 63
2019-04-02 19:07:28,369 : DEBUG : FASTLED : Creating FAST RGB LED at hardware address: 64
2019-04-02 19:07:28,370 : DEBUG : FASTLED : Creating FAST RGB LED at hardware address: 65
2019-04-02 19:07:28,370 : DEBUG : FASTLED : Creating FAST RGB LED at hardware address: 66
2019-04-02 19:07:28,371 : DEBUG : FASTLED : Creating FAST RGB LED at hardware address: 67
2019-04-02 19:07:28,371 : DEBUG : FASTLED : Creating FAST RGB LED at hardware address: 68
2019-04-02 19:07:28,372 : DEBUG : FASTLED : Creating FAST RGB LED at hardware address: 69
2019-04-02 19:07:28,372 : DEBUG : FASTLED : Creating FAST RGB LED at hardware address: 6A
2019-04-02 19:07:28,372 : DEBUG : FASTLED : Creating FAST RGB LED at hardware address: 6B
2019-04-02 19:07:28,373 : DEBUG : FASTLED : Creating FAST RGB LED at hardware address: 6C
2019-04-02 19:07:28,373 : DEBUG : FASTLED : Creating FAST RGB LED at hardware address: 6D
2019-04-02 19:07:28,374 : DEBUG : FASTLED : Creating FAST RGB LED at hardware address: 80
2019-04-02 19:07:28,374 : DEBUG : FASTLED : Creating FAST RGB LED at hardware address: 81
2019-04-02 19:07:28,375 : DEBUG : FASTLED : Creating FAST RGB LED at hardware address: 82
2019-04-02 19:07:28,375 : DEBUG : FASTLED : Creating FAST RGB LED at hardware address: 83
2019-04-02 19:07:28,376 : DEBUG : FASTLED : Creating FAST RGB LED at hardware address: 84
2019-04-02 19:07:28,376 : DEBUG : FASTLED : Creating FAST RGB LED at hardware address: 85
2019-04-02 19:07:28,376 : DEBUG : FASTLED : Creating FAST RGB LED at hardware address: 86
2019-04-02 19:07:28,377 : DEBUG : FASTLED : Creating FAST RGB LED at hardware address: 87
2019-04-02 19:07:28,377 : DEBUG : FASTLED : Creating FAST RGB LED at hardware address: 88
2019-04-02 19:07:28,377 : DEBUG : FASTLED : Creating FAST RGB LED at hardware address: 89
2019-04-02 19:07:28,378 : DEBUG : FASTLED : Creating FAST RGB LED at hardware address: 8A
2019-04-02 19:07:28,378 : DEBUG : FASTLED : Creating FAST RGB LED at hardware address: 8B
2019-04-02 19:07:28,378 : DEBUG : FASTLED : Creating FAST RGB LED at hardware address: 8C
2019-04-02 19:07:28,379 : DEBUG : FASTLED : Creating FAST RGB LED at hardware address: 8D
2019-04-02 19:07:28,379 : DEBUG : FASTLED : Creating FAST RGB LED at hardware address: 8E
2019-04-02 19:07:28,380 : DEBUG : FASTLED : Creating FAST RGB LED at hardware address: 8F
2019-04-02 19:07:28,380 : DEBUG : FASTLED : Creating FAST RGB LED at hardware address: 90
2019-04-02 19:07:28,381 : DEBUG : FASTLED : Creating FAST RGB LED at hardware address: 91
2019-04-02 19:07:28,381 : DEBUG : FASTLED : Creating FAST RGB LED at hardware address: C0
2019-04-02 19:07:28,381 : DEBUG : FASTLED : Creating FAST RGB LED at hardware address: C1
2019-04-02 19:07:28,382 : DEBUG : FASTLED : Creating FAST RGB LED at hardware address: C2
2019-04-02 19:07:28,382 : DEBUG : FASTLED : Creating FAST RGB LED at hardware address: C3
2019-04-02 19:07:28,383 : DEBUG : FASTLED : Creating FAST RGB LED at hardware address: C4
2019-04-02 19:07:28,383 : DEBUG : FASTLED : Creating FAST RGB LED at hardware address: C5
2019-04-02 19:07:28,384 : DEBUG : FASTLED : Creating FAST RGB LED at hardware address: C6
2019-04-02 19:07:28,384 : DEBUG : FASTLED : Creating FAST RGB LED at hardware address: C7
2019-04-02 19:07:28,384 : DEBUG : FASTLED : Creating FAST RGB LED at hardware address: C8
2019-04-02 19:07:28,385 : DEBUG : FASTLED : Creating FAST RGB LED at hardware address: C9
2019-04-02 19:07:28,388 : DEBUG : FASTLED : Creating FAST RGB LED at hardware address: CA
2019-04-02 19:07:28,389 : DEBUG : FASTLED : Creating FAST RGB LED at hardware address: CB
2019-04-02 19:07:28,397 : INFO : EventManager : Event: ======'drop_target_bank_maindrop_up'====== Args={}
2019-04-02 19:07:28,400 : INFO : EventManager : Event: ======'init_phase_2'====== Args={}
2019-04-02 19:07:28,401 : DEBUG : FAST : Enabling Flow Control for RGB connection. Messages in flight: 4, Max setting: 3
2019-04-02 19:07:28,401 : INFO : SwitchController : Found active switch: (('04', 1), <Platform.FAST>)
2019-04-02 19:07:28,403 : INFO : SwitchController : Found active switch: (('05', 1), <Platform.FAST>)
2019-04-02 19:07:28,534 : ERROR : asyncio : Exception in callback EventManager._done(<Task finishe...riority']}",)>)
handle: <Handle EventManager._done(<Task finishe...riority']}",)>)>
Traceback (most recent call last):
  File "c:\users\wilder\appdata\local\programs\python\python36\lib\site-packages\mpfmc\config_players\plugins\slide_player.py", line 101, in process_widget
    config['type']).lower(), config, base_spec='widgets:common')
KeyError: 'type'

During handling of the above exception, another exception occurred:

Traceback (most recent call last):
  File "c:\users\wilder\appdata\local\programs\python\python36\lib\asyncio\events.py", line 145, in _run
    self._callback(*self._args)
  File "c:\users\wilder\appdata\local\programs\python\python36\lib\site-packages\mpf\core\events.py", line 690, in _done
    future.result()
  File "c:\users\wilder\appdata\local\programs\python\python36\lib\site-packages\mpf\core\events.py", line 612, in _run_handlers_sequential
    handler.callback(queue=queue, **merged_kwargs)
  File "c:\users\wilder\appdata\local\programs\python\python36\lib\site-packages\mpf\core\mode_controller.py", line 102, in initialise_modes
    mode.initialise_mode()
  File "c:\users\wilder\appdata\local\programs\python\python36\lib\site-packages\mpf\core\mode.py", line 594, in initialise_mode
    **item.kwargs)
  File "c:\users\wilder\appdata\local\programs\python\python36\lib\site-packages\mpf\core\config_player.py", line 134, in process_mode_config
    config = self.validate_config(config)
  File "c:\users\wilder\appdata\local\programs\python\python36\lib\site-packages\mpf\core\config_player.py", line 106, in validate_config
    validated_config[event] = self.validate_config_entry(settings, event)
  File "c:\users\wilder\appdata\local\programs\python\python36\lib\site-packages\mpf\config_players\device_config_player.py", line 34, in validate_config_entry
    self._validate_config_item(device, device_settings))
  File "c:\users\wilder\appdata\local\programs\python\python36\lib\site-packages\mpfmc\config_players\plugins\slide_player.py", line 63, in _validate_config_item
    device_settings['widgets'])
  File "c:\users\wilder\appdata\local\programs\python\python36\lib\site-packages\mpfmc\config_players\plugins\slide_player.py", line 90, in process_widgets
    widget_list.append(self.process_widget(widget))
  File "c:\users\wilder\appdata\local\programs\python\python36\lib\site-packages\mpfmc\config_players\plugins\slide_player.py", line 104, in process_widget
    "wrong here: {}".format(config))
KeyError: "Slide config validation error. Something is wrong here: {'loops': 0, 'priority': 10, '_default_settings': ['loops', 'priority']}"
2019-04-02 19:07:28,582 : INFO : Machine : Starting the main run loop.
2019-04-02 19:07:28,583 : INFO : Machine : Shutting down...
2019-04-02 19:07:28,583 : INFO : EventManager : Event: ======'shutdown'====== Args={}
2019-04-02 19:07:28,588 : DEBUG : ball_device.bd_drain : Stopping ball device
2019-04-02 19:07:28,778 : ERROR : root : 'NoneType' object has no attribute 'stop'
Traceback (most recent call last):
  File "c:\users\wilder\appdata\local\programs\python\python36\lib\site-packages\mpf\commands\game.py", line 220, in __init__
    MachineController(mpf_path, machine_path, vars(self.args)).run()
  File "c:\users\wilder\appdata\local\programs\python\python36\lib\site-packages\mpf\core\machine.py", line 709, in run
    self._run_loop()
  File "c:\users\wilder\appdata\local\programs\python\python36\lib\site-packages\mpf\core\machine.py", line 765, in _run_loop
    self._do_stop()
  File "c:\users\wilder\appdata\local\programs\python\python36\lib\site-packages\mpf\core\machine.py", line 728, in _do_stop
    self.shutdown()
  File "c:\users\wilder\appdata\local\programs\python\python36\lib\site-packages\mpf\core\machine.py", line 734, in shutdown
    self.device_manager.stop_devices()
  File "c:\users\wilder\appdata\local\programs\python\python36\lib\site-packages\mpf\core\device_manager.py", line 128, in stop_devices
    device.stop_device()
  File "c:\users\wilder\appdata\local\programs\python\python36\lib\site-packages\mpf\devices\ball_device\ball_device.py", line 138, in stop_device
    self.ball_count_handler.stop()
  File "c:\users\wilder\appdata\local\programs\python\python36\lib\site-packages\mpf\devices\ball_device\ball_count_handler.py", line 44, in stop
    self.counter.stop()
AttributeError: 'NoneType' object has no attribute 'stop'
