2019-04-14 13:39:09,150 : INFO : Machine : Mission Pinball Framework Core Engine v0.52.1
2019-04-14 13:39:09,151 : INFO : Machine : Command line arguments: {'no_load_cache': False, 'create_config_cache': True, 'bcp': True, 'configfile': ['config.yaml'], 'mpfconfigfile': 'c:\\users\\wilder\\appdata\\local\\programs\\python\\python36\\lib\\site-packages\\mpf\\mpfconfig.yaml', 'force_assets_load': False, 'jsonlogging': False, 'logfile': 'logs\\2019-04-14-13-39-09-mpf-RedTunic.log', 'pause': False, 'production': False, 'text_ui': True, 'loglevel': 10, 'consoleloglevel': 20, 'force_platform': None, 'syslog_address': None, 'mc_file_name': None, 'no_sound': False}
2019-04-14 13:39:09,151 : INFO : Machine : MPF path: c:\users\wilder\appdata\local\programs\python\python36\lib\site-packages\mpf
2019-04-14 13:39:09,151 : INFO : Machine : Machine path: C:\Users\Wilder\zelda
2019-04-14 13:39:09,151 : INFO : Machine : Platform: win32
2019-04-14 13:39:09,151 : INFO : Machine : Python executable location: c:\users\wilder\appdata\local\programs\python\python36\python.exe
2019-04-14 13:39:09,151 : INFO : Machine : Python version: 3.6.4 (64-bit)
2019-04-14 13:39:09,151 : INFO : Machine : Machine config file #1: config.yaml
2019-04-14 13:39:09,153 : WARNING : ConfigProcessor : Config file in cache changed: C:\Users\Wilder\zelda\config\config.yaml
2019-04-14 13:39:09,153 : INFO : ConfigProcessor : Loading config from file c:\users\wilder\appdata\local\programs\python\python36\lib\site-packages\mpf\mpfconfig.yaml.
2019-04-14 13:39:09,153 : DEBUG : YAML File Interface : Loading file: c:\users\wilder\appdata\local\programs\python\python36\lib\site-packages\mpf\mpfconfig.yaml
2019-04-14 13:39:09,314 : INFO : ConfigProcessor : Loading config: c:\users\wilder\appdata\local\programs\python\python36\lib\site-packages\mpf\mpfconfig.yaml
2019-04-14 13:39:09,330 : INFO : ConfigProcessor : Loading config from file C:\Users\Wilder\zelda\config\config.yaml.
2019-04-14 13:39:09,330 : DEBUG : YAML File Interface : Loading file: C:\Users\Wilder\zelda\config\config.yaml
2019-04-14 13:39:09,392 : INFO : ConfigProcessor : Loading config: C:\Users\Wilder\zelda\config\config.yaml
2019-04-14 13:39:09,392 : DEBUG : YAML File Interface : Loading file: C:\Users\Wilder\zelda\config\hardware.yaml
2019-04-14 13:39:09,640 : INFO : ConfigProcessor : Loading config: C:\Users\Wilder\zelda\config\hardware.yaml
2019-04-14 13:39:09,643 : DEBUG : YAML File Interface : Loading file: C:\Users\Wilder\zelda\config\keyboard.yaml
2019-04-14 13:39:09,666 : INFO : ConfigProcessor : Loading config: C:\Users\Wilder\zelda\config\keyboard.yaml
2019-04-14 13:39:09,668 : DEBUG : YAML File Interface : Loading file: C:\Users\Wilder\zelda\config\videos.yaml
2019-04-14 13:39:09,754 : INFO : ConfigProcessor : Loading config: C:\Users\Wilder\zelda\config\videos.yaml
2019-04-14 13:39:09,763 : INFO : ConfigProcessor : Config file cache created: C:\Users\Wilder\AppData\Local\Temp\9bf880992bc5b85aa1bd2cc37b214e56.mpf_cache
2019-04-14 13:39:09,765 : DEBUG : asyncio : Using selector: SelectSelector
2019-04-14 13:39:09,766 : INFO : Machine : Initialise MPF.
2019-04-14 13:39:09,805 : DEBUG : FAST : Configuring FAST hardware.
2019-04-14 13:39:09,971 : INFO : FAST : Connecting to \\.\COM11 at 921600bps
2019-04-14 13:39:10,003 : INFO : FAST : Connected! Processor: NET, Board Type: FP-CPU-002-2, Firmware: 01.02
2019-04-14 13:39:10,003 : INFO : EventManager : Event: ======'machine_var_fast_net_firmware'====== Args={'value': '01.02', 'prev_value': None, 'change': True}
2019-04-14 13:39:10,003 : INFO : EventManager : Event: ======'machine_var_fast_net_model'====== Args={'value': 'FP-CPU-002-2', 'prev_value': None, 'change': True}
2019-04-14 13:39:10,004 : WARNING : FAST : Not resetting FAST NET because firmware is currently broken.
2019-04-14 13:39:10,067 : INFO : FAST : Connecting to \\.\COM12 at 921600bps
2019-04-14 13:39:10,116 : INFO : FAST : Connected! Processor: RGB, Board Type: FP-CPU-002-2, Firmware: 01.00
2019-04-14 13:39:10,117 : INFO : EventManager : Event: ======'machine_var_fast_rgb_firmware'====== Args={'value': '01.00', 'prev_value': None, 'change': True}
2019-04-14 13:39:10,117 : INFO : EventManager : Event: ======'machine_var_fast_rgb_model'====== Args={'value': 'FP-CPU-002-2', 'prev_value': None, 'change': True}
2019-04-14 13:39:10,117 : INFO : EventManager : Event: ======'machine_var_credits_string'====== Args={'value': 'FREE PLAY', 'prev_value': None, 'change': True}
2019-04-14 13:39:10,185 : DEBUG : YAML File Interface : Loading file: C:\Users\Wilder\zelda\data/machine_vars.yaml
2019-04-14 13:39:10,187 : INFO : EventManager : Event: ======'machine_var_player1_score'====== Args={'value': 306, 'prev_value': None, 'change': True}
2019-04-14 13:39:10,187 : INFO : EventManager : Event: ======'machine_var_mpf_version'====== Args={'value': 'MPF v0.52.1', 'prev_value': None, 'change': True}
2019-04-14 13:39:10,187 : INFO : EventManager : Event: ======'machine_var_mpf_extended_version'====== Args={'value': 'MPF v0.52.1, Config version:5, Show version: 5, BCP version:1.1', 'prev_value': None, 'change': True}
2019-04-14 13:39:10,187 : INFO : EventManager : Event: ======'machine_var_python_version'====== Args={'value': '3.6.4', 'prev_value': None, 'change': True}
2019-04-14 13:39:10,188 : INFO : EventManager : Event: ======'machine_var_platform'====== Args={'value': 'Windows-7-6.1.7601-SP1', 'prev_value': None, 'change': True}
2019-04-14 13:39:10,188 : INFO : EventManager : Event: ======'machine_var_platform_system'====== Args={'value': 'Windows', 'prev_value': None, 'change': True}
2019-04-14 13:39:10,188 : INFO : EventManager : Event: ======'machine_var_platform_release'====== Args={'value': '7', 'prev_value': None, 'change': True}
2019-04-14 13:39:10,188 : INFO : EventManager : Event: ======'machine_var_platform_version'====== Args={'value': '6.1.7601', 'prev_value': None, 'change': True}
2019-04-14 13:39:10,188 : INFO : EventManager : Event: ======'machine_var_platform_machine'====== Args={'value': 'AMD64', 'prev_value': None, 'change': True}
2019-04-14 13:39:10,188 : INFO : EventManager : Event: ======'init_phase_1'====== Args={}
2019-04-14 13:39:10,249 : INFO : ConfigProcessor : Loading config from cache: C:\Users\Wilder\AppData\Local\Temp\7b0dcc699efc7732bf9d3e57ee202517.mpf_cache
2019-04-14 13:39:10,253 : DEBUG : ModeController : Loaded mode 2ballescape
2019-04-14 13:39:10,254 : INFO : ConfigProcessor : Loading config from cache: C:\Users\Wilder\AppData\Local\Temp\43a06f52d0e9cf0597140b4c27159d40.mpf_cache
2019-04-14 13:39:10,256 : DEBUG : ModeController : Loaded mode escapehurryup
2019-04-14 13:39:10,257 : INFO : ConfigProcessor : Loading config from cache: C:\Users\Wilder\AppData\Local\Temp\6fd2b5e36bbbd9c12f9ee3aa32f1ceca.mpf_cache
2019-04-14 13:39:10,260 : DEBUG : ModeController : Loaded mode ball_hold_tracker
2019-04-14 13:39:10,261 : WARNING : ConfigProcessor : Cache file not found: C:\Users\Wilder\AppData\Local\Temp\b0bcc174d8c9595c3b107b2ba9cf1c73.mpf_cache
2019-04-14 13:39:10,261 : INFO : ConfigProcessor : Loading config from file C:\Users\Wilder\zelda\modes\attract_carousel\config\attract_carousel.yaml.
2019-04-14 13:39:10,261 : DEBUG : YAML File Interface : Loading file: C:\Users\Wilder\zelda\modes\attract_carousel\config\attract_carousel.yaml
2019-04-14 13:39:10,265 : INFO : ConfigProcessor : Loading config: C:\Users\Wilder\zelda\modes\attract_carousel\config\attract_carousel.yaml
2019-04-14 13:39:10,266 : INFO : ConfigProcessor : Config file cache created: C:\Users\Wilder\AppData\Local\Temp\b0bcc174d8c9595c3b107b2ba9cf1c73.mpf_cache
2019-04-14 13:39:10,325 : DEBUG : ModeController : Loaded mode attract_carousel
2019-04-14 13:39:10,326 : INFO : ConfigProcessor : Loading config from cache: C:\Users\Wilder\AppData\Local\Temp\dd39e2de39eb354a1ec99be2f3167765.mpf_cache
2019-04-14 13:39:10,330 : DEBUG : ModeController : Loaded mode heartmeter
2019-04-14 13:39:10,330 : INFO : ConfigProcessor : Loading config from cache: C:\Users\Wilder\AppData\Local\Temp\8b601767b8d464abeaa513b42e6346a8.mpf_cache
2019-04-14 13:39:10,334 : DEBUG : ModeController : Loaded mode master_sword_buildup
2019-04-14 13:39:10,334 : INFO : ConfigProcessor : Loading config from cache: C:\Users\Wilder\AppData\Local\Temp\d9d23a2a9a3117f1553491692ff1c689.mpf_cache
2019-04-14 13:39:10,338 : DEBUG : ModeController : Loaded mode playfield_multiplier
2019-04-14 13:39:10,339 : INFO : ConfigProcessor : Loading config from cache: C:\Users\Wilder\AppData\Local\Temp\6eb8b6e4728e10ce756703e43167d298.mpf_cache
2019-04-14 13:39:10,342 : DEBUG : ModeController : Loaded mode rupee2x_finder
2019-04-14 13:39:10,342 : INFO : ConfigProcessor : Loading config from cache: C:\Users\Wilder\AppData\Local\Temp\6cbeeb809d9de6fbbf2951c4e6867473.mpf_cache
2019-04-14 13:39:10,346 : DEBUG : ModeController : Loaded mode darkworld
2019-04-14 13:39:10,346 : INFO : ConfigProcessor : Loading config from cache: C:\Users\Wilder\AppData\Local\Temp\05768db999abb9e30be16a432a0581c8.mpf_cache
2019-04-14 13:39:10,350 : DEBUG : ModeController : Loaded mode extraball
2019-04-14 13:39:10,350 : INFO : ConfigProcessor : Loading config from cache: C:\Users\Wilder\AppData\Local\Temp\34c6448537d1c95c89cf73a07c0f99c9.mpf_cache
2019-04-14 13:39:10,354 : DEBUG : ModeController : Loaded mode bottle_filler
2019-04-14 13:39:10,355 : INFO : ConfigProcessor : Loading config from cache: C:\Users\Wilder\AppData\Local\Temp\96294a9578657f44941f2a8ec647ae36.mpf_cache
2019-04-14 13:39:10,358 : DEBUG : ModeController : Loaded mode rupee3x_finder
2019-04-14 13:39:10,358 : INFO : ConfigProcessor : Loading config from cache: C:\Users\Wilder\AppData\Local\Temp\4afc9f23ca6340163a8bb51d7deea78f.mpf_cache
2019-04-14 13:39:10,362 : DEBUG : ModeController : Loaded mode base
2019-04-14 13:39:10,362 : INFO : ConfigProcessor : Loading config from cache: C:\Users\Wilder\AppData\Local\Temp\fd6423453738b6cee138971698f65579.mpf_cache
2019-04-14 13:39:10,366 : DEBUG : ModeController : Loaded mode mode_tracker
2019-04-14 13:39:10,366 : INFO : ConfigProcessor : Loading config from cache: C:\Users\Wilder\AppData\Local\Temp\1f8ff34a8859f8c62d77912f33e29b9c.mpf_cache
2019-04-14 13:39:10,370 : DEBUG : ModeController : Loaded mode 2ballqualifier
2019-04-14 13:39:10,371 : INFO : ConfigProcessor : Loading config from cache: C:\Users\Wilder\AppData\Local\Temp\aecceeb5afbfdc7257044e8417ebcf98.mpf_cache
2019-04-14 13:39:10,378 : DEBUG : ModeController : Loaded mode attract
2019-04-14 13:39:10,378 : INFO : ConfigProcessor : Loading config from cache: C:\Users\Wilder\AppData\Local\Temp\3485f9bf4bb8d1d21be6de1438e091ba.mpf_cache
2019-04-14 13:39:10,383 : DEBUG : ModeController : Loaded mode skillshot_ballsave
2019-04-14 13:39:10,383 : INFO : ConfigProcessor : Loading config from cache: C:\Users\Wilder\AppData\Local\Temp\c3fd2c292a6c0d3463ad9b4555730ad5.mpf_cache
2019-04-14 13:39:10,388 : DEBUG : ModeController : Loaded mode item_tracker
2019-04-14 13:39:10,388 : INFO : ConfigProcessor : Loading config from cache: C:\Users\Wilder\AppData\Local\Temp\072dbb4c30ca18f53440337aa5cd71bd.mpf_cache
2019-04-14 13:39:10,392 : DEBUG : ModeController : Loaded mode light_world
2019-04-14 13:39:10,392 : INFO : ConfigProcessor : Loading config from cache: C:\Users\Wilder\AppData\Local\Temp\c5e5b78d841dff96974ddb92030af0a9.mpf_cache
2019-04-14 13:39:10,396 : DEBUG : ModeController : Loaded mode skill_shot
2019-04-14 13:39:10,396 : INFO : ConfigProcessor : Loading config from cache: C:\Users\Wilder\AppData\Local\Temp\6fc1a42fdd0d487285862f5b943c745e.mpf_cache
2019-04-14 13:39:10,400 : DEBUG : ModeController : Loaded mode rupee_finder
2019-04-14 13:39:10,400 : INFO : ConfigProcessor : Loading config from cache: C:\Users\Wilder\AppData\Local\Temp\58664c35241624b07b13025a5964d2a4.mpf_cache
2019-04-14 13:39:10,405 : DEBUG : ModeController : Loaded mode video_player
2019-04-14 13:39:10,405 : INFO : ConfigProcessor : Loading config from cache: C:\Users\Wilder\AppData\Local\Temp\28e1731e516595966b3afcb08910cb63.mpf_cache
2019-04-14 13:39:10,410 : DEBUG : ModeController : Loaded mode heart_tracker
2019-04-14 13:39:10,410 : INFO : ConfigProcessor : Loading config from cache: C:\Users\Wilder\AppData\Local\Temp\fc30620fce8f82c18fed051cdde27ef9.mpf_cache
2019-04-14 13:39:10,415 : DEBUG : ModeController : Loaded mode 5waycombotracker
2019-04-14 13:39:10,416 : INFO : ConfigProcessor : Loading config from cache: C:\Users\Wilder\AppData\Local\Temp\da675f6b180b79eecb40cb5eb7f75a18.mpf_cache
2019-04-14 13:39:10,421 : DEBUG : ModeController : Loaded mode bomb_finder
2019-04-14 13:39:10,421 : INFO : ConfigProcessor : Loading config from cache: C:\Users\Wilder\AppData\Local\Temp\c35ad2e595070cac0b6f696d6f7f6af6.mpf_cache
2019-04-14 13:39:10,426 : DEBUG : ModeController : Loaded mode ball_save
2019-04-14 13:39:10,426 : INFO : ConfigProcessor : Loading config from cache: C:\Users\Wilder\AppData\Local\Temp\f394a72c4810bb1cc42cac0690a90dcf.mpf_cache
2019-04-14 13:39:10,430 : DEBUG : ModeController : Loaded mode gameoverplayer
2019-04-14 13:39:10,430 : INFO : ConfigProcessor : Loading config from cache: C:\Users\Wilder\AppData\Local\Temp\a31feedcb4b85bf76d76fe6a1222bc90.mpf_cache
2019-04-14 13:39:10,434 : DEBUG : ModeController : Loaded mode agahnim_multiball
2019-04-14 13:39:10,434 : INFO : ConfigProcessor : Loading config from cache: C:\Users\Wilder\AppData\Local\Temp\916c9e2d9177837f45e9cdbb7c1d0b93.mpf_cache
2019-04-14 13:39:10,438 : DEBUG : ModeController : Loaded mode unusual_show_tracker
2019-04-14 13:39:10,438 : INFO : ConfigProcessor : Loading config from cache: C:\Users\Wilder\AppData\Local\Temp\b0ee6a771658ae3fb7e70c6d5ff59887.mpf_cache
2019-04-14 13:39:10,450 : DEBUG : ModeController : Loaded mode game
2019-04-14 13:39:10,450 : INFO : ConfigProcessor : Loading config from cache: C:\Users\Wilder\AppData\Local\Temp\58a9cd5447353eacedab412f1c10b0ab.mpf_cache
2019-04-14 13:39:10,454 : DEBUG : ModeController : Loaded mode lost_woods
2019-04-14 13:39:10,455 : INFO : ConfigProcessor : Loading config from cache: C:\Users\Wilder\AppData\Local\Temp\dbd150f896646081271b7a77a791f2fa.mpf_cache
2019-04-14 13:39:10,460 : DEBUG : ModeController : Loaded mode slide_tracker
2019-04-14 13:39:10,461 : INFO : ConfigProcessor : Loading config from cache: C:\Users\Wilder\AppData\Local\Temp\cb8b20150020107be74f23a2ee427f56.mpf_cache
2019-04-14 13:39:10,470 : DEBUG : ModeController : Loaded mode high_score
2019-04-14 13:39:10,471 : INFO : ConfigProcessor : Loading config from cache: C:\Users\Wilder\AppData\Local\Temp\225554da95d8871f7382aa94a6d6b3eb.mpf_cache
2019-04-14 13:39:10,474 : DEBUG : ModeController : Loaded mode lost_woods_starter
2019-04-14 13:39:10,474 : INFO : ConfigProcessor : Loading config from cache: C:\Users\Wilder\AppData\Local\Temp\86e0d165ea95889c95b56598c3ebe263.mpf_cache
2019-04-14 13:39:10,478 : DEBUG : ModeController : Loaded mode music_player
2019-04-14 13:39:10,553 : DEBUG : ball_device.bd_drain : Configuring device with settings: '{'ball_switches': [<switch.trough1>], 'eject_coil': <coil.draineject>, 'eject_targets': [<ball_device.bd_trough>], 'eject_timeouts': [1000], 'confirm_eject_type': 'target', 'tags': ['drain'], 'debug': True, 'label': '%', 'console_log': 'full', 'file_log': 'full', 'exit_count_delay': 500, 'entrance_count_delay': 500, 'eject_coil_jam_pulse': None, 'eject_coil_retry_pulse': None, 'eject_coil_reorder_pulse': None, 'eject_coil_max_wait_ms': 200, 'eject_coil_enable_time': [], 'retries_before_increasing_pulse': 4, 'hold_coil': None, 'hold_coil_release_time': 1000, 'hold_events': {}, 'hold_switches': [], 'entrance_switch': None, 'entrance_switch_ignore_window_ms': 0, 'entrance_switch_full_timeout': 0, 'entrance_events': {}, 'entrance_event_timeout': 5.0, 'idle_missing_ball_timeout': 5.0, 'jam_switch': None, 'captures_from': <playfield.playfield>, 'ball_missing_timeouts': [], 'ball_missing_target': <playfield.playfield>, 'confirm_eject_switch': None, 'confirm_eject_event': None, 'max_eject_attempts': 0, 'ball_capacity': None, 'request_ball_events': {}, 'eject_events': {}, 'eject_all_events': {}, 'mechanical_eject': False, 'player_controlled_eject_event': None, 'ball_search_order': 200, 'auto_fire_on_unexpected_ball': True, 'target_on_unexpected_ball': None}'
2019-04-14 13:39:10,555 : DEBUG : ball_device.bd_trough : Configuring device with settings: '{'entrance_switch': <switch.trough2>, 'entrance_switch_full_timeout': 3000, 'ball_capacity': 3, 'eject_coil': <coil.troughrelease>, 'eject_targets': [<ball_device.bd_plunger_lane>], 'confirm_eject_type': 'target', 'tags': ['trough', 'home'], 'debug': True, 'label': '%', 'console_log': 'full', 'file_log': 'full', 'exit_count_delay': 500, 'entrance_count_delay': 500, 'eject_coil_jam_pulse': None, 'eject_coil_retry_pulse': None, 'eject_coil_reorder_pulse': None, 'eject_coil_max_wait_ms': 200, 'eject_coil_enable_time': [], 'retries_before_increasing_pulse': 4, 'hold_coil': None, 'hold_coil_release_time': 1000, 'hold_events': {}, 'hold_switches': [], 'entrance_switch_ignore_window_ms': 0, 'entrance_events': {}, 'entrance_event_timeout': 5.0, 'idle_missing_ball_timeout': 5.0, 'jam_switch': None, 'captures_from': <playfield.playfield>, 'eject_timeouts': [], 'ball_missing_timeouts': [], 'ball_missing_target': <playfield.playfield>, 'confirm_eject_switch': None, 'confirm_eject_event': None, 'max_eject_attempts': 0, 'ball_switches': [], 'request_ball_events': {}, 'eject_events': {}, 'eject_all_events': {}, 'mechanical_eject': False, 'player_controlled_eject_event': None, 'ball_search_order': 200, 'auto_fire_on_unexpected_ball': True, 'target_on_unexpected_ball': None}'
2019-04-14 13:39:10,555 : DEBUG : ball_device.bd_plunger_lane : Configuring device with settings: '{'ball_switches': [<switch.plungerlane>], 'eject_coil': <coil.autoplunger>, 'mechanical_eject': True, 'eject_timeouts': [1000], 'debug': True, 'label': '%', 'tags': [], 'console_log': 'full', 'file_log': 'full', 'exit_count_delay': 500, 'entrance_count_delay': 500, 'eject_coil_jam_pulse': None, 'eject_coil_retry_pulse': None, 'eject_coil_reorder_pulse': None, 'eject_coil_max_wait_ms': 200, 'eject_coil_enable_time': [], 'retries_before_increasing_pulse': 4, 'hold_coil': None, 'hold_coil_release_time': 1000, 'hold_events': {}, 'hold_switches': [], 'entrance_switch': None, 'entrance_switch_ignore_window_ms': 0, 'entrance_switch_full_timeout': 0, 'entrance_events': {}, 'entrance_event_timeout': 5.0, 'idle_missing_ball_timeout': 5.0, 'jam_switch': None, 'confirm_eject_type': 'target', 'captures_from': <playfield.playfield>, 'eject_targets': [<playfield.playfield>], 'ball_missing_timeouts': [], 'ball_missing_target': <playfield.playfield>, 'confirm_eject_switch': None, 'confirm_eject_event': None, 'max_eject_attempts': 0, 'ball_capacity': None, 'request_ball_events': {}, 'eject_events': {}, 'eject_all_events': {}, 'player_controlled_eject_event': None, 'ball_search_order': 200, 'auto_fire_on_unexpected_ball': True, 'target_on_unexpected_ball': None}'
2019-04-14 13:39:10,755 : DEBUG : ball_save.skillshot_ballsave : Configuring device with settings: '{'active_time': 25000, 'hurry_up_time': 3000, 'grace_period': 3000, 'enable_events': {'skillshot_ballsave_award': 0}, 'disable_events': {'ball_save_skillshot_ballsave_saving_ball': 0}, 'timer_start_events': {'start_ballsave': 0}, 'auto_launch': True, 'balls_to_save': 1, 'debug': True, 'label': '%', 'tags': [], 'console_log': 'full', 'file_log': 'full', 'source_playfield': <playfield.playfield>, 'eject_delay': 0, 'only_last_ball': False, 'early_ball_save_events': {}, 'delayed_eject_events': {}}'
2019-04-14 13:39:10,792 : DEBUG : ball_save.default : Configuring device with settings: '{'active_time': 10000, 'hurry_up_time': 3000, 'grace_period': 3000, 'enable_events': {'mode_base_started': 0}, 'disable_events': {'ball_save_default_saving_ball': 0}, 'timer_start_events': {'start_ballsave': 0}, 'auto_launch': True, 'balls_to_save': 1, 'debug': True, 'label': '%', 'tags': [], 'console_log': 'full', 'file_log': 'full', 'source_playfield': <playfield.playfield>, 'eject_delay': 0, 'only_last_ball': False, 'early_ball_save_events': {}, 'delayed_eject_events': {}}'
2019-04-14 13:39:10,812 : DEBUG : FASTDriver : Driver Settings: {'config_cmd': 'DN:', 'trigger_cmd': 'TN:'}
2019-04-14 13:39:10,812 : DEBUG : FASTDriver : Resetting driver {'config_cmd': 'DN:', 'trigger_cmd': 'TN:'}
2019-04-14 13:39:10,813 : DEBUG : FASTDriver : Driver Settings: {'config_cmd': 'DN:', 'trigger_cmd': 'TN:'}
2019-04-14 13:39:10,813 : DEBUG : FASTDriver : Resetting driver {'config_cmd': 'DN:', 'trigger_cmd': 'TN:'}
2019-04-14 13:39:10,813 : DEBUG : FASTDriver : Driver Settings: {'config_cmd': 'DN:', 'trigger_cmd': 'TN:'}
2019-04-14 13:39:10,813 : DEBUG : FASTDriver : Resetting driver {'config_cmd': 'DN:', 'trigger_cmd': 'TN:'}
2019-04-14 13:39:10,813 : DEBUG : FASTDriver : Driver Settings: {'config_cmd': 'DN:', 'trigger_cmd': 'TN:'}
2019-04-14 13:39:10,813 : DEBUG : FASTDriver : Resetting driver {'config_cmd': 'DN:', 'trigger_cmd': 'TN:'}
2019-04-14 13:39:10,813 : DEBUG : FASTDriver : Driver Settings: {'config_cmd': 'DN:', 'trigger_cmd': 'TN:'}
2019-04-14 13:39:10,814 : DEBUG : FASTDriver : Resetting driver {'config_cmd': 'DN:', 'trigger_cmd': 'TN:'}
2019-04-14 13:39:10,814 : DEBUG : FASTDriver : Driver Settings: {'config_cmd': 'DN:', 'trigger_cmd': 'TN:'}
2019-04-14 13:39:10,814 : DEBUG : FASTDriver : Resetting driver {'config_cmd': 'DN:', 'trigger_cmd': 'TN:'}
2019-04-14 13:39:10,814 : DEBUG : FASTDriver : Driver Settings: {'config_cmd': 'DN:', 'trigger_cmd': 'TN:'}
2019-04-14 13:39:10,814 : DEBUG : FASTDriver : Resetting driver {'config_cmd': 'DN:', 'trigger_cmd': 'TN:'}
2019-04-14 13:39:10,814 : DEBUG : FASTDriver : Driver Settings: {'config_cmd': 'DN:', 'trigger_cmd': 'TN:'}
2019-04-14 13:39:10,814 : DEBUG : FASTDriver : Resetting driver {'config_cmd': 'DN:', 'trigger_cmd': 'TN:'}
2019-04-14 13:39:10,815 : DEBUG : FASTDriver : Driver Settings: {'config_cmd': 'DN:', 'trigger_cmd': 'TN:'}
2019-04-14 13:39:10,815 : DEBUG : FASTDriver : Resetting driver {'config_cmd': 'DN:', 'trigger_cmd': 'TN:'}
2019-04-14 13:39:10,815 : DEBUG : FASTDriver : Driver Settings: {'config_cmd': 'DN:', 'trigger_cmd': 'TN:'}
2019-04-14 13:39:10,815 : DEBUG : FASTDriver : Resetting driver {'config_cmd': 'DN:', 'trigger_cmd': 'TN:'}
2019-04-14 13:39:10,815 : DEBUG : FASTDriver : Driver Settings: {'config_cmd': 'DN:', 'trigger_cmd': 'TN:'}
2019-04-14 13:39:10,815 : DEBUG : FASTDriver : Resetting driver {'config_cmd': 'DN:', 'trigger_cmd': 'TN:'}
2019-04-14 13:39:10,815 : DEBUG : FASTDriver : Driver Settings: {'config_cmd': 'DN:', 'trigger_cmd': 'TN:'}
2019-04-14 13:39:10,815 : DEBUG : FASTDriver : Resetting driver {'config_cmd': 'DN:', 'trigger_cmd': 'TN:'}
2019-04-14 13:39:10,816 : DEBUG : FASTDriver : Driver Settings: {'config_cmd': 'DN:', 'trigger_cmd': 'TN:'}
2019-04-14 13:39:10,816 : DEBUG : FASTDriver : Resetting driver {'config_cmd': 'DN:', 'trigger_cmd': 'TN:'}
2019-04-14 13:39:10,816 : DEBUG : FASTDriver : Driver Settings: {'config_cmd': 'DN:', 'trigger_cmd': 'TN:'}
2019-04-14 13:39:10,816 : DEBUG : FASTDriver : Resetting driver {'config_cmd': 'DN:', 'trigger_cmd': 'TN:'}
2019-04-14 13:39:10,816 : DEBUG : FASTDriver : Driver Settings: {'config_cmd': 'DN:', 'trigger_cmd': 'TN:'}
2019-04-14 13:39:10,816 : DEBUG : FASTDriver : Resetting driver {'config_cmd': 'DN:', 'trigger_cmd': 'TN:'}
2019-04-14 13:39:10,816 : DEBUG : FASTDriver : Driver Settings: {'config_cmd': 'DN:', 'trigger_cmd': 'TN:'}
2019-04-14 13:39:10,816 : DEBUG : FASTDriver : Resetting driver {'config_cmd': 'DN:', 'trigger_cmd': 'TN:'}
2019-04-14 13:39:10,816 : DEBUG : FASTDriver : Driver Settings: {'config_cmd': 'DN:', 'trigger_cmd': 'TN:'}
2019-04-14 13:39:10,817 : DEBUG : FASTDriver : Resetting driver {'config_cmd': 'DN:', 'trigger_cmd': 'TN:'}
2019-04-14 13:39:10,817 : DEBUG : FASTDriver : Driver Settings: {'config_cmd': 'DN:', 'trigger_cmd': 'TN:'}
2019-04-14 13:39:10,817 : DEBUG : FASTDriver : Resetting driver {'config_cmd': 'DN:', 'trigger_cmd': 'TN:'}
2019-04-14 13:39:10,817 : DEBUG : FASTDriver : Driver Settings: {'config_cmd': 'DN:', 'trigger_cmd': 'TN:'}
2019-04-14 13:39:10,818 : DEBUG : FASTDriver : Resetting driver {'config_cmd': 'DN:', 'trigger_cmd': 'TN:'}
2019-04-14 13:39:10,818 : DEBUG : FASTDriver : Driver Settings: {'config_cmd': 'DN:', 'trigger_cmd': 'TN:'}
2019-04-14 13:39:10,818 : DEBUG : FASTDriver : Resetting driver {'config_cmd': 'DN:', 'trigger_cmd': 'TN:'}
2019-04-14 13:39:10,818 : DEBUG : FASTDriver : Driver Settings: {'config_cmd': 'DN:', 'trigger_cmd': 'TN:'}
2019-04-14 13:39:10,818 : DEBUG : FASTDriver : Resetting driver {'config_cmd': 'DN:', 'trigger_cmd': 'TN:'}
2019-04-14 13:39:10,818 : DEBUG : FASTDriver : Driver Settings: {'config_cmd': 'DN:', 'trigger_cmd': 'TN:'}
2019-04-14 13:39:10,818 : DEBUG : FASTDriver : Resetting driver {'config_cmd': 'DN:', 'trigger_cmd': 'TN:'}
2019-04-14 13:39:10,823 : DEBUG : FASTLED : Creating FAST RGB LED at hardware address: 00
2019-04-14 13:39:10,824 : DEBUG : FASTLED : Creating FAST RGB LED at hardware address: 01
2019-04-14 13:39:10,824 : DEBUG : FASTLED : Creating FAST RGB LED at hardware address: 02
2019-04-14 13:39:10,824 : DEBUG : FASTLED : Creating FAST RGB LED at hardware address: 03
2019-04-14 13:39:10,825 : DEBUG : FASTLED : Creating FAST RGB LED at hardware address: 04
2019-04-14 13:39:10,825 : DEBUG : FASTLED : Creating FAST RGB LED at hardware address: 05
2019-04-14 13:39:10,826 : DEBUG : FASTLED : Creating FAST RGB LED at hardware address: 06
2019-04-14 13:39:10,826 : DEBUG : FASTLED : Creating FAST RGB LED at hardware address: 07
2019-04-14 13:39:10,827 : DEBUG : FASTLED : Creating FAST RGB LED at hardware address: 08
2019-04-14 13:39:10,827 : DEBUG : FASTLED : Creating FAST RGB LED at hardware address: 09
2019-04-14 13:39:10,828 : DEBUG : FASTLED : Creating FAST RGB LED at hardware address: 0A
2019-04-14 13:39:10,829 : DEBUG : FASTLED : Creating FAST RGB LED at hardware address: 0B
2019-04-14 13:39:10,829 : DEBUG : FASTLED : Creating FAST RGB LED at hardware address: 0C
2019-04-14 13:39:10,829 : DEBUG : FASTLED : Creating FAST RGB LED at hardware address: 0D
2019-04-14 13:39:10,830 : DEBUG : FASTLED : Creating FAST RGB LED at hardware address: 0E
2019-04-14 13:39:10,830 : DEBUG : FASTLED : Creating FAST RGB LED at hardware address: 0F
2019-04-14 13:39:10,831 : DEBUG : FASTLED : Creating FAST RGB LED at hardware address: 10
2019-04-14 13:39:10,831 : DEBUG : FASTLED : Creating FAST RGB LED at hardware address: 11
2019-04-14 13:39:10,832 : DEBUG : FASTLED : Creating FAST RGB LED at hardware address: 12
2019-04-14 13:39:10,832 : DEBUG : FASTLED : Creating FAST RGB LED at hardware address: 40
2019-04-14 13:39:10,832 : DEBUG : FASTLED : Creating FAST RGB LED at hardware address: 41
2019-04-14 13:39:10,833 : DEBUG : FASTLED : Creating FAST RGB LED at hardware address: 42
2019-04-14 13:39:10,834 : DEBUG : FASTLED : Creating FAST RGB LED at hardware address: 43
2019-04-14 13:39:10,834 : DEBUG : FASTLED : Creating FAST RGB LED at hardware address: 44
2019-04-14 13:39:10,834 : DEBUG : FASTLED : Creating FAST RGB LED at hardware address: 45
2019-04-14 13:39:10,835 : DEBUG : FASTLED : Creating FAST RGB LED at hardware address: 46
2019-04-14 13:39:10,835 : DEBUG : FASTLED : Creating FAST RGB LED at hardware address: 47
2019-04-14 13:39:10,836 : DEBUG : FASTLED : Creating FAST RGB LED at hardware address: 48
2019-04-14 13:39:10,836 : DEBUG : FASTLED : Creating FAST RGB LED at hardware address: 49
2019-04-14 13:39:10,837 : DEBUG : FASTLED : Creating FAST RGB LED at hardware address: 4A
2019-04-14 13:39:10,837 : DEBUG : FASTLED : Creating FAST RGB LED at hardware address: 4B
2019-04-14 13:39:10,838 : DEBUG : FASTLED : Creating FAST RGB LED at hardware address: 4C
2019-04-14 13:39:10,838 : DEBUG : FASTLED : Creating FAST RGB LED at hardware address: 4D
2019-04-14 13:39:10,839 : DEBUG : FASTLED : Creating FAST RGB LED at hardware address: 4E
2019-04-14 13:39:10,839 : DEBUG : FASTLED : Creating FAST RGB LED at hardware address: 4F
2019-04-14 13:39:10,840 : DEBUG : FASTLED : Creating FAST RGB LED at hardware address: 50
2019-04-14 13:39:10,841 : DEBUG : FASTLED : Creating FAST RGB LED at hardware address: 51
2019-04-14 13:39:10,841 : DEBUG : FASTLED : Creating FAST RGB LED at hardware address: 52
2019-04-14 13:39:10,841 : DEBUG : FASTLED : Creating FAST RGB LED at hardware address: 53
2019-04-14 13:39:10,842 : DEBUG : FASTLED : Creating FAST RGB LED at hardware address: 54
2019-04-14 13:39:10,843 : DEBUG : FASTLED : Creating FAST RGB LED at hardware address: 55
2019-04-14 13:39:10,843 : DEBUG : FASTLED : Creating FAST RGB LED at hardware address: 56
2019-04-14 13:39:10,844 : DEBUG : FASTLED : Creating FAST RGB LED at hardware address: 57
2019-04-14 13:39:10,844 : DEBUG : FASTLED : Creating FAST RGB LED at hardware address: 58
2019-04-14 13:39:10,845 : DEBUG : FASTLED : Creating FAST RGB LED at hardware address: 59
2019-04-14 13:39:10,845 : DEBUG : FASTLED : Creating FAST RGB LED at hardware address: 5A
2019-04-14 13:39:10,845 : DEBUG : FASTLED : Creating FAST RGB LED at hardware address: 5B
2019-04-14 13:39:10,846 : DEBUG : FASTLED : Creating FAST RGB LED at hardware address: 5C
2019-04-14 13:39:10,846 : DEBUG : FASTLED : Creating FAST RGB LED at hardware address: 5D
2019-04-14 13:39:10,846 : DEBUG : FASTLED : Creating FAST RGB LED at hardware address: 5E
2019-04-14 13:39:10,847 : DEBUG : FASTLED : Creating FAST RGB LED at hardware address: 5F
2019-04-14 13:39:10,847 : DEBUG : FASTLED : Creating FAST RGB LED at hardware address: 60
2019-04-14 13:39:10,848 : DEBUG : FASTLED : Creating FAST RGB LED at hardware address: 61
2019-04-14 13:39:10,848 : DEBUG : FASTLED : Creating FAST RGB LED at hardware address: 62
2019-04-14 13:39:10,849 : DEBUG : FASTLED : Creating FAST RGB LED at hardware address: 63
2019-04-14 13:39:10,849 : DEBUG : FASTLED : Creating FAST RGB LED at hardware address: 64
2019-04-14 13:39:10,849 : DEBUG : FASTLED : Creating FAST RGB LED at hardware address: 65
2019-04-14 13:39:10,850 : DEBUG : FASTLED : Creating FAST RGB LED at hardware address: 66
2019-04-14 13:39:10,851 : DEBUG : FASTLED : Creating FAST RGB LED at hardware address: 67
2019-04-14 13:39:10,851 : DEBUG : FASTLED : Creating FAST RGB LED at hardware address: 68
2019-04-14 13:39:10,851 : DEBUG : FASTLED : Creating FAST RGB LED at hardware address: 69
2019-04-14 13:39:10,852 : DEBUG : FASTLED : Creating FAST RGB LED at hardware address: 6A
2019-04-14 13:39:10,852 : DEBUG : FASTLED : Creating FAST RGB LED at hardware address: 6B
2019-04-14 13:39:10,853 : DEBUG : FASTLED : Creating FAST RGB LED at hardware address: 6C
2019-04-14 13:39:10,853 : DEBUG : FASTLED : Creating FAST RGB LED at hardware address: 6D
2019-04-14 13:39:10,854 : DEBUG : FASTLED : Creating FAST RGB LED at hardware address: 80
2019-04-14 13:39:10,854 : DEBUG : FASTLED : Creating FAST RGB LED at hardware address: 81
2019-04-14 13:39:10,855 : DEBUG : FASTLED : Creating FAST RGB LED at hardware address: 82
2019-04-14 13:39:10,855 : DEBUG : FASTLED : Creating FAST RGB LED at hardware address: 83
2019-04-14 13:39:10,856 : DEBUG : FASTLED : Creating FAST RGB LED at hardware address: 84
2019-04-14 13:39:10,856 : DEBUG : FASTLED : Creating FAST RGB LED at hardware address: 85
2019-04-14 13:39:10,856 : DEBUG : FASTLED : Creating FAST RGB LED at hardware address: 86
2019-04-14 13:39:10,857 : DEBUG : FASTLED : Creating FAST RGB LED at hardware address: 87
2019-04-14 13:39:10,857 : DEBUG : FASTLED : Creating FAST RGB LED at hardware address: 88
2019-04-14 13:39:10,859 : DEBUG : FASTLED : Creating FAST RGB LED at hardware address: 89
2019-04-14 13:39:10,859 : DEBUG : FASTLED : Creating FAST RGB LED at hardware address: 8A
2019-04-14 13:39:10,860 : DEBUG : FASTLED : Creating FAST RGB LED at hardware address: 8B
2019-04-14 13:39:10,860 : DEBUG : FASTLED : Creating FAST RGB LED at hardware address: 8C
2019-04-14 13:39:10,860 : DEBUG : FASTLED : Creating FAST RGB LED at hardware address: 8D
2019-04-14 13:39:10,861 : DEBUG : FASTLED : Creating FAST RGB LED at hardware address: 8E
2019-04-14 13:39:10,861 : DEBUG : FASTLED : Creating FAST RGB LED at hardware address: 8F
2019-04-14 13:39:10,861 : DEBUG : FASTLED : Creating FAST RGB LED at hardware address: 90
2019-04-14 13:39:10,862 : DEBUG : FASTLED : Creating FAST RGB LED at hardware address: 91
2019-04-14 13:39:10,862 : DEBUG : FASTLED : Creating FAST RGB LED at hardware address: C0
2019-04-14 13:39:10,863 : DEBUG : FASTLED : Creating FAST RGB LED at hardware address: C1
2019-04-14 13:39:10,863 : DEBUG : FASTLED : Creating FAST RGB LED at hardware address: C2
2019-04-14 13:39:10,864 : DEBUG : FASTLED : Creating FAST RGB LED at hardware address: C3
2019-04-14 13:39:10,864 : DEBUG : FASTLED : Creating FAST RGB LED at hardware address: C4
2019-04-14 13:39:10,868 : DEBUG : FASTLED : Creating FAST RGB LED at hardware address: C5
2019-04-14 13:39:10,869 : DEBUG : FASTLED : Creating FAST RGB LED at hardware address: C6
2019-04-14 13:39:10,869 : DEBUG : FASTLED : Creating FAST RGB LED at hardware address: C7
2019-04-14 13:39:10,870 : DEBUG : FASTLED : Creating FAST RGB LED at hardware address: C8
2019-04-14 13:39:10,870 : DEBUG : FASTLED : Creating FAST RGB LED at hardware address: C9
2019-04-14 13:39:10,871 : DEBUG : FASTLED : Creating FAST RGB LED at hardware address: CA
2019-04-14 13:39:10,871 : DEBUG : FASTLED : Creating FAST RGB LED at hardware address: CB
2019-04-14 13:39:10,881 : INFO : EventManager : Event: ======'drop_target_bank_maindrop_up'====== Args={}
2019-04-14 13:39:10,893 : INFO : EventManager : Event: ======'init_phase_2'====== Args={}
2019-04-14 13:39:10,894 : DEBUG : FAST : Enabling Flow Control for RGB connection. Messages in flight: 4, Max setting: 3
2019-04-14 13:39:10,896 : INFO : SwitchController : Found active switch: (('04', 1), <Platform.FAST>)
2019-04-14 13:39:10,896 : INFO : SwitchController : Found active switch: (('05', 1), <Platform.FAST>)
2019-04-14 13:39:10,896 : INFO : SwitchController : Found active switch: (('20', 1), <Platform.FAST>)
2019-04-14 13:39:10,946 : ERROR : asyncio : Exception in callback EventManager._done(<Task finishe...elect from',)>)
handle: <Handle EventManager._done(<Task finishe...elect from',)>)>
Traceback (most recent call last):
  File "c:\users\wilder\appdata\local\programs\python\python36\lib\asyncio\events.py", line 145, in _run
    self._callback(*self._args)
  File "c:\users\wilder\appdata\local\programs\python\python36\lib\site-packages\mpf\core\events.py", line 690, in _done
    future.result()
  File "c:\users\wilder\appdata\local\programs\python\python36\lib\site-packages\mpf\core\events.py", line 612, in _run_handlers_sequential
    handler.callback(queue=queue, **merged_kwargs)
  File "c:\users\wilder\appdata\local\programs\python\python36\lib\site-packages\mpf\core\mode_controller.py", line 102, in initialise_modes
    mode.initialise_mode()
  File "c:\users\wilder\appdata\local\programs\python\python36\lib\site-packages\mpf\core\mode.py", line 598, in initialise_mode
    self.mode_init()
  File "c:\users\wilder\appdata\local\programs\python\python36\lib\site-packages\mpf\modes\carousel\code\carousel.py", line 37, in mode_init
    raise AssertionError("Specify at least one item to select from")
AssertionError: Specify at least one item to select from
2019-04-14 13:39:11,020 : INFO : Machine : Starting the main run loop.
2019-04-14 13:39:11,021 : INFO : Machine : Shutting down...
2019-04-14 13:39:11,021 : INFO : EventManager : Event: ======'shutdown'====== Args={}
2019-04-14 13:39:11,026 : DEBUG : ball_device.bd_drain : Stopping ball device
2019-04-14 13:39:11,189 : ERROR : root : 'NoneType' object has no attribute 'stop'
Traceback (most recent call last):
  File "c:\users\wilder\appdata\local\programs\python\python36\lib\site-packages\mpf\commands\game.py", line 220, in __init__
    MachineController(mpf_path, machine_path, vars(self.args)).run()
  File "c:\users\wilder\appdata\local\programs\python\python36\lib\site-packages\mpf\core\machine.py", line 709, in run
    self._run_loop()
  File "c:\users\wilder\appdata\local\programs\python\python36\lib\site-packages\mpf\core\machine.py", line 765, in _run_loop
    self._do_stop()
  File "c:\users\wilder\appdata\local\programs\python\python36\lib\site-packages\mpf\core\machine.py", line 728, in _do_stop
    self.shutdown()
  File "c:\users\wilder\appdata\local\programs\python\python36\lib\site-packages\mpf\core\machine.py", line 734, in shutdown
    self.device_manager.stop_devices()
  File "c:\users\wilder\appdata\local\programs\python\python36\lib\site-packages\mpf\core\device_manager.py", line 128, in stop_devices
    device.stop_device()
  File "c:\users\wilder\appdata\local\programs\python\python36\lib\site-packages\mpf\devices\ball_device\ball_device.py", line 138, in stop_device
    self.ball_count_handler.stop()
  File "c:\users\wilder\appdata\local\programs\python\python36\lib\site-packages\mpf\devices\ball_device\ball_count_handler.py", line 44, in stop
    self.counter.stop()
AttributeError: 'NoneType' object has no attribute 'stop'
