2019-03-19 13:53:21,291 : INFO : Machine : Mission Pinball Framework Core Engine v0.50.12
2019-03-19 13:53:21,291 : INFO : Machine : Command line arguments: {'no_load_cache': False, 'create_config_cache': True, 'bcp': True, 'configfile': ['config.yaml'], 'mpfconfigfile': 'c:\\users\\wilder\\appdata\\local\\programs\\python\\python36\\lib\\site-packages\\mpf\\mpfconfig.yaml', 'force_assets_load': False, 'logfile': 'logs\\2019-03-19-13-53-21-mpf-RedTunic.log', 'pause': False, 'production': False, 'text_ui': True, 'loglevel': 10, 'consoleloglevel': 20, 'force_platform': 'virtual', 'syslog_address': None, 'mc_file_name': None}
2019-03-19 13:53:21,291 : INFO : Machine : MPF path: c:\users\wilder\appdata\local\programs\python\python36\lib\site-packages\mpf
2019-03-19 13:53:21,291 : INFO : Machine : Machine path: C:\Users\Wilder\zelda
2019-03-19 13:53:21,291 : INFO : Machine : Platform: win32
2019-03-19 13:53:21,291 : INFO : Machine : Python executable location: c:\users\wilder\appdata\local\programs\python\python36\python.exe
2019-03-19 13:53:21,291 : INFO : Machine : Python version: 3.6.4 (64-bit)
2019-03-19 13:53:21,821 : INFO : Machine : Machine config file #1: config.yaml
2019-03-19 13:53:21,821 : INFO : ConfigProcessor : Loading config from cache: C:\Users\Wilder\AppData\Local\Temp\9bf880992bc5b85aa1bd2cc37b214e56.mpf_cache
2019-03-19 13:53:21,821 : WARNING : ConfigProcessor : Config file in cache changed: C:\Users\Wilder\zelda\config\keyboard.yaml
2019-03-19 13:53:21,821 : INFO : ConfigProcessor : Loading config from file c:\users\wilder\appdata\local\programs\python\python36\lib\site-packages\mpf\mpfconfig.yaml.
2019-03-19 13:53:21,821 : DEBUG : YAML File Interface : Loading file: c:\users\wilder\appdata\local\programs\python\python36\lib\site-packages\mpf\mpfconfig.yaml
2019-03-19 13:53:21,946 : INFO : ConfigProcessor : Loading config: c:\users\wilder\appdata\local\programs\python\python36\lib\site-packages\mpf\mpfconfig.yaml
2019-03-19 13:53:21,946 : INFO : ConfigProcessor : Loading config from file C:\Users\Wilder\zelda\config\config.yaml.
2019-03-19 13:53:21,946 : DEBUG : YAML File Interface : Loading file: C:\Users\Wilder\zelda\config\config.yaml
2019-03-19 13:53:21,993 : INFO : ConfigProcessor : Loading config: C:\Users\Wilder\zelda\config\config.yaml
2019-03-19 13:53:21,993 : DEBUG : YAML File Interface : Loading file: C:\Users\Wilder\zelda\config\hardware.yaml
2019-03-19 13:53:22,165 : INFO : ConfigProcessor : Loading config: C:\Users\Wilder\zelda\config\hardware.yaml
2019-03-19 13:53:22,165 : DEBUG : YAML File Interface : Loading file: C:\Users\Wilder\zelda\config\keyboard.yaml
2019-03-19 13:53:22,274 : ERROR : root : Error found in file C:\Users\Wilder\zelda\config\keyboard.yaml: 'Key "u" was defined multiple times in config   in "C:\\Users\\Wilder\\zelda\\config\\keyboard.yaml", line 32, column 3'
Traceback (most recent call last):
  File "c:\users\wilder\appdata\local\programs\python\python36\lib\site-packages\mpf\file_interfaces\yaml_interface.py", line 194, in load
    config = self.process(f)
  File "c:\users\wilder\appdata\local\programs\python\python36\lib\site-packages\mpf\file_interfaces\yaml_interface.py", line 220, in process
    return yaml.load(data_string, Loader=MpfLoader)
  File "c:\users\wilder\appdata\local\programs\python\python36\lib\site-packages\ruamel\yaml\main.py", line 75, in load
    return loader.get_single_data()
  File "c:\users\wilder\appdata\local\programs\python\python36\lib\site-packages\ruamel\yaml\constructor.py", line 59, in get_single_data
    return self.construct_document(node)
  File "c:\users\wilder\appdata\local\programs\python\python36\lib\site-packages\ruamel\yaml\constructor.py", line 68, in construct_document
    for dummy in generator:
  File "c:\users\wilder\appdata\local\programs\python\python36\lib\site-packages\ruamel\yaml\constructor.py", line 481, in construct_yaml_map
    value = self.construct_mapping(node)
  File "c:\users\wilder\appdata\local\programs\python\python36\lib\site-packages\mpf\file_interfaces\yaml_interface.py", line 135, in construct_mapping
    format(key, key_node.start_mark))
KeyError: 'Key "u" was defined multiple times in config   in "C:\\Users\\Wilder\\zelda\\config\\keyboard.yaml", line 32, column 3'

During handling of the above exception, another exception occurred:

Traceback (most recent call last):
  File "c:\users\wilder\appdata\local\programs\python\python36\lib\site-packages\mpf\commands\game.py", line 208, in __init__
    MachineController(mpf_path, machine_path, vars(self.args)).run()
  File "c:\users\wilder\appdata\local\programs\python\python36\lib\site-packages\mpf\core\machine.py", line 158, in __init__
    self._load_config()
  File "c:\users\wilder\appdata\local\programs\python\python36\lib\site-packages\mpf\core\machine.py", line 427, in _load_config
    store_to_cache=self.options['create_config_cache'])
  File "c:\users\wilder\appdata\local\programs\python\python36\lib\site-packages\mpf\core\config_processor.py", line 111, in load_config_files_with_cache
    ignore_unknown_sections)
  File "c:\users\wilder\appdata\local\programs\python\python36\lib\site-packages\mpf\core\config_processor.py", line 165, in _load_config_file_and_return_loaded_files
    subconfig, subsubfiles = self._load_config_file_and_return_loaded_files(full_file, config_type)
  File "c:\users\wilder\appdata\local\programs\python\python36\lib\site-packages\mpf\core\config_processor.py", line 131, in _load_config_file_and_return_loaded_files
    config = FileManager.load(filename, expected_version_str, True)
  File "c:\users\wilder\appdata\local\programs\python\python36\lib\site-packages\mpf\core\file_manager.py", line 154, in load
    return interface.load(file, verify_version, halt_on_error)
  File "c:\users\wilder\appdata\local\programs\python\python36\lib\site-packages\mpf\file_interfaces\yaml_interface.py", line 208, in load
    raise ValueError(msg)
ValueError: Error found in file C:\Users\Wilder\zelda\config\keyboard.yaml: 'Key "u" was defined multiple times in config   in "C:\\Users\\Wilder\\zelda\\config\\keyboard.yaml", line 32, column 3'
