2019-04-30 17:45:58,185 : kivy : Factory: 194 symbols loaded
2019-04-30 17:45:58,191 : kivy : Cache: register <kv.lang> with limit=None, timeout=None
2019-04-30 17:45:58,356 : kivy : Cache: register <kv.image> with limit=None, timeout=60
2019-04-30 17:45:58,356 : kivy : Cache: register <kv.atlas> with limit=None, timeout=None
2019-04-30 17:45:58,380 : kivy : Image: Providers: img_tex, img_dds, img_sdl2, img_pil, img_gif (img_ffpyplayer ignored)
2019-04-30 17:45:58,381 : kivy : Cache: register <kv.texture> with limit=1000, timeout=60
2019-04-30 17:45:58,381 : kivy : Cache: register <kv.shader> with limit=1000, timeout=3600
2019-04-30 17:45:58,462 : kivy : VideoGstplayer: Using Gstreamer 1.10.2.0
2019-04-30 17:45:58,462 : kivy : Video: Provider: gstplayer
2019-04-30 17:45:58,558 : kivy : Loading MPF-MC controller
2019-04-30 17:45:58,558 : mpfmc : Mission Pinball Framework Media Controller v0.53.0-dev.0
2019-04-30 17:45:58,565 : mpfmc : Mission Pinball Framework Game Engine v0.53.0-dev.16
2019-04-30 17:45:58,566 : mpfmc : Machine path: C:\Users\Wilder\zelda
2019-04-30 17:45:58,574 : ConfigProcessor : Config file in cache changed: C:\Users\Wilder\zelda\config\config
2019-04-30 17:45:58,586 : ConfigProcessor : Loading config from file c:\users\wilder\appdata\local\programs\python\python36\lib\site-packages\mpfmc\mcconfig.yaml.
2019-04-30 17:45:58,587 : YAML File Interface : Loading file: c:\users\wilder\appdata\local\programs\python\python36\lib\site-packages\mpfmc\mcconfig.yaml
2019-04-30 17:45:58,757 : ConfigProcessor : Loading config: c:\users\wilder\appdata\local\programs\python\python36\lib\site-packages\mpfmc\mcconfig.yaml
2019-04-30 17:45:58,772 : ConfigProcessor : Loading config from file C:\Users\Wilder\zelda\config\config.
2019-04-30 17:45:58,772 : YAML File Interface : Loading file: C:\Users\Wilder\zelda\config\config.yaml
2019-04-30 17:45:58,866 : ConfigProcessor : Loading config: C:\Users\Wilder\zelda\config\config
2019-04-30 17:45:58,866 : YAML File Interface : Loading file: C:\Users\Wilder\zelda\config\hardware.yaml
2019-04-30 17:45:59,242 : ConfigProcessor : Loading config: C:\Users\Wilder\zelda\config\hardware.yaml
2019-04-30 17:45:59,246 : YAML File Interface : Loading file: C:\Users\Wilder\zelda\config\keyboard.yaml
2019-04-30 17:45:59,272 : ConfigProcessor : Loading config: C:\Users\Wilder\zelda\config\keyboard.yaml
2019-04-30 17:45:59,275 : YAML File Interface : Loading file: C:\Users\Wilder\zelda\config\videos.yaml
2019-04-30 17:45:59,371 : ConfigProcessor : Loading config: C:\Users\Wilder\zelda\config\videos.yaml
2019-04-30 17:45:59,382 : ConfigProcessor : Config file cache created: C:\Users\Wilder\AppData\Local\Temp\33abdcfcf65e636611bd498b89cbbd0e.mpf_cache
2019-04-30 17:45:59,383 : mpfmc : Starting clock at 60.0Hz
2019-04-30 17:45:59,402 : kivy : Text: Provider: sdl2
2019-04-30 17:45:59,471 : kivy : Window: Provider: sdl2
2019-04-30 17:45:59,538 : kivy : GL: Using the "OpenGL" graphics system
2019-04-30 17:46:00,828 : kivy : GL: GLEW initialization succeeded
2019-04-30 17:46:00,828 : kivy : GL: available extensions: b'GL_EXT_blend_minmax GL_EXT_blend_subtract GL_EXT_blend_color GL_EXT_abgr GL_EXT_texture3D GL_EXT_clip_volume_hint GL_EXT_compiled_vertex_array GL_SGIS_texture_edge_clamp GL_SGIS_generate_mipmap GL_EXT_draw_range_elements GL_SGIS_texture_lod GL_EXT_rescale_normal GL_EXT_packed_pixels GL_EXT_texture_edge_clamp GL_EXT_separate_specular_color GL_ARB_multitexture GL_EXT_texture_env_combine GL_EXT_bgra GL_EXT_blend_func_separate GL_EXT_secondary_color GL_EXT_fog_coord GL_EXT_texture_env_add GL_ARB_texture_cube_map GL_ARB_transpose_matrix GL_ARB_texture_env_add GL_IBM_texture_mirrored_repeat GL_EXT_multi_draw_arrays GL_NV_blend_square GL_ARB_texture_compression GL_3DFX_texture_compression_FXT1 GL_EXT_texture_filter_anisotropic GL_ARB_texture_border_clamp GL_ARB_point_parameters GL_ARB_texture_env_combine GL_ARB_texture_env_dot3 GL_ARB_texture_env_crossbar GL_EXT_texture_compression_s3tc GL_ARB_shadow GL_ARB_window_pos GL_EXT_shadow_funcs GL_EXT_stencil_wrap GL_ARB_vertex_program GL_EXT_texture_rectangle GL_ARB_fragment_program GL_EXT_stencil_two_side GL_ATI_separate_stencil GL_ARB_vertex_buffer_object GL_EXT_texture_lod_bias GL_ARB_occlusion_query GL_ARB_fragment_shader GL_ARB_shader_objects GL_ARB_shading_language_100 GL_ARB_texture_non_power_of_two GL_ARB_vertex_shader GL_NV_texgen_reflection GL_ARB_point_sprite GL_EXT_blend_equation_separate GL_ARB_depth_texture GL_ARB_texture_rectangle GL_ARB_draw_buffers GL_ARB_color_buffer_float GL_ARB_half_float_pixel GL_ARB_texture_float GL_ARB_pixel_buffer_object GL_EXT_framebuffer_object GL_ARB_draw_instanced GL_ARB_half_float_vertex GL_EXT_draw_buffers2 GL_WIN_swap_hint GL_EXT_texture_sRGB GL_ARB_multisample GL_EXT_packed_float GL_EXT_texture_shared_exponent GL_ARB_texture_rg GL_ARB_texture_compression_rgtc GL_NV_conditional_render GL_EXT_texture_swizzle GL_ARB_framebuffer_sRGB GL_EXT_packed_depth_stencil GL_ARB_depth_buffer_float GL_EXT_transform_feedback GL_EXT_framebuffer_blit GL_EXT_framebuffer_multisample GL_ARB_framebuffer_object GL_EXT_texture_array GL_EXT_texture_integer GL_ARB_map_buffer_range GL_EXT_texture_snorm GL_INTEL_performance_queries GL_ARB_vertex_array_object '
2019-04-30 17:46:00,829 : kivy : GL: glShaderBinary is not available
2019-04-30 17:46:00,829 : kivy : GL: Backend used <glew>
2019-04-30 17:46:00,829 : kivy : GL: OpenGL version <b'3.0.0 - Build 8.15.10.2342'>
2019-04-30 17:46:00,829 : kivy : GL: OpenGL vendor <b'Intel'>
2019-04-30 17:46:00,829 : kivy : GL: OpenGL renderer <b'Intel(R) HD Graphics Family'>
2019-04-30 17:46:00,829 : kivy : GL: OpenGL parsed version: 3, 0
2019-04-30 17:46:00,829 : kivy : GL: Shading version <b'1.30  - Intel Build 8.15.10.2342'>
2019-04-30 17:46:00,830 : kivy : GL: Texture max size <4096>
2019-04-30 17:46:00,830 : kivy : GL: Texture max units <16>
2019-04-30 17:46:00,896 : kivy : Shader: Fragment compiled successfully
2019-04-30 17:46:00,897 : kivy : Shader: Vertex compiled successfully
2019-04-30 17:46:00,958 : kivy : ImageSDL2: Load <c:\users\wilder\appdata\local\programs\python\python36\lib\site-packages\kivy\data\glsl\default.png>
2019-04-30 17:46:00,971 : kivy : Window: auto add sdl2 input provider
2019-04-30 17:46:00,971 : kivy : Window: virtual keyboard not allowed, single mode, not docked
2019-04-30 17:46:00,991 : mpfmc : Machine path: C:\Users\Wilder\zelda
2019-04-30 17:46:00,992 : kivy : Resource: add <C:\Users\Wilder\zelda\fonts> in path list
2019-04-30 17:46:00,992 : kivy : Resource: add <c:\users\wilder\appdata\local\programs\python\python36\lib\site-packages\mpfmc\fonts> in path list
2019-04-30 17:46:00,992 : SoundSystem : Loading the Sound System
2019-04-30 17:46:01,475 : AudioInterface : Initialized
2019-04-30 17:46:01,476 : AudioInterface : Loaded SDL 2.0.5
2019-04-30 17:46:01,476 : AudioInterface : Loaded SDL_Mixer 2.0.1
2019-04-30 17:46:01,476 : AudioInterface : Loaded GStreamer 1.10.2.0
2019-04-30 17:46:01,476 : AudioInterface : Loaded GLib 2.48.1
2019-04-30 17:46:01,476 : AudioInterface : Settings requested - rate: 44100, channels: 1, buffer: 2048 samples
2019-04-30 17:46:01,476 : AudioInterface : Settings in use - rate: 44100, channels: 1, buffer: 2048 samples (4096 bytes @ 2 bytes per sample)
2019-04-30 17:46:01,476 : Track : Allocated track audio buffer (4096 bytes)
2019-04-30 17:46:01,477 : Track.0.TrackStandard.music : Created Track 0 music with the following settings: simultaneous_sounds = 3, volume = 0.500000
2019-04-30 17:46:01,477 : AudioInterface : The 'music' standard track has successfully been created.
2019-04-30 17:46:01,477 : Track : Allocated track audio buffer (4096 bytes)
2019-04-30 17:46:01,477 : Track.1.TrackStandard.voice : Created Track 1 voice with the following settings: simultaneous_sounds = 1, volume = 0.700000
2019-04-30 17:46:01,477 : AudioInterface : The 'voice' standard track has successfully been created.
2019-04-30 17:46:01,478 : Track : Allocated track audio buffer (4096 bytes)
2019-04-30 17:46:01,478 : Track.2.TrackStandard.sfx : Created Track 2 sfx with the following settings: simultaneous_sounds = 8, volume = 0.900000
2019-04-30 17:46:01,478 : AudioInterface : The 'sfx' standard track has successfully been created.
2019-04-30 17:46:01,478 : AudioInterface : Enabling audio playback
2019-04-30 17:46:01,483 : kivy : App: Loading kv <c:\users\wilder\appdata\local\programs\python\python36\lib\site-packages\mpfmc\core\mpfmc.kv>
2019-04-30 17:46:01,484 : kivy : App: kv <c:\users\wilder\appdata\local\programs\python\python36\lib\site-packages\mpfmc\core\mpfmc.kv> not found
2019-04-30 17:46:01,485 : kivy : Base: Create provider from mouse,multitouch_on_demand
2019-04-30 17:46:01,485 : kivy : Base: Create provider from wm_touch
2019-04-30 17:46:01,485 : kivy : Base: Create provider from wm_pen
2019-04-30 17:46:01,485 : kivy : Base: Start application main loop
2019-04-30 17:46:01,486 : EventManager : Event: ======'display_lcd_initialized'====== Args={}
2019-04-30 17:46:01,508 : mpfmc : Display: Setting 'lcd' as default display
2019-04-30 17:46:01,521 : EventManager : Event: ======'displays_initialized'====== Args={}
2019-04-30 17:46:01,523 : EventManager : Event: ======'slide_lcd_blank_created'====== Args={}
2019-04-30 17:46:01,523 : EventManager : Event: ======'display_lcd_ready'====== Args={}
2019-04-30 17:46:01,538 : EventManager : Event: ======'init_phase_1'====== Args={}
2019-04-30 17:46:01,585 : EventManager : Event: ======'mc_ready'====== Args={}
2019-04-30 17:46:01,585 : EventManager : Event: ======'init_phase_2'====== Args={}
2019-04-30 17:46:01,588 : ModeController : Found MPF Mode folders: {'attract': 'attract', 'bonus': 'bonus', 'carousel': 'carousel', 'credits': 'credits', 'game': 'game', 'high_score': 'high_score', 'match': 'match', 'service': 'service', 'tilt': 'tilt'}
2019-04-30 17:46:01,592 : ModeController : Found Machine-specific Mode folders: {'2ballescape': '2ballescape', '2ballqualifier': '2ballqualifier', '5waycombotracker': '5waycombotracker', 'agahnim_multiball': 'agahnim_multiball', 'attract': 'attract', 'attract_carousel': 'attract_carousel', 'ball_hold_tracker': 'ball_hold_tracker', 'ball_save': 'ball_save', 'base': 'base', 'bomb_finder': 'bomb_finder', 'bottle_filler': 'bottle_filler', 'darkworld': 'darkworld', 'darkworld2': 'darkworld2', 'escape': 'escape', 'escapehurryup': 'escapehurryup', 'escape_starter': 'escape_starter', 'extraball': 'extraball', 'gameoverplayer': 'gameoverplayer', 'game_ender_mode': 'game_ender_mode', 'ganon_battle': 'ganon_battle', 'heartmeter': 'heartmeter', 'heart_tracker': 'heart_tracker', 'high_score': 'high_score', 'item_tracker': 'item_tracker', 'light_world': 'light_world', 'lost_woods': 'lost_woods', 'lost_woods_starter': 'lost_woods_starter', 'master_sword_buildup': 'master_sword_buildup', 'mode_tracker': 'mode_tracker', 'music_player': 'music_player', 'playfield_multiplier': 'playfield_multiplier', 'rupee2x_finder': 'rupee2x_finder', 'rupee3x_finder': 'rupee3x_finder', 'rupee_finder': 'rupee_finder', 'shop': 'shop', 'shots': 'shots', 'skillshot_ballsave': 'skillshot_ballsave', 'skill_shot': 'skill_shot', 'slide_tracker': 'slide_tracker', 'unusual_show_tracker': 'unusual_show_tracker', 'video_player': 'video_player'}
2019-04-30 17:46:01,593 : ConfigProcessor : Loading config from cache: C:\Users\Wilder\AppData\Local\Temp\6eb8b6e4728e10ce756703e43167d298.mpf_cache
2019-04-30 17:46:01,594 : ConfigProcessor : Loading config from cache: C:\Users\Wilder\AppData\Local\Temp\d9d23a2a9a3117f1553491692ff1c689.mpf_cache
2019-04-30 17:46:01,595 : ConfigProcessor : Loading config from cache: C:\Users\Wilder\AppData\Local\Temp\f394a72c4810bb1cc42cac0690a90dcf.mpf_cache
2019-04-30 17:46:01,599 : ConfigProcessor : Loading config from cache: C:\Users\Wilder\AppData\Local\Temp\dbd150f896646081271b7a77a791f2fa.mpf_cache
2019-04-30 17:46:01,610 : ConfigProcessor : Loading config from cache: C:\Users\Wilder\AppData\Local\Temp\34c6448537d1c95c89cf73a07c0f99c9.mpf_cache
2019-04-30 17:46:01,611 : ConfigProcessor : Loading config from cache: C:\Users\Wilder\AppData\Local\Temp\4afc9f23ca6340163a8bb51d7deea78f.mpf_cache
2019-04-30 17:46:01,628 : ConfigProcessor : Loading config from cache: C:\Users\Wilder\AppData\Local\Temp\a31feedcb4b85bf76d76fe6a1222bc90.mpf_cache
2019-04-30 17:46:01,630 : ConfigProcessor : Loading config from cache: C:\Users\Wilder\AppData\Local\Temp\225554da95d8871f7382aa94a6d6b3eb.mpf_cache
2019-04-30 17:46:01,631 : ConfigProcessor : Loading config from cache: C:\Users\Wilder\AppData\Local\Temp\96294a9578657f44941f2a8ec647ae36.mpf_cache
2019-04-30 17:46:01,632 : ConfigProcessor : Loading config from cache: C:\Users\Wilder\AppData\Local\Temp\28e1731e516595966b3afcb08910cb63.mpf_cache
2019-04-30 17:46:01,633 : ConfigProcessor : Loading config from cache: C:\Users\Wilder\AppData\Local\Temp\86e0d165ea95889c95b56598c3ebe263.mpf_cache
2019-04-30 17:46:01,644 : ConfigProcessor : Loading config from cache: C:\Users\Wilder\AppData\Local\Temp\da675f6b180b79eecb40cb5eb7f75a18.mpf_cache
2019-04-30 17:46:01,646 : ConfigProcessor : Loading config from cache: C:\Users\Wilder\AppData\Local\Temp\3485f9bf4bb8d1d21be6de1438e091ba.mpf_cache
2019-04-30 17:46:01,647 : ConfigProcessor : Loading config from cache: C:\Users\Wilder\AppData\Local\Temp\072dbb4c30ca18f53440337aa5cd71bd.mpf_cache
2019-04-30 17:46:01,649 : ConfigProcessor : Loading config from cache: C:\Users\Wilder\AppData\Local\Temp\c35ad2e595070cac0b6f696d6f7f6af6.mpf_cache
2019-04-30 17:46:01,650 : ConfigProcessor : Loading config from cache: C:\Users\Wilder\AppData\Local\Temp\58a9cd5447353eacedab412f1c10b0ab.mpf_cache
2019-04-30 17:46:01,653 : ConfigProcessor : Loading config from cache: C:\Users\Wilder\AppData\Local\Temp\aecceeb5afbfdc7257044e8417ebcf98.mpf_cache
2019-04-30 17:46:01,654 : ConfigProcessor : Loading config from cache: C:\Users\Wilder\AppData\Local\Temp\b0ee6a771658ae3fb7e70c6d5ff59887.mpf_cache
2019-04-30 17:46:01,655 : ConfigProcessor : Loading config from cache: C:\Users\Wilder\AppData\Local\Temp\58664c35241624b07b13025a5964d2a4.mpf_cache
2019-04-30 17:46:01,831 : ConfigProcessor : Loading config from cache: C:\Users\Wilder\AppData\Local\Temp\7b0dcc699efc7732bf9d3e57ee202517.mpf_cache
2019-04-30 17:46:01,833 : ConfigProcessor : Loading config from cache: C:\Users\Wilder\AppData\Local\Temp\6cbeeb809d9de6fbbf2951c4e6867473.mpf_cache
2019-04-30 17:46:01,834 : ConfigProcessor : Loading config from cache: C:\Users\Wilder\AppData\Local\Temp\916c9e2d9177837f45e9cdbb7c1d0b93.mpf_cache
2019-04-30 17:46:01,835 : ConfigProcessor : Loading config from cache: C:\Users\Wilder\AppData\Local\Temp\8b601767b8d464abeaa513b42e6346a8.mpf_cache
2019-04-30 17:46:01,836 : ConfigProcessor : Loading config from cache: C:\Users\Wilder\AppData\Local\Temp\6fc1a42fdd0d487285862f5b943c745e.mpf_cache
2019-04-30 17:46:01,837 : ConfigProcessor : Loading config from cache: C:\Users\Wilder\AppData\Local\Temp\c3fd2c292a6c0d3463ad9b4555730ad5.mpf_cache
2019-04-30 17:46:01,840 : ConfigProcessor : Loading config from cache: C:\Users\Wilder\AppData\Local\Temp\6caaa2c03f737135abd403644138525e.mpf_cache
2019-04-30 17:46:01,985 : ConfigProcessor : Loading config from cache: C:\Users\Wilder\AppData\Local\Temp\cb8b20150020107be74f23a2ee427f56.mpf_cache
2019-04-30 17:46:02,040 : ConfigProcessor : Loading config from cache: C:\Users\Wilder\AppData\Local\Temp\dd39e2de39eb354a1ec99be2f3167765.mpf_cache
2019-04-30 17:46:02,041 : ConfigProcessor : Loading config from cache: C:\Users\Wilder\AppData\Local\Temp\1f8ff34a8859f8c62d77912f33e29b9c.mpf_cache
2019-04-30 17:46:02,043 : ConfigProcessor : Loading config from cache: C:\Users\Wilder\AppData\Local\Temp\562f2c62ffb495bc414930beede29530.mpf_cache
2019-04-30 17:46:02,044 : ConfigProcessor : Loading config from cache: C:\Users\Wilder\AppData\Local\Temp\c5e5b78d841dff96974ddb92030af0a9.mpf_cache
2019-04-30 17:46:02,046 : ConfigProcessor : Config file in cache changed: C:\Users\Wilder\zelda\modes\ganon_battle\config\ganon_battle.yaml
2019-04-30 17:46:02,046 : ConfigProcessor : Loading config from file C:\Users\Wilder\zelda\modes\ganon_battle\config\ganon_battle.yaml.
2019-04-30 17:46:02,047 : YAML File Interface : Loading file: C:\Users\Wilder\zelda\modes\ganon_battle\config\ganon_battle.yaml
2019-04-30 17:46:02,241 : ConfigProcessor : Loading config: C:\Users\Wilder\zelda\modes\ganon_battle\config\ganon_battle.yaml
2019-04-30 17:46:02,243 : ConfigProcessor : Config file cache created: C:\Users\Wilder\AppData\Local\Temp\696ab9654b1d369e3597af15c079ad3b.mpf_cache
2019-04-30 17:46:02,244 : ConfigProcessor : Loading config from cache: C:\Users\Wilder\AppData\Local\Temp\43a06f52d0e9cf0597140b4c27159d40.mpf_cache
2019-04-30 17:46:02,245 : ConfigProcessor : Loading config from cache: C:\Users\Wilder\AppData\Local\Temp\6fd2b5e36bbbd9c12f9ee3aa32f1ceca.mpf_cache
2019-04-30 17:46:02,246 : ConfigProcessor : Loading config from cache: C:\Users\Wilder\AppData\Local\Temp\b0bcc174d8c9595c3b107b2ba9cf1c73.mpf_cache
2019-04-30 17:46:02,317 : ConfigProcessor : Loading config from cache: C:\Users\Wilder\AppData\Local\Temp\27a949ddf2d3e5eeb9247bd991aba200.mpf_cache
2019-04-30 17:46:02,318 : ConfigProcessor : Loading config from cache: C:\Users\Wilder\AppData\Local\Temp\fd6423453738b6cee138971698f65579.mpf_cache
2019-04-30 17:46:02,319 : ConfigProcessor : Loading config from cache: C:\Users\Wilder\AppData\Local\Temp\05768db999abb9e30be16a432a0581c8.mpf_cache
2019-04-30 17:46:02,319 : ConfigProcessor : Loading config from cache: C:\Users\Wilder\AppData\Local\Temp\fc30620fce8f82c18fed051cdde27ef9.mpf_cache
2019-04-30 17:46:02,320 : EventManager : Event: ======'init_phase_3'====== Args={}
2019-04-30 17:46:02,321 : AssetManager : Registering Asset: bluemailx, File: bluemailx.png, Default Group: default, Final Config: {'load': 'preload', 'file': 'C:\\Users\\Wilder\\zelda\\images\\bluemailx.png'}
2019-04-30 17:46:02,321 : AssetManager : Registering Asset: bluemail_circle, File: bluemail_circle.png, Default Group: default, Final Config: {'load': 'preload', 'file': 'C:\\Users\\Wilder\\zelda\\images\\bluemail_circle.png'}
2019-04-30 17:46:02,321 : AssetManager : Registering Asset: boomerangx, File: boomerangx.png, Default Group: default, Final Config: {'load': 'preload', 'file': 'C:\\Users\\Wilder\\zelda\\images\\boomerangx.png'}
2019-04-30 17:46:02,321 : AssetManager : Registering Asset: boomerang_circle, File: boomerang_circle.png, Default Group: default, Final Config: {'load': 'preload', 'file': 'C:\\Users\\Wilder\\zelda\\images\\boomerang_circle.png'}
2019-04-30 17:46:02,321 : AssetManager : Registering Asset: bowx, File: bowx.png, Default Group: default, Final Config: {'load': 'preload', 'file': 'C:\\Users\\Wilder\\zelda\\images\\bowx.png'}
2019-04-30 17:46:02,321 : AssetManager : Registering Asset: bow_circle, File: bow_circle.png, Default Group: default, Final Config: {'load': 'preload', 'file': 'C:\\Users\\Wilder\\zelda\\images\\bow_circle.png'}
2019-04-30 17:46:02,321 : AssetManager : Registering Asset: byrnax, File: byrnax.png, Default Group: default, Final Config: {'load': 'preload', 'file': 'C:\\Users\\Wilder\\zelda\\images\\byrnax.png'}
2019-04-30 17:46:02,322 : AssetManager : Registering Asset: byrna_circle, File: byrna_circle.png, Default Group: default, Final Config: {'load': 'preload', 'file': 'C:\\Users\\Wilder\\zelda\\images\\byrna_circle.png'}
2019-04-30 17:46:02,322 : AssetManager : Registering Asset: capex, File: capex.png, Default Group: default, Final Config: {'load': 'preload', 'file': 'C:\\Users\\Wilder\\zelda\\images\\capex.png'}
2019-04-30 17:46:02,322 : AssetManager : Registering Asset: cape_circle, File: cape_circle.png, Default Group: default, Final Config: {'load': 'preload', 'file': 'C:\\Users\\Wilder\\zelda\\images\\cape_circle.png'}
2019-04-30 17:46:02,322 : AssetManager : Registering Asset: circleselect, File: circleselect.png, Default Group: default, Final Config: {'load': 'preload', 'file': 'C:\\Users\\Wilder\\zelda\\images\\circleselect.png'}
2019-04-30 17:46:02,322 : AssetManager : Registering Asset: darkworldstoryslide, File: darkworldstoryslide.png, Default Group: default, Final Config: {'load': 'preload', 'file': 'C:\\Users\\Wilder\\zelda\\images\\darkworldstoryslide.png'}
2019-04-30 17:46:02,322 : AssetManager : Registering Asset: darkworld_instructional, File: darkworld_instructional.png, Default Group: default, Final Config: {'load': 'preload', 'file': 'C:\\Users\\Wilder\\zelda\\images\\darkworld_instructional.png'}
2019-04-30 17:46:02,322 : AssetManager : Registering Asset: fast_logo, File: fast_logo.jpg, Default Group: default, Final Config: {'load': 'preload', 'file': 'C:\\Users\\Wilder\\zelda\\images\\fast_logo.jpg'}
2019-04-30 17:46:02,322 : AssetManager : Registering Asset: flipperx, File: flipperx.png, Default Group: default, Final Config: {'load': 'preload', 'file': 'C:\\Users\\Wilder\\zelda\\images\\flipperx.png'}
2019-04-30 17:46:02,323 : AssetManager : Registering Asset: flipper_circle, File: flipper_circle.png, Default Group: default, Final Config: {'load': 'preload', 'file': 'C:\\Users\\Wilder\\zelda\\images\\flipper_circle.png'}
2019-04-30 17:46:02,323 : AssetManager : Registering Asset: flutex, File: flutex.png, Default Group: default, Final Config: {'load': 'preload', 'file': 'C:\\Users\\Wilder\\zelda\\images\\flutex.png'}
2019-04-30 17:46:02,323 : AssetManager : Registering Asset: flute_circle, File: flute_circle.png, Default Group: default, Final Config: {'load': 'preload', 'file': 'C:\\Users\\Wilder\\zelda\\images\\flute_circle.png'}
2019-04-30 17:46:02,323 : AssetManager : Registering Asset: hammerx, File: hammerx.png, Default Group: default, Final Config: {'load': 'preload', 'file': 'C:\\Users\\Wilder\\zelda\\images\\hammerx.png'}
2019-04-30 17:46:02,323 : AssetManager : Registering Asset: hammer_circle, File: hammer_circle.png, Default Group: default, Final Config: {'load': 'preload', 'file': 'C:\\Users\\Wilder\\zelda\\images\\hammer_circle.png'}
2019-04-30 17:46:02,323 : AssetManager : Registering Asset: heartimage, File: heartimage.png, Default Group: default, Final Config: {'load': 'preload', 'file': 'C:\\Users\\Wilder\\zelda\\images\\heartimage.png'}
2019-04-30 17:46:02,323 : AssetManager : Registering Asset: hookshotx, File: hookshotx.png, Default Group: default, Final Config: {'load': 'preload', 'file': 'C:\\Users\\Wilder\\zelda\\images\\hookshotx.png'}
2019-04-30 17:46:02,323 : AssetManager : Registering Asset: hookshot_circle, File: hookshot_circle.png, Default Group: default, Final Config: {'load': 'preload', 'file': 'C:\\Users\\Wilder\\zelda\\images\\hookshot_circle.png'}
2019-04-30 17:46:02,324 : AssetManager : Registering Asset: lampx, File: lampx.png, Default Group: default, Final Config: {'load': 'preload', 'file': 'C:\\Users\\Wilder\\zelda\\images\\lampx.png'}
2019-04-30 17:46:02,324 : AssetManager : Registering Asset: mirrorshieldx, File: mirrorshieldx.png, Default Group: default, Final Config: {'load': 'preload', 'file': 'C:\\Users\\Wilder\\zelda\\images\\mirrorshieldx.png'}
2019-04-30 17:46:02,324 : AssetManager : Registering Asset: mirrorshield_circle, File: mirrorshield_circle.png, Default Group: default, Final Config: {'load': 'preload', 'file': 'C:\\Users\\Wilder\\zelda\\images\\mirrorshield_circle.png'}
2019-04-30 17:46:02,324 : AssetManager : Registering Asset: mirrorx, File: mirrorx.png, Default Group: default, Final Config: {'load': 'preload', 'file': 'C:\\Users\\Wilder\\zelda\\images\\mirrorx.png'}
2019-04-30 17:46:02,324 : AssetManager : Registering Asset: mirror_circle, File: mirror_circle.png, Default Group: default, Final Config: {'load': 'preload', 'file': 'C:\\Users\\Wilder\\zelda\\images\\mirror_circle.png'}
2019-04-30 17:46:02,324 : AssetManager : Registering Asset: moonpearlx, File: moonpearlx.png, Default Group: default, Final Config: {'load': 'preload', 'file': 'C:\\Users\\Wilder\\zelda\\images\\moonpearlx.png'}
2019-04-30 17:46:02,324 : AssetManager : Registering Asset: moonpearl_circle, File: moonpearl_circle.png, Default Group: default, Final Config: {'load': 'preload', 'file': 'C:\\Users\\Wilder\\zelda\\images\\moonpearl_circle.png'}
2019-04-30 17:46:02,324 : AssetManager : Registering Asset: mpf_logo, File: mpf_logo.png, Default Group: default, Final Config: {'load': 'preload', 'file': 'C:\\Users\\Wilder\\zelda\\images\\mpf_logo.png'}
2019-04-30 17:46:02,325 : AssetManager : Registering Asset: redmailx, File: redmailx.png, Default Group: default, Final Config: {'load': 'preload', 'file': 'C:\\Users\\Wilder\\zelda\\images\\redmailx.png'}
2019-04-30 17:46:02,325 : AssetManager : Registering Asset: redmail_circle, File: redmail_circle.png, Default Group: default, Final Config: {'load': 'preload', 'file': 'C:\\Users\\Wilder\\zelda\\images\\redmail_circle.png'}
2019-04-30 17:46:02,325 : AssetManager : Registering Asset: redshieldx, File: redshieldx.png, Default Group: default, Final Config: {'load': 'preload', 'file': 'C:\\Users\\Wilder\\zelda\\images\\redshieldx.png'}
2019-04-30 17:46:02,325 : AssetManager : Registering Asset: redshield_circle, File: redshield_circle.png, Default Group: default, Final Config: {'load': 'preload', 'file': 'C:\\Users\\Wilder\\zelda\\images\\redshield_circle.png'}
2019-04-30 17:46:02,325 : AssetManager : Registering Asset: shop_slide, File: shop_slide.png, Default Group: default, Final Config: {'load': 'preload', 'file': 'C:\\Users\\Wilder\\zelda\\images\\shop_slide.png'}
2019-04-30 17:46:02,325 : AssetManager : Registering Asset: somariax, File: somariax.png, Default Group: default, Final Config: {'load': 'preload', 'file': 'C:\\Users\\Wilder\\zelda\\images\\somariax.png'}
2019-04-30 17:46:02,325 : AssetManager : Registering Asset: somaria_circle, File: somaria_circle.png, Default Group: default, Final Config: {'load': 'preload', 'file': 'C:\\Users\\Wilder\\zelda\\images\\somaria_circle.png'}
2019-04-30 17:46:02,325 : AssetManager : Registering Asset: titanmittx, File: titanmittx.png, Default Group: default, Final Config: {'load': 'preload', 'file': 'C:\\Users\\Wilder\\zelda\\images\\titanmittx.png'}
2019-04-30 17:46:02,326 : AssetManager : Registering Asset: titanmitt_circle, File: titanmitt_circle.png, Default Group: default, Final Config: {'load': 'preload', 'file': 'C:\\Users\\Wilder\\zelda\\images\\titanmitt_circle.png'}
2019-04-30 17:46:02,337 : AssetManager : Registering Asset: 5waycombovideo, File: 5waycombovideo.mp4, Default Group: default, Final Config: {'load': 'preload', 'file': 'C:\\Users\\Wilder\\zelda\\videos\\5waycombovideo.mp4', 'width': 1280, 'height': 720}
2019-04-30 17:46:02,337 : AssetManager : Registering Asset: agahnimdefeatedvideo, File: agahnimdefeatedvideo.mp4, Default Group: default, Final Config: {'load': 'preload', 'file': 'C:\\Users\\Wilder\\zelda\\videos\\agahnimdefeatedvideo.mp4', 'width': 1280, 'height': 720}
2019-04-30 17:46:02,337 : AssetManager : Registering Asset: agahnimhitvideo, File: agahnimhitvideo.mp4, Default Group: default, Final Config: {'load': 'preload', 'file': 'C:\\Users\\Wilder\\zelda\\videos\\agahnimhitvideo.mp4', 'width': 1280, 'height': 720}
2019-04-30 17:46:02,337 : AssetManager : Registering Asset: agahnimstrikevideo, File: agahnimstrikevideo.mp4, Default Group: default, Final Config: {'load': 'preload', 'file': 'C:\\Users\\Wilder\\zelda\\videos\\agahnimstrikevideo.mp4', 'width': 1280, 'height': 720}
2019-04-30 17:46:02,337 : AssetManager : Registering Asset: attractvideo, File: attractvideo.mp4, Default Group: default, Final Config: {'load': 'preload', 'file': 'C:\\Users\\Wilder\\zelda\\videos\\attractvideo.mp4'}
2019-04-30 17:46:02,338 : AssetManager : Registering Asset: bluemailvideo, File: bluemailvideo.mp4, Default Group: default, Final Config: {'load': 'preload', 'file': 'C:\\Users\\Wilder\\zelda\\videos\\bluemailvideo.mp4', 'width': 1280, 'height': 720}
2019-04-30 17:46:02,338 : AssetManager : Registering Asset: bombblastvideo, File: bombblastvideo.mp4, Default Group: default, Final Config: {'load': 'preload', 'file': 'C:\\Users\\Wilder\\zelda\\videos\\bombblastvideo.mp4'}
2019-04-30 17:46:02,338 : AssetManager : Registering Asset: boomerangfound, File: boomerangfound.mp4, Default Group: default, Final Config: {'load': 'preload', 'file': 'C:\\Users\\Wilder\\zelda\\videos\\boomerangfound.mp4'}
2019-04-30 17:46:02,338 : AssetManager : Registering Asset: boss1progress1, File: boss1progress1.mp4, Default Group: default, Final Config: {'load': 'preload', 'file': 'C:\\Users\\Wilder\\zelda\\videos\\boss1progress1.mp4', 'width': 1280, 'height': 720}
2019-04-30 17:46:02,338 : AssetManager : Registering Asset: boss1progress2, File: boss1progress2.mp4, Default Group: default, Final Config: {'load': 'preload', 'file': 'C:\\Users\\Wilder\\zelda\\videos\\boss1progress2.mp4', 'width': 1280, 'height': 720}
2019-04-30 17:46:02,338 : AssetManager : Registering Asset: boss2progress1, File: boss2progress1.mp4, Default Group: default, Final Config: {'load': 'preload', 'file': 'C:\\Users\\Wilder\\zelda\\videos\\boss2progress1.mp4', 'width': 1280, 'height': 720}
2019-04-30 17:46:02,338 : AssetManager : Registering Asset: boss2progress2, File: boss2progress2.mp4, Default Group: default, Final Config: {'load': 'preload', 'file': 'C:\\Users\\Wilder\\zelda\\videos\\boss2progress2.mp4', 'width': 1280, 'height': 720}
2019-04-30 17:46:02,338 : AssetManager : Registering Asset: boss3progress1, File: boss3progress1.mp4, Default Group: default, Final Config: {'load': 'preload', 'file': 'C:\\Users\\Wilder\\zelda\\videos\\boss3progress1.mp4', 'width': 1280, 'height': 720}
2019-04-30 17:46:02,339 : AssetManager : Registering Asset: boss3progress2, File: boss3progress2.mp4, Default Group: default, Final Config: {'load': 'preload', 'file': 'C:\\Users\\Wilder\\zelda\\videos\\boss3progress2.mp4', 'width': 1280, 'height': 720}
2019-04-30 17:46:02,339 : AssetManager : Registering Asset: bowfound, File: bowfound.mp4, Default Group: default, Final Config: {'load': 'preload', 'file': 'C:\\Users\\Wilder\\zelda\\videos\\bowfound.mp4'}
2019-04-30 17:46:02,339 : AssetManager : Registering Asset: castlestairs, File: castlestairs.mp4, Default Group: default, Final Config: {'load': 'preload', 'file': 'C:\\Users\\Wilder\\zelda\\videos\\castlestairs.mp4'}
2019-04-30 17:46:02,339 : AssetManager : Registering Asset: confrontagahnim, File: confrontagahnim.mp4, Default Group: default, Final Config: {'load': 'preload', 'file': 'C:\\Users\\Wilder\\zelda\\videos\\confrontagahnim.mp4'}
2019-04-30 17:46:02,339 : AssetManager : Registering Asset: darkworldstart, File: darkworldstart.mp4, Default Group: default, Final Config: {'load': 'preload', 'file': 'C:\\Users\\Wilder\\zelda\\videos\\darkworldstart.mp4', 'width': 1280, 'height': 720}
2019-04-30 17:46:02,339 : AssetManager : Registering Asset: dungeon1boss, File: dungeon1boss.mp4, Default Group: default, Final Config: {'load': 'preload', 'file': 'C:\\Users\\Wilder\\zelda\\videos\\dungeon1boss.mp4', 'width': 1280, 'height': 720}
2019-04-30 17:46:02,339 : AssetManager : Registering Asset: dungeon2boss, File: dungeon2boss.mp4, Default Group: default, Final Config: {'load': 'preload', 'file': 'C:\\Users\\Wilder\\zelda\\videos\\dungeon2boss.mp4', 'width': 1280, 'height': 720}
2019-04-30 17:46:02,340 : AssetManager : Registering Asset: dungeon3boss, File: dungeon3boss.mp4, Default Group: default, Final Config: {'load': 'preload', 'file': 'C:\\Users\\Wilder\\zelda\\videos\\dungeon3boss.mp4', 'width': 1280, 'height': 720}
2019-04-30 17:46:02,340 : AssetManager : Registering Asset: dungeon4boss, File: dungeon4boss.mp4, Default Group: default, Final Config: {'load': 'preload', 'file': 'C:\\Users\\Wilder\\zelda\\videos\\dungeon4boss.mp4', 'width': 1280, 'height': 720}
2019-04-30 17:46:02,340 : AssetManager : Registering Asset: dungeon5boss, File: dungeon5boss.mp4, Default Group: default, Final Config: {'load': 'preload', 'file': 'C:\\Users\\Wilder\\zelda\\videos\\dungeon5boss.mp4', 'width': 1280, 'height': 720}
2019-04-30 17:46:02,340 : AssetManager : Registering Asset: dungeon6boss, File: dungeon6boss.mp4, Default Group: default, Final Config: {'load': 'preload', 'file': 'C:\\Users\\Wilder\\zelda\\videos\\dungeon6boss.mp4', 'width': 1280, 'height': 720}
2019-04-30 17:46:02,340 : AssetManager : Registering Asset: dungeon7boss, File: dungeon7boss.mp4, Default Group: default, Final Config: {'load': 'preload', 'file': 'C:\\Users\\Wilder\\zelda\\videos\\dungeon7boss.mp4', 'width': 1280, 'height': 720}
2019-04-30 17:46:02,340 : AssetManager : Registering Asset: extraball, File: extraball.mp4, Default Group: default, Final Config: {'load': 'preload', 'file': 'C:\\Users\\Wilder\\zelda\\videos\\extraball.mp4'}
2019-04-30 17:46:02,340 : AssetManager : Registering Asset: finalblowvideo, File: finalblowvideo.mp4, Default Group: default, Final Config: {'load': 'preload', 'file': 'C:\\Users\\Wilder\\zelda\\videos\\finalblowvideo.mp4'}
2019-04-30 17:46:02,341 : AssetManager : Registering Asset: flippervideo, File: flippervideo.mp4, Default Group: default, Final Config: {'load': 'preload', 'file': 'C:\\Users\\Wilder\\zelda\\videos\\flippervideo.mp4', 'width': 1280, 'height': 720}
2019-04-30 17:46:02,341 : AssetManager : Registering Asset: ganonintro, File: ganonintro.mp4, Default Group: default, Final Config: {'load': 'preload', 'file': 'C:\\Users\\Wilder\\zelda\\videos\\ganonintro.mp4'}
2019-04-30 17:46:02,341 : AssetManager : Registering Asset: ganonlane1, File: ganonlane1.mp4, Default Group: default, Final Config: {'load': 'preload', 'file': 'C:\\Users\\Wilder\\zelda\\videos\\ganonlane1.mp4'}
2019-04-30 17:46:02,341 : AssetManager : Registering Asset: ganonlane2, File: ganonlane2.mp4, Default Group: default, Final Config: {'load': 'preload', 'file': 'C:\\Users\\Wilder\\zelda\\videos\\ganonlane2.mp4'}
2019-04-30 17:46:02,341 : AssetManager : Registering Asset: ganonlane3, File: ganonlane3.mp4, Default Group: default, Final Config: {'load': 'preload', 'file': 'C:\\Users\\Wilder\\zelda\\videos\\ganonlane3.mp4'}
2019-04-30 17:46:02,341 : AssetManager : Registering Asset: ganonlane4, File: ganonlane4.mp4, Default Group: default, Final Config: {'load': 'preload', 'file': 'C:\\Users\\Wilder\\zelda\\videos\\ganonlane4.mp4'}
2019-04-30 17:46:02,341 : AssetManager : Registering Asset: ganontwirl, File: ganontwirl.mp4, Default Group: default, Final Config: {'load': 'preload', 'file': 'C:\\Users\\Wilder\\zelda\\videos\\ganontwirl.mp4'}
2019-04-30 17:46:02,342 : AssetManager : Registering Asset: hammervideo, File: hammervideo.mp4, Default Group: default, Final Config: {'load': 'preload', 'file': 'C:\\Users\\Wilder\\zelda\\videos\\hammervideo.mp4', 'width': 1280, 'height': 720}
2019-04-30 17:46:02,342 : AssetManager : Registering Asset: hookshotvideo, File: hookshotvideo.mp4, Default Group: default, Final Config: {'load': 'preload', 'file': 'C:\\Users\\Wilder\\zelda\\videos\\hookshotvideo.mp4', 'width': 1280, 'height': 720}
2019-04-30 17:46:02,342 : AssetManager : Registering Asset: linkdyingvideo, File: linkdyingvideo.mp4, Default Group: default, Final Config: {'load': 'preload', 'file': 'C:\\Users\\Wilder\\zelda\\videos\\linkdyingvideo.mp4'}
2019-04-30 17:46:02,342 : AssetManager : Registering Asset: maiden1, File: maiden1.mp4, Default Group: default, Final Config: {'load': 'preload', 'file': 'C:\\Users\\Wilder\\zelda\\videos\\maiden1.mp4', 'width': 1280, 'height': 720}
2019-04-30 17:46:02,342 : AssetManager : Registering Asset: maiden2, File: maiden2.mp4, Default Group: default, Final Config: {'load': 'preload', 'file': 'C:\\Users\\Wilder\\zelda\\videos\\maiden2.mp4', 'width': 1280, 'height': 720}
2019-04-30 17:46:02,342 : AssetManager : Registering Asset: maiden3, File: maiden3.mp4, Default Group: default, Final Config: {'load': 'preload', 'file': 'C:\\Users\\Wilder\\zelda\\videos\\maiden3.mp4', 'width': 1280, 'height': 720}
2019-04-30 17:46:02,342 : AssetManager : Registering Asset: maiden4, File: maiden4.mp4, Default Group: default, Final Config: {'load': 'preload', 'file': 'C:\\Users\\Wilder\\zelda\\videos\\maiden4.mp4', 'width': 1280, 'height': 720}
2019-04-30 17:46:02,342 : AssetManager : Registering Asset: maiden5, File: maiden5.mp4, Default Group: default, Final Config: {'load': 'preload', 'file': 'C:\\Users\\Wilder\\zelda\\videos\\maiden5.mp4', 'width': 1280, 'height': 720}
2019-04-30 17:46:02,343 : AssetManager : Registering Asset: maiden6, File: maiden6.mp4, Default Group: default, Final Config: {'load': 'preload', 'file': 'C:\\Users\\Wilder\\zelda\\videos\\maiden6.mp4', 'width': 1280, 'height': 720}
2019-04-30 17:46:02,343 : AssetManager : Registering Asset: maiden7, File: maiden7.mp4, Default Group: default, Final Config: {'load': 'preload', 'file': 'C:\\Users\\Wilder\\zelda\\videos\\maiden7.mp4', 'width': 1280, 'height': 720}
2019-04-30 17:46:02,343 : AssetManager : Registering Asset: masterswordpulled, File: masterswordpulled.mp4, Default Group: default, Final Config: {'load': 'preload', 'file': 'C:\\Users\\Wilder\\zelda\\videos\\masterswordpulled.mp4'}
2019-04-30 17:46:02,343 : AssetManager : Registering Asset: mirrorvideo, File: mirrorvideo.mp4, Default Group: default, Final Config: {'load': 'preload', 'file': 'C:\\Users\\Wilder\\zelda\\videos\\mirrorvideo.mp4', 'width': 1280, 'height': 720}
2019-04-30 17:46:02,343 : AssetManager : Registering Asset: mode1chaseprogression, File: mode1chaseprogression.mp4, Default Group: default, Final Config: {'load': 'preload', 'file': 'C:\\Users\\Wilder\\zelda\\videos\\mode1chaseprogression.mp4'}
2019-04-30 17:46:02,343 : AssetManager : Registering Asset: mode1finish, File: mode1finish.mp4, Default Group: default, Final Config: {'load': 'preload', 'file': 'C:\\Users\\Wilder\\zelda\\videos\\mode1finish.mp4', 'width': 1280, 'height': 720}
2019-04-30 17:46:02,343 : AssetManager : Registering Asset: mode1progression, File: mode1progression.mp4, Default Group: default, Final Config: {'load': 'preload', 'file': 'C:\\Users\\Wilder\\zelda\\videos\\mode1progression.mp4'}
2019-04-30 17:46:02,344 : AssetManager : Registering Asset: mode1progression2, File: mode1progression2.mp4, Default Group: default, Final Config: {'load': 'preload', 'file': 'C:\\Users\\Wilder\\zelda\\videos\\mode1progression2.mp4'}
2019-04-30 17:46:02,344 : AssetManager : Registering Asset: mode1startvideo, File: mode1startvideo.mp4, Default Group: default, Final Config: {'load': 'preload', 'file': 'C:\\Users\\Wilder\\zelda\\videos\\mode1startvideo.mp4'}
2019-04-30 17:46:02,344 : AssetManager : Registering Asset: mode3progress1, File: mode3progress1.mp4, Default Group: default, Final Config: {'load': 'preload', 'file': 'C:\\Users\\Wilder\\zelda\\videos\\mode3progress1.mp4'}
2019-04-30 17:46:02,344 : AssetManager : Registering Asset: mode3progress3, File: mode3progress3.mp4, Default Group: default, Final Config: {'load': 'preload', 'file': 'C:\\Users\\Wilder\\zelda\\videos\\mode3progress3.mp4'}
2019-04-30 17:46:02,344 : AssetManager : Registering Asset: mode3startmovie, File: mode3startmovie.mp4, Default Group: default, Final Config: {'load': 'preload', 'file': 'C:\\Users\\Wilder\\zelda\\videos\\mode3startmovie.mp4'}
2019-04-30 17:46:02,344 : AssetManager : Registering Asset: moonpearlfound, File: moonpearlfound.mp4, Default Group: default, Final Config: {'load': 'preload', 'file': 'C:\\Users\\Wilder\\zelda\\videos\\moonpearlfound.mp4'}
2019-04-30 17:46:02,344 : AssetManager : Registering Asset: pendant1found, File: pendant1found.mp4, Default Group: default, Final Config: {'load': 'preload', 'file': 'C:\\Users\\Wilder\\zelda\\videos\\pendant1found.mp4'}
2019-04-30 17:46:02,345 : AssetManager : Registering Asset: pendant2found, File: pendant2found.mp4, Default Group: default, Final Config: {'load': 'preload', 'file': 'C:\\Users\\Wilder\\zelda\\videos\\pendant2found.mp4'}
2019-04-30 17:46:02,345 : AssetManager : Registering Asset: pendant3found, File: pendant3found.mp4, Default Group: default, Final Config: {'load': 'preload', 'file': 'C:\\Users\\Wilder\\zelda\\videos\\pendant3found.mp4'}
2019-04-30 17:46:02,345 : AssetManager : Registering Asset: redshieldvideo, File: redshieldvideo.mp4, Default Group: default, Final Config: {'load': 'preload', 'file': 'C:\\Users\\Wilder\\zelda\\videos\\redshieldvideo.mp4', 'width': 1280, 'height': 720}
2019-04-30 17:46:02,345 : AssetManager : Registering Asset: zeldafound, File: zeldafound.mp4, Default Group: default, Final Config: {'load': 'preload', 'file': 'C:\\Users\\Wilder\\zelda\\videos\\zeldafound.mp4'}
2019-04-30 17:46:02,373 : AssetManager : Registering Asset: battle, File: battle.ogg, Default Group: music, Final Config: {'load': 'preload', 'track': 'music', 'file': 'C:\\Users\\Wilder\\zelda\\sounds\\music\\battle.ogg'}
2019-04-30 17:46:02,373 : AssetManager : Registering Asset: darkworld, File: darkworld.ogg, Default Group: music, Final Config: {'load': 'preload', 'track': 'music', 'file': 'C:\\Users\\Wilder\\zelda\\sounds\\music\\darkworld.ogg'}
2019-04-30 17:46:02,373 : AssetManager : Registering Asset: darkworld2, File: darkworld2.ogg, Default Group: music, Final Config: {'load': 'preload', 'track': 'music', 'file': 'C:\\Users\\Wilder\\zelda\\sounds\\music\\darkworld2.ogg'}
2019-04-30 17:46:02,373 : AssetManager : Registering Asset: darkworld_rescue, File: darkworld_rescue.ogg, Default Group: music, Final Config: {'load': 'preload', 'track': 'music', 'file': 'C:\\Users\\Wilder\\zelda\\sounds\\music\\darkworld_rescue.ogg'}
2019-04-30 17:46:02,374 : AssetManager : Registering Asset: forest, File: forest.ogg, Default Group: music, Final Config: {'load': 'preload', 'track': 'music', 'file': 'C:\\Users\\Wilder\\zelda\\sounds\\music\\forest.ogg'}
2019-04-30 17:46:02,374 : AssetManager : Registering Asset: ganonbattle, File: ganonbattle.ogg, Default Group: music, Final Config: {'load': 'preload', 'track': 'music', 'file': 'C:\\Users\\Wilder\\zelda\\sounds\\music\\ganonbattle.ogg'}
2019-04-30 17:46:02,374 : AssetManager : Registering Asset: highscore, File: highscore.ogg, Default Group: music, Final Config: {'load': 'preload', 'track': 'music', 'file': 'C:\\Users\\Wilder\\zelda\\sounds\\music\\highscore.ogg'}
2019-04-30 17:46:02,374 : AssetManager : Registering Asset: hyrulecastle, File: hyrulecastle.ogg, Default Group: music, Final Config: {'load': 'preload', 'track': 'music', 'file': 'C:\\Users\\Wilder\\zelda\\sounds\\music\\hyrulecastle.ogg'}
2019-04-30 17:46:02,374 : AssetManager : Registering Asset: light_world_theme, File: light_world_theme.ogg, Default Group: music, Final Config: {'load': 'preload', 'track': 'music', 'file': 'C:\\Users\\Wilder\\zelda\\sounds\\music\\light_world_theme.ogg'}
2019-04-30 17:46:02,374 : AssetManager : Registering Asset: princess_zeldas_rescue, File: princess_zeldas_rescue.ogg, Default Group: music, Final Config: {'load': 'preload', 'track': 'music', 'file': 'C:\\Users\\Wilder\\zelda\\sounds\\music\\princess_zeldas_rescue.ogg'}
2019-04-30 17:46:02,374 : AssetManager : Registering Asset: rainin, File: rainin.ogg, Default Group: music, Final Config: {'load': 'preload', 'track': 'music', 'file': 'C:\\Users\\Wilder\\zelda\\sounds\\music\\rainin.ogg'}
2019-04-30 17:46:02,374 : AssetManager : Registering Asset: rainout, File: rainout.ogg, Default Group: music, Final Config: {'load': 'preload', 'track': 'music', 'file': 'C:\\Users\\Wilder\\zelda\\sounds\\music\\rainout.ogg'}
2019-04-30 17:46:02,375 : AssetManager : Registering Asset: timeoffalling, File: timeoffalling.ogg, Default Group: music, Final Config: {'load': 'preload', 'track': 'music', 'file': 'C:\\Users\\Wilder\\zelda\\sounds\\music\\timeoffalling.ogg'}
2019-04-30 17:46:02,375 : AssetManager : Registering Asset: town_music, File: town_music.ogg, Default Group: music, Final Config: {'load': 'preload', 'track': 'music', 'file': 'C:\\Users\\Wilder\\zelda\\sounds\\music\\town_music.ogg'}
2019-04-30 17:46:02,375 : AssetManager : Registering Asset: agahnim_charge, File: agahnim_charge.ogg, Default Group: sfx, Final Config: {'load': 'preload', 'track': 'sfx', 'file': 'C:\\Users\\Wilder\\zelda\\sounds\\sfx\\agahnim_charge.ogg'}
2019-04-30 17:46:02,375 : AssetManager : Registering Asset: agahnim_dash, File: agahnim_dash.ogg, Default Group: sfx, Final Config: {'load': 'preload', 'track': 'sfx', 'file': 'C:\\Users\\Wilder\\zelda\\sounds\\sfx\\agahnim_dash.ogg'}
2019-04-30 17:46:02,375 : AssetManager : Registering Asset: bomb_spots_item, File: bomb_spots_item.ogg, Default Group: sfx, Final Config: {'load': 'preload', 'track': 'sfx', 'file': 'C:\\Users\\Wilder\\zelda\\sounds\\sfx\\bomb_spots_item.ogg'}
2019-04-30 17:46:02,376 : AssetManager : Registering Asset: cannonball, File: cannonball.ogg, Default Group: sfx, Final Config: {'load': 'preload', 'track': 'sfx', 'file': 'C:\\Users\\Wilder\\zelda\\sounds\\sfx\\cannonball.ogg'}
2019-04-30 17:46:02,376 : AssetManager : Registering Asset: charge, File: charge.ogg, Default Group: sfx, Final Config: {'load': 'preload', 'track': 'sfx', 'file': 'C:\\Users\\Wilder\\zelda\\sounds\\sfx\\charge.ogg'}
2019-04-30 17:46:02,376 : AssetManager : Registering Asset: chargeshot, File: chargeshot.ogg, Default Group: sfx, Final Config: {'load': 'preload', 'track': 'sfx', 'file': 'C:\\Users\\Wilder\\zelda\\sounds\\sfx\\chargeshot.ogg'}
2019-04-30 17:46:02,376 : AssetManager : Registering Asset: dash, File: dash.ogg, Default Group: sfx, Final Config: {'load': 'preload', 'track': 'sfx', 'file': 'C:\\Users\\Wilder\\zelda\\sounds\\sfx\\dash.ogg'}
2019-04-30 17:46:02,376 : AssetManager : Registering Asset: doubledoor, File: doubledoor.ogg, Default Group: sfx, Final Config: {'load': 'preload', 'track': 'sfx', 'file': 'C:\\Users\\Wilder\\zelda\\sounds\\sfx\\doubledoor.ogg'}
2019-04-30 17:46:02,376 : AssetManager : Registering Asset: enemykill, File: enemykill.ogg, Default Group: sfx, Final Config: {'load': 'preload', 'track': 'sfx', 'file': 'C:\\Users\\Wilder\\zelda\\sounds\\sfx\\enemykill.ogg'}
2019-04-30 17:46:02,376 : AssetManager : Registering Asset: error, File: error.ogg, Default Group: sfx, Final Config: {'load': 'preload', 'track': 'sfx', 'file': 'C:\\Users\\Wilder\\zelda\\sounds\\sfx\\error.ogg'}
2019-04-30 17:46:02,377 : AssetManager : Registering Asset: extraballsfx, File: extraballsfx.ogg, Default Group: sfx, Final Config: {'load': 'preload', 'track': 'sfx', 'file': 'C:\\Users\\Wilder\\zelda\\sounds\\sfx\\extraballsfx.ogg'}
2019-04-30 17:46:02,377 : AssetManager : Registering Asset: fireball, File: fireball.ogg, Default Group: sfx, Final Config: {'load': 'preload', 'track': 'sfx', 'file': 'C:\\Users\\Wilder\\zelda\\sounds\\sfx\\fireball.ogg'}
2019-04-30 17:46:02,377 : AssetManager : Registering Asset: heart, File: heart.ogg, Default Group: sfx, Final Config: {'load': 'preload', 'track': 'sfx', 'file': 'C:\\Users\\Wilder\\zelda\\sounds\\sfx\\heart.ogg'}
2019-04-30 17:46:02,377 : AssetManager : Registering Asset: heart_piece_sfx, File: heart_piece_sfx.ogg, Default Group: sfx, Final Config: {'load': 'preload', 'track': 'sfx', 'file': 'C:\\Users\\Wilder\\zelda\\sounds\\sfx\\heart_piece_sfx.ogg'}
2019-04-30 17:46:02,377 : AssetManager : Registering Asset: inlanefx, File: inlanefx.ogg, Default Group: sfx, Final Config: {'load': 'preload', 'track': 'sfx', 'file': 'C:\\Users\\Wilder\\zelda\\sounds\\sfx\\inlanefx.ogg'}
2019-04-30 17:46:02,377 : AssetManager : Registering Asset: jets, File: jets.ogg, Default Group: sfx, Final Config: {'load': 'preload', 'track': 'sfx', 'file': 'C:\\Users\\Wilder\\zelda\\sounds\\sfx\\jets.ogg'}
2019-04-30 17:46:02,377 : AssetManager : Registering Asset: key, File: key.ogg, Default Group: sfx, Final Config: {'load': 'preload', 'track': 'sfx', 'file': 'C:\\Users\\Wilder\\zelda\\sounds\\sfx\\key.ogg'}
2019-04-30 17:46:02,377 : AssetManager : Registering Asset: light_world_finished, File: light_world_finished.ogg, Default Group: sfx, Final Config: {'load': 'preload', 'track': 'sfx', 'file': 'C:\\Users\\Wilder\\zelda\\sounds\\sfx\\light_world_finished.ogg'}
2019-04-30 17:46:02,378 : AssetManager : Registering Asset: linkfall, File: linkfall.ogg, Default Group: sfx, Final Config: {'load': 'preload', 'track': 'sfx', 'file': 'C:\\Users\\Wilder\\zelda\\sounds\\sfx\\linkfall.ogg'}
2019-04-30 17:46:02,378 : AssetManager : Registering Asset: linkhurt1, File: linkhurt1.ogg, Default Group: sfx, Final Config: {'load': 'preload', 'track': 'sfx', 'volume': 0.7, 'file': 'C:\\Users\\Wilder\\zelda\\sounds\\sfx\\linkhurt1.ogg'}
2019-04-30 17:46:02,378 : AssetManager : Registering Asset: linkhurt2, File: linkhurt2.ogg, Default Group: sfx, Final Config: {'load': 'preload', 'track': 'sfx', 'volume': 0.7, 'file': 'C:\\Users\\Wilder\\zelda\\sounds\\sfx\\linkhurt2.ogg'}
2019-04-30 17:46:02,378 : AssetManager : Registering Asset: linkhurt3, File: linkhurt3.ogg, Default Group: sfx, Final Config: {'load': 'preload', 'track': 'sfx', 'volume': 0.7, 'file': 'C:\\Users\\Wilder\\zelda\\sounds\\sfx\\linkhurt3.ogg'}
2019-04-30 17:46:02,378 : AssetManager : Registering Asset: link_dying, File: link_dying.ogg, Default Group: sfx, Final Config: {'load': 'preload', 'track': 'sfx', 'file': 'C:\\Users\\Wilder\\zelda\\sounds\\sfx\\link_dying.ogg'}
2019-04-30 17:46:02,378 : AssetManager : Registering Asset: lost_woods_correct, File: lost_woods_correct.ogg, Default Group: sfx, Final Config: {'load': 'preload', 'track': 'sfx', 'file': 'C:\\Users\\Wilder\\zelda\\sounds\\sfx\\lost_woods_correct.ogg'}
2019-04-30 17:46:02,378 : AssetManager : Registering Asset: low_health, File: low_health.ogg, Default Group: sfx, Final Config: {'load': 'preload', 'track': 'sfx', 'file': 'C:\\Users\\Wilder\\zelda\\sounds\\sfx\\low_health.ogg'}
2019-04-30 17:46:02,379 : AssetManager : Registering Asset: magic, File: magic.ogg, Default Group: sfx, Final Config: {'load': 'preload', 'track': 'sfx', 'file': 'C:\\Users\\Wilder\\zelda\\sounds\\sfx\\magic.ogg'}
2019-04-30 17:46:02,379 : AssetManager : Registering Asset: master_sword_fanfare, File: master_sword_fanfare.ogg, Default Group: sfx, Final Config: {'load': 'preload', 'track': 'sfx', 'file': 'C:\\Users\\Wilder\\zelda\\sounds\\sfx\\master_sword_fanfare.ogg'}
2019-04-30 17:46:02,379 : AssetManager : Registering Asset: menu_cursor, File: menu_cursor.ogg, Default Group: sfx, Final Config: {'load': 'preload', 'track': 'sfx', 'file': 'C:\\Users\\Wilder\\zelda\\sounds\\sfx\\menu_cursor.ogg'}
2019-04-30 17:46:02,379 : AssetManager : Registering Asset: menu_select, File: menu_select.ogg, Default Group: sfx, Final Config: {'load': 'preload', 'track': 'sfx', 'file': 'C:\\Users\\Wilder\\zelda\\sounds\\sfx\\menu_select.ogg'}
2019-04-30 17:46:02,379 : AssetManager : Registering Asset: rat, File: rat.ogg, Default Group: sfx, Final Config: {'load': 'preload', 'track': 'sfx', 'file': 'C:\\Users\\Wilder\\zelda\\sounds\\sfx\\rat.ogg'}
2019-04-30 17:46:02,379 : AssetManager : Registering Asset: rupeesfx, File: rupeesfx.ogg, Default Group: sfx, Final Config: {'load': 'preload', 'track': 'sfx', 'file': 'C:\\Users\\Wilder\\zelda\\sounds\\sfx\\rupeesfx.ogg'}
2019-04-30 17:46:02,379 : AssetManager : Registering Asset: shatter, File: shatter.ogg, Default Group: sfx, Final Config: {'load': 'preload', 'track': 'sfx', 'file': 'C:\\Users\\Wilder\\zelda\\sounds\\sfx\\shatter.ogg'}
2019-04-30 17:46:02,379 : AssetManager : Registering Asset: slide_txt_sfx, File: slide_txt_sfx.ogg, Default Group: sfx, Final Config: {'load': 'preload', 'track': 'sfx', 'file': 'C:\\Users\\Wilder\\zelda\\sounds\\sfx\\slide_txt_sfx.ogg'}
2019-04-30 17:46:02,380 : AssetManager : Registering Asset: slingshot, File: slingshot.ogg, Default Group: sfx, Final Config: {'load': 'preload', 'track': 'sfx', 'file': 'C:\\Users\\Wilder\\zelda\\sounds\\sfx\\slingshot.ogg'}
2019-04-30 17:46:02,380 : AssetManager : Registering Asset: sword1, File: sword1.ogg, Default Group: sfx, Final Config: {'load': 'preload', 'track': 'sfx', 'file': 'C:\\Users\\Wilder\\zelda\\sounds\\sfx\\sword1.ogg'}
2019-04-30 17:46:02,380 : AssetManager : Registering Asset: sword2, File: sword2.ogg, Default Group: sfx, Final Config: {'load': 'preload', 'track': 'sfx', 'file': 'C:\\Users\\Wilder\\zelda\\sounds\\sfx\\sword2.ogg'}
2019-04-30 17:46:02,380 : AssetManager : Registering Asset: swordsilence, File: swordsilence.ogg, Default Group: sfx, Final Config: {'load': 'preload', 'track': 'sfx', 'file': 'C:\\Users\\Wilder\\zelda\\sounds\\sfx\\swordsilence.ogg'}
2019-04-30 17:46:02,380 : AssetManager : Registering Asset: treasure_sfx, File: treasure_sfx.ogg, Default Group: sfx, Final Config: {'load': 'preload', 'track': 'sfx', 'file': 'C:\\Users\\Wilder\\zelda\\sounds\\sfx\\treasure_sfx.ogg'}
2019-04-30 17:46:02,380 : AssetManager : Registering Asset: treasure_sfx2, File: treasure_sfx2.ogg, Default Group: sfx, Final Config: {'load': 'preload', 'track': 'sfx', 'file': 'C:\\Users\\Wilder\\zelda\\sounds\\sfx\\treasure_sfx2.ogg'}
2019-04-30 17:46:02,380 : AssetManager : Registering Asset: waterwalk, File: waterwalk.ogg, Default Group: sfx, Final Config: {'load': 'preload', 'track': 'sfx', 'file': 'C:\\Users\\Wilder\\zelda\\sounds\\sfx\\waterwalk.ogg'}
2019-04-30 17:46:02,381 : AssetManager : Registering Asset: worldwarp, File: worldwarp.ogg, Default Group: sfx, Final Config: {'load': 'preload', 'track': 'sfx', 'file': 'C:\\Users\\Wilder\\zelda\\sounds\\sfx\\worldwarp.ogg'}
2019-04-30 17:46:02,409 : EventManager : Event: ======'init_phase_4'====== Args={}
2019-04-30 17:46:02,409 : EventManager : Event: ======'init_phase_5'====== Args={}
2019-04-30 17:46:02,410 : mpfmc : Clearing boot hold init. Holds remaining: {'assets'}
2019-04-30 17:46:02,426 : kivy : ImageSDL2: Load <C:\Users\Wilder\zelda\images\capex.png>
2019-04-30 17:46:02,428 : kivy : ImageSDL2: Load <C:\Users\Wilder\zelda\images\byrna_circle.png>
2019-04-30 17:46:02,432 : kivy : VideoGstplayer: Load <C:\Users\Wilder\zelda\videos\confrontagahnim.mp4>
2019-04-30 17:46:02,446 : EventManager : Event: ======'loading_assets'====== Args={'total': 176, 'loaded': 1, 'remaining': 175, 'percent': 1}
2019-04-30 17:46:02,446 : AssetManager : Loading assets: 1/176 (1%)
2019-04-30 17:46:02,446 : kivy : ImageSDL2: Load <C:\Users\Wilder\zelda\images\byrnax.png>
2019-04-30 17:46:02,446 : kivy : VideoGstplayer: Load <C:\Users\Wilder\zelda\videos\castlestairs.mp4>
2019-04-30 17:46:02,448 : kivy : VideoGstplayer: Load <C:\Users\Wilder\zelda\videos\bowfound.mp4>
2019-04-30 17:46:02,449 : kivy : ImageSDL2: Load <C:\Users\Wilder\zelda\images\bow_circle.png>
2019-04-30 17:46:02,450 : kivy : VideoGstplayer: Load <C:\Users\Wilder\zelda\videos\boomerangfound.mp4>
2019-04-30 17:46:02,451 : kivy : ImageSDL2: Load <C:\Users\Wilder\zelda\images\bowx.png>
2019-04-30 17:46:02,451 : kivy : VideoGstplayer: Load <C:\Users\Wilder\zelda\videos\bombblastvideo.mp4>
2019-04-30 17:46:02,452 : kivy : ImageSDL2: Load <C:\Users\Wilder\zelda\images\titanmitt_circle.png>
2019-04-30 17:46:02,454 : kivy : VideoGstplayer: Load <C:\Users\Wilder\zelda\videos\attractvideo.mp4>
2019-04-30 17:46:02,455 : kivy : VideoGstplayer: Load <C:\Users\Wilder\zelda\videos\redshieldvideo.mp4>
2019-04-30 17:46:02,455 : kivy : ImageSDL2: Load <C:\Users\Wilder\zelda\images\boomerang_circle.png>
2019-04-30 17:46:02,456 : kivy : VideoGstplayer: Load <C:\Users\Wilder\zelda\videos\bluemailvideo.mp4>
2019-04-30 17:46:02,457 : kivy : VideoGstplayer: Load <C:\Users\Wilder\zelda\videos\flippervideo.mp4>
2019-04-30 17:46:02,457 : kivy : ImageSDL2: Load <C:\Users\Wilder\zelda\images\titanmittx.png>
2019-04-30 17:46:02,458 : kivy : VideoGstplayer: Load <C:\Users\Wilder\zelda\videos\hammervideo.mp4>
2019-04-30 17:46:02,459 : kivy : ImageSDL2: Load <C:\Users\Wilder\zelda\images\somaria_circle.png>
2019-04-30 17:46:02,459 : kivy : VideoGstplayer: Load <C:\Users\Wilder\zelda\videos\hookshotvideo.mp4>
2019-04-30 17:46:02,461 : kivy : ImageSDL2: Load <C:\Users\Wilder\zelda\images\somariax.png>
2019-04-30 17:46:02,461 : kivy : VideoGstplayer: Load <C:\Users\Wilder\zelda\videos\mirrorvideo.mp4>
2019-04-30 17:46:02,462 : kivy : VideoGstplayer: Load <C:\Users\Wilder\zelda\videos\5waycombovideo.mp4>
2019-04-30 17:46:02,463 : kivy : VideoGstplayer: Load <C:\Users\Wilder\zelda\videos\maiden7.mp4>
2019-04-30 17:46:02,463 : kivy : ImageSDL2: Load <C:\Users\Wilder\zelda\images\shop_slide.png>
2019-04-30 17:46:02,600 : kivy : VideoGstplayer: Load <C:\Users\Wilder\zelda\videos\maiden6.mp4>
2019-04-30 17:46:02,601 : kivy : VideoGstplayer: Load <C:\Users\Wilder\zelda\videos\maiden5.mp4>
2019-04-30 17:46:02,602 : kivy : VideoGstplayer: Load <C:\Users\Wilder\zelda\videos\maiden4.mp4>
2019-04-30 17:46:02,602 : kivy : VideoGstplayer: Load <C:\Users\Wilder\zelda\videos\maiden3.mp4>
2019-04-30 17:46:02,603 : kivy : VideoGstplayer: Load <C:\Users\Wilder\zelda\videos\maiden2.mp4>
2019-04-30 17:46:02,603 : kivy : ImageSDL2: Load <C:\Users\Wilder\zelda\images\redshield_circle.png>
2019-04-30 17:46:02,603 : kivy : VideoGstplayer: Load <C:\Users\Wilder\zelda\videos\maiden1.mp4>
2019-04-30 17:46:02,605 : kivy : VideoGstplayer: Load <C:\Users\Wilder\zelda\videos\dungeon7boss.mp4>
2019-04-30 17:46:02,605 : kivy : VideoGstplayer: Load <C:\Users\Wilder\zelda\videos\dungeon6boss.mp4>
2019-04-30 17:46:02,606 : kivy : ImageSDL2: Load <C:\Users\Wilder\zelda\images\redshieldx.png>
2019-04-30 17:46:02,606 : kivy : VideoGstplayer: Load <C:\Users\Wilder\zelda\videos\dungeon5boss.mp4>
2019-04-30 17:46:02,607 : kivy : VideoGstplayer: Load <C:\Users\Wilder\zelda\videos\dungeon4boss.mp4>
2019-04-30 17:46:02,608 : kivy : ImageSDL2: Load <C:\Users\Wilder\zelda\images\redmail_circle.png>
2019-04-30 17:46:02,608 : kivy : VideoGstplayer: Load <C:\Users\Wilder\zelda\videos\dungeon3boss.mp4>
2019-04-30 17:46:02,609 : kivy : VideoGstplayer: Load <C:\Users\Wilder\zelda\videos\dungeon2boss.mp4>
2019-04-30 17:46:02,610 : kivy : VideoGstplayer: Load <C:\Users\Wilder\zelda\videos\dungeon1boss.mp4>
2019-04-30 17:46:02,610 : kivy : ImageSDL2: Load <C:\Users\Wilder\zelda\images\redmailx.png>
2019-04-30 17:46:02,610 : kivy : VideoGstplayer: Load <C:\Users\Wilder\zelda\videos\darkworldstart.mp4>
2019-04-30 17:46:02,612 : kivy : VideoGstplayer: Load <C:\Users\Wilder\zelda\videos\agahnimdefeatedvideo.mp4>
2019-04-30 17:46:02,612 : kivy : ImageSDL2: Load <C:\Users\Wilder\zelda\images\mpf_logo.png>
2019-04-30 17:46:02,623 : kivy : VideoGstplayer: Load <C:\Users\Wilder\zelda\videos\agahnimhitvideo.mp4>
2019-04-30 17:46:02,624 : kivy : VideoGstplayer: Load <C:\Users\Wilder\zelda\videos\agahnimstrikevideo.mp4>
2019-04-30 17:46:02,624 : kivy : ImageSDL2: Load <C:\Users\Wilder\zelda\images\moonpearl_circle.png>
2019-04-30 17:46:02,625 : kivy : VideoGstplayer: Load <confrontagahnim>
2019-04-30 17:46:02,626 : kivy : ImageSDL2: Load <C:\Users\Wilder\zelda\images\boomerangx.png>
2019-04-30 17:46:02,627 : kivy : VideoGstplayer: Load <masterswordpulled>
2019-04-30 17:46:02,627 : kivy : VideoGstplayer: Load <mode3progress3>
2019-04-30 17:46:02,628 : kivy : VideoGstplayer: Load <mode3progress1>
2019-04-30 17:46:02,628 : kivy : ImageSDL2: Load <C:\Users\Wilder\zelda\images\moonpearlx.png>
2019-04-30 17:46:02,629 : kivy : VideoGstplayer: Load <mode3startmovie>
2019-04-30 17:46:02,630 : kivy : ImageSDL2: Load <C:\Users\Wilder\zelda\images\mirror_circle.png>
2019-04-30 17:46:02,631 : kivy : VideoGstplayer: Load <pendant3found>
2019-04-30 17:46:02,631 : kivy : ImageSDL2: Load <C:\Users\Wilder\zelda\images\mirrorx.png>
2019-04-30 17:46:02,632 : kivy : VideoGstplayer: Load <C:\Users\Wilder\zelda\videos\boss3progress2.mp4>
2019-04-30 17:46:02,633 : kivy : ImageSDL2: Load <C:\Users\Wilder\zelda\images\mirrorshield_circle.png>
2019-04-30 17:46:02,634 : kivy : VideoGstplayer: Load <C:\Users\Wilder\zelda\videos\boss3progress1.mp4>
2019-04-30 17:46:02,635 : kivy : ImageSDL2: Load <C:\Users\Wilder\zelda\images\mirrorshieldx.png>
2019-04-30 17:46:02,636 : kivy : VideoGstplayer: Load <pendant2found>
2019-04-30 17:46:02,636 : kivy : ImageSDL2: Load <C:\Users\Wilder\zelda\images\lampx.png>
2019-04-30 17:46:02,637 : kivy : VideoGstplayer: Load <C:\Users\Wilder\zelda\videos\boss2progress2.mp4>
2019-04-30 17:46:02,637 : kivy : ImageSDL2: Load <C:\Users\Wilder\zelda\images\hookshot_circle.png>
2019-04-30 17:46:02,639 : kivy : VideoGstplayer: Load <C:\Users\Wilder\zelda\videos\boss2progress1.mp4>
2019-04-30 17:46:02,639 : kivy : ImageSDL2: Load <C:\Users\Wilder\zelda\images\hookshotx.png>
2019-04-30 17:46:02,640 : kivy : VideoGstplayer: Load <pendant1found>
2019-04-30 17:46:02,641 : kivy : ImageSDL2: Load <C:\Users\Wilder\zelda\images\heartimage.png>
2019-04-30 17:46:02,648 : kivy : VideoGstplayer: Load <C:\Users\Wilder\zelda\videos\boss1progress2.mp4>
2019-04-30 17:46:02,649 : kivy : VideoGstplayer: Load <C:\Users\Wilder\zelda\videos\boss1progress1.mp4>
2019-04-30 17:46:02,650 : kivy : ImageSDL2: Load <C:\Users\Wilder\zelda\images\hammer_circle.png>
2019-04-30 17:46:02,651 : kivy : VideoGstplayer: Load <linkdyingvideo>
2019-04-30 17:46:02,652 : kivy : VideoGstplayer: Load <C:\Users\Wilder\zelda\videos\mode1finish.mp4>
2019-04-30 17:46:02,652 : kivy : ImageSDL2: Load <C:\Users\Wilder\zelda\images\bluemail_circle.png>
2019-04-30 17:46:02,654 : kivy : VideoGstplayer: Load <bomblastvideo>
2019-04-30 17:46:02,654 : kivy : ImageSDL2: Load <C:\Users\Wilder\zelda\images\hammerx.png>
2019-04-30 17:46:02,656 : kivy : VideoGstplayer: Load <extraball>
2019-04-30 17:46:02,656 : kivy : VideoGstplayer: Load <attractvideo>
2019-04-30 17:46:02,656 : kivy : ImageSDL2: Load <C:\Users\Wilder\zelda\images\flute_circle.png>
2019-04-30 17:46:02,658 : SoundAsset : Sound worldwarp loading to memory
2019-04-30 17:46:02,658 : kivy : VideoGstplayer: Load <moonpearlfound>
2019-04-30 17:46:02,671 : SoundMemoryFile : Loaded file: C:\Users\Wilder\zelda\sounds\sfx\worldwarp.ogg Sample duration: 3.946394557823129
2019-04-30 17:46:02,671 : SoundAsset : Sound waterwalk loading to memory
2019-04-30 17:46:02,672 : kivy : VideoGstplayer: Load <bowfound>
2019-04-30 17:46:02,674 : SoundMemoryFile : Loaded file: C:\Users\Wilder\zelda\sounds\sfx\waterwalk.ogg Sample duration: 0.26439909297052155
2019-04-30 17:46:02,675 : SoundAsset : Sound treasure_sfx2 loading to memory
2019-04-30 17:46:02,675 : kivy : VideoGstplayer: Load <boomerangfound>
2019-04-30 17:46:02,679 : SoundMemoryFile : Loaded file: C:\Users\Wilder\zelda\sounds\sfx\treasure_sfx2.ogg Sample duration: 1.5269387755102042
2019-04-30 17:46:02,679 : SoundAsset : Sound treasure_sfx loading to memory
2019-04-30 17:46:02,680 : kivy : VideoGstplayer: Load <mode1progression2>
2019-04-30 17:46:02,684 : SoundMemoryFile : Loaded file: C:\Users\Wilder\zelda\sounds\sfx\treasure_sfx.ogg Sample duration: 1.5269387755102042
2019-04-30 17:46:02,684 : SoundAsset : Sound swordsilence loading to memory
2019-04-30 17:46:02,684 : kivy : VideoGstplayer: Load <mode1progression>
2019-04-30 17:46:02,687 : SoundMemoryFile : Loaded file: C:\Users\Wilder\zelda\sounds\sfx\swordsilence.ogg Sample duration: 0.22412698412698412
2019-04-30 17:46:02,687 : SoundAsset : Sound sword2 loading to memory
2019-04-30 17:46:02,687 : kivy : VideoGstplayer: Load <zeldafound>
2019-04-30 17:46:02,690 : SoundMemoryFile : Loaded file: C:\Users\Wilder\zelda\sounds\sfx\sword2.ogg Sample duration: 0.18292517006802722
2019-04-30 17:46:02,690 : SoundAsset : Sound sword1 loading to memory
2019-04-30 17:46:02,690 : kivy : VideoGstplayer: Load <mode1chaseprogression>
2019-04-30 17:46:02,692 : SoundMemoryFile : Loaded file: C:\Users\Wilder\zelda\sounds\sfx\sword1.ogg Sample duration: 0.22412698412698412
2019-04-30 17:46:02,693 : kivy : VideoGstplayer: Load <castlestairs>
2019-04-30 17:46:02,694 : kivy : VideoGstplayer: Load <mode1startvideo>
2019-04-30 17:46:02,694 : kivy : ImageSDL2: Load <C:\Users\Wilder\zelda\images\flutex.png>
2019-04-30 17:46:02,695 : SoundAsset : Sound slingshot loading to memory
2019-04-30 17:46:02,696 : SoundAsset : Loaded worldwarp (Track sfx)
2019-04-30 17:46:02,698 : SoundMemoryFile : Loaded file: C:\Users\Wilder\zelda\sounds\sfx\slingshot.ogg Sample duration: 0.2806349206349206
2019-04-30 17:46:02,698 : SoundAsset : Loaded waterwalk (Track sfx)
2019-04-30 17:46:02,698 : SoundAsset : Sound slide_txt_sfx loading to memory
2019-04-30 17:46:02,698 : SoundAsset : Loaded treasure_sfx2 (Track sfx)
2019-04-30 17:46:02,703 : SoundAsset : Loaded treasure_sfx (Track sfx)
2019-04-30 17:46:02,703 : SoundMemoryFile : Loaded file: C:\Users\Wilder\zelda\sounds\sfx\slide_txt_sfx.ogg Sample duration: 0.5746938775510204
2019-04-30 17:46:02,703 : SoundAsset : Loaded swordsilence (Track sfx)
2019-04-30 17:46:02,703 : SoundAsset : Sound shatter loading to memory
2019-04-30 17:46:02,704 : SoundAsset : Loaded sword2 (Track sfx)
2019-04-30 17:46:02,706 : SoundMemoryFile : Loaded file: C:\Users\Wilder\zelda\sounds\sfx\shatter.ogg Sample duration: 0.5508843537414966
2019-04-30 17:46:02,707 : SoundAsset : Loaded sword1 (Track sfx)
2019-04-30 17:46:02,707 : SoundAsset : Sound rupeesfx loading to memory
2019-04-30 17:46:02,707 : SoundAsset : Loaded slingshot (Track sfx)
2019-04-30 17:46:02,709 : SoundMemoryFile : Loaded file: C:\Users\Wilder\zelda\sounds\sfx\rupeesfx.ogg Sample duration: 0.3740136054421769
2019-04-30 17:46:02,709 : SoundAsset : Loaded slide_txt_sfx (Track sfx)
2019-04-30 17:46:02,709 : SoundAsset : Sound rat loading to memory
2019-04-30 17:46:02,709 : SoundAsset : Loaded shatter (Track sfx)
2019-04-30 17:46:02,711 : SoundMemoryFile : Loaded file: C:\Users\Wilder\zelda\sounds\sfx\rat.ogg Sample duration: 0.34877551020408165
2019-04-30 17:46:02,711 : SoundAsset : Loaded rupeesfx (Track sfx)
2019-04-30 17:46:02,712 : SoundAsset : Sound menu_select loading to memory
2019-04-30 17:46:02,712 : SoundAsset : Loaded rat (Track sfx)
2019-04-30 17:46:02,714 : SoundMemoryFile : Loaded file: C:\Users\Wilder\zelda\sounds\sfx\menu_select.ogg Sample duration: 0.5474829931972789
2019-04-30 17:46:02,718 : SoundAsset : Sound menu_cursor loading to memory
2019-04-30 17:46:02,720 : SoundMemoryFile : Loaded file: C:\Users\Wilder\zelda\sounds\sfx\menu_cursor.ogg Sample duration: 0.2163718820861678
2019-04-30 17:46:02,720 : SoundAsset : Sound master_sword_fanfare loading to memory
2019-04-30 17:46:02,771 : SoundAsset : Loaded menu_select (Track sfx)
2019-04-30 17:46:02,772 : EventManager : Event: ======'loading_assets'====== Args={'total': 176, 'loaded': 104, 'remaining': 72, 'percent': 59}
2019-04-30 17:46:02,772 : AssetManager : Loading assets: 104/176 (59%)
2019-04-30 17:46:02,772 : SoundAsset : Loaded menu_cursor (Track sfx)
2019-04-30 17:46:02,775 : SoundMemoryFile : Loaded file: C:\Users\Wilder\zelda\sounds\sfx\master_sword_fanfare.ogg Sample duration: 15.191269841269841
2019-04-30 17:46:02,775 : SoundAsset : Sound magic loading to memory
2019-04-30 17:46:02,777 : SoundMemoryFile : Loaded file: C:\Users\Wilder\zelda\sounds\sfx\magic.ogg Sample duration: 0.37056689342403626
2019-04-30 17:46:02,777 : SoundAsset : Sound low_health loading to memory
2019-04-30 17:46:02,779 : SoundMemoryFile : Loaded file: C:\Users\Wilder\zelda\sounds\sfx\low_health.ogg Sample duration: 0.5415419501133787
2019-04-30 17:46:02,779 : kivy : ImageSDL2: Load <C:\Users\Wilder\zelda\images\flipper_circle.png>
2019-04-30 17:46:02,780 : SoundAsset : Sound lost_woods_correct loading to memory
2019-04-30 17:46:02,783 : SoundMemoryFile : Loaded file: C:\Users\Wilder\zelda\sounds\sfx\lost_woods_correct.ogg Sample duration: 0.9622222222222222
2019-04-30 17:46:02,783 : SoundAsset : Sound link_dying loading to memory
2019-04-30 17:46:02,786 : SoundMemoryFile : Loaded file: C:\Users\Wilder\zelda\sounds\sfx\link_dying.ogg Sample duration: 1.3303401360544218
2019-04-30 17:46:02,786 : SoundAsset : Sound linkfall loading to memory
2019-04-30 17:46:02,787 : SoundMemoryFile : Loaded file: C:\Users\Wilder\zelda\sounds\sfx\linkfall.ogg Sample duration: 0.3858503401360544
2019-04-30 17:46:02,788 : SoundAsset : Sound light_world_finished loading to memory
2019-04-30 17:46:02,845 : SoundAsset : Loaded master_sword_fanfare (Track sfx)
2019-04-30 17:46:02,845 : SoundAsset : Loaded magic (Track sfx)
2019-04-30 17:46:02,845 : SoundAsset : Loaded low_health (Track sfx)
2019-04-30 17:46:02,845 : SoundAsset : Loaded lost_woods_correct (Track sfx)
2019-04-30 17:46:02,846 : SoundAsset : Loaded link_dying (Track sfx)
2019-04-30 17:46:02,846 : SoundAsset : Loaded linkfall (Track sfx)
2019-04-30 17:46:02,849 : SoundMemoryFile : Loaded file: C:\Users\Wilder\zelda\sounds\sfx\light_world_finished.ogg Sample duration: 16.718367346938777
2019-04-30 17:46:02,849 : SoundAsset : Sound key loading to memory
2019-04-30 17:46:02,851 : SoundMemoryFile : Loaded file: C:\Users\Wilder\zelda\sounds\sfx\key.ogg Sample duration: 1.0602721088435374
2019-04-30 17:46:02,851 : SoundAsset : Sound jets loading to memory
2019-04-30 17:46:02,854 : SoundMemoryFile : Loaded file: C:\Users\Wilder\zelda\sounds\sfx\jets.ogg Sample duration: 0.5682086167800453
2019-04-30 17:46:02,855 : SoundAsset : Sound inlanefx loading to memory
2019-04-30 17:46:02,857 : SoundMemoryFile : Loaded file: C:\Users\Wilder\zelda\sounds\sfx\inlanefx.ogg Sample duration: 0.2220408163265306
2019-04-30 17:46:02,857 : SoundAsset : Sound heart_piece_sfx loading to memory
2019-04-30 17:46:02,859 : SoundMemoryFile : Loaded file: C:\Users\Wilder\zelda\sounds\sfx\heart_piece_sfx.ogg Sample duration: 1.065170068027211
2019-04-30 17:46:02,859 : SoundAsset : Sound heart loading to memory
2019-04-30 17:46:02,861 : SoundMemoryFile : Loaded file: C:\Users\Wilder\zelda\sounds\sfx\heart.ogg Sample duration: 0.21551020408163266
2019-04-30 17:46:02,861 : SoundAsset : Loaded light_world_finished (Track sfx)
2019-04-30 17:46:02,862 : SoundAsset : Loaded key (Track sfx)
2019-04-30 17:46:02,862 : SoundAsset : Loaded jets (Track sfx)
2019-04-30 17:46:02,862 : SoundAsset : Loaded inlanefx (Track sfx)
2019-04-30 17:46:02,862 : SoundAsset : Loaded heart_piece_sfx (Track sfx)
2019-04-30 17:46:02,862 : SoundAsset : Loaded heart (Track sfx)
2019-04-30 17:46:02,862 : SoundAsset : Sound fireball loading to memory
2019-04-30 17:46:02,865 : SoundMemoryFile : Loaded file: C:\Users\Wilder\zelda\sounds\sfx\fireball.ogg Sample duration: 0.7226530612244898
2019-04-30 17:46:02,865 : kivy : ImageSDL2: Load <C:\Users\Wilder\zelda\images\flipperx.png>
2019-04-30 17:46:02,866 : SoundAsset : Sound extraballsfx loading to memory
2019-04-30 17:46:02,870 : SoundMemoryFile : Loaded file: C:\Users\Wilder\zelda\sounds\sfx\extraballsfx.ogg Sample duration: 1.833015873015873
2019-04-30 17:46:02,870 : SoundAsset : Sound error loading to memory
2019-04-30 17:46:02,872 : SoundMemoryFile : Loaded file: C:\Users\Wilder\zelda\sounds\sfx\error.ogg Sample duration: 0.573968253968254
2019-04-30 17:46:02,873 : SoundAsset : Loaded fireball (Track sfx)
2019-04-30 17:46:02,873 : SoundAsset : Sound enemykill loading to memory
2019-04-30 17:46:02,873 : SoundAsset : Loaded extraballsfx (Track sfx)
2019-04-30 17:46:02,873 : SoundAsset : Loaded error (Track sfx)
2019-04-30 17:46:02,876 : SoundMemoryFile : Loaded file: C:\Users\Wilder\zelda\sounds\sfx\enemykill.ogg Sample duration: 0.5157369614512471
2019-04-30 17:46:02,879 : SoundAsset : Sound doubledoor loading to memory
2019-04-30 17:46:02,881 : SoundMemoryFile : Loaded file: C:\Users\Wilder\zelda\sounds\sfx\doubledoor.ogg Sample duration: 0.4728344671201814
2019-04-30 17:46:02,881 : SoundAsset : Sound dash loading to memory
2019-04-30 17:46:02,883 : SoundMemoryFile : Loaded file: C:\Users\Wilder\zelda\sounds\sfx\dash.ogg Sample duration: 0.13365079365079366
2019-04-30 17:46:02,883 : SoundAsset : Sound chargeshot loading to memory
2019-04-30 17:46:02,886 : SoundMemoryFile : Loaded file: C:\Users\Wilder\zelda\sounds\sfx\chargeshot.ogg Sample duration: 0.38562358276643993
2019-04-30 17:46:02,886 : SoundAsset : Loaded enemykill (Track sfx)
2019-04-30 17:46:02,886 : SoundAsset : Sound charge loading to memory
2019-04-30 17:46:02,886 : SoundAsset : Loaded doubledoor (Track sfx)
2019-04-30 17:46:02,888 : SoundMemoryFile : Loaded file: C:\Users\Wilder\zelda\sounds\sfx\charge.ogg Sample duration: 0.33337868480725624
2019-04-30 17:46:02,889 : SoundAsset : Loaded dash (Track sfx)
2019-04-30 17:46:02,889 : SoundAsset : Sound cannonball loading to memory
2019-04-30 17:46:02,889 : SoundAsset : Loaded chargeshot (Track sfx)
2019-04-30 17:46:02,891 : SoundMemoryFile : Loaded file: C:\Users\Wilder\zelda\sounds\sfx\cannonball.ogg Sample duration: 0.3093877551020408
2019-04-30 17:46:02,891 : SoundAsset : Loaded charge (Track sfx)
2019-04-30 17:46:02,891 : SoundAsset : Sound bomb_spots_item loading to memory
2019-04-30 17:46:02,891 : SoundAsset : Loaded cannonball (Track sfx)
2019-04-30 17:46:02,900 : SoundMemoryFile : Loaded file: C:\Users\Wilder\zelda\sounds\sfx\bomb_spots_item.ogg Sample duration: 2.0114285714285716
2019-04-30 17:46:02,900 : SoundAsset : Sound agahnim_dash loading to memory
2019-04-30 17:46:02,905 : SoundMemoryFile : Loaded file: C:\Users\Wilder\zelda\sounds\sfx\agahnim_dash.ogg Sample duration: 1.815328798185941
2019-04-30 17:46:02,905 : kivy : ImageSDL2: Load <C:\Users\Wilder\zelda\images\fast_logo.jpg>
2019-04-30 17:46:02,953 : SoundAsset : Loaded bomb_spots_item (Track sfx)
2019-04-30 17:46:02,953 : SoundAsset : Sound agahnim_charge loading to memory
2019-04-30 17:46:02,953 : SoundAsset : Loaded agahnim_dash (Track sfx)
2019-04-30 17:46:02,960 : SoundMemoryFile : Loaded file: C:\Users\Wilder\zelda\sounds\sfx\agahnim_charge.ogg Sample duration: 1.6138095238095238
2019-04-30 17:46:02,960 : SoundAsset : Sound town_music loading to memory
2019-04-30 17:46:02,961 : SoundAsset : Loaded agahnim_charge (Track sfx)
2019-04-30 17:46:03,289 : SoundMemoryFile : Loaded file: C:\Users\Wilder\zelda\sounds\music\town_music.ogg Sample duration: 89.83510204081632
2019-04-30 17:46:03,290 : SoundAsset : Sound timeoffalling loading to memory
2019-04-30 17:46:04,230 : SoundAsset : Loaded town_music (Track music)
2019-04-30 17:46:04,230 : EventManager : Event: ======'loading_assets'====== Args={'total': 176, 'loaded': 133, 'remaining': 43, 'percent': 76}
2019-04-30 17:46:04,230 : AssetManager : Loading assets: 133/176 (76%)
2019-04-30 17:46:04,233 : SoundMemoryFile : Loaded file: C:\Users\Wilder\zelda\sounds\music\timeoffalling.ogg Sample duration: 251.01732426303855
2019-04-30 17:46:04,234 : SoundAsset : Sound rainout loading to memory
2019-04-30 17:46:04,246 : SoundMemoryFile : Loaded file: C:\Users\Wilder\zelda\sounds\music\rainout.ogg Sample duration: 5.322176870748299
2019-04-30 17:46:04,246 : SoundAsset : Sound rainin loading to memory
2019-04-30 17:46:04,258 : SoundMemoryFile : Loaded file: C:\Users\Wilder\zelda\sounds\music\rainin.ogg Sample duration: 5.322993197278912
2019-04-30 17:46:04,258 : SoundAsset : Sound princess_zeldas_rescue loading to memory
2019-04-30 17:46:04,585 : SoundAsset : Loaded timeoffalling (Track music)
2019-04-30 17:46:04,585 : SoundMemoryFile : Loaded file: C:\Users\Wilder\zelda\sounds\music\princess_zeldas_rescue.ogg Sample duration: 93.32351473922903
2019-04-30 17:46:04,585 : EventManager : Event: ======'loading_assets'====== Args={'total': 176, 'loaded': 134, 'remaining': 42, 'percent': 76}
2019-04-30 17:46:04,585 : SoundAsset : Sound light_world_theme loading to memory
2019-04-30 17:46:04,585 : AssetManager : Loading assets: 134/176 (76%)
2019-04-30 17:46:04,585 : SoundAsset : Loaded rainout (Track music)
2019-04-30 17:46:05,338 : SoundAsset : Loaded rainin (Track music)
2019-04-30 17:46:05,338 : SoundMemoryFile : Loaded file: C:\Users\Wilder\zelda\sounds\music\light_world_theme.ogg Sample duration: 183.00666666666666
2019-04-30 17:46:05,339 : SoundAsset : Loaded princess_zeldas_rescue (Track music)
2019-04-30 17:46:05,339 : SoundAsset : Sound hyrulecastle loading to memory
2019-04-30 17:46:05,339 : SoundAsset : Loaded light_world_theme (Track music)
2019-04-30 17:46:06,248 : SoundMemoryFile : Loaded file: C:\Users\Wilder\zelda\sounds\music\hyrulecastle.ogg Sample duration: 245.14902494331065
2019-04-30 17:46:06,248 : SoundAsset : Sound highscore loading to memory
2019-04-30 17:46:06,432 : SoundAsset : Loaded hyrulecastle (Track music)
2019-04-30 17:46:06,432 : SoundMemoryFile : Loaded file: C:\Users\Wilder\zelda\sounds\music\highscore.ogg Sample duration: 48.03192743764173
2019-04-30 17:46:06,432 : SoundAsset : Sound ganonbattle loading to memory
2019-04-30 17:46:06,432 : EventManager : Event: ======'loading_assets'====== Args={'total': 176, 'loaded': 139, 'remaining': 37, 'percent': 79}
2019-04-30 17:46:08,406 : AssetManager : Loading assets: 139/176 (79%)
2019-04-30 17:46:08,406 : SoundAsset : Loaded highscore (Track music)
2019-04-30 17:46:08,412 : SoundMemoryFile : Loaded file: C:\Users\Wilder\zelda\sounds\music\ganonbattle.ogg Sample duration: 551.5493877551021
2019-04-30 17:46:08,413 : kivy : ImageSDL2: Load <C:\Users\Wilder\zelda\images\darkworld_instructional.png>
2019-04-30 17:46:08,427 : SoundAsset : Sound forest loading to memory
2019-04-30 17:46:09,309 : SoundAsset : Loaded ganonbattle (Track music)
2019-04-30 17:46:09,310 : EventManager : Event: ======'loading_assets'====== Args={'total': 176, 'loaded': 141, 'remaining': 35, 'percent': 80}
2019-04-30 17:46:09,310 : AssetManager : Loading assets: 141/176 (80%)
2019-04-30 17:46:09,313 : SoundMemoryFile : Loaded file: C:\Users\Wilder\zelda\sounds\music\forest.ogg Sample duration: 244.0112471655329
2019-04-30 17:46:09,313 : SoundAsset : Sound darkworld_rescue loading to memory
2019-04-30 17:46:09,624 : SoundAsset : Loaded forest (Track music)
2019-04-30 17:46:09,624 : SoundMemoryFile : Loaded file: C:\Users\Wilder\zelda\sounds\music\darkworld_rescue.ogg Sample duration: 83.10024943310657
2019-04-30 17:46:09,625 : EventManager : Event: ======'loading_assets'====== Args={'total': 176, 'loaded': 143, 'remaining': 33, 'percent': 81}
2019-04-30 17:46:09,625 : SoundAsset : Sound darkworld2 loading to memory
2019-04-30 17:46:09,625 : AssetManager : Loading assets: 143/176 (81%)
2019-04-30 17:46:09,625 : SoundAsset : Loaded darkworld_rescue (Track music)
2019-04-30 17:46:09,970 : SoundMemoryFile : Loaded file: C:\Users\Wilder\zelda\sounds\music\darkworld2.ogg Sample duration: 96.45507936507937
2019-04-30 17:46:09,971 : SoundAsset : Sound darkworld loading to memory
2019-04-30 17:46:09,971 : SoundAsset : Loaded darkworld2 (Track music)
2019-04-30 17:46:09,971 : EventManager : Event: ======'loading_assets'====== Args={'total': 176, 'loaded': 145, 'remaining': 31, 'percent': 82}
2019-04-30 17:46:10,397 : AssetManager : Loading assets: 145/176 (82%)
2019-04-30 17:46:10,397 : SoundMemoryFile : Loaded file: C:\Users\Wilder\zelda\sounds\music\darkworld.ogg Sample duration: 119.28922902494331
2019-04-30 17:46:10,400 : SoundAsset : Sound battle loading to memory
2019-04-30 17:46:10,401 : SoundAsset : Loaded darkworld (Track music)
2019-04-30 17:46:10,401 : EventManager : Event: ======'loading_assets'====== Args={'total': 176, 'loaded': 146, 'remaining': 30, 'percent': 83}
2019-04-30 17:46:12,059 : AssetManager : Loading assets: 146/176 (83%)
2019-04-30 17:46:12,065 : SoundMemoryFile : Loaded file: C:\Users\Wilder\zelda\sounds\music\battle.ogg Sample duration: 429.7689569160998
2019-04-30 17:46:12,065 : SoundAsset : Sound linkhurt3 loading to memory
2019-04-30 17:46:12,067 : SoundMemoryFile : Loaded file: C:\Users\Wilder\zelda\sounds\sfx\linkhurt3.ogg Sample duration: 0.2559863945578231
2019-04-30 17:46:12,067 : SoundAsset : Sound linkhurt2 loading to memory
2019-04-30 17:46:12,069 : SoundMemoryFile : Loaded file: C:\Users\Wilder\zelda\sounds\sfx\linkhurt2.ogg Sample duration: 0.2559863945578231
2019-04-30 17:46:12,069 : SoundAsset : Sound linkhurt1 loading to memory
2019-04-30 17:46:12,071 : SoundMemoryFile : Loaded file: C:\Users\Wilder\zelda\sounds\sfx\linkhurt1.ogg Sample duration: 0.22399092970521542
2019-04-30 17:46:12,072 : kivy : ImageSDL2: Load <C:\Users\Wilder\zelda\images\darkworldstoryslide.png>
2019-04-30 17:46:12,087 : kivy : ImageSDL2: Load <C:\Users\Wilder\zelda\images\circleselect.png>
2019-04-30 17:46:12,088 : kivy : ImageSDL2: Load <C:\Users\Wilder\zelda\images\cape_circle.png>
2019-04-30 17:46:12,089 : kivy : ImageSDL2: Load <C:\Users\Wilder\zelda\images\bluemailx.png>
2019-04-30 17:46:12,090 : SoundAsset : Loaded battle (Track music)
2019-04-30 17:46:12,090 : EventManager : Event: ======'loading_assets'====== Args={'total': 176, 'loaded': 147, 'remaining': 29, 'percent': 84}
2019-04-30 17:46:12,091 : AssetManager : Loading assets: 147/176 (84%)
2019-04-30 17:46:12,091 : SoundAsset : Loaded linkhurt3 (Track sfx)
2019-04-30 17:46:12,091 : SoundAsset : Loaded linkhurt2 (Track sfx)
2019-04-30 17:46:12,091 : SoundAsset : Loaded linkhurt1 (Track sfx)
2019-04-30 17:46:12,091 : kivy : VideoGstplayer: Load <C:\Users\Wilder\zelda\videos\zeldafound.mp4>
2019-04-30 17:46:12,092 : kivy : VideoGstplayer: Load <C:\Users\Wilder\zelda\videos\pendant3found.mp4>
2019-04-30 17:46:12,092 : kivy : VideoGstplayer: Load <C:\Users\Wilder\zelda\videos\pendant2found.mp4>
2019-04-30 17:46:12,092 : kivy : VideoGstplayer: Load <C:\Users\Wilder\zelda\videos\pendant1found.mp4>
2019-04-30 17:46:12,093 : kivy : VideoGstplayer: Load <C:\Users\Wilder\zelda\videos\moonpearlfound.mp4>
2019-04-30 17:46:12,093 : kivy : VideoGstplayer: Load <C:\Users\Wilder\zelda\videos\mode3startmovie.mp4>
2019-04-30 17:46:12,094 : kivy : VideoGstplayer: Load <C:\Users\Wilder\zelda\videos\mode3progress3.mp4>
2019-04-30 17:46:12,094 : kivy : VideoGstplayer: Load <C:\Users\Wilder\zelda\videos\mode3progress1.mp4>
2019-04-30 17:46:12,095 : kivy : VideoGstplayer: Load <C:\Users\Wilder\zelda\videos\mode1startvideo.mp4>
2019-04-30 17:46:12,095 : kivy : VideoGstplayer: Load <C:\Users\Wilder\zelda\videos\mode1progression2.mp4>
2019-04-30 17:46:12,096 : kivy : VideoGstplayer: Load <C:\Users\Wilder\zelda\videos\mode1progression.mp4>
2019-04-30 17:46:12,096 : kivy : VideoGstplayer: Load <C:\Users\Wilder\zelda\videos\mode1chaseprogression.mp4>
2019-04-30 17:46:12,096 : kivy : VideoGstplayer: Load <C:\Users\Wilder\zelda\videos\masterswordpulled.mp4>
2019-04-30 17:46:12,097 : kivy : VideoGstplayer: Load <C:\Users\Wilder\zelda\videos\linkdyingvideo.mp4>
2019-04-30 17:46:12,097 : kivy : VideoGstplayer: Load <C:\Users\Wilder\zelda\videos\ganontwirl.mp4>
2019-04-30 17:46:12,098 : kivy : VideoGstplayer: Load <C:\Users\Wilder\zelda\videos\ganonlane4.mp4>
2019-04-30 17:46:12,098 : kivy : VideoGstplayer: Load <C:\Users\Wilder\zelda\videos\ganonlane3.mp4>
2019-04-30 17:46:12,099 : kivy : VideoGstplayer: Load <C:\Users\Wilder\zelda\videos\ganonlane2.mp4>
2019-04-30 17:46:12,099 : kivy : VideoGstplayer: Load <C:\Users\Wilder\zelda\videos\ganonlane1.mp4>
2019-04-30 17:46:12,100 : kivy : VideoGstplayer: Load <C:\Users\Wilder\zelda\videos\ganonintro.mp4>
2019-04-30 17:46:12,100 : kivy : VideoGstplayer: Load <C:\Users\Wilder\zelda\videos\finalblowvideo.mp4>
2019-04-30 17:46:12,100 : kivy : VideoGstplayer: Load <C:\Users\Wilder\zelda\videos\extraball.mp4>
2019-04-30 17:46:12,101 : EventManager : Event: ======'loading_assets'====== Args={'total': 176, 'loaded': 176, 'remaining': 0, 'percent': 100}
2019-04-30 17:46:12,101 : EventManager : Event: ======'asset_loading_complete'====== Args={}
2019-04-30 17:46:12,101 : AssetManager : Loading assets: 176/176 (100%)
2019-04-30 17:46:12,101 : mpfmc : Clearing boot hold assets. Holds remaining: set()
2019-04-30 17:46:12,101 : EventManager : Event: ======'init_done'====== Args={}
2019-04-30 17:46:12,102 : MPF-MC BCP Server : Starting up on localhost port 5050
2019-04-30 17:46:12,105 : MPF-MC BCP Server : Waiting for a connection...
2019-04-30 17:46:12,122 : EventManager : Event: ======'client_disconnected'====== Args={'host': '127.0.0.1', 'port': 5050}
2019-04-30 17:46:19,596 : kivy : Base: Leaving application in progress...
2019-04-30 17:46:19,597 : mpfmc : Stopping...
2019-04-30 17:46:19,597 : EventManager : Event: ======'shutdown'====== Args={}
2019-04-30 17:46:19,597 : AudioInterface : Disabling audio playback
2019-04-30 17:46:19,597 : Track.0.TrackStandard.music : Stopping all sounds and removing any pending sounds from queue
2019-04-30 17:46:19,597 : Track.1.TrackStandard.voice : Stopping all sounds and removing any pending sounds from queue
2019-04-30 17:46:19,598 : Track.2.TrackStandard.sfx : Stopping all sounds and removing any pending sounds from queue
2019-04-30 17:46:19,598 : mpfmc : Loop rate 34.06 Hz
2019-04-30 17:46:19,598 : kivy : MC run loop ended.
2019-04-30 17:46:19,598 : kivy : Stopping child threads... (3 remaining)
2019-04-30 17:46:20,111 : MPF-MC BCP Server : Stopping BCP listener thread
2019-04-30 17:46:20,214 : MPF-MC BCP Server : Stopping BCP sending thread
2019-04-30 17:46:20,298 : kivy : All child threads stopped.
