2019-04-14 14:17:18,051 : INFO : Machine : Mission Pinball Framework Core Engine v0.53.0-dev.16
2019-04-14 14:17:18,052 : INFO : Machine : Command line arguments: {'no_load_cache': False, 'create_config_cache': True, 'bcp': True, 'configfile': ['config.yaml'], 'mpfconfigfile': 'c:\\users\\wilder\\appdata\\local\\programs\\python\\python36\\lib\\site-packages\\mpf\\mpfconfig.yaml', 'force_assets_load': False, 'jsonlogging': False, 'logfile': 'logs\\2019-04-14-14-17-18-mpf-RedTunic.log', 'pause': False, 'production': False, 'text_ui': True, 'loglevel': 10, 'consoleloglevel': 20, 'force_platform': None, 'syslog_address': None, 'mc_file_name': None, 'no_sound': False}
2019-04-14 14:17:18,052 : INFO : Machine : MPF path: c:\users\wilder\appdata\local\programs\python\python36\lib\site-packages\mpf
2019-04-14 14:17:18,052 : INFO : Machine : Machine path: C:\Users\Wilder\zelda
2019-04-14 14:17:18,052 : INFO : Machine : Platform: win32
2019-04-14 14:17:18,053 : INFO : Machine : Python executable location: c:\users\wilder\appdata\local\programs\python\python36\python.exe
2019-04-14 14:17:18,053 : INFO : Machine : Python version: 3.6.4 (64-bit)
2019-04-14 14:17:18,053 : INFO : Machine : Machine config file #1: config.yaml
2019-04-14 14:17:18,055 : INFO : ConfigProcessor : Loading config from cache: C:\Users\Wilder\AppData\Local\Temp\9bf880992bc5b85aa1bd2cc37b214e56.mpf_cache
2019-04-14 14:17:18,058 : DEBUG : asyncio : Using selector: SelectSelector
2019-04-14 14:17:18,060 : INFO : Machine : Initialise MPF.
2019-04-14 14:17:18,107 : DEBUG : FAST : Configuring FAST hardware.
2019-04-14 14:17:18,304 : INFO : FAST : Connecting to \\.\COM11 at 921600bps
2019-04-14 14:17:18,350 : INFO : FAST : Connected! Processor: NET, Board Type: FP-CPU-002-2, Firmware: 01.02
2019-04-14 14:17:18,350 : INFO : EventManager : Event: ======'machine_var_fast_net_firmware'====== Args={'value': '01.02', 'prev_value': None, 'change': True}
2019-04-14 14:17:18,350 : INFO : EventManager : Event: ======'machine_var_fast_net_model'====== Args={'value': 'FP-CPU-002-2', 'prev_value': None, 'change': True}
2019-04-14 14:17:18,350 : WARNING : FAST : Not resetting FAST NET because firmware is currently broken.
2019-04-14 14:17:18,414 : INFO : FAST : Connecting to \\.\COM12 at 921600bps
2019-04-14 14:17:18,462 : INFO : FAST : Connected! Processor: RGB, Board Type: FP-CPU-002-2, Firmware: 01.00
2019-04-14 14:17:18,462 : INFO : EventManager : Event: ======'machine_var_fast_rgb_firmware'====== Args={'value': '01.00', 'prev_value': None, 'change': True}
2019-04-14 14:17:18,462 : INFO : EventManager : Event: ======'machine_var_fast_rgb_model'====== Args={'value': 'FP-CPU-002-2', 'prev_value': None, 'change': True}
2019-04-14 14:17:18,463 : INFO : EventManager : Event: ======'machine_var_credits_string'====== Args={'value': 'FREE PLAY', 'prev_value': None, 'change': True}
2019-04-14 14:17:18,521 : DEBUG : YAML File Interface : Loading file: C:\Users\Wilder\zelda\data/machine_vars.yaml
2019-04-14 14:17:18,524 : INFO : EventManager : Event: ======'machine_var_player1_score'====== Args={'value': 306, 'prev_value': None, 'change': True}
2019-04-14 14:17:18,524 : INFO : EventManager : Event: ======'machine_var_mpf_version'====== Args={'value': 'MPF v0.53.0-dev.16', 'prev_value': None, 'change': True}
2019-04-14 14:17:18,524 : INFO : EventManager : Event: ======'machine_var_mpf_extended_version'====== Args={'value': 'MPF v0.53.0-dev.16, Config version:5, Show version: 5, BCP version:1.1', 'prev_value': None, 'change': True}
2019-04-14 14:17:18,524 : INFO : EventManager : Event: ======'machine_var_python_version'====== Args={'value': '3.6.4', 'prev_value': None, 'change': True}
2019-04-14 14:17:18,525 : INFO : EventManager : Event: ======'machine_var_platform'====== Args={'value': 'Windows-7-6.1.7601-SP1', 'prev_value': None, 'change': True}
2019-04-14 14:17:18,525 : INFO : EventManager : Event: ======'machine_var_platform_system'====== Args={'value': 'Windows', 'prev_value': None, 'change': True}
2019-04-14 14:17:18,525 : INFO : EventManager : Event: ======'machine_var_platform_release'====== Args={'value': '7', 'prev_value': None, 'change': True}
2019-04-14 14:17:18,525 : INFO : EventManager : Event: ======'machine_var_platform_version'====== Args={'value': '6.1.7601', 'prev_value': None, 'change': True}
2019-04-14 14:17:18,525 : INFO : EventManager : Event: ======'machine_var_platform_machine'====== Args={'value': 'AMD64', 'prev_value': None, 'change': True}
2019-04-14 14:17:18,525 : INFO : EventManager : Event: ======'init_phase_1'====== Args={}
2019-04-14 14:17:18,567 : INFO : ConfigProcessor : Loading config from cache: C:\Users\Wilder\AppData\Local\Temp\4afc9f23ca6340163a8bb51d7deea78f.mpf_cache
2019-04-14 14:17:18,571 : DEBUG : ModeController : Loaded mode base
2019-04-14 14:17:18,571 : INFO : ConfigProcessor : Loading config from cache: C:\Users\Wilder\AppData\Local\Temp\c3fd2c292a6c0d3463ad9b4555730ad5.mpf_cache
2019-04-14 14:17:18,576 : DEBUG : ModeController : Loaded mode item_tracker
2019-04-14 14:17:18,576 : WARNING : ConfigProcessor : Config file in cache changed: C:\Users\Wilder\zelda\modes\attract_carousel\config\attract_carousel.yaml
2019-04-14 14:17:18,576 : INFO : ConfigProcessor : Loading config from file C:\Users\Wilder\zelda\modes\attract_carousel\config\attract_carousel.yaml.
2019-04-14 14:17:18,577 : DEBUG : YAML File Interface : Loading file: C:\Users\Wilder\zelda\modes\attract_carousel\config\attract_carousel.yaml
2019-04-14 14:17:18,592 : INFO : ConfigProcessor : Loading config: C:\Users\Wilder\zelda\modes\attract_carousel\config\attract_carousel.yaml
2019-04-14 14:17:18,593 : INFO : ConfigProcessor : Config file cache created: C:\Users\Wilder\AppData\Local\Temp\b0bcc174d8c9595c3b107b2ba9cf1c73.mpf_cache
2019-04-14 14:17:18,598 : DEBUG : ModeController : Loaded mode attract_carousel
2019-04-14 14:17:18,599 : INFO : ConfigProcessor : Loading config from cache: C:\Users\Wilder\AppData\Local\Temp\f394a72c4810bb1cc42cac0690a90dcf.mpf_cache
2019-04-14 14:17:18,603 : DEBUG : ModeController : Loaded mode gameoverplayer
2019-04-14 14:17:18,603 : INFO : ConfigProcessor : Loading config from cache: C:\Users\Wilder\AppData\Local\Temp\fc30620fce8f82c18fed051cdde27ef9.mpf_cache
2019-04-14 14:17:18,606 : DEBUG : ModeController : Loaded mode 5waycombotracker
2019-04-14 14:17:18,607 : INFO : ConfigProcessor : Loading config from cache: C:\Users\Wilder\AppData\Local\Temp\cb8b20150020107be74f23a2ee427f56.mpf_cache
2019-04-14 14:17:18,614 : DEBUG : ModeController : Loaded mode high_score
2019-04-14 14:17:18,614 : INFO : ConfigProcessor : Loading config from cache: C:\Users\Wilder\AppData\Local\Temp\916c9e2d9177837f45e9cdbb7c1d0b93.mpf_cache
2019-04-14 14:17:18,618 : DEBUG : ModeController : Loaded mode unusual_show_tracker
2019-04-14 14:17:18,618 : INFO : ConfigProcessor : Loading config from cache: C:\Users\Wilder\AppData\Local\Temp\b0ee6a771658ae3fb7e70c6d5ff59887.mpf_cache
2019-04-14 14:17:18,624 : DEBUG : ModeController : Loaded mode game
2019-04-14 14:17:18,624 : INFO : ConfigProcessor : Loading config from cache: C:\Users\Wilder\AppData\Local\Temp\6fd2b5e36bbbd9c12f9ee3aa32f1ceca.mpf_cache
2019-04-14 14:17:18,628 : DEBUG : ModeController : Loaded mode ball_hold_tracker
2019-04-14 14:17:18,628 : INFO : ConfigProcessor : Loading config from cache: C:\Users\Wilder\AppData\Local\Temp\34c6448537d1c95c89cf73a07c0f99c9.mpf_cache
2019-04-14 14:17:18,632 : DEBUG : ModeController : Loaded mode bottle_filler
2019-04-14 14:17:18,632 : INFO : ConfigProcessor : Loading config from cache: C:\Users\Wilder\AppData\Local\Temp\7b0dcc699efc7732bf9d3e57ee202517.mpf_cache
2019-04-14 14:17:18,636 : DEBUG : ModeController : Loaded mode 2ballescape
2019-04-14 14:17:18,636 : INFO : ConfigProcessor : Loading config from cache: C:\Users\Wilder\AppData\Local\Temp\c5e5b78d841dff96974ddb92030af0a9.mpf_cache
2019-04-14 14:17:18,640 : DEBUG : ModeController : Loaded mode skill_shot
2019-04-14 14:17:18,640 : INFO : ConfigProcessor : Loading config from cache: C:\Users\Wilder\AppData\Local\Temp\dd39e2de39eb354a1ec99be2f3167765.mpf_cache
2019-04-14 14:17:18,644 : DEBUG : ModeController : Loaded mode heartmeter
2019-04-14 14:17:18,644 : INFO : ConfigProcessor : Loading config from cache: C:\Users\Wilder\AppData\Local\Temp\58a9cd5447353eacedab412f1c10b0ab.mpf_cache
2019-04-14 14:17:18,650 : DEBUG : ModeController : Loaded mode lost_woods
2019-04-14 14:17:18,650 : INFO : ConfigProcessor : Loading config from cache: C:\Users\Wilder\AppData\Local\Temp\86e0d165ea95889c95b56598c3ebe263.mpf_cache
2019-04-14 14:17:18,656 : DEBUG : ModeController : Loaded mode music_player
2019-04-14 14:17:18,656 : INFO : ConfigProcessor : Loading config from cache: C:\Users\Wilder\AppData\Local\Temp\072dbb4c30ca18f53440337aa5cd71bd.mpf_cache
2019-04-14 14:17:18,660 : DEBUG : ModeController : Loaded mode light_world
2019-04-14 14:17:18,661 : INFO : ConfigProcessor : Loading config from cache: C:\Users\Wilder\AppData\Local\Temp\fd6423453738b6cee138971698f65579.mpf_cache
2019-04-14 14:17:18,664 : DEBUG : ModeController : Loaded mode mode_tracker
2019-04-14 14:17:18,665 : INFO : ConfigProcessor : Loading config from cache: C:\Users\Wilder\AppData\Local\Temp\a31feedcb4b85bf76d76fe6a1222bc90.mpf_cache
2019-04-14 14:17:18,670 : DEBUG : ModeController : Loaded mode agahnim_multiball
2019-04-14 14:17:18,670 : INFO : ConfigProcessor : Loading config from cache: C:\Users\Wilder\AppData\Local\Temp\d9d23a2a9a3117f1553491692ff1c689.mpf_cache
2019-04-14 14:17:18,674 : DEBUG : ModeController : Loaded mode playfield_multiplier
2019-04-14 14:17:18,674 : INFO : ConfigProcessor : Loading config from cache: C:\Users\Wilder\AppData\Local\Temp\8b601767b8d464abeaa513b42e6346a8.mpf_cache
2019-04-14 14:17:18,678 : DEBUG : ModeController : Loaded mode master_sword_buildup
2019-04-14 14:17:18,678 : INFO : ConfigProcessor : Loading config from cache: C:\Users\Wilder\AppData\Local\Temp\6eb8b6e4728e10ce756703e43167d298.mpf_cache
2019-04-14 14:17:18,682 : DEBUG : ModeController : Loaded mode rupee2x_finder
2019-04-14 14:17:18,682 : INFO : ConfigProcessor : Loading config from cache: C:\Users\Wilder\AppData\Local\Temp\c35ad2e595070cac0b6f696d6f7f6af6.mpf_cache
2019-04-14 14:17:18,686 : DEBUG : ModeController : Loaded mode ball_save
2019-04-14 14:17:18,686 : INFO : ConfigProcessor : Loading config from cache: C:\Users\Wilder\AppData\Local\Temp\96294a9578657f44941f2a8ec647ae36.mpf_cache
2019-04-14 14:17:18,690 : DEBUG : ModeController : Loaded mode rupee3x_finder
2019-04-14 14:17:18,690 : INFO : ConfigProcessor : Loading config from cache: C:\Users\Wilder\AppData\Local\Temp\3485f9bf4bb8d1d21be6de1438e091ba.mpf_cache
2019-04-14 14:17:18,694 : DEBUG : ModeController : Loaded mode skillshot_ballsave
2019-04-14 14:17:18,694 : INFO : ConfigProcessor : Loading config from cache: C:\Users\Wilder\AppData\Local\Temp\28e1731e516595966b3afcb08910cb63.mpf_cache
2019-04-14 14:17:18,699 : DEBUG : ModeController : Loaded mode heart_tracker
2019-04-14 14:17:18,699 : INFO : ConfigProcessor : Loading config from cache: C:\Users\Wilder\AppData\Local\Temp\6cbeeb809d9de6fbbf2951c4e6867473.mpf_cache
2019-04-14 14:17:18,703 : DEBUG : ModeController : Loaded mode darkworld
2019-04-14 14:17:18,703 : INFO : ConfigProcessor : Loading config from cache: C:\Users\Wilder\AppData\Local\Temp\58664c35241624b07b13025a5964d2a4.mpf_cache
2019-04-14 14:17:18,707 : DEBUG : ModeController : Loaded mode video_player
2019-04-14 14:17:18,707 : INFO : ConfigProcessor : Loading config from cache: C:\Users\Wilder\AppData\Local\Temp\225554da95d8871f7382aa94a6d6b3eb.mpf_cache
2019-04-14 14:17:18,711 : DEBUG : ModeController : Loaded mode lost_woods_starter
2019-04-14 14:17:18,711 : INFO : ConfigProcessor : Loading config from cache: C:\Users\Wilder\AppData\Local\Temp\aecceeb5afbfdc7257044e8417ebcf98.mpf_cache
2019-04-14 14:17:18,717 : DEBUG : ModeController : Loaded mode attract
2019-04-14 14:17:18,717 : INFO : ConfigProcessor : Loading config from cache: C:\Users\Wilder\AppData\Local\Temp\1f8ff34a8859f8c62d77912f33e29b9c.mpf_cache
2019-04-14 14:17:18,721 : DEBUG : ModeController : Loaded mode 2ballqualifier
2019-04-14 14:17:18,721 : INFO : ConfigProcessor : Loading config from cache: C:\Users\Wilder\AppData\Local\Temp\da675f6b180b79eecb40cb5eb7f75a18.mpf_cache
2019-04-14 14:17:18,726 : DEBUG : ModeController : Loaded mode bomb_finder
2019-04-14 14:17:18,727 : INFO : ConfigProcessor : Loading config from cache: C:\Users\Wilder\AppData\Local\Temp\6fc1a42fdd0d487285862f5b943c745e.mpf_cache
2019-04-14 14:17:18,733 : DEBUG : ModeController : Loaded mode rupee_finder
2019-04-14 14:17:18,733 : INFO : ConfigProcessor : Loading config from cache: C:\Users\Wilder\AppData\Local\Temp\dbd150f896646081271b7a77a791f2fa.mpf_cache
2019-04-14 14:17:18,739 : DEBUG : ModeController : Loaded mode slide_tracker
2019-04-14 14:17:18,739 : INFO : ConfigProcessor : Loading config from cache: C:\Users\Wilder\AppData\Local\Temp\43a06f52d0e9cf0597140b4c27159d40.mpf_cache
2019-04-14 14:17:18,743 : DEBUG : ModeController : Loaded mode escapehurryup
2019-04-14 14:17:18,743 : INFO : ConfigProcessor : Loading config from cache: C:\Users\Wilder\AppData\Local\Temp\05768db999abb9e30be16a432a0581c8.mpf_cache
2019-04-14 14:17:18,747 : DEBUG : ModeController : Loaded mode extraball
2019-04-14 14:17:18,821 : DEBUG : ball_device.bd_drain : Configuring device with settings: '{'ball_switches': [<switch.trough1>], 'eject_coil': <coil.draineject>, 'eject_targets': [<ball_device.bd_trough>], 'eject_timeouts': [1000], 'confirm_eject_type': 'target', 'tags': ['drain'], 'debug': True, 'label': '%', 'console_log': 'full', 'file_log': 'full', 'exit_count_delay': 500, 'entrance_count_delay': 500, 'eject_coil_jam_pulse': None, 'eject_coil_retry_pulse': None, 'eject_coil_reorder_pulse': None, 'eject_coil_max_wait_ms': 200, 'eject_coil_enable_time': [], 'retries_before_increasing_pulse': 4, 'hold_coil': None, 'hold_coil_release_time': 1000, 'hold_events': {}, 'hold_switches': [], 'entrance_switch': None, 'entrance_switch_ignore_window_ms': 0, 'entrance_switch_full_timeout': 0, 'entrance_events': {}, 'entrance_event_timeout': 5.0, 'idle_missing_ball_timeout': 5.0, 'jam_switch': None, 'captures_from': <playfield.playfield>, 'ball_missing_timeouts': [], 'ball_missing_target': <playfield.playfield>, 'confirm_eject_switch': None, 'confirm_eject_event': None, 'max_eject_attempts': 0, 'ball_capacity': None, 'request_ball_events': {}, 'eject_events': {}, 'eject_all_events': {}, 'mechanical_eject': False, 'player_controlled_eject_event': None, 'ball_search_order': 200, 'auto_fire_on_unexpected_ball': True, 'target_on_unexpected_ball': None}'
2019-04-14 14:17:18,822 : DEBUG : ball_device.bd_trough : Configuring device with settings: '{'entrance_switch': <switch.trough2>, 'entrance_switch_full_timeout': 3000, 'ball_capacity': 3, 'eject_coil': <coil.troughrelease>, 'eject_targets': [<ball_device.bd_plunger_lane>], 'confirm_eject_type': 'target', 'tags': ['trough', 'home'], 'debug': True, 'label': '%', 'console_log': 'full', 'file_log': 'full', 'exit_count_delay': 500, 'entrance_count_delay': 500, 'eject_coil_jam_pulse': None, 'eject_coil_retry_pulse': None, 'eject_coil_reorder_pulse': None, 'eject_coil_max_wait_ms': 200, 'eject_coil_enable_time': [], 'retries_before_increasing_pulse': 4, 'hold_coil': None, 'hold_coil_release_time': 1000, 'hold_events': {}, 'hold_switches': [], 'entrance_switch_ignore_window_ms': 0, 'entrance_events': {}, 'entrance_event_timeout': 5.0, 'idle_missing_ball_timeout': 5.0, 'jam_switch': None, 'captures_from': <playfield.playfield>, 'eject_timeouts': [], 'ball_missing_timeouts': [], 'ball_missing_target': <playfield.playfield>, 'confirm_eject_switch': None, 'confirm_eject_event': None, 'max_eject_attempts': 0, 'ball_switches': [], 'request_ball_events': {}, 'eject_events': {}, 'eject_all_events': {}, 'mechanical_eject': False, 'player_controlled_eject_event': None, 'ball_search_order': 200, 'auto_fire_on_unexpected_ball': True, 'target_on_unexpected_ball': None}'
2019-04-14 14:17:18,823 : DEBUG : ball_device.bd_plunger_lane : Configuring device with settings: '{'ball_switches': [<switch.plungerlane>], 'eject_coil': <coil.autoplunger>, 'mechanical_eject': True, 'eject_timeouts': [1000], 'debug': True, 'label': '%', 'tags': [], 'console_log': 'full', 'file_log': 'full', 'exit_count_delay': 500, 'entrance_count_delay': 500, 'eject_coil_jam_pulse': None, 'eject_coil_retry_pulse': None, 'eject_coil_reorder_pulse': None, 'eject_coil_max_wait_ms': 200, 'eject_coil_enable_time': [], 'retries_before_increasing_pulse': 4, 'hold_coil': None, 'hold_coil_release_time': 1000, 'hold_events': {}, 'hold_switches': [], 'entrance_switch': None, 'entrance_switch_ignore_window_ms': 0, 'entrance_switch_full_timeout': 0, 'entrance_events': {}, 'entrance_event_timeout': 5.0, 'idle_missing_ball_timeout': 5.0, 'jam_switch': None, 'confirm_eject_type': 'target', 'captures_from': <playfield.playfield>, 'eject_targets': [<playfield.playfield>], 'ball_missing_timeouts': [], 'ball_missing_target': <playfield.playfield>, 'confirm_eject_switch': None, 'confirm_eject_event': None, 'max_eject_attempts': 0, 'ball_capacity': None, 'request_ball_events': {}, 'eject_events': {}, 'eject_all_events': {}, 'player_controlled_eject_event': None, 'ball_search_order': 200, 'auto_fire_on_unexpected_ball': True, 'target_on_unexpected_ball': None}'
2019-04-14 14:17:18,907 : DEBUG : ball_save.default : Configuring device with settings: '{'active_time': 10000, 'hurry_up_time': 3000, 'grace_period': 3000, 'enable_events': {'mode_base_started': 0}, 'disable_events': {'ball_save_default_saving_ball': 0}, 'timer_start_events': {'start_ballsave': 0}, 'auto_launch': True, 'balls_to_save': 1, 'debug': True, 'label': '%', 'tags': [], 'console_log': 'full', 'file_log': 'full', 'source_playfield': <playfield.playfield>, 'eject_delay': 0, 'only_last_ball': False, 'early_ball_save_events': {}, 'delayed_eject_events': {}}'
2019-04-14 14:17:18,911 : DEBUG : ball_save.skillshot_ballsave : Configuring device with settings: '{'active_time': 25000, 'hurry_up_time': 3000, 'grace_period': 3000, 'enable_events': {'skillshot_ballsave_award': 0}, 'disable_events': {'ball_save_skillshot_ballsave_saving_ball': 0}, 'timer_start_events': {'start_ballsave': 0}, 'auto_launch': True, 'balls_to_save': 1, 'debug': True, 'label': '%', 'tags': [], 'console_log': 'full', 'file_log': 'full', 'source_playfield': <playfield.playfield>, 'eject_delay': 0, 'only_last_ball': False, 'early_ball_save_events': {}, 'delayed_eject_events': {}}'
2019-04-14 14:17:19,012 : DEBUG : FASTDriver : Driver Settings: {'config_cmd': 'DN:', 'trigger_cmd': 'TN:'}
2019-04-14 14:17:19,012 : DEBUG : FASTDriver : Resetting driver {'config_cmd': 'DN:', 'trigger_cmd': 'TN:'}
2019-04-14 14:17:19,012 : DEBUG : FASTDriver : Driver Settings: {'config_cmd': 'DN:', 'trigger_cmd': 'TN:'}
2019-04-14 14:17:19,012 : DEBUG : FASTDriver : Resetting driver {'config_cmd': 'DN:', 'trigger_cmd': 'TN:'}
2019-04-14 14:17:19,013 : DEBUG : FASTDriver : Driver Settings: {'config_cmd': 'DN:', 'trigger_cmd': 'TN:'}
2019-04-14 14:17:19,013 : DEBUG : FASTDriver : Resetting driver {'config_cmd': 'DN:', 'trigger_cmd': 'TN:'}
2019-04-14 14:17:19,013 : DEBUG : FASTDriver : Driver Settings: {'config_cmd': 'DN:', 'trigger_cmd': 'TN:'}
2019-04-14 14:17:19,013 : DEBUG : FASTDriver : Resetting driver {'config_cmd': 'DN:', 'trigger_cmd': 'TN:'}
2019-04-14 14:17:19,013 : DEBUG : FASTDriver : Driver Settings: {'config_cmd': 'DN:', 'trigger_cmd': 'TN:'}
2019-04-14 14:17:19,013 : DEBUG : FASTDriver : Resetting driver {'config_cmd': 'DN:', 'trigger_cmd': 'TN:'}
2019-04-14 14:17:19,014 : DEBUG : FASTDriver : Driver Settings: {'config_cmd': 'DN:', 'trigger_cmd': 'TN:'}
2019-04-14 14:17:19,014 : DEBUG : FASTDriver : Resetting driver {'config_cmd': 'DN:', 'trigger_cmd': 'TN:'}
2019-04-14 14:17:19,014 : DEBUG : FASTDriver : Driver Settings: {'config_cmd': 'DN:', 'trigger_cmd': 'TN:'}
2019-04-14 14:17:19,014 : DEBUG : FASTDriver : Resetting driver {'config_cmd': 'DN:', 'trigger_cmd': 'TN:'}
2019-04-14 14:17:19,014 : DEBUG : FASTDriver : Driver Settings: {'config_cmd': 'DN:', 'trigger_cmd': 'TN:'}
2019-04-14 14:17:19,015 : DEBUG : FASTDriver : Resetting driver {'config_cmd': 'DN:', 'trigger_cmd': 'TN:'}
2019-04-14 14:17:19,015 : DEBUG : FASTDriver : Driver Settings: {'config_cmd': 'DN:', 'trigger_cmd': 'TN:'}
2019-04-14 14:17:19,015 : DEBUG : FASTDriver : Resetting driver {'config_cmd': 'DN:', 'trigger_cmd': 'TN:'}
2019-04-14 14:17:19,015 : DEBUG : FASTDriver : Driver Settings: {'config_cmd': 'DN:', 'trigger_cmd': 'TN:'}
2019-04-14 14:17:19,015 : DEBUG : FASTDriver : Resetting driver {'config_cmd': 'DN:', 'trigger_cmd': 'TN:'}
2019-04-14 14:17:19,015 : DEBUG : FASTDriver : Driver Settings: {'config_cmd': 'DN:', 'trigger_cmd': 'TN:'}
2019-04-14 14:17:19,016 : DEBUG : FASTDriver : Resetting driver {'config_cmd': 'DN:', 'trigger_cmd': 'TN:'}
2019-04-14 14:17:19,016 : DEBUG : FASTDriver : Driver Settings: {'config_cmd': 'DN:', 'trigger_cmd': 'TN:'}
2019-04-14 14:17:19,016 : DEBUG : FASTDriver : Resetting driver {'config_cmd': 'DN:', 'trigger_cmd': 'TN:'}
2019-04-14 14:17:19,016 : DEBUG : FASTDriver : Driver Settings: {'config_cmd': 'DN:', 'trigger_cmd': 'TN:'}
2019-04-14 14:17:19,016 : DEBUG : FASTDriver : Resetting driver {'config_cmd': 'DN:', 'trigger_cmd': 'TN:'}
2019-04-14 14:17:19,016 : DEBUG : FASTDriver : Driver Settings: {'config_cmd': 'DN:', 'trigger_cmd': 'TN:'}
2019-04-14 14:17:19,017 : DEBUG : FASTDriver : Resetting driver {'config_cmd': 'DN:', 'trigger_cmd': 'TN:'}
2019-04-14 14:17:19,017 : DEBUG : FASTDriver : Driver Settings: {'config_cmd': 'DN:', 'trigger_cmd': 'TN:'}
2019-04-14 14:17:19,017 : DEBUG : FASTDriver : Resetting driver {'config_cmd': 'DN:', 'trigger_cmd': 'TN:'}
2019-04-14 14:17:19,017 : DEBUG : FASTDriver : Driver Settings: {'config_cmd': 'DN:', 'trigger_cmd': 'TN:'}
2019-04-14 14:17:19,017 : DEBUG : FASTDriver : Resetting driver {'config_cmd': 'DN:', 'trigger_cmd': 'TN:'}
2019-04-14 14:17:19,017 : DEBUG : FASTDriver : Driver Settings: {'config_cmd': 'DN:', 'trigger_cmd': 'TN:'}
2019-04-14 14:17:19,017 : DEBUG : FASTDriver : Resetting driver {'config_cmd': 'DN:', 'trigger_cmd': 'TN:'}
2019-04-14 14:17:19,018 : DEBUG : FASTDriver : Driver Settings: {'config_cmd': 'DN:', 'trigger_cmd': 'TN:'}
2019-04-14 14:17:19,018 : DEBUG : FASTDriver : Resetting driver {'config_cmd': 'DN:', 'trigger_cmd': 'TN:'}
2019-04-14 14:17:19,018 : DEBUG : FASTDriver : Driver Settings: {'config_cmd': 'DN:', 'trigger_cmd': 'TN:'}
2019-04-14 14:17:19,018 : DEBUG : FASTDriver : Resetting driver {'config_cmd': 'DN:', 'trigger_cmd': 'TN:'}
2019-04-14 14:17:19,018 : DEBUG : FASTDriver : Driver Settings: {'config_cmd': 'DN:', 'trigger_cmd': 'TN:'}
2019-04-14 14:17:19,018 : DEBUG : FASTDriver : Resetting driver {'config_cmd': 'DN:', 'trigger_cmd': 'TN:'}
2019-04-14 14:17:19,018 : DEBUG : FASTDriver : Driver Settings: {'config_cmd': 'DN:', 'trigger_cmd': 'TN:'}
2019-04-14 14:17:19,018 : DEBUG : FASTDriver : Resetting driver {'config_cmd': 'DN:', 'trigger_cmd': 'TN:'}
2019-04-14 14:17:19,018 : DEBUG : FASTDriver : Driver Settings: {'config_cmd': 'DN:', 'trigger_cmd': 'TN:'}
2019-04-14 14:17:19,018 : DEBUG : FASTDriver : Resetting driver {'config_cmd': 'DN:', 'trigger_cmd': 'TN:'}
2019-04-14 14:17:19,022 : DEBUG : FASTLED : Creating FAST RGB LED at hardware address: 00
2019-04-14 14:17:19,023 : DEBUG : FASTLED : Creating FAST RGB LED at hardware address: 01
2019-04-14 14:17:19,023 : DEBUG : FASTLED : Creating FAST RGB LED at hardware address: 02
2019-04-14 14:17:19,023 : DEBUG : FASTLED : Creating FAST RGB LED at hardware address: 03
2019-04-14 14:17:19,024 : DEBUG : FASTLED : Creating FAST RGB LED at hardware address: 04
2019-04-14 14:17:19,024 : DEBUG : FASTLED : Creating FAST RGB LED at hardware address: 05
2019-04-14 14:17:19,024 : DEBUG : FASTLED : Creating FAST RGB LED at hardware address: 06
2019-04-14 14:17:19,025 : DEBUG : FASTLED : Creating FAST RGB LED at hardware address: 07
2019-04-14 14:17:19,025 : DEBUG : FASTLED : Creating FAST RGB LED at hardware address: 08
2019-04-14 14:17:19,026 : DEBUG : FASTLED : Creating FAST RGB LED at hardware address: 09
2019-04-14 14:17:19,026 : DEBUG : FASTLED : Creating FAST RGB LED at hardware address: 0A
2019-04-14 14:17:19,026 : DEBUG : FASTLED : Creating FAST RGB LED at hardware address: 0B
2019-04-14 14:17:19,027 : DEBUG : FASTLED : Creating FAST RGB LED at hardware address: 0C
2019-04-14 14:17:19,027 : DEBUG : FASTLED : Creating FAST RGB LED at hardware address: 0D
2019-04-14 14:17:19,028 : DEBUG : FASTLED : Creating FAST RGB LED at hardware address: 0E
2019-04-14 14:17:19,028 : DEBUG : FASTLED : Creating FAST RGB LED at hardware address: 0F
2019-04-14 14:17:19,028 : DEBUG : FASTLED : Creating FAST RGB LED at hardware address: 10
2019-04-14 14:17:19,029 : DEBUG : FASTLED : Creating FAST RGB LED at hardware address: 11
2019-04-14 14:17:19,029 : DEBUG : FASTLED : Creating FAST RGB LED at hardware address: 12
2019-04-14 14:17:19,029 : DEBUG : FASTLED : Creating FAST RGB LED at hardware address: 40
2019-04-14 14:17:19,030 : DEBUG : FASTLED : Creating FAST RGB LED at hardware address: 41
2019-04-14 14:17:19,030 : DEBUG : FASTLED : Creating FAST RGB LED at hardware address: 42
2019-04-14 14:17:19,030 : DEBUG : FASTLED : Creating FAST RGB LED at hardware address: 43
2019-04-14 14:17:19,031 : DEBUG : FASTLED : Creating FAST RGB LED at hardware address: 44
2019-04-14 14:17:19,031 : DEBUG : FASTLED : Creating FAST RGB LED at hardware address: 45
2019-04-14 14:17:19,031 : DEBUG : FASTLED : Creating FAST RGB LED at hardware address: 46
2019-04-14 14:17:19,032 : DEBUG : FASTLED : Creating FAST RGB LED at hardware address: 47
2019-04-14 14:17:19,032 : DEBUG : FASTLED : Creating FAST RGB LED at hardware address: 48
2019-04-14 14:17:19,033 : DEBUG : FASTLED : Creating FAST RGB LED at hardware address: 49
2019-04-14 14:17:19,033 : DEBUG : FASTLED : Creating FAST RGB LED at hardware address: 4A
2019-04-14 14:17:19,033 : DEBUG : FASTLED : Creating FAST RGB LED at hardware address: 4B
2019-04-14 14:17:19,034 : DEBUG : FASTLED : Creating FAST RGB LED at hardware address: 4C
2019-04-14 14:17:19,034 : DEBUG : FASTLED : Creating FAST RGB LED at hardware address: 4D
2019-04-14 14:17:19,034 : DEBUG : FASTLED : Creating FAST RGB LED at hardware address: 4E
2019-04-14 14:17:19,035 : DEBUG : FASTLED : Creating FAST RGB LED at hardware address: 4F
2019-04-14 14:17:19,035 : DEBUG : FASTLED : Creating FAST RGB LED at hardware address: 50
2019-04-14 14:17:19,036 : DEBUG : FASTLED : Creating FAST RGB LED at hardware address: 51
2019-04-14 14:17:19,036 : DEBUG : FASTLED : Creating FAST RGB LED at hardware address: 52
2019-04-14 14:17:19,036 : DEBUG : FASTLED : Creating FAST RGB LED at hardware address: 53
2019-04-14 14:17:19,037 : DEBUG : FASTLED : Creating FAST RGB LED at hardware address: 54
2019-04-14 14:17:19,037 : DEBUG : FASTLED : Creating FAST RGB LED at hardware address: 55
2019-04-14 14:17:19,038 : DEBUG : FASTLED : Creating FAST RGB LED at hardware address: 56
2019-04-14 14:17:19,038 : DEBUG : FASTLED : Creating FAST RGB LED at hardware address: 57
2019-04-14 14:17:19,038 : DEBUG : FASTLED : Creating FAST RGB LED at hardware address: 58
2019-04-14 14:17:19,039 : DEBUG : FASTLED : Creating FAST RGB LED at hardware address: 59
2019-04-14 14:17:19,039 : DEBUG : FASTLED : Creating FAST RGB LED at hardware address: 5A
2019-04-14 14:17:19,040 : DEBUG : FASTLED : Creating FAST RGB LED at hardware address: 5B
2019-04-14 14:17:19,040 : DEBUG : FASTLED : Creating FAST RGB LED at hardware address: 5C
2019-04-14 14:17:19,040 : DEBUG : FASTLED : Creating FAST RGB LED at hardware address: 5D
2019-04-14 14:17:19,041 : DEBUG : FASTLED : Creating FAST RGB LED at hardware address: 5E
2019-04-14 14:17:19,041 : DEBUG : FASTLED : Creating FAST RGB LED at hardware address: 5F
2019-04-14 14:17:19,041 : DEBUG : FASTLED : Creating FAST RGB LED at hardware address: 60
2019-04-14 14:17:19,042 : DEBUG : FASTLED : Creating FAST RGB LED at hardware address: 61
2019-04-14 14:17:19,042 : DEBUG : FASTLED : Creating FAST RGB LED at hardware address: 62
2019-04-14 14:17:19,042 : DEBUG : FASTLED : Creating FAST RGB LED at hardware address: 63
2019-04-14 14:17:19,043 : DEBUG : FASTLED : Creating FAST RGB LED at hardware address: 64
2019-04-14 14:17:19,043 : DEBUG : FASTLED : Creating FAST RGB LED at hardware address: 65
2019-04-14 14:17:19,044 : DEBUG : FASTLED : Creating FAST RGB LED at hardware address: 66
2019-04-14 14:17:19,045 : DEBUG : FASTLED : Creating FAST RGB LED at hardware address: 67
2019-04-14 14:17:19,045 : DEBUG : FASTLED : Creating FAST RGB LED at hardware address: 68
2019-04-14 14:17:19,046 : DEBUG : FASTLED : Creating FAST RGB LED at hardware address: 69
2019-04-14 14:17:19,046 : DEBUG : FASTLED : Creating FAST RGB LED at hardware address: 6A
2019-04-14 14:17:19,048 : DEBUG : FASTLED : Creating FAST RGB LED at hardware address: 6B
2019-04-14 14:17:19,048 : DEBUG : FASTLED : Creating FAST RGB LED at hardware address: 6C
2019-04-14 14:17:19,049 : DEBUG : FASTLED : Creating FAST RGB LED at hardware address: 6D
2019-04-14 14:17:19,049 : DEBUG : FASTLED : Creating FAST RGB LED at hardware address: 80
2019-04-14 14:17:19,051 : DEBUG : FASTLED : Creating FAST RGB LED at hardware address: 81
2019-04-14 14:17:19,052 : DEBUG : FASTLED : Creating FAST RGB LED at hardware address: 82
2019-04-14 14:17:19,053 : DEBUG : FASTLED : Creating FAST RGB LED at hardware address: 83
2019-04-14 14:17:19,054 : DEBUG : FASTLED : Creating FAST RGB LED at hardware address: 84
2019-04-14 14:17:19,054 : DEBUG : FASTLED : Creating FAST RGB LED at hardware address: 85
2019-04-14 14:17:19,055 : DEBUG : FASTLED : Creating FAST RGB LED at hardware address: 86
2019-04-14 14:17:19,055 : DEBUG : FASTLED : Creating FAST RGB LED at hardware address: 87
2019-04-14 14:17:19,056 : DEBUG : FASTLED : Creating FAST RGB LED at hardware address: 88
2019-04-14 14:17:19,056 : DEBUG : FASTLED : Creating FAST RGB LED at hardware address: 89
2019-04-14 14:17:19,057 : DEBUG : FASTLED : Creating FAST RGB LED at hardware address: 8A
2019-04-14 14:17:19,057 : DEBUG : FASTLED : Creating FAST RGB LED at hardware address: 8B
2019-04-14 14:17:19,058 : DEBUG : FASTLED : Creating FAST RGB LED at hardware address: 8C
2019-04-14 14:17:19,058 : DEBUG : FASTLED : Creating FAST RGB LED at hardware address: 8D
2019-04-14 14:17:19,058 : DEBUG : FASTLED : Creating FAST RGB LED at hardware address: 8E
2019-04-14 14:17:19,059 : DEBUG : FASTLED : Creating FAST RGB LED at hardware address: 8F
2019-04-14 14:17:19,060 : DEBUG : FASTLED : Creating FAST RGB LED at hardware address: 90
2019-04-14 14:17:19,060 : DEBUG : FASTLED : Creating FAST RGB LED at hardware address: 91
2019-04-14 14:17:19,061 : DEBUG : FASTLED : Creating FAST RGB LED at hardware address: C0
2019-04-14 14:17:19,061 : DEBUG : FASTLED : Creating FAST RGB LED at hardware address: C1
2019-04-14 14:17:19,062 : DEBUG : FASTLED : Creating FAST RGB LED at hardware address: C2
2019-04-14 14:17:19,063 : DEBUG : FASTLED : Creating FAST RGB LED at hardware address: C3
2019-04-14 14:17:19,063 : DEBUG : FASTLED : Creating FAST RGB LED at hardware address: C4
2019-04-14 14:17:19,064 : DEBUG : FASTLED : Creating FAST RGB LED at hardware address: C5
2019-04-14 14:17:19,065 : DEBUG : FASTLED : Creating FAST RGB LED at hardware address: C6
2019-04-14 14:17:19,065 : DEBUG : FASTLED : Creating FAST RGB LED at hardware address: C7
2019-04-14 14:17:19,066 : DEBUG : FASTLED : Creating FAST RGB LED at hardware address: C8
2019-04-14 14:17:19,066 : DEBUG : FASTLED : Creating FAST RGB LED at hardware address: C9
2019-04-14 14:17:19,068 : DEBUG : FASTLED : Creating FAST RGB LED at hardware address: CA
2019-04-14 14:17:19,068 : DEBUG : FASTLED : Creating FAST RGB LED at hardware address: CB
2019-04-14 14:17:19,078 : INFO : EventManager : Event: ======'drop_target_bank_maindrop_up'====== Args={}
2019-04-14 14:17:19,081 : INFO : EventManager : Event: ======'init_phase_2'====== Args={}
2019-04-14 14:17:19,082 : DEBUG : FAST : Enabling Flow Control for RGB connection. Messages in flight: 4, Max setting: 3
2019-04-14 14:17:19,084 : INFO : SwitchController : Found active switch: (('04', 1), <Platform.FAST>)
2019-04-14 14:17:19,085 : INFO : SwitchController : Found active switch: (('05', 1), <Platform.FAST>)
2019-04-14 14:17:19,085 : INFO : SwitchController : Found active switch: (('20', 1), <Platform.FAST>)
2019-04-14 14:17:19,159 : DEBUG : YAML File Interface : Loading file: C:\Users\Wilder\zelda\data/high_scores.yaml
2019-04-14 14:17:19,168 : INFO : EventManager : Event: ======'machine_var_score1_label'====== Args={'value': 'HYRULE CHAMPION', 'prev_value': None, 'change': True}
2019-04-14 14:17:19,168 : INFO : EventManager : Event: ======'machine_var_score1_name'====== Args={'value': 'W', 'prev_value': None, 'change': True}
2019-04-14 14:17:19,169 : INFO : EventManager : Event: ======'machine_var_score1_value'====== Args={'value': 1338, 'prev_value': None, 'change': True}
2019-04-14 14:17:19,169 : INFO : EventManager : Event: ======'machine_var_score2_label'====== Args={'value': 'HIGH SCORE 1', 'prev_value': None, 'change': True}
2019-04-14 14:17:19,169 : INFO : EventManager : Event: ======'machine_var_score2_name'====== Args={'value': 'W', 'prev_value': None, 'change': True}
2019-04-14 14:17:19,169 : INFO : EventManager : Event: ======'machine_var_score2_value'====== Args={'value': 1141, 'prev_value': None, 'change': True}
2019-04-14 14:17:19,169 : INFO : EventManager : Event: ======'machine_var_score3_label'====== Args={'value': 'HIGH SCORE 2', 'prev_value': None, 'change': True}
2019-04-14 14:17:19,169 : INFO : EventManager : Event: ======'machine_var_score3_name'====== Args={'value': 'JF', 'prev_value': None, 'change': True}
2019-04-14 14:17:19,170 : INFO : EventManager : Event: ======'machine_var_score3_value'====== Args={'value': 795, 'prev_value': None, 'change': True}
2019-04-14 14:17:19,170 : INFO : EventManager : Event: ======'machine_var_score4_label'====== Args={'value': 'HIGH SCORE 3', 'prev_value': None, 'change': True}
2019-04-14 14:17:19,170 : INFO : EventManager : Event: ======'machine_var_score4_name'====== Args={'value': '', 'prev_value': None, 'change': True}
2019-04-14 14:17:19,170 : INFO : EventManager : Event: ======'machine_var_score4_value'====== Args={'value': 306, 'prev_value': None, 'change': True}
2019-04-14 14:17:19,170 : INFO : EventManager : Event: ======'machine_var_score5_label'====== Args={'value': 'HIGH SCORE 4', 'prev_value': None, 'change': True}
2019-04-14 14:17:19,170 : INFO : EventManager : Event: ======'machine_var_score5_name'====== Args={'value': '', 'prev_value': None, 'change': True}
2019-04-14 14:17:19,170 : INFO : EventManager : Event: ======'machine_var_score5_value'====== Args={'value': 267, 'prev_value': None, 'change': True}
2019-04-14 14:17:19,309 : INFO : EventManager : Event: ======'bcp_connection_attempt'====== Args={'name': 'local_display', 'host': 'localhost', 'port': 5050}
2019-04-14 14:17:19,313 : INFO : BCPClientSocket.local_display : Connecting BCP to 'local_display' at localhost:5050...
2019-04-14 14:17:19,343 : DEBUG : FAST : Enabling Flow Control for NET connection. Messages in flight: 11, Max setting: 10
2019-04-14 14:17:20,337 : WARNING : FAST : Port \\.\COM11 was blocked for more than 1s. Reseting send queue! If this happens frequently report a bug!
2019-04-14 14:17:20,342 : DEBUG : FAST : Enabling Flow Control for NET connection. Messages in flight: 11, Max setting: 10
2019-04-14 14:17:21,336 : WARNING : FAST : Port \\.\COM11 was blocked for more than 1s. Reseting send queue! If this happens frequently report a bug!
2019-04-14 14:17:21,339 : DEBUG : FAST : Enabling Flow Control for NET connection. Messages in flight: 11, Max setting: 10
2019-04-14 14:17:22,334 : WARNING : FAST : Port \\.\COM11 was blocked for more than 1s. Reseting send queue! If this happens frequently report a bug!
2019-04-14 14:17:22,344 : DEBUG : FAST : Enabling Flow Control for NET connection. Messages in flight: 11, Max setting: 10
2019-04-14 14:17:23,332 : WARNING : FAST : Port \\.\COM11 was blocked for more than 1s. Reseting send queue! If this happens frequently report a bug!
